#
# A fatal error has been detected by the Java Runtime Environment:
#
#  SIGSEGV (0xb) at pc=0x000000011074c39b, pid=475, tid=0x0000000000004303
#
# JRE version: OpenJDK Runtime Environment (8.0_152-b01) (build 1.8.0_152-release-1024-b01)
# Java VM: OpenJDK 64-Bit Server VM (25.152-b01 mixed mode bsd-amd64 compressed oops)
# Problematic frame:
# V  [libjvm.dylib+0x14c39b]  IndexSet::insert(unsigned int)+0x41
#
# Failed to write core dump. Core dumps have been disabled. To enable core dumping, try "ulimit -c unlimited" before starting Java again
#
# If you would like to submit a bug report, please visit:
#   http://bugreport.java.com/bugreport/crash.jsp
#

---------------  T H R E A D  ---------------

Current thread (0x00007fcd5483a800):  JavaThread "C2 CompilerThread0" daemon [_thread_in_native, id=17155, stack(0x0000700001068000,0x0000700001168000)]

siginfo: si_signo: 11 (SIGSEGV), si_code: 1 (SEGV_MAPERR), si_addr: 0x0000000000000004

Registers:
RAX=0x0000000000000000, RBX=0x0000000000000021, RCX=0x0000000000000021, RDX=0x0000000000000002
RSP=0x00007000011647a0, RBP=0x00007000011647b0, RSI=0x0000000000000001, RDI=0x000000012a524d90
R8 =0x000000000f03fcff, R9 =0x0000000000033e60, R10=0x0000000000000000, R11=0xffffffff00000000
R12=0x00007000011647c0, R13=0x00000000000007fc, R14=0x000000012a524d90, R15=0x0000000128016ea8
RIP=0x000000011074c39b, EFLAGS=0x0000000000010202, ERR=0x0000000000000004
  TRAPNO=0x000000000000000e

Top of Stack: (sp=0x00007000011647a0)
0x00007000011647a0:   00000000000007fc 00007000011662b8
0x00007000011647b0:   0000700001164820 00000001108884ed
0x00007000011647c0:   0000002400001421 0000000100000002
0x00007000011647d0:   00007fcd5adf6460 0000000100000001
0x00007000011647e0:   00007fcd5adf6808 0000000100000011
0x00007000011647f0:   0000700001164870 0000000127fe3010
0x0000700001164800:   00007fcd5ab236a8 0000700001164910
0x0000700001164810:   00007fcd59ae0370 00007000011662b8
0x0000700001164820:   0000700001164a50 000000011088940a
0x0000700001164830:   0000700001164890 0000080100000000
0x0000700001164840:   0000700000000008 00007fcd5adf63a0
0x0000700001164850:   0000700000000011 00007fcd5adf6808
0x0000700001164860:   0000700000000011 0000700001164870
0x0000700001164870:   00007fcd00000011 00007fcd5adf6808
0x0000700001164880:   0000000000000088 00007fcd54428280
0x0000700001164890:   00007000011648c0 00000001106991b4
0x00007000011648a0:   00007fcd54428280 00007fcd5a28fe88
0x00007000011648b0:   00007fcd5a28fe88 0000000000000000
0x00007000011648c0:   0000000000000000 000000011088c963
0x00007000011648d0:   00007fcd5483a800 0000000126d361e8
0x00007000011648e0:   00000001047f3000 0000000000000003
0x00007000011648f0:   00000001047f4180 0000000110b0b7db
0x0000700001164900:   0000000000000011 0000000110b0b847
0x0000700001164910:   0000080100000000 0000000000000008
0x0000700001164920:   00007fcd5adf63a0 0000000000000011
0x0000700001164930:   00007fcd5adf6808 00007fcd00000011
0x0000700001164940:   0000700001164870 0000000000000000
0x0000700001164950:   0000000000000000 0000000300000000
0x0000700001164960:   0000000000000000 0000000000000000
0x0000700001164970:   00007fcd59ae0380 0000000000000006
0x0000700001164980:   0000000128016ea8 0000000000000005
0x0000700001164990:   0000041d00000011 fffffffe00000001 

Instructions: (pc=0x000000011074c39b)
0x000000011074c37b:   e0 5e 00 75 0a 4c 89 f7 89 de e8 d8 00 14 00 89
0x000000011074c38b:   de c1 ee 05 83 e6 07 ba 01 00 00 00 89 d9 d3 e2
0x000000011074c39b:   8b 0c b0 89 cf 09 d7 89 3c b0 21 ca 75 03 41 ff
0x000000011074c3ab:   06 85 d2 0f 94 c0 eb 02 31 c0 5b 41 5e 5d c3 55 

Register to memory mapping:

RAX=0x0000000000000000 is an unknown value
RBX=0x0000000000000021 is an unknown value
RCX=0x0000000000000021 is an unknown value
RDX=0x0000000000000002 is an unknown value
RSP=0x00007000011647a0 is pointing into the stack for thread: 0x00007fcd5483a800
RBP=0x00007000011647b0 is pointing into the stack for thread: 0x00007fcd5483a800
RSI=0x0000000000000001 is an unknown value
RDI=0x000000012a524d90 is an unknown value
R8 =0x000000000f03fcff is an unknown value
R9 =0x0000000000033e60 is an unknown value
R10=0x0000000000000000 is an unknown value
R11=0xffffffff00000000 is an unknown value
R12=0x00007000011647c0 is pointing into the stack for thread: 0x00007fcd5483a800
R13=0x00000000000007fc is an unknown value
R14=0x000000012a524d90 is an unknown value
R15=0x0000000128016ea8 is an unknown value


Stack: [0x0000700001068000,0x0000700001168000],  sp=0x00007000011647a0,  free space=1009k
Native frames: (J=compiled Java code, j=interpreted, Vv=VM code, C=native code)
V  [libjvm.dylib+0x14c39b]  IndexSet::insert(unsigned int)+0x41
V  [libjvm.dylib+0x2884ed]  PhaseChaitin::interfere_with_live(unsigned int, IndexSet*)+0x8d
V  [libjvm.dylib+0x28940a]  PhaseChaitin::build_ifg_physical(ResourceArea*)+0xb30
V  [libjvm.dylib+0x149c74]  PhaseChaitin::Register_Allocate()+0x2a8
V  [libjvm.dylib+0x1969a0]  Compile::Code_Gen()+0x14e
V  [libjvm.dylib+0x195388]  Compile::Compile(ciEnv*, C2Compiler*, ciMethod*, int, bool, bool, bool)+0x9fa
V  [libjvm.dylib+0x13b9da]  C2Compiler::compile_method(ciEnv*, ciMethod*, int)+0xa4
V  [libjvm.dylib+0x1a067a]  CompileBroker::invoke_compiler_on_method(CompileTask*)+0x564
V  [libjvm.dylib+0x19fc78]  CompileBroker::compiler_thread_loop()+0x270
V  [libjvm.dylib+0x505e88]  JavaThread::thread_main_inner()+0x82
V  [libjvm.dylib+0x505d4d]  JavaThread::run()+0x199
V  [libjvm.dylib+0x435709]  java_start(Thread*)+0xfa
C  [libsystem_pthread.dylib+0x393b]  _pthread_body+0xb4
C  [libsystem_pthread.dylib+0x3887]  _pthread_body+0x0
C  [libsystem_pthread.dylib+0x308d]  thread_start+0xd
C  0x0000000000000000


Current CompileTask:
C2:  77757 12665       4       com.sun.tools.javac.comp.Resolve::findInheritedMemberType (202 bytes)


---------------  P R O C E S S  ---------------

Java Threads: ( => current thread )
  0x00007fcd590da000 JavaThread "Keep-Alive-Timer" daemon [_thread_blocked, id=34579, stack(0x0000700001c8c000,0x0000700001d8c000)]
  0x00007fcd5af8d800 JavaThread "Worker Daemon Execution" [_thread_blocked, id=36103, stack(0x0000700002dbf000,0x0000700002ebf000)]
  0x00007fcd5921e800 JavaThread "Worker Daemon Execution" [_thread_blocked, id=35079, stack(0x0000700002cbc000,0x0000700002dbc000)]
  0x00007fcd5ae4f000 JavaThread "process reaper" daemon [_thread_blocked, id=34051, stack(0x0000700003046000,0x000070000306e000)]
  0x00007fcd56320000 JavaThread "process reaper" daemon [_thread_blocked, id=33539, stack(0x000070000301b000,0x0000700003043000)]
  0x00007fcd580e4000 JavaThread "process reaper" daemon [_thread_blocked, id=33027, stack(0x0000700002ff0000,0x0000700003018000)]
  0x00007fcd595d7000 JavaThread "process reaper" daemon [_thread_blocked, id=32515, stack(0x0000700002fc5000,0x0000700002fed000)]
  0x00007fcd5927e000 JavaThread "Task worker for ':' Thread 3" [_thread_in_native, id=29955, stack(0x0000700002ab6000,0x0000700002bb6000)]
  0x00007fcd58662000 JavaThread "Task worker for ':' Thread 2" [_thread_blocked, id=29443, stack(0x00007000029b3000,0x0000700002ab3000)]
  0x00007fcd59fae800 JavaThread "Task worker for ':'" [_thread_blocked, id=28931, stack(0x00007000028b0000,0x00007000029b0000)]
  0x00007fcd5927d000 JavaThread "Cache worker for Build Output Cleanup Cache (/Users/laki/Documents/mystuff/AndroidStudioProjects/SEAPP/.gradle/buildOutputCleanup)" [_thread_blocked, id=28419, stack(0x00007000027ad000,0x00007000028ad000)]
  0x00007fcd57371000 JavaThread "Cache worker for task history cache (/Users/laki/Documents/mystuff/AndroidStudioProjects/SEAPP/.gradle/4.4/taskHistory)" [_thread_blocked, id=27907, stack(0x00007000026aa000,0x00007000027aa000)]
  0x00007fcd5598d800 JavaThread "Cache worker for file content cache (/Users/laki/Documents/mystuff/AndroidStudioProjects/SEAPP/.gradle/4.4/fileContent)" [_thread_blocked, id=27395, stack(0x00007000025a7000,0x00007000026a7000)]
  0x00007fcd56402800 JavaThread "Memory manager" [_thread_blocked, id=26883, stack(0x00007000024a4000,0x00007000025a4000)]
  0x00007fcd54f97800 JavaThread "build operations Thread 4" [_thread_blocked, id=26371, stack(0x00007000023a1000,0x00007000024a1000)]
  0x00007fcd5a3d6800 JavaThread "build operations Thread 3" [_thread_blocked, id=25859, stack(0x000070000229e000,0x000070000239e000)]
  0x00007fcd548e7800 JavaThread "build operations Thread 2" [_thread_blocked, id=25347, stack(0x000070000219b000,0x000070000229b000)]
  0x00007fcd592e4000 JavaThread "build operations" [_thread_blocked, id=24835, stack(0x0000700002098000,0x0000700002198000)]
  0x00007fcd5a221800 JavaThread "Cache worker for Artifact transforms cache (/Users/laki/.gradle/caches/transforms-1)" [_thread_blocked, id=24323, stack(0x0000700001f95000,0x0000700002095000)]
  0x00007fcd56453800 JavaThread "Cache worker for file hash cache (/Users/laki/Documents/mystuff/AndroidStudioProjects/SEAPP/.gradle/4.4/fileHashes)" [_thread_blocked, id=4871, stack(0x0000700000647000,0x0000700000747000)]
  0x00007fcd54f7c800 JavaThread "File lock request listener" [_thread_in_native, id=4359, stack(0x0000700001e92000,0x0000700001f92000)]
  0x00007fcd548c0000 JavaThread "Cache worker for file hash cache (/Users/laki/.gradle/caches/4.4/fileHashes)" [_thread_blocked, id=23811, stack(0x0000700001d8f000,0x0000700001e8f000)]
  0x00007fcd56438800 JavaThread "Asynchronous log dispatcher for DefaultDaemonConnection: socket connection from /127.0.0.1:49195 to /127.0.0.1:49196" [_thread_blocked, id=22787, stack(0x0000700001b89000,0x0000700001c89000)]
  0x00007fcd5529f800 JavaThread "Daemon worker" [_thread_blocked, id=22275, stack(0x0000700001a86000,0x0000700001b86000)]
  0x00007fcd56439000 JavaThread "Cancel handler" [_thread_blocked, id=21763, stack(0x0000700001983000,0x0000700001a83000)]
  0x00007fcd55a2f800 JavaThread "Handler for socket connection from /127.0.0.1:49195 to /127.0.0.1:49196" [_thread_in_native, id=21251, stack(0x0000700001880000,0x0000700001980000)]
  0x00007fcd5641d800 JavaThread "Daemon" [_thread_blocked, id=20739, stack(0x000070000177d000,0x000070000187d000)]
  0x00007fcd54eb2800 JavaThread "Daemon periodic checks" [_thread_blocked, id=20227, stack(0x000070000167a000,0x000070000177a000)]
  0x00007fcd54f39000 JavaThread "Incoming local TCP Connector on port 49195" [_thread_in_native, id=19715, stack(0x0000700001577000,0x0000700001677000)]
  0x00007fcd5601a800 JavaThread "Service Thread" daemon [_thread_blocked, id=18691, stack(0x0000700001371000,0x0000700001471000)]
  0x00007fcd56025000 JavaThread "C1 CompilerThread2" daemon [_thread_blocked, id=18179, stack(0x000070000126e000,0x000070000136e000)]
  0x00007fcd56024000 JavaThread "C2 CompilerThread1" daemon [_thread_blocked, id=17667, stack(0x000070000116b000,0x000070000126b000)]
=>0x00007fcd5483a800 JavaThread "C2 CompilerThread0" daemon [_thread_in_native, id=17155, stack(0x0000700001068000,0x0000700001168000)]
  0x00007fcd56003000 JavaThread "Signal Dispatcher" daemon [_thread_blocked, id=16643, stack(0x0000700000f65000,0x0000700001065000)]
  0x00007fcd55802000 JavaThread "Finalizer" daemon [_thread_blocked, id=12547, stack(0x0000700000e62000,0x0000700000f62000)]
  0x00007fcd55800800 JavaThread "Reference Handler" daemon [_thread_blocked, id=12035, stack(0x0000700000d5f000,0x0000700000e5f000)]
  0x00007fcd55002000 JavaThread "main" [_thread_blocked, id=7171, stack(0x000070000074d000,0x000070000084d000)]

Other Threads:
  0x00007fcd54855800 VMThread [stack: 0x0000700000c5c000,0x0000700000d5c000] [id=11523]
  0x00007fcd5601b800 WatcherThread [stack: 0x0000700001474000,0x0000700001574000] [id=19203]

VM state:not at safepoint (normal execution)

VM Mutex/Monitor currently owned by a thread: None

Heap:
 PSYoungGen      total 148480K, used 84915K [0x0000000795580000, 0x00000007a0200000, 0x00000007c0000000)
  eden space 129024K, 50% used [0x0000000795580000,0x000000079956d6d8,0x000000079d380000)
  from space 19456K, 99% used [0x000000079e980000,0x000000079fc7f548,0x000000079fc80000)
  to   space 22528K, 0% used [0x000000079d380000,0x000000079d380000,0x000000079e980000)
 ParOldGen       total 136192K, used 64507K [0x0000000740000000, 0x0000000748500000, 0x0000000795580000)
  object space 136192K, 47% used [0x0000000740000000,0x0000000743efedc0,0x0000000748500000)
 Metaspace       used 77086K, capacity 80050K, committed 80216K, reserved 1118208K
  class space    used 10249K, capacity 11015K, committed 11136K, reserved 1048576K

Card table byte_map: [0x0000000120428000,0x0000000120829000] byte_map_base: 0x000000011ca28000

Marking Bits: (ParMarkBitMap*) 0x0000000110df81c8
 Begin Bits: [0x0000000120ad4000, 0x0000000122ad4000)
 End Bits:   [0x0000000122ad4000, 0x0000000124ad4000)

Polling page: 0x0000000104821000

CodeCache: size=245760Kb used=35637Kb max_used=35637Kb free=210122Kb
 bounds [0x0000000111068000, 0x0000000113368000, 0x0000000120068000]
 total_blobs=11465 nmethods=10620 adapters=758
 compilation: enabled

Compilation events (10 events):
Event: 77.612 Thread 0x00007fcd56025000 nmethod 12692 0x0000000112bdc490 code [0x0000000112bdc600, 0x0000000112bdc7f0]
Event: 77.612 Thread 0x00007fcd56025000 12693       3       com.sun.tools.javac.code.Scope$CompoundScope$2::iterator (16 bytes)
Event: 77.612 Thread 0x00007fcd56025000 nmethod 12693 0x0000000112dd7910 code [0x0000000112dd7aa0, 0x0000000112dd7e28]
Event: 77.612 Thread 0x00007fcd56025000 12694       3       com.sun.tools.javac.code.Scope$CompoundScope$2$1::<init> (15 bytes)
Event: 77.613 Thread 0x00007fcd56025000 nmethod 12694 0x0000000112d9a050 code [0x0000000112d9a1c0, 0x0000000112d9a468]
Event: 77.613 Thread 0x00007fcd56025000 12695       3       com.sun.tools.javac.code.Scope$CompoundScope$CompoundScopeIterator::<init> (19 bytes)
Event: 77.613 Thread 0x00007fcd56025000 nmethod 12695 0x0000000112dd7490 code [0x0000000112dd7600, 0x0000000112dd7828]
Event: 77.613 Thread 0x00007fcd56024000 nmethod 12689 0x0000000112dd6f90 code [0x0000000112dd70e0, 0x0000000112dd7378]
Event: 77.613 Thread 0x00007fcd56024000 12697       4       com.sun.tools.javac.code.Types::wildLowerBound (49 bytes)
Event: 77.614 Thread 0x00007fcd56024000 nmethod 12697 0x0000000112f30010 code [0x0000000112f30160, 0x0000000112f30238]

GC Heap History (10 events):
Event: 49.861 GC heap before
{Heap before GC invocations=32 (full 3):
 PSYoungGen      total 111616K, used 111600K [0x0000000795580000, 0x000000079d680000, 0x00000007c0000000)
  eden space 100352K, 100% used [0x0000000795580000,0x000000079b780000,0x000000079b780000)
  from space 11264K, 99% used [0x000000079c500000,0x000000079cffc010,0x000000079d000000)
  to   space 13824K, 0% used [0x000000079b780000,0x000000079b780000,0x000000079c500000)
 ParOldGen       total 101376K, used 58220K [0x0000000740000000, 0x0000000746300000, 0x0000000795580000)
  object space 101376K, 57% used [0x0000000740000000,0x00000007438db110,0x0000000746300000)
 Metaspace       used 62273K, capacity 64774K, committed 64984K, reserved 1105920K
  class space    used 8481K, capacity 9135K, committed 9216K, reserved 1048576K
Event: 49.908 GC heap after
Heap after GC invocations=32 (full 3):
 PSYoungGen      total 114176K, used 13814K [0x0000000795580000, 0x000000079f200000, 0x00000007c0000000)
  eden space 100352K, 0% used [0x0000000795580000,0x0000000795580000,0x000000079b780000)
  from space 13824K, 99% used [0x000000079b780000,0x000000079c4fdaa0,0x000000079c500000)
  to   space 21504K, 0% used [0x000000079dd00000,0x000000079dd00000,0x000000079f200000)
 ParOldGen       total 101376K, used 73502K [0x0000000740000000, 0x0000000746300000, 0x0000000795580000)
  object space 101376K, 72% used [0x0000000740000000,0x00000007447c78f8,0x0000000746300000)
 Metaspace       used 62273K, capacity 64774K, committed 64984K, reserved 1105920K
  class space    used 8481K, capacity 9135K, committed 9216K, reserved 1048576K
}
Event: 60.542 GC heap before
{Heap before GC invocations=33 (full 3):
 PSYoungGen      total 114176K, used 114166K [0x0000000795580000, 0x000000079f200000, 0x00000007c0000000)
  eden space 100352K, 100% used [0x0000000795580000,0x000000079b780000,0x000000079b780000)
  from space 13824K, 99% used [0x000000079b780000,0x000000079c4fdaa0,0x000000079c500000)
  to   space 21504K, 0% used [0x000000079dd00000,0x000000079dd00000,0x000000079f200000)
 ParOldGen       total 101376K, used 73502K [0x0000000740000000, 0x0000000746300000, 0x0000000795580000)
  object space 101376K, 72% used [0x0000000740000000,0x00000007447c78f8,0x0000000746300000)
 Metaspace       used 62776K, capacity 65240K, committed 65496K, reserved 1105920K
  class space    used 8516K, capacity 9152K, committed 9216K, reserved 1048576K
Event: 60.593 GC heap after
Heap after GC invocations=33 (full 3):
 PSYoungGen      total 133632K, used 5776K [0x0000000795580000, 0x000000079ee80000, 0x00000007c0000000)
  eden space 115712K, 0% used [0x0000000795580000,0x0000000795580000,0x000000079c680000)
  from space 17920K, 32% used [0x000000079dd00000,0x000000079e2a4070,0x000000079ee80000)
  to   space 20480K, 0% used [0x000000079c680000,0x000000079c680000,0x000000079da80000)
 ParOldGen       total 101376K, used 87191K [0x0000000740000000, 0x0000000746300000, 0x0000000795580000)
  object space 101376K, 86% used [0x0000000740000000,0x0000000745525d20,0x0000000746300000)
 Metaspace       used 62776K, capacity 65240K, committed 65496K, reserved 1105920K
  class space    used 8516K, capacity 9152K, committed 9216K, reserved 1048576K
}
Event: 60.593 GC heap before
{Heap before GC invocations=34 (full 4):
 PSYoungGen      total 133632K, used 5776K [0x0000000795580000, 0x000000079ee80000, 0x00000007c0000000)
  eden space 115712K, 0% used [0x0000000795580000,0x0000000795580000,0x000000079c680000)
  from space 17920K, 32% used [0x000000079dd00000,0x000000079e2a4070,0x000000079ee80000)
  to   space 20480K, 0% used [0x000000079c680000,0x000000079c680000,0x000000079da80000)
 ParOldGen       total 101376K, used 87191K [0x0000000740000000, 0x0000000746300000, 0x0000000795580000)
  object space 101376K, 86% used [0x0000000740000000,0x0000000745525d20,0x0000000746300000)
 Metaspace       used 62776K, capacity 65240K, committed 65496K, reserved 1105920K
  class space    used 8516K, capacity 9152K, committed 9216K, reserved 1048576K
Event: 60.836 GC heap after
Heap after GC invocations=34 (full 4):
 PSYoungGen      total 133632K, used 0K [0x0000000795580000, 0x000000079ee80000, 0x00000007c0000000)
  eden space 115712K, 0% used [0x0000000795580000,0x0000000795580000,0x000000079c680000)
  from space 17920K, 0% used [0x000000079dd00000,0x000000079dd00000,0x000000079ee80000)
  to   space 20480K, 0% used [0x000000079c680000,0x000000079c680000,0x000000079da80000)
 ParOldGen       total 136192K, used 64206K [0x0000000740000000, 0x0000000748500000, 0x0000000795580000)
  object space 136192K, 47% used [0x0000000740000000,0x0000000743eb3bc8,0x0000000748500000)
 Metaspace       used 62770K, capacity 65222K, committed 65496K, reserved 1105920K
  class space    used 8514K, capacity 9149K, committed 9216K, reserved 1048576K
}
Event: 66.538 GC heap before
{Heap before GC invocations=35 (full 4):
 PSYoungGen      total 133632K, used 115712K [0x0000000795580000, 0x000000079ee80000, 0x00000007c0000000)
  eden space 115712K, 100% used [0x0000000795580000,0x000000079c680000,0x000000079c680000)
  from space 17920K, 0% used [0x000000079dd00000,0x000000079dd00000,0x000000079ee80000)
  to   space 20480K, 0% used [0x000000079c680000,0x000000079c680000,0x000000079da80000)
 ParOldGen       total 136192K, used 64206K [0x0000000740000000, 0x0000000748500000, 0x0000000795580000)
  object space 136192K, 47% used [0x0000000740000000,0x0000000743eb3bc8,0x0000000748500000)
 Metaspace       used 67391K, capacity 70012K, committed 70232K, reserved 1110016K
  class space    used 9085K, capacity 9756K, committed 9856K, reserved 1048576K
Event: 66.548 GC heap after
Heap after GC invocations=35 (full 4):
 PSYoungGen      total 136192K, used 7807K [0x0000000795580000, 0x000000079fc80000, 0x00000007c0000000)
  eden space 115712K, 0% used [0x0000000795580000,0x0000000795580000,0x000000079c680000)
  from space 20480K, 38% used [0x000000079c680000,0x000000079ce1ffe0,0x000000079da80000)
  to   space 19456K, 0% used [0x000000079e980000,0x000000079e980000,0x000000079fc80000)
 ParOldGen       total 136192K, used 64214K [0x0000000740000000, 0x0000000748500000, 0x0000000795580000)
  object space 136192K, 47% used [0x0000000740000000,0x0000000743eb5bc8,0x0000000748500000)
 Metaspace       used 67391K, capacity 70012K, committed 70232K, reserved 1110016K
  class space    used 9085K, capacity 9756K, committed 9856K, reserved 1048576K
}
Event: 70.379 GC heap before
{Heap before GC invocations=36 (full 4):
 PSYoungGen      total 136192K, used 123519K [0x0000000795580000, 0x000000079fc80000, 0x00000007c0000000)
  eden space 115712K, 100% used [0x0000000795580000,0x000000079c680000,0x000000079c680000)
  from space 20480K, 38% used [0x000000079c680000,0x000000079ce1ffe0,0x000000079da80000)
  to   space 19456K, 0% used [0x000000079e980000,0x000000079e980000,0x000000079fc80000)
 ParOldGen       total 136192K, used 64214K [0x0000000740000000, 0x0000000748500000, 0x0000000795580000)
  object space 136192K, 47% used [0x0000000740000000,0x0000000743eb5bc8,0x0000000748500000)
 Metaspace       used 73148K, capacity 76078K, committed 76376K, reserved 1116160K
  class space    used 9791K, capacity 10539K, committed 10624K, reserved 1048576K
Event: 70.409 GC heap after
Heap after GC invocations=36 (full 4):
 PSYoungGen      total 148480K, used 19453K [0x0000000795580000, 0x00000007a0200000, 0x00000007c0000000)
  eden space 129024K, 0% used [0x0000000795580000,0x0000000795580000,0x000000079d380000)
  from space 19456K, 99% used [0x000000079e980000,0x000000079fc7f548,0x000000079fc80000)
  to   space 22528K, 0% used [0x000000079d380000,0x000000079d380000,0x000000079e980000)
 ParOldGen       total 136192K, used 64507K [0x0000000740000000, 0x0000000748500000, 0x0000000795580000)
  object space 136192K, 47% used [0x0000000740000000,0x0000000743efedc0,0x0000000748500000)
 Metaspace       used 73148K, capacity 76078K, committed 76376K, reserved 1116160K
  class space    used 9791K, capacity 10539K, committed 10624K, reserved 1048576K
}

Deoptimization events (10 events):
Event: 76.984 Thread 0x00007fcd5927e000 Uncommon trap: reason=class_check action=maybe_recompile pc=0x0000000112c78cfc method=com.sun.tools.javac.parser.JavaTokenizer.readToken()Lcom/sun/tools/javac/parser/Tokens$Token; @ 1507
Event: 76.985 Thread 0x00007fcd5927e000 Uncommon trap: reason=class_check action=maybe_recompile pc=0x0000000112c78cfc method=com.sun.tools.javac.parser.JavaTokenizer.readToken()Lcom/sun/tools/javac/parser/Tokens$Token; @ 1507
Event: 76.985 Thread 0x00007fcd5927e000 Uncommon trap: reason=class_check action=maybe_recompile pc=0x0000000112c78cfc method=com.sun.tools.javac.parser.JavaTokenizer.readToken()Lcom/sun/tools/javac/parser/Tokens$Token; @ 1507
Event: 76.985 Thread 0x00007fcd5927e000 Uncommon trap: reason=class_check action=maybe_recompile pc=0x0000000112c78cfc method=com.sun.tools.javac.parser.JavaTokenizer.readToken()Lcom/sun/tools/javac/parser/Tokens$Token; @ 1507
Event: 77.015 Thread 0x00007fcd5927e000 Uncommon trap: reason=unstable_if action=reinterpret pc=0x0000000111ea7284 method=com.sun.tools.javac.util.ArrayUtils.ensureCapacity([CI)[C @ 3
Event: 77.036 Thread 0x00007fcd5927e000 Uncommon trap: reason=unstable_if action=reinterpret pc=0x0000000112ed8ec0 method=com.sun.tools.javac.file.ZipFileIndex.isUpToDate()Z @ 32
Event: 77.037 Thread 0x00007fcd5927e000 Uncommon trap: reason=unstable_if action=reinterpret pc=0x0000000112f03510 method=com.sun.tools.javac.file.ZipFileIndex.isUpToDate()Z @ 32
Event: 77.122 Thread 0x00007fcd5927e000 Uncommon trap: reason=unstable_if action=reinterpret pc=0x0000000112f82f40 method=com.sun.tools.javac.jvm.ClassReader$AttributeReader.accepts(Lcom/sun/tools/javac/jvm/ClassReader$AttributeKind;)Z @ 27
Event: 77.237 Thread 0x00007fcd5927e000 Uncommon trap: reason=unloaded action=reinterpret pc=0x0000000112ee3ad4 method=com.sun.tools.javac.jvm.ClassReader.readPool(I)Ljava/lang/Object; @ 390
Event: 77.607 Thread 0x00007fcd5927e000 Uncommon trap: reason=unstable_if action=reinterpret pc=0x000000011306b4d4 method=com.sun.tools.javac.code.Types.isSubtype(Lcom/sun/tools/javac/code/Type;Lcom/sun/tools/javac/code/Type;Z)Z @ 163

Classes redefined (0 events):
No events

Internal exceptions (10 events):
Event: 76.176 Thread 0x00007fcd5927e000 Exception <a 'java/lang/ClassNotFoundException': java/lang/RunnableCustomizer> (0x0000000798998e68) thrown at [/Volumes/android/AOSP-openjdk-git/jdk8u/hotspot/src/share/vm/classfile/systemDictionary.cpp, line 210]
Event: 76.177 Thread 0x00007fcd5927e000 Exception <a 'java/lang/ClassNotFoundException': groovy/lang/GroovyCallableBeanInfo> (0x00000007989af470) thrown at [/Volumes/android/AOSP-openjdk-git/jdk8u/hotspot/src/share/vm/classfile/systemDictionary.cpp, line 210]
Event: 76.178 Thread 0x00007fcd5927e000 Exception <a 'java/lang/ClassNotFoundException': groovy/lang/GroovyCallableCustomizer> (0x00000007989b8a38) thrown at [/Volumes/android/AOSP-openjdk-git/jdk8u/hotspot/src/share/vm/classfile/systemDictionary.cpp, line 210]
Event: 76.179 Thread 0x00007fcd5927e000 Exception <a 'java/lang/ClassNotFoundException': java/util/concurrent/CallableBeanInfo> (0x00000007989c8608) thrown at [/Volumes/android/AOSP-openjdk-git/jdk8u/hotspot/src/share/vm/classfile/systemDictionary.cpp, line 210]
Event: 76.179 Thread 0x00007fcd5927e000 Exception <a 'java/lang/ClassNotFoundException': java/util/concurrent/CallableCustomizer> (0x00000007989ca8f0) thrown at [/Volumes/android/AOSP-openjdk-git/jdk8u/hotspot/src/share/vm/classfile/systemDictionary.cpp, line 210]
Event: 76.179 Thread 0x00007fcd5927e000 Exception <a 'java/lang/ClassNotFoundException': java/io/SerializableBeanInfo> (0x00000007989d9980) thrown at [/Volumes/android/AOSP-openjdk-git/jdk8u/hotspot/src/share/vm/classfile/systemDictionary.cpp, line 210]
Event: 76.179 Thread 0x00007fcd5927e000 Exception <a 'java/lang/ClassNotFoundException': java/io/SerializableCustomizer> (0x00000007989dba60) thrown at [/Volumes/android/AOSP-openjdk-git/jdk8u/hotspot/src/share/vm/classfile/systemDictionary.cpp, line 210]
Event: 77.036 Thread 0x00007fcd5927e000 Exception <a 'java/io/FileNotFoundException'> (0x0000000799072200) thrown at [/Volumes/android/AOSP-openjdk-git/jdk8u/hotspot/src/share/vm/prims/jni.cpp, line 709]
Event: 77.037 Thread 0x00007fcd5927e000 Exception <a 'java/io/FileNotFoundException'> (0x0000000799073ce8) thrown at [/Volumes/android/AOSP-openjdk-git/jdk8u/hotspot/src/share/vm/prims/jni.cpp, line 709]
Event: 77.037 Thread 0x00007fcd5927e000 Exception <a 'java/io/FileNotFoundException'> (0x0000000799074d40) thrown at [/Volumes/android/AOSP-openjdk-git/jdk8u/hotspot/src/share/vm/prims/jni.cpp, line 709]

Events (10 events):
Event: 77.039 Thread 0x00007fcd5927e000 DEOPT UNPACKING pc=0x00000001110af4c4 sp=0x0000700002bb26d8 mode 0
Event: 77.122 Thread 0x00007fcd5927e000 Uncommon trap: trap_request=0xffffff65 fr.pc=0x0000000112f82f40
Event: 77.122 Thread 0x00007fcd5927e000 DEOPT PACKING pc=0x0000000112f82f40 sp=0x0000700002bb2860
Event: 77.123 Thread 0x00007fcd5927e000 DEOPT UNPACKING pc=0x00000001110ad47a sp=0x0000700002bb2810 mode 2
Event: 77.237 Thread 0x00007fcd5927e000 Uncommon trap: trap_request=0x000000ad fr.pc=0x0000000112ee3ad4
Event: 77.237 Thread 0x00007fcd5927e000 DEOPT PACKING pc=0x0000000112ee3ad4 sp=0x0000700002bb1d50
Event: 77.237 Thread 0x00007fcd5927e000 DEOPT UNPACKING pc=0x00000001110ad47a sp=0x0000700002bb1d28 mode 2
Event: 77.607 Thread 0x00007fcd5927e000 Uncommon trap: trap_request=0xffffff65 fr.pc=0x000000011306b4d4
Event: 77.607 Thread 0x00007fcd5927e000 DEOPT PACKING pc=0x000000011306b4d4 sp=0x0000700002bb2660
Event: 77.607 Thread 0x00007fcd5927e000 DEOPT UNPACKING pc=0x00000001110ad47a sp=0x0000700002bb2640 mode 2


Dynamic libraries:
0x000000010433a000 	/System/Library/Frameworks/Cocoa.framework/Versions/A/Cocoa
0x0000000104345000 	/System/Library/Frameworks/Security.framework/Versions/A/Security
0x00000001047f6000 	/System/Library/Frameworks/ApplicationServices.framework/Versions/A/ApplicationServices
0x0000000104800000 	/usr/lib/libz.1.dylib
0x0000000104818000 	/usr/lib/libSystem.B.dylib
0x0000000104822000 	/System/Library/Frameworks/CoreFoundation.framework/Versions/A/CoreFoundation
0x0000000105530000 	/System/Library/Frameworks/Foundation.framework/Versions/C/Foundation
0x0000000104f54000 	/usr/lib/libobjc.A.dylib
0x0000000105bcd000 	/System/Library/Frameworks/AppKit.framework/Versions/C/AppKit
0x00000001073f0000 	/System/Library/Frameworks/CoreData.framework/Versions/A/CoreData
0x0000000105407000 	/System/Library/PrivateFrameworks/RemoteViewServices.framework/Versions/A/RemoteViewServices
0x000000010785f000 	/System/Library/PrivateFrameworks/UIFoundation.framework/Versions/A/UIFoundation
0x0000000105452000 	/System/Library/PrivateFrameworks/DFRFoundation.framework/Versions/A/DFRFoundation
0x000000010433e000 	/usr/lib/libenergytrace.dylib
0x0000000107abc000 	/System/Library/PrivateFrameworks/SkyLight.framework/Versions/A/SkyLight
0x0000000107dfa000 	/System/Library/Frameworks/CoreGraphics.framework/Versions/A/CoreGraphics
0x000000010546c000 	/usr/lib/libScreenReader.dylib
0x0000000104336000 	/System/Library/Frameworks/Accelerate.framework/Versions/A/Accelerate
0x0000000105478000 	/System/Library/Frameworks/IOSurface.framework/Versions/A/IOSurface
0x00000001085a9000 	/System/Library/Frameworks/AudioToolbox.framework/Versions/A/AudioToolbox
0x000000010548b000 	/System/Library/Frameworks/AudioUnit.framework/Versions/A/AudioUnit
0x00000001088c9000 	/System/Library/PrivateFrameworks/DataDetectorsCore.framework/Versions/A/DataDetectorsCore
0x000000010897f000 	/System/Library/PrivateFrameworks/DesktopServicesPriv.framework/Versions/A/DesktopServicesPriv
0x0000000108b22000 	/System/Library/Frameworks/Carbon.framework/Versions/A/Frameworks/HIToolbox.framework/Versions/A/HIToolbox
0x0000000108fb4000 	/usr/lib/libicucore.A.dylib
0x00000001092a9000 	/System/Library/Frameworks/QuartzCore.framework/Versions/A/QuartzCore
0x00000001095a2000 	/System/Library/Frameworks/Carbon.framework/Versions/A/Frameworks/SpeechRecognition.framework/Versions/A/SpeechRecognition
0x00000001047fa000 	/usr/lib/libauto.dylib
0x00000001095b2000 	/usr/lib/libxml2.2.dylib
0x00000001096da000 	/System/Library/PrivateFrameworks/CoreUI.framework/Versions/A/CoreUI
0x00000001099e8000 	/System/Library/Frameworks/CoreAudio.framework/Versions/A/CoreAudio
0x0000000109aa0000 	/System/Library/Frameworks/DiskArbitration.framework/Versions/A/DiskArbitration
0x0000000105496000 	/usr/lib/liblangid.dylib
0x0000000109ab0000 	/System/Library/PrivateFrameworks/MultitouchSupport.framework/Versions/A/MultitouchSupport
0x0000000109aec000 	/System/Library/Frameworks/IOKit.framework/Versions/A/IOKit
0x000000010549c000 	/usr/lib/libDiagnosticMessagesClient.dylib
0x0000000109bc6000 	/System/Library/Frameworks/CoreServices.framework/Versions/A/CoreServices
0x0000000109bcb000 	/System/Library/PrivateFrameworks/PerformanceAnalysis.framework/Versions/A/PerformanceAnalysis
0x0000000109c53000 	/System/Library/PrivateFrameworks/GenerationalStorage.framework/Versions/A/GenerationalStorage
0x0000000109c88000 	/System/Library/Frameworks/OpenGL.framework/Versions/A/OpenGL
0x0000000109ca0000 	/System/Library/Frameworks/CoreImage.framework/Versions/A/CoreImage
0x000000010a064000 	/System/Library/Frameworks/CoreText.framework/Versions/A/CoreText
0x000000010a273000 	/System/Library/Frameworks/ImageIO.framework/Versions/A/ImageIO
0x000000010a46f000 	/System/Library/PrivateFrameworks/Backup.framework/Versions/A/Backup
0x000000010a555000 	/usr/lib/libarchive.2.dylib
0x000000010a58b000 	/System/Library/Frameworks/CFNetwork.framework/Versions/A/CFNetwork
0x000000010ac86000 	/System/Library/Frameworks/SystemConfiguration.framework/Versions/A/SystemConfiguration
0x000000010ad2d000 	/usr/lib/libCRFSuite.dylib
0x000000010ad53000 	/usr/lib/libc++.1.dylib
0x000000010ae07000 	/usr/lib/libc++abi.dylib
0x000000010ae41000 	/usr/lib/system/libcache.dylib
0x000000010ae4b000 	/usr/lib/system/libcommonCrypto.dylib
0x000000010ae63000 	/usr/lib/system/libcompiler_rt.dylib
0x000000010ae78000 	/usr/lib/system/libcopyfile.dylib
0x000000010ae87000 	/usr/lib/system/libcorecrypto.dylib
0x000000010af26000 	/usr/lib/system/libdispatch.dylib
0x000000010af91000 	/usr/lib/system/libdyld.dylib
0x000000010af9f000 	/usr/lib/system/libkeymgr.dylib
0x000000010afa4000 	/usr/lib/system/liblaunch.dylib
0x000000010afac000 	/usr/lib/system/libmacho.dylib
0x000000010afb8000 	/usr/lib/system/libquarantine.dylib
0x000000010afc1000 	/usr/lib/system/libremovefile.dylib
0x000000010afc8000 	/usr/lib/system/libsystem_asl.dylib
0x000000010afee000 	/usr/lib/system/libsystem_blocks.dylib
0x000000010aff3000 	/usr/lib/system/libsystem_c.dylib
0x000000010b0a8000 	/usr/lib/system/libsystem_configuration.dylib
0x000000010b0b3000 	/usr/lib/system/libsystem_coreservices.dylib
0x000000010b0bc000 	/usr/lib/system/libsystem_coretls.dylib
0x000000010b0e0000 	/usr/lib/system/libsystem_dnssd.dylib
0x000000010b0ec000 	/usr/lib/system/libsystem_info.dylib
0x000000010b12b000 	/usr/lib/system/libsystem_kernel.dylib
0x000000010b165000 	/usr/lib/system/libsystem_m.dylib
0x000000010b1b9000 	/usr/lib/system/libsystem_malloc.dylib
0x000000010b1e4000 	/usr/lib/system/libsystem_network.dylib
0x000000010b260000 	/usr/lib/system/libsystem_networkextension.dylib
0x000000010b275000 	/usr/lib/system/libsystem_notify.dylib
0x000000010b286000 	/usr/lib/system/libsystem_platform.dylib
0x000000010b297000 	/usr/lib/system/libsystem_pthread.dylib
0x000000010b2ae000 	/usr/lib/system/libsystem_sandbox.dylib
0x000000010b2b8000 	/usr/lib/system/libsystem_secinit.dylib
0x000000010b2bf000 	/usr/lib/system/libsystem_symptoms.dylib
0x000000010b2cd000 	/usr/lib/system/libsystem_trace.dylib
0x000000010b2ef000 	/usr/lib/system/libunwind.dylib
0x000000010b2fc000 	/usr/lib/system/libxpc.dylib
0x000000010b345000 	/usr/lib/libbsm.0.dylib
0x000000010b35f000 	/usr/lib/system/libkxld.dylib
0x000000010b371000 	/usr/lib/libcoretls.dylib
0x000000010b37a000 	/usr/lib/libcoretls_cfhelpers.dylib
0x000000010b381000 	/usr/lib/libOpenScriptingUtil.dylib
0x000000010b386000 	/usr/lib/libpam.2.dylib
0x000000010b390000 	/usr/lib/libsqlite3.dylib
0x000000010b4f6000 	/usr/lib/libxar.1.dylib
0x000000010b50d000 	/usr/lib/libbz2.1.0.dylib
0x000000010b521000 	/usr/lib/liblzma.5.dylib
0x000000010b543000 	/usr/lib/libnetwork.dylib
0x000000010b5f8000 	/usr/lib/libpcap.A.dylib
0x000000010b637000 	/System/Library/Frameworks/CoreServices.framework/Versions/A/Frameworks/FSEvents.framework/Versions/A/FSEvents
0x000000010b647000 	/System/Library/Frameworks/CoreServices.framework/Versions/A/Frameworks/CarbonCore.framework/Versions/A/CarbonCore
0x000000010b199000 	/System/Library/Frameworks/CoreServices.framework/Versions/A/Frameworks/Metadata.framework/Versions/A/Metadata
0x000000010bac6000 	/System/Library/Frameworks/CoreServices.framework/Versions/A/Frameworks/OSServices.framework/Versions/A/OSServices
0x000000010bb6f000 	/System/Library/Frameworks/CoreServices.framework/Versions/A/Frameworks/SearchKit.framework/Versions/A/SearchKit
0x000000010bc23000 	/System/Library/Frameworks/CoreServices.framework/Versions/A/Frameworks/AE.framework/Versions/A/AE
0x000000010bca3000 	/System/Library/Frameworks/CoreServices.framework/Versions/A/Frameworks/LaunchServices.framework/Versions/A/LaunchServices
0x000000010bf03000 	/System/Library/Frameworks/CoreServices.framework/Versions/A/Frameworks/DictionaryServices.framework/Versions/A/DictionaryServices
0x000000010bf62000 	/System/Library/Frameworks/CoreServices.framework/Versions/A/Frameworks/SharedFileList.framework/Versions/A/SharedFileList
0x000000010bfda000 	/System/Library/Frameworks/NetFS.framework/Versions/A/NetFS
0x000000010bfeb000 	/System/Library/PrivateFrameworks/NetAuth.framework/Versions/A/NetAuth
0x000000010c003000 	/System/Library/PrivateFrameworks/login.framework/Versions/A/Frameworks/loginsupport.framework/Versions/A/loginsupport
0x000000010c00b000 	/System/Library/PrivateFrameworks/TCC.framework/Versions/A/TCC
0x000000010c01a000 	/usr/lib/libmecabra.dylib
0x000000010c326000 	/System/Library/Frameworks/ApplicationServices.framework/Versions/A/Frameworks/ATS.framework/Versions/A/ATS
0x000000010c3c2000 	/System/Library/Frameworks/ApplicationServices.framework/Versions/A/Frameworks/ColorSync.framework/Versions/A/ColorSync
0x000000010c4b9000 	/System/Library/Frameworks/ApplicationServices.framework/Versions/A/Frameworks/HIServices.framework/Versions/A/HIServices
0x000000010c542000 	/System/Library/Frameworks/ApplicationServices.framework/Versions/A/Frameworks/LangAnalysis.framework/Versions/A/LangAnalysis
0x000000010c560000 	/System/Library/Frameworks/ApplicationServices.framework/Versions/A/Frameworks/PrintCore.framework/Versions/A/PrintCore
0x000000010c5db000 	/System/Library/Frameworks/ApplicationServices.framework/Versions/A/Frameworks/QD.framework/Versions/A/QD
0x000000010c63e000 	/System/Library/Frameworks/ApplicationServices.framework/Versions/A/Frameworks/SpeechSynthesis.framework/Versions/A/SpeechSynthesis
0x000000010c65d000 	/System/Library/Frameworks/Accelerate.framework/Versions/A/Frameworks/vImage.framework/Versions/A/vImage
0x000000010cd09000 	/System/Library/Frameworks/Accelerate.framework/Versions/A/Frameworks/vecLib.framework/Versions/A/vecLib
0x000000010cd0d000 	/System/Library/Frameworks/Accelerate.framework/Versions/A/Frameworks/vecLib.framework/Versions/A/libvDSP.dylib
0x000000010ce68000 	/System/Library/Frameworks/Accelerate.framework/Versions/A/Frameworks/vecLib.framework/Versions/A/libBNNS.dylib
0x000000010ce86000 	/System/Library/Frameworks/Accelerate.framework/Versions/A/Frameworks/vecLib.framework/Versions/A/libQuadrature.dylib
0x000000010ce91000 	/System/Library/Frameworks/Accelerate.framework/Versions/A/Frameworks/vecLib.framework/Versions/A/libvMisc.dylib
0x000000010cf55000 	/System/Library/Frameworks/Accelerate.framework/Versions/A/Frameworks/vecLib.framework/Versions/A/libLAPACK.dylib
0x000000010d3c1000 	/System/Library/Frameworks/Accelerate.framework/Versions/A/Frameworks/vecLib.framework/Versions/A/libBLAS.dylib
0x000000010d5ae000 	/System/Library/Frameworks/Accelerate.framework/Versions/A/Frameworks/vecLib.framework/Versions/A/libLinearAlgebra.dylib
0x000000010d5cd000 	/System/Library/Frameworks/Accelerate.framework/Versions/A/Frameworks/vecLib.framework/Versions/A/libSparseBLAS.dylib
0x000000010d5e8000 	/System/Library/Frameworks/ApplicationServices.framework/Versions/A/Frameworks/ATS.framework/Versions/A/Resources/libFontParser.dylib
0x000000010d7a2000 	/System/Library/Frameworks/ApplicationServices.framework/Versions/A/Frameworks/ATS.framework/Versions/A/Resources/libFontRegistry.dylib
0x000000010d81d000 	/System/Library/Frameworks/ImageIO.framework/Versions/A/Resources/libJPEG.dylib
0x000000010d849000 	/System/Library/Frameworks/ImageIO.framework/Versions/A/Resources/libTIFF.dylib
0x000000010d8a7000 	/System/Library/Frameworks/ImageIO.framework/Versions/A/Resources/libPng.dylib
0x000000010d8d9000 	/System/Library/Frameworks/ImageIO.framework/Versions/A/Resources/libGIF.dylib
0x000000010d8e3000 	/System/Library/Frameworks/ImageIO.framework/Versions/A/Resources/libJP2.dylib
0x000000010d9fe000 	/System/Library/Frameworks/ImageIO.framework/Versions/A/Resources/libRadiance.dylib
0x000000010da05000 	/usr/lib/libcompression.dylib
0x000000010da23000 	/System/Library/PrivateFrameworks/AppleJPEG.framework/Versions/A/AppleJPEG
0x000000010db11000 	/usr/lib/libcups.2.dylib
0x000000010db7d000 	/System/Library/Frameworks/Kerberos.framework/Versions/A/Kerberos
0x000000010dbb0000 	/System/Library/Frameworks/GSS.framework/Versions/A/GSS
0x000000010dc03000 	/usr/lib/libresolv.9.dylib
0x000000010dc2b000 	/usr/lib/libiconv.2.dylib
0x000000010dd2e000 	/System/Library/PrivateFrameworks/Heimdal.framework/Versions/A/Heimdal
0x000000010ddd6000 	/usr/lib/libheimdal-asn1.dylib
0x000000010dde2000 	/System/Library/Frameworks/OpenDirectory.framework/Versions/A/OpenDirectory
0x000000010de02000 	/System/Library/PrivateFrameworks/CommonAuth.framework/Versions/A/CommonAuth
0x000000010de13000 	/System/Library/Frameworks/OpenDirectory.framework/Versions/A/Frameworks/CFOpenDirectory.framework/Versions/A/CFOpenDirectory
0x000000010de4e000 	/System/Library/Frameworks/SecurityFoundation.framework/Versions/A/SecurityFoundation
0x000000010df06000 	/System/Library/PrivateFrameworks/LanguageModeling.framework/Versions/A/LanguageModeling
0x000000010e0ed000 	/usr/lib/libmarisa.dylib
0x000000010e110000 	/usr/lib/libChineseTokenizer.dylib
0x000000010e12a000 	/usr/lib/libcmph.dylib
0x000000010e143000 	/System/Library/PrivateFrameworks/CoreEmoji.framework/Versions/A/CoreEmoji
0x000000010e16d000 	/System/Library/Frameworks/ServiceManagement.framework/Versions/A/ServiceManagement
0x000000010e178000 	/usr/lib/libxslt.1.dylib
0x000000010e1af000 	/System/Library/Frameworks/Carbon.framework/Versions/A/Frameworks/Ink.framework/Versions/A/Ink
0x000000010e27a000 	/System/Library/PrivateFrameworks/TextureIO.framework/Versions/A/TextureIO
0x000000010e35f000 	/System/Library/Frameworks/Metal.framework/Versions/A/Metal
0x000000010e465000 	/usr/lib/libate.dylib
0x000000010e568000 	/System/Library/PrivateFrameworks/GPUCompiler.framework/libmetal_timestamp.dylib
0x000000010e56c000 	/System/Library/Frameworks/OpenGL.framework/Versions/A/Libraries/libCoreFSCache.dylib
0x000000010e575000 	/System/Library/PrivateFrameworks/IOAccelerator.framework/Versions/A/IOAccelerator
0x000000010e587000 	/System/Library/Frameworks/CoreVideo.framework/Versions/A/CoreVideo
0x000000010e5e3000 	/usr/lib/libFosl_dynamic.dylib
0x000000010e82d000 	/System/Library/PrivateFrameworks/MetalPerformanceShaders.framework/Versions/A/MetalPerformanceShaders
0x000000010e8f1000 	/System/Library/PrivateFrameworks/FaceCore.framework/Versions/A/FaceCore
0x000000010ef3f000 	/System/Library/Frameworks/OpenCL.framework/Versions/A/OpenCL
0x000000010efa6000 	/System/Library/Frameworks/OpenGL.framework/Versions/A/Libraries/libGLU.dylib
0x000000010eff7000 	/System/Library/Frameworks/OpenGL.framework/Versions/A/Libraries/libGFXShared.dylib
0x000000010f008000 	/System/Library/Frameworks/OpenGL.framework/Versions/A/Libraries/libGL.dylib
0x000000010f028000 	/System/Library/Frameworks/OpenGL.framework/Versions/A/Libraries/libGLImage.dylib
0x000000010f06d000 	/System/Library/Frameworks/OpenGL.framework/Versions/A/Libraries/libCVMSPluginSupport.dylib
0x000000010f075000 	/System/Library/Frameworks/OpenGL.framework/Versions/A/Libraries/libCoreVMClient.dylib
0x000000010f081000 	/System/Library/PrivateFrameworks/CrashReporterSupport.framework/Versions/A/CrashReporterSupport
0x000000010f0a1000 	/System/Library/PrivateFrameworks/Sharing.framework/Versions/A/Sharing
0x000000010f1b6000 	/System/Library/PrivateFrameworks/IconServices.framework/Versions/A/IconServices
0x000000010f1fc000 	/System/Library/PrivateFrameworks/ProtocolBuffer.framework/Versions/A/ProtocolBuffer
0x000000010f22f000 	/System/Library/PrivateFrameworks/Apple80211.framework/Versions/A/Apple80211
0x000000010f25f000 	/System/Library/Frameworks/CoreWLAN.framework/Versions/A/CoreWLAN
0x000000010f31d000 	/System/Library/PrivateFrameworks/CoreUtils.framework/Versions/A/CoreUtils
0x000000010f44e000 	/System/Library/Frameworks/IOBluetooth.framework/Versions/A/IOBluetooth
0x000000010f574000 	/System/Library/PrivateFrameworks/CoreWiFi.framework/Versions/A/CoreWiFi
0x000000010f63b000 	/System/Library/Frameworks/CoreBluetooth.framework/Versions/A/CoreBluetooth
0x000000010f665000 	/System/Library/Frameworks/CoreDisplay.framework/Versions/A/CoreDisplay
0x000000010f74d000 	/System/Library/PrivateFrameworks/IOPresentment.framework/Versions/A/IOPresentment
0x000000010f77a000 	/System/Library/PrivateFrameworks/DSExternalDisplay.framework/Versions/A/DSExternalDisplay
0x000000010f785000 	/System/Library/PrivateFrameworks/DebugSymbols.framework/Versions/A/DebugSymbols
0x000000010f7e3000 	/System/Library/PrivateFrameworks/CoreSymbolication.framework/Versions/A/CoreSymbolication
0x000000010f8c4000 	/System/Library/PrivateFrameworks/Symbolication.framework/Versions/A/Symbolication
0x000000010f988000 	/System/Library/PrivateFrameworks/AppleFSCompression.framework/Versions/A/AppleFSCompression
0x000000010f9a1000 	/System/Library/PrivateFrameworks/SpeechRecognitionCore.framework/Versions/A/SpeechRecognitionCore
0x000000010f9bd000 	/System/Library/PrivateFrameworks/ChunkingLibrary.framework/Versions/A/ChunkingLibrary
0x0000000110600000 	/Applications/Android Studio 2.app/Contents/jre/jdk/Contents/Home/jre/lib/server/libjvm.dylib
0x000000010fc54000 	/usr/lib/libstdc++.6.dylib
0x000000010fd0d000 	/Applications/Android Studio 2.app/Contents/jre/jdk/Contents/Home/jre/lib/libverify.dylib
0x000000010fd19000 	/Applications/Android Studio 2.app/Contents/jre/jdk/Contents/Home/jre/lib/libjava.dylib
0x000000010fd55000 	/Applications/Android Studio 2.app/Contents/jre/jdk/Contents/Home/jre/lib/libzip.dylib
0x0000000127029000 	/Applications/Android Studio 2.app/Contents/jre/jdk/Contents/Home/jre/lib/libnet.dylib
0x0000000127040000 	/Applications/Android Studio 2.app/Contents/jre/jdk/Contents/Home/jre/lib/libnio.dylib
0x0000000127050000 	/Users/laki/.gradle/native/25/osx-amd64/libnative-platform.dylib
0x0000000127458000 	/Applications/Android Studio 2.app/Contents/jre/jdk/Contents/Home/jre/lib/libmanagement.dylib
0x0000000127b7b000 	/Applications/Android Studio 2.app/Contents/jre/jdk/Contents/Home/jre/lib/libsunec.dylib

VM Arguments:
jvm_args: -Xmx2048m -Dfile.encoding=UTF-8 -Duser.country=ZA -Duser.language=en -Duser.variant 
java_command: org.gradle.launcher.daemon.bootstrap.GradleDaemon 4.4
java_class_path (initial): /Users/laki/.gradle/wrapper/dists/gradle-4.4-all/9br9xq1tocpiv8o6njlyu5op1/gradle-4.4/lib/gradle-launcher-4.4.jar
Launcher Type: SUN_STANDARD

Environment Variables:
PATH=/usr/local/bin:/usr/bin:/bin:/usr/sbin:/sbin:/opt/X11/bin
SHELL=/bin/bash
DISPLAY=/private/tmp/com.apple.launchd.bNJXh9HqCu/org.macosforge.xquartz:0

Signal Handlers:
SIGSEGV: [libjvm.dylib+0x53f567], sa_mask[0]=11111111011111110111111111111111, sa_flags=SA_ONSTACK|SA_RESTART|SA_SIGINFO
SIGBUS: [libjvm.dylib+0x53f567], sa_mask[0]=11111111011111110111111111111111, sa_flags=SA_RESTART|SA_SIGINFO
SIGFPE: [libjvm.dylib+0x437adf], sa_mask[0]=11111111011111110111111111111111, sa_flags=SA_RESTART|SA_SIGINFO
SIGPIPE: [libjvm.dylib+0x437adf], sa_mask[0]=11111111011111110111111111111111, sa_flags=SA_RESTART|SA_SIGINFO
SIGXFSZ: [libjvm.dylib+0x437adf], sa_mask[0]=11111111011111110111111111111111, sa_flags=SA_RESTART|SA_SIGINFO
SIGILL: [libjvm.dylib+0x437adf], sa_mask[0]=11111111011111110111111111111111, sa_flags=SA_RESTART|SA_SIGINFO
SIGUSR1: SIG_DFL, sa_mask[0]=00000000000000000000000000000000, sa_flags=none
SIGUSR2: [libjvm.dylib+0x438404], sa_mask[0]=00100000000000000000000000000000, sa_flags=SA_RESTART|SA_SIGINFO
SIGHUP: [libjvm.dylib+0x4365f9], sa_mask[0]=11111111011111110111111111111111, sa_flags=SA_RESTART|SA_SIGINFO
SIGINT: [libjvm.dylib+0x4365f9], sa_mask[0]=11111111011111110111111111111111, sa_flags=SA_RESTART|SA_SIGINFO
SIGTERM: [libjvm.dylib+0x4365f9], sa_mask[0]=11111111011111110111111111111111, sa_flags=SA_RESTART|SA_SIGINFO
SIGQUIT: [libjvm.dylib+0x4365f9], sa_mask[0]=11111111011111110111111111111111, sa_flags=SA_RESTART|SA_SIGINFO


---------------  S Y S T E M  ---------------

OS:Bsduname:Darwin 16.6.0 Darwin Kernel Version 16.6.0: Fri Apr 14 16:21:16 PDT 2017; root:xnu-3789.60.24~6/RELEASE_X86_64 x86_64
rlimit: STACK 8192k, CORE 0k, NPROC 709, NOFILE 10240, AS infinity
load average:2.28 1.86 1.08

CPU:total 4 (initial active 4) (2 cores per cpu, 2 threads per core) family 6 model 58 stepping 9, cmov, cx8, fxsr, mmx, sse, sse2, sse3, ssse3, sse4.1, sse4.2, popcnt, avx, aes, clmul, erms, ht, tsc, tscinvbit, tscinv

Memory: 4k page, physical 4194304k(64016k free)

/proc/meminfo:


vm_info: OpenJDK 64-Bit Server VM (25.152-b01) for bsd-amd64 JRE (1.8.0_152-release-1024-b01), built by "builder" with gcc 4.2.1 Compatible Apple LLVM 8.1.0 (clang-802.0.42)

time: Fri May  4 16:06:05 2018
elapsed time: 77 seconds (0d 0h 1m 17s)

