#
# A fatal error has been detected by the Java Runtime Environment:
#
#  SIGSEGV (0xb) at pc=0x00000001149ceee7, pid=523, tid=0x0000000000005717
#
# JRE version: OpenJDK Runtime Environment (8.0_152-b01) (build 1.8.0_152-release-1024-b01)
# Java VM: OpenJDK 64-Bit Server VM (25.152-b01 mixed mode bsd-amd64 compressed oops)
# Problematic frame:
# v  ~BufferBlob::vtable chunks
#
# Failed to write core dump. Core dumps have been disabled. To enable core dumping, try "ulimit -c unlimited" before starting Java again
#
# If you would like to submit a bug report, please visit:
#   http://bugreport.java.com/bugreport/crash.jsp
#

---------------  T H R E A D  ---------------

Current thread (0x00007f97602c6800):  JavaThread "RMI TCP Connection(25)-127.0.0.1" daemon [_thread_in_Java, id=22295, stack(0x0000700009d6f000,0x0000700009e6f000)]

siginfo: si_signo: 11 (SIGSEGV), si_code: 1 (SEGV_MAPERR), si_addr: 0x00000005c0639398

Registers:
RAX=0x00000005c06391c8, RBX=0x00000007a74de418, RCX=0x00000007a74de418, RDX=0x00000007a74de458
RSP=0x0000700009e6b3e8, RBP=0x000000079fae8108, RSI=0x00000007a2ce81a8, RDI=0x0000000000000000
R8 =0x0000000000000005, R9 =0x00000000b80c7239, R10=0x00000007a2ce81e8, R11=0x00000000f4e9bc83
R12=0x0000000000000000, R13=0x0000080000000fff, R14=0x000000079fae7ab0, R15=0x00007f97602c6800
RIP=0x00000001149ceee7, EFLAGS=0x0000000000010202, ERR=0x0000000000000004
  TRAPNO=0x000000000000000e

Top of Stack: (sp=0x0000700009e6b3e8)
0x0000700009e6b3e8:   0000000116b7694c 00000007a2ce81e8
0x0000700009e6b3f8:   000000079fae8108 00000007c0783560
0x0000700009e6b408:   f4e9bc83f459d03d 00000007a74de3c8
0x0000700009e6b418:   f4e9bc79e8130a66 00000007a2ce81e8
0x0000700009e6b428:   f459d03df497b825 00000007a4bdc128
0x0000700009e6b438:   00000007a74de418 00000007a74de458
0x0000700009e6b448:   00000007a4bdc128 e813224700000073
0x0000700009e6b458:   00000007a74d8618 00000007a74de2b8
0x0000700009e6b468:   00000007f4e9bc25 0000000000000050
0x0000700009e6b478:   00000010f497b80b e8132247f497b7d7
0x0000700009e6b488:   0000000000000050 0000000000000000
0x0000700009e6b498:   0000000700000006 0000000000000000
0x0000700009e6b4a8:   000000011674a9e4 00000007a4bdc028
0x0000700009e6b4b8:   0000000000000018 0000000000000000
0x0000700009e6b4c8:   0000000117d0634c 00000007a2ce8250
0x0000700009e6b4d8:   000000079fae8108 00000007a4bdc0d8
0x0000700009e6b4e8:   0000000000000000 00000000f497b81b
0x0000700009e6b4f8:   00000007a2ce81e8 0000000740990748
0x0000700009e6b508:   00000001169a71a0 00000007a74b86b0
0x0000700009e6b518:   00000001149baf45 00000000f497b815
0x0000700009e6b528:   0000000116450f84 0000000740991238
0x0000700009e6b538:   0000000000000000 f3f5d02100000000
0x0000700009e6b548:   000000079fae8108 00000007a4bdc0d8
0x0000700009e6b558:   00000007a74b8930 00000007a4bdbf08
0x0000700009e6b568:   00000007a4bdc0d8 00000007a4bdc0d8
0x0000700009e6b578:   00000007a2ce9e08 e8130a6600000001
0x0000700009e6b588:   0000000000000000 000000079fae8108
0x0000700009e6b598:   00000007a4bdbf08 0000000740985330
0x0000700009e6b5a8:   00000007a2ce9e08 00000007a74b85d0
0x0000700009e6b5b8:   00000007a74b8600 00000007a74b8620
0x0000700009e6b5c8:   00000007a608d848 00000007a0467f20
0x0000700009e6b5d8:   00000007a5268dd8 00000007a5a12648 

Instructions: (pc=0x00000001149ceee7)
0x00000001149ceec7:   00 00 00 00 00 00 00 00 00 00 00 00 00 00 00 00
0x00000001149ceed7:   00 05 00 0e 00 00 00 01 00 8b 46 08 48 c1 e0 03
0x00000001149ceee7:   48 8b 98 d0 01 00 00 ff 63 40 00 00 00 00 00 00
0x00000001149ceef7:   00 00 00 00 00 00 00 00 00 00 00 00 00 00 00 00 

Register to memory mapping:

RAX=0x00000005c06391c8 is an unknown value
RBX=0x00000007a74de418 is an oop
com.sun.tools.javac.code.Symbol$VarSymbol 
 - klass: 'com/sun/tools/javac/code/Symbol$VarSymbol'
RCX=0x00000007a74de418 is an oop
com.sun.tools.javac.code.Symbol$VarSymbol 
 - klass: 'com/sun/tools/javac/code/Symbol$VarSymbol'
RDX=0x00000007a74de458 is an oop
com.sun.tools.javac.comp.MemberEnter$InitTreeVisitor 
 - klass: 'com/sun/tools/javac/comp/MemberEnter$InitTreeVisitor'
RSP=0x0000700009e6b3e8 is pointing into the stack for thread: 0x00007f97602c6800
RBP=0x000000079fae8108 is an oop
com.sun.tools.javac.comp.MemberEnter 
 - klass: 'com/sun/tools/javac/comp/MemberEnter'
RSI=0x00000007a2ce81a8 is an oop

[error occurred during error reporting (printing register info), id 0xb]

Stack: [0x0000700009d6f000,0x0000700009e6f000],  sp=0x0000700009e6b3e8,  free space=1008k
Native frames: (J=compiled Java code, j=interpreted, Vv=VM code, C=native code)
v  ~BufferBlob::vtable chunks


---------------  P R O C E S S  ---------------

Java Threads: ( => current thread )
  0x00007f97641bc800 JavaThread "RMI RenewClean-[localhost:49457,org.jetbrains.kotlin.daemon.common.LoopbackNetworkInterface$ClientLoopbackSocketFactory@5bfc69c2]" daemon [_thread_blocked, id=24835, stack(0x0000700009e72000,0x0000700009f72000)]
=>0x00007f97602c6800 JavaThread "RMI TCP Connection(25)-127.0.0.1" daemon [_thread_in_Java, id=22295, stack(0x0000700009d6f000,0x0000700009e6f000)]
  0x00007f97610e3000 JavaThread "RMI RenewClean-[localhost:49457,org.jetbrains.kotlin.daemon.common.LoopbackNetworkInterface$ClientLoopbackSocketFactory@7f1e2cc4]" daemon [_thread_blocked, id=20751, stack(0x0000700009b69000,0x0000700009c69000)]
  0x00007f97611df800 JavaThread "RMI TCP Connection(24)-127.0.0.1" daemon [_thread_in_native, id=15883, stack(0x000070000975d000,0x000070000985d000)]
  0x00007f9760dce000 JavaThread "RMI TCP Connection(23)-127.0.0.1" daemon [_thread_in_native, id=24331, stack(0x0000700009454000,0x0000700009554000)]
  0x00007f97636c4000 JavaThread "RMI RenewClean-[localhost:49457,org.jetbrains.kotlin.daemon.common.LoopbackNetworkInterface$ClientLoopbackSocketFactory@2e58377]" daemon [_thread_blocked, id=24079, stack(0x0000700009a66000,0x0000700009b66000)]
  0x00007f97633de800 JavaThread "RMI RenewClean-[localhost:49457,org.jetbrains.kotlin.daemon.common.LoopbackNetworkInterface$ClientLoopbackSocketFactory@5961e13a]" daemon [_thread_blocked, id=23307, stack(0x0000700009c6c000,0x0000700009d6c000)]
  0x00007f976492a000 JavaThread "RMI RenewClean-[localhost:49202,org.jetbrains.kotlin.daemon.common.LoopbackNetworkInterface$ClientLoopbackSocketFactory@679bf0c5]" daemon [_thread_blocked, id=3851, stack(0x0000700009963000,0x0000700009a63000)]
  0x00007f9760082000 JavaThread "RMI Scheduler(0)" daemon [_thread_blocked, id=22787, stack(0x0000700009860000,0x0000700009960000)]
  0x00007f976190c800 JavaThread "DestroyJavaVM" [_thread_blocked, id=7171, stack(0x0000700008424000,0x0000700008524000)]
  0x00007f9761177000 JavaThread "GC Daemon" daemon [_thread_blocked, id=21763, stack(0x000070000965a000,0x000070000975a000)]
  0x00007f9760080000 JavaThread "RMI Reaper" [_thread_blocked, id=21251, stack(0x0000700009557000,0x0000700009657000)]
  0x00007f9760918800 JavaThread "Timer-0" daemon [_thread_blocked, id=20227, stack(0x0000700009351000,0x0000700009451000)]
  0x00007f9760993800 JavaThread "RMI TCP Accept-17442" daemon [_thread_in_native, id=19715, stack(0x000070000924e000,0x000070000934e000)]
  0x00007f9760008000 JavaThread "Service Thread" daemon [_thread_blocked, id=18691, stack(0x0000700009048000,0x0000700009148000)]
  0x00007f976101c000 JavaThread "C1 CompilerThread2" daemon [_thread_blocked, id=18179, stack(0x0000700008f45000,0x0000700009045000)]
  0x00007f976101b800 JavaThread "C2 CompilerThread1" daemon [_thread_blocked, id=17667, stack(0x0000700008e42000,0x0000700008f42000)]
  0x00007f976084f800 JavaThread "C2 CompilerThread0" daemon [_thread_blocked, id=17155, stack(0x0000700008d3f000,0x0000700008e3f000)]
  0x00007f9760837000 JavaThread "Signal Dispatcher" daemon [_thread_blocked, id=16643, stack(0x0000700008c3c000,0x0000700008d3c000)]
  0x00007f9760006000 JavaThread "Finalizer" daemon [_thread_blocked, id=12547, stack(0x0000700008b39000,0x0000700008c39000)]
  0x00007f9760003800 JavaThread "Reference Handler" daemon [_thread_blocked, id=12035, stack(0x0000700008a36000,0x0000700008b36000)]

Other Threads:
  0x00007f976084f000 VMThread [stack: 0x0000700008933000,0x0000700008a33000] [id=11523]
  0x00007f976101d000 WatcherThread [stack: 0x000070000914b000,0x000070000924b000] [id=19203]

VM state:not at safepoint (normal execution)

VM Mutex/Monitor currently owned by a thread: None

Heap:
 PSYoungGen      total 505344K, used 327117K [0x0000000795580000, 0x00000007bdb00000, 0x00000007c0000000)
  eden space 415744K, 70% used [0x0000000795580000,0x00000007a74e8998,0x00000007aeb80000)
  from space 89600K, 36% used [0x00000007aeb80000,0x00000007b0b8ae50,0x00000007b4300000)
  to   space 84480K, 0% used [0x00000007b8880000,0x00000007b8880000,0x00000007bdb00000)
 ParOldGen       total 234496K, used 90027K [0x0000000740000000, 0x000000074e500000, 0x0000000795580000)
  object space 234496K, 38% used [0x0000000740000000,0x00000007457eac00,0x000000074e500000)
 Metaspace       used 83656K, capacity 85827K, committed 87680K, reserved 1126400K
  class space    used 9472K, capacity 9969K, committed 10368K, reserved 1048576K

Card table byte_map: [0x0000000123c79000,0x000000012407a000] byte_map_base: 0x0000000120279000

Marking Bits: (ParMarkBitMap*) 0x0000000113d031c8
 Begin Bits: [0x0000000124325000, 0x0000000126325000)
 End Bits:   [0x0000000126325000, 0x0000000128325000)

Polling page: 0x00000001080ca000

CodeCache: size=245760Kb used=64407Kb max_used=64627Kb free=181352Kb
 bounds [0x00000001148b9000, 0x0000000118859000, 0x00000001238b9000]
 total_blobs=18864 nmethods=18282 adapters=493
 compilation: enabled

Compilation events (10 events):
Event: 4057.630 Thread 0x00007f976101b800 nmethod 24554 0x0000000115506ed0 code [0x0000000115507020, 0x00000001155070b8]
Event: 4057.631 Thread 0x00007f976101c000 nmethod 24550 0x0000000118846110 code [0x0000000118846820, 0x000000011884b928]
Event: 4057.638 Thread 0x00007f976101b800 24555       4       java.util.RegularEnumSet::remove (74 bytes)
Event: 4057.639 Thread 0x00007f976101b800 nmethod 24555 0x0000000114bf0010 code [0x0000000114bf0160, 0x0000000114bf0278]
Event: 4057.645 Thread 0x00007f976101c000 24556       3       com.sun.tools.javac.comp.Enter::visitClassDef (651 bytes)
Event: 4057.650 Thread 0x00007f976101c000 nmethod 24556 0x0000000118828c10 code [0x00000001188291e0, 0x000000011882d3a8]
Event: 4058.991 Thread 0x00007f976084f800 24557       4       com.sun.tools.javac.code.Types$15::visitType (10 bytes)
Event: 4058.993 Thread 0x00007f976084f800 nmethod 24557 0x0000000114aa69d0 code [0x0000000114aa6b40, 0x0000000114aa6c78]
Event: 4059.092 Thread 0x00007f976101b800 24558       4       com.sun.tools.javac.tree.JCTree$Visitor::visitClassDef (6 bytes)
Event: 4059.093 Thread 0x00007f976101b800 nmethod 24558 0x0000000116d61590 code [0x0000000116d616e0, 0x0000000116d61758]

GC Heap History (10 events):
Event: 664.994 GC heap before
{Heap before GC invocations=31 (full 7):
 PSYoungGen      total 393728K, used 348325K [0x0000000795580000, 0x00000007b5e80000, 0x00000007c0000000)
  eden space 311296K, 100% used [0x0000000795580000,0x00000007a8580000,0x00000007a8580000)
  from space 82432K, 44% used [0x00000007a8580000,0x00000007aa9a95e0,0x00000007ad600000)
  to   space 79360K, 0% used [0x00000007b1100000,0x00000007b1100000,0x00000007b5e80000)
 ParOldGen       total 266752K, used 158672K [0x0000000740000000, 0x0000000750480000, 0x0000000795580000)
  object space 266752K, 59% used [0x0000000740000000,0x0000000749af42a8,0x0000000750480000)
 Metaspace       used 83078K, capacity 85377K, committed 85504K, reserved 1124352K
  class space    used 9574K, capacity 10128K, committed 10240K, reserved 1048576K
Event: 665.370 GC heap after
Heap after GC invocations=31 (full 7):
 PSYoungGen      total 453632K, used 47038K [0x0000000795580000, 0x00000007b6280000, 0x00000007c0000000)
  eden space 374272K, 0% used [0x0000000795580000,0x0000000795580000,0x00000007ac300000)
  from space 79360K, 59% used [0x00000007b1100000,0x00000007b3eef848,0x00000007b5e80000)
  to   space 79872K, 0% used [0x00000007ac300000,0x00000007ac300000,0x00000007b1100000)
 ParOldGen       total 266752K, used 192434K [0x0000000740000000, 0x0000000750480000, 0x0000000795580000)
  object space 266752K, 72% used [0x0000000740000000,0x000000074bbec958,0x0000000750480000)
 Metaspace       used 83078K, capacity 85377K, committed 85504K, reserved 1124352K
  class space    used 9574K, capacity 10128K, committed 10240K, reserved 1048576K
}
Event: 3008.565 GC heap before
{Heap before GC invocations=32 (full 7):
 PSYoungGen      total 453632K, used 421310K [0x0000000795580000, 0x00000007b6280000, 0x00000007c0000000)
  eden space 374272K, 100% used [0x0000000795580000,0x00000007ac300000,0x00000007ac300000)
  from space 79360K, 59% used [0x00000007b1100000,0x00000007b3eef848,0x00000007b5e80000)
  to   space 79872K, 0% used [0x00000007ac300000,0x00000007ac300000,0x00000007b1100000)
 ParOldGen       total 266752K, used 192434K [0x0000000740000000, 0x0000000750480000, 0x0000000795580000)
  object space 266752K, 72% used [0x0000000740000000,0x000000074bbec958,0x0000000750480000)
 Metaspace       used 85054K, capacity 87561K, committed 87680K, reserved 1126400K
  class space    used 9712K, capacity 10352K, committed 10368K, reserved 1048576K
Event: 3009.562 GC heap after
Heap after GC invocations=32 (full 7):
 PSYoungGen      total 454144K, used 10971K [0x0000000795580000, 0x00000007b9080000, 0x00000007c0000000)
  eden space 374272K, 0% used [0x0000000795580000,0x0000000795580000,0x00000007ac300000)
  from space 79872K, 13% used [0x00000007ac300000,0x00000007acdb6c88,0x00000007b1100000)
  to   space 79360K, 0% used [0x00000007b4300000,0x00000007b4300000,0x00000007b9080000)
 ParOldGen       total 266752K, used 233032K [0x0000000740000000, 0x0000000750480000, 0x0000000795580000)
  object space 266752K, 87% used [0x0000000740000000,0x000000074e392180,0x0000000750480000)
 Metaspace       used 85054K, capacity 87561K, committed 87680K, reserved 1126400K
  class space    used 9712K, capacity 10352K, committed 10368K, reserved 1048576K
}
Event: 3009.593 GC heap before
{Heap before GC invocations=33 (full 8):
 PSYoungGen      total 454144K, used 10971K [0x0000000795580000, 0x00000007b9080000, 0x00000007c0000000)
  eden space 374272K, 0% used [0x0000000795580000,0x0000000795580000,0x00000007ac300000)
  from space 79872K, 13% used [0x00000007ac300000,0x00000007acdb6c88,0x00000007b1100000)
  to   space 79360K, 0% used [0x00000007b4300000,0x00000007b4300000,0x00000007b9080000)
 ParOldGen       total 266752K, used 233032K [0x0000000740000000, 0x0000000750480000, 0x0000000795580000)
  object space 266752K, 87% used [0x0000000740000000,0x000000074e392180,0x0000000750480000)
 Metaspace       used 85054K, capacity 87561K, committed 87680K, reserved 1126400K
  class space    used 9712K, capacity 10352K, committed 10368K, reserved 1048576K
Event: 3011.360 GC heap after
Heap after GC invocations=33 (full 8):
 PSYoungGen      total 454144K, used 0K [0x0000000795580000, 0x00000007b9080000, 0x00000007c0000000)
  eden space 374272K, 0% used [0x0000000795580000,0x0000000795580000,0x00000007ac300000)
  from space 79872K, 0% used [0x00000007ac300000,0x00000007ac300000,0x00000007b1100000)
  to   space 79360K, 0% used [0x00000007b4300000,0x00000007b4300000,0x00000007b9080000)
 ParOldGen       total 234496K, used 90003K [0x0000000740000000, 0x000000074e500000, 0x0000000795580000)
  object space 234496K, 38% used [0x0000000740000000,0x00000007457e4c00,0x000000074e500000)
 Metaspace       used 70219K, capacity 71551K, committed 87680K, reserved 1126400K
  class space    used 7809K, capacity 8107K, committed 10368K, reserved 1048576K
}
Event: 3025.983 GC heap before
{Heap before GC invocations=34 (full 8):
 PSYoungGen      total 454144K, used 374272K [0x0000000795580000, 0x00000007b9080000, 0x00000007c0000000)
  eden space 374272K, 100% used [0x0000000795580000,0x00000007ac300000,0x00000007ac300000)
  from space 79872K, 0% used [0x00000007ac300000,0x00000007ac300000,0x00000007b1100000)
  to   space 79360K, 0% used [0x00000007b4300000,0x00000007b4300000,0x00000007b9080000)
 ParOldGen       total 234496K, used 90003K [0x0000000740000000, 0x000000074e500000, 0x0000000795580000)
  object space 234496K, 38% used [0x0000000740000000,0x00000007457e4c00,0x000000074e500000)
 Metaspace       used 80570K, capacity 82347K, committed 87680K, reserved 1126400K
  class space    used 9185K, capacity 9565K, committed 10368K, reserved 1048576K
Event: 3026.340 GC heap after
Heap after GC invocations=34 (full 8):
 PSYoungGen      total 495104K, used 72294K [0x0000000795580000, 0x00000007ba980000, 0x00000007c0000000)
  eden space 415744K, 0% used [0x0000000795580000,0x0000000795580000,0x00000007aeb80000)
  from space 79360K, 91% used [0x00000007b4300000,0x00000007b89999a8,0x00000007b9080000)
  to   space 89600K, 0% used [0x00000007aeb80000,0x00000007aeb80000,0x00000007b4300000)
 ParOldGen       total 234496K, used 90019K [0x0000000740000000, 0x000000074e500000, 0x0000000795580000)
  object space 234496K, 38% used [0x0000000740000000,0x00000007457e8c00,0x000000074e500000)
 Metaspace       used 80570K, capacity 82347K, committed 87680K, reserved 1126400K
  class space    used 9185K, capacity 9565K, committed 10368K, reserved 1048576K
}
Event: 3033.727 GC heap before
{Heap before GC invocations=35 (full 8):
 PSYoungGen      total 495104K, used 488038K [0x0000000795580000, 0x00000007ba980000, 0x00000007c0000000)
  eden space 415744K, 100% used [0x0000000795580000,0x00000007aeb80000,0x00000007aeb80000)
  from space 79360K, 91% used [0x00000007b4300000,0x00000007b89999a8,0x00000007b9080000)
  to   space 89600K, 0% used [0x00000007aeb80000,0x00000007aeb80000,0x00000007b4300000)
 ParOldGen       total 234496K, used 90019K [0x0000000740000000, 0x000000074e500000, 0x0000000795580000)
  object space 234496K, 38% used [0x0000000740000000,0x00000007457e8c00,0x000000074e500000)
 Metaspace       used 81611K, capacity 83555K, committed 87680K, reserved 1126400K
  class space    used 9281K, capacity 9705K, committed 10368K, reserved 1048576K
Event: 3034.486 GC heap after
Heap after GC invocations=35 (full 8):
 PSYoungGen      total 505344K, used 32811K [0x0000000795580000, 0x00000007bdb00000, 0x00000007c0000000)
  eden space 415744K, 0% used [0x0000000795580000,0x0000000795580000,0x00000007aeb80000)
  from space 89600K, 36% used [0x00000007aeb80000,0x00000007b0b8ae50,0x00000007b4300000)
  to   space 84480K, 0% used [0x00000007b8880000,0x00000007b8880000,0x00000007bdb00000)
 ParOldGen       total 234496K, used 90027K [0x0000000740000000, 0x000000074e500000, 0x0000000795580000)
  object space 234496K, 38% used [0x0000000740000000,0x00000007457eac00,0x000000074e500000)
 Metaspace       used 81611K, capacity 83555K, committed 87680K, reserved 1126400K
  class space    used 9281K, capacity 9705K, committed 10368K, reserved 1048576K
}

Deoptimization events (10 events):
Event: 4054.043 Thread 0x00007f97611df800 Uncommon trap: reason=class_check action=maybe_recompile pc=0x00000001153a7cc8 method=sun.misc.URLClassPath.getLoader(I)Lsun/misc/URLClassPath$Loader; @ 94
Event: 4054.376 Thread 0x00007f97611df800 Uncommon trap: reason=class_check action=maybe_recompile pc=0x00000001182b9b40 method=com.sun.tools.javac.tree.TreeScanner.visitMethodDef(Lcom/sun/tools/javac/tree/JCTree$JCMethodDecl;)V @ 5
Event: 4054.376 Thread 0x00007f97611df800 Uncommon trap: reason=class_check action=maybe_recompile pc=0x0000000116e378ac method=com.sun.tools.javac.tree.JCTree$JCBlock.accept(Lcom/sun/tools/javac/tree/JCTree$Visitor;)V @ 2
Event: 4054.376 Thread 0x00007f97611df800 Uncommon trap: reason=class_check action=maybe_recompile pc=0x00000001182b9b40 method=com.sun.tools.javac.tree.TreeScanner.visitMethodDef(Lcom/sun/tools/javac/tree/JCTree$JCMethodDecl;)V @ 5
Event: 4054.376 Thread 0x00007f97611df800 Uncommon trap: reason=class_check action=maybe_recompile pc=0x0000000116e378ac method=com.sun.tools.javac.tree.JCTree$JCBlock.accept(Lcom/sun/tools/javac/tree/JCTree$Visitor;)V @ 2
Event: 4054.378 Thread 0x00007f97611df800 Uncommon trap: reason=class_check action=maybe_recompile pc=0x00000001182b9b40 method=com.sun.tools.javac.tree.TreeScanner.visitMethodDef(Lcom/sun/tools/javac/tree/JCTree$JCMethodDecl;)V @ 5
Event: 4054.378 Thread 0x00007f97611df800 Uncommon trap: reason=class_check action=maybe_recompile pc=0x0000000116e378ac method=com.sun.tools.javac.tree.JCTree$JCBlock.accept(Lcom/sun/tools/javac/tree/JCTree$Visitor;)V @ 2
Event: 4054.378 Thread 0x00007f97611df800 Uncommon trap: reason=class_check action=maybe_recompile pc=0x00000001182b9b40 method=com.sun.tools.javac.tree.TreeScanner.visitMethodDef(Lcom/sun/tools/javac/tree/JCTree$JCMethodDecl;)V @ 5
Event: 4054.378 Thread 0x00007f97611df800 Uncommon trap: reason=class_check action=maybe_recompile pc=0x0000000116e378ac method=com.sun.tools.javac.tree.JCTree$JCBlock.accept(Lcom/sun/tools/javac/tree/JCTree$Visitor;)V @ 2
Event: 4055.673 Thread 0x00007f97602c6800 Uncommon trap: reason=predicate action=maybe_recompile pc=0x0000000116bfcd20 method=com.sun.tools.javac.util.List.toArray([Ljava/lang/Object;)[Ljava/lang/Object; @ 14

Classes redefined (0 events):
No events

Internal exceptions (10 events):
Event: 3371.468 Thread 0x00007f976492a000 Exception <a 'java/net/ConnectException'> (0x000000079915cf10) thrown at [/Volumes/android/AOSP-openjdk-git/jdk8u/hotspot/src/share/vm/prims/jni.cpp, line 709]
Event: 3551.475 Thread 0x00007f976492a000 Exception <a 'java/net/ConnectException'> (0x000000079915dc50) thrown at [/Volumes/android/AOSP-openjdk-git/jdk8u/hotspot/src/share/vm/prims/jni.cpp, line 709]
Event: 3551.488 Thread 0x00007f976492a000 Exception <a 'java/net/ConnectException'> (0x000000079915e580) thrown at [/Volumes/android/AOSP-openjdk-git/jdk8u/hotspot/src/share/vm/prims/jni.cpp, line 709]
Event: 3551.501 Thread 0x00007f976492a000 Exception <a 'java/net/ConnectException'> (0x000000079915eeb0) thrown at [/Volumes/android/AOSP-openjdk-git/jdk8u/hotspot/src/share/vm/prims/jni.cpp, line 709]
Event: 3731.505 Thread 0x00007f976492a000 Exception <a 'java/net/ConnectException'> (0x000000079915fbf0) thrown at [/Volumes/android/AOSP-openjdk-git/jdk8u/hotspot/src/share/vm/prims/jni.cpp, line 709]
Event: 3731.518 Thread 0x00007f976492a000 Exception <a 'java/net/ConnectException'> (0x0000000799160520) thrown at [/Volumes/android/AOSP-openjdk-git/jdk8u/hotspot/src/share/vm/prims/jni.cpp, line 709]
Event: 3731.529 Thread 0x00007f976492a000 Exception <a 'java/net/ConnectException'> (0x0000000799160e50) thrown at [/Volumes/android/AOSP-openjdk-git/jdk8u/hotspot/src/share/vm/prims/jni.cpp, line 709]
Event: 4049.888 Thread 0x00007f97610e3000 Exception <a 'java/lang/InterruptedException'> (0x00000007999ba360) thrown at [/Volumes/android/AOSP-openjdk-git/jdk8u/hotspot/src/share/vm/runtime/objectMonitor.cpp, line 1684]
Event: 4050.089 Thread 0x00007f97611df800 Exception <a 'sun/nio/fs/UnixException'> (0x0000000799c51f70) thrown at [/Volumes/android/AOSP-openjdk-git/jdk8u/hotspot/src/share/vm/prims/jni.cpp, line 709]
Event: 4055.209 Thread 0x00007f97641bc800 Exception <a 'java/lang/InterruptedException'> (0x000000079d1bde50) thrown at [/Volumes/android/AOSP-openjdk-git/jdk8u/hotspot/src/share/vm/runtime/objectMonitor.cpp, line 1684]

Events (10 events):
Event: 4058.995 Thread 0x00007f976084f800 flushing nmethod 0x0000000115d37c90
Event: 4058.995 Thread 0x00007f976084f800 flushing nmethod 0x0000000115d3d250
Event: 4058.995 Thread 0x00007f976084f800 flushing nmethod 0x0000000115d51ed0
Event: 4058.995 Thread 0x00007f976084f800 flushing nmethod 0x0000000115d9f3d0
Event: 4058.995 Thread 0x00007f976084f800 flushing nmethod 0x0000000115ded7d0
Event: 4058.995 Thread 0x00007f976084f800 flushing nmethod 0x0000000115dede10
Event: 4058.995 Thread 0x00007f976084f800 flushing nmethod 0x0000000115dee510
Event: 4059.093 Thread 0x00007f976101b800 flushing nmethod 0x0000000115f2b9d0
Event: 4059.093 Thread 0x00007f976101b800 flushing nmethod 0x0000000115fa8910
Event: 4059.095 Thread 0x00007f976101b800 flushing nmethod 0x000000011624f750


Dynamic libraries:
0x0000000107beb000 	/System/Library/Frameworks/Cocoa.framework/Versions/A/Cocoa
0x0000000107bf4000 	/System/Library/Frameworks/Security.framework/Versions/A/Security
0x00000001080a9000 	/System/Library/Frameworks/ApplicationServices.framework/Versions/A/ApplicationServices
0x00000001080b3000 	/usr/lib/libz.1.dylib
0x00000001080cb000 	/usr/lib/libSystem.B.dylib
0x00000001080d6000 	/System/Library/Frameworks/CoreFoundation.framework/Versions/A/CoreFoundation
0x000000010880e000 	/System/Library/Frameworks/Foundation.framework/Versions/C/Foundation
0x0000000108eae000 	/usr/lib/libobjc.A.dylib
0x0000000109362000 	/System/Library/Frameworks/AppKit.framework/Versions/C/AppKit
0x000000010ab8a000 	/System/Library/Frameworks/CoreData.framework/Versions/A/CoreData
0x000000010afff000 	/System/Library/PrivateFrameworks/RemoteViewServices.framework/Versions/A/RemoteViewServices
0x000000010b051000 	/System/Library/PrivateFrameworks/UIFoundation.framework/Versions/A/UIFoundation
0x000000010b2af000 	/System/Library/PrivateFrameworks/DFRFoundation.framework/Versions/A/DFRFoundation
0x000000010b2d0000 	/usr/lib/libenergytrace.dylib
0x000000010b4b1000 	/System/Library/PrivateFrameworks/SkyLight.framework/Versions/A/SkyLight
0x000000010b7ef000 	/System/Library/Frameworks/CoreGraphics.framework/Versions/A/CoreGraphics
0x000000010b2d5000 	/usr/lib/libScreenReader.dylib
0x0000000107bef000 	/System/Library/Frameworks/Accelerate.framework/Versions/A/Accelerate
0x000000010b2e1000 	/System/Library/Frameworks/IOSurface.framework/Versions/A/IOSurface
0x000000010bf9e000 	/System/Library/Frameworks/AudioToolbox.framework/Versions/A/AudioToolbox
0x000000010b2f4000 	/System/Library/Frameworks/AudioUnit.framework/Versions/A/AudioUnit
0x000000010b2ff000 	/System/Library/PrivateFrameworks/DataDetectorsCore.framework/Versions/A/DataDetectorsCore
0x000000010c2be000 	/System/Library/PrivateFrameworks/DesktopServicesPriv.framework/Versions/A/DesktopServicesPriv
0x000000010c461000 	/System/Library/Frameworks/Carbon.framework/Versions/A/Frameworks/HIToolbox.framework/Versions/A/HIToolbox
0x000000010c8f3000 	/usr/lib/libicucore.A.dylib
0x000000010cbe8000 	/System/Library/Frameworks/QuartzCore.framework/Versions/A/QuartzCore
0x000000010b3b5000 	/System/Library/Frameworks/Carbon.framework/Versions/A/Frameworks/SpeechRecognition.framework/Versions/A/SpeechRecognition
0x00000001080a2000 	/usr/lib/libauto.dylib
0x000000010cee1000 	/usr/lib/libxml2.2.dylib
0x000000010d009000 	/System/Library/PrivateFrameworks/CoreUI.framework/Versions/A/CoreUI
0x000000010d317000 	/System/Library/Frameworks/CoreAudio.framework/Versions/A/CoreAudio
0x000000010b3c5000 	/System/Library/Frameworks/DiskArbitration.framework/Versions/A/DiskArbitration
0x00000001080ad000 	/usr/lib/liblangid.dylib
0x000000010b3d5000 	/System/Library/PrivateFrameworks/MultitouchSupport.framework/Versions/A/MultitouchSupport
0x000000010d3cf000 	/System/Library/Frameworks/IOKit.framework/Versions/A/IOKit
0x000000010b04a000 	/usr/lib/libDiagnosticMessagesClient.dylib
0x0000000108808000 	/System/Library/Frameworks/CoreServices.framework/Versions/A/CoreServices
0x000000010d4a9000 	/System/Library/PrivateFrameworks/PerformanceAnalysis.framework/Versions/A/PerformanceAnalysis
0x000000010d531000 	/System/Library/PrivateFrameworks/GenerationalStorage.framework/Versions/A/GenerationalStorage
0x000000010d566000 	/System/Library/Frameworks/OpenGL.framework/Versions/A/OpenGL
0x000000010d57e000 	/System/Library/Frameworks/CoreImage.framework/Versions/A/CoreImage
0x000000010d942000 	/System/Library/Frameworks/CoreText.framework/Versions/A/CoreText
0x000000010db51000 	/System/Library/Frameworks/ImageIO.framework/Versions/A/ImageIO
0x000000010dd4d000 	/System/Library/PrivateFrameworks/Backup.framework/Versions/A/Backup
0x000000010de33000 	/usr/lib/libarchive.2.dylib
0x000000010de69000 	/System/Library/Frameworks/CFNetwork.framework/Versions/A/CFNetwork
0x000000010e564000 	/System/Library/Frameworks/SystemConfiguration.framework/Versions/A/SystemConfiguration
0x000000010e60b000 	/usr/lib/libCRFSuite.dylib
0x000000010e631000 	/usr/lib/libc++.1.dylib
0x000000010e6e5000 	/usr/lib/libc++abi.dylib
0x000000010b411000 	/usr/lib/system/libcache.dylib
0x000000010e71f000 	/usr/lib/system/libcommonCrypto.dylib
0x000000010e737000 	/usr/lib/system/libcompiler_rt.dylib
0x000000010e74c000 	/usr/lib/system/libcopyfile.dylib
0x000000010e75b000 	/usr/lib/system/libcorecrypto.dylib
0x000000010e7fa000 	/usr/lib/system/libdispatch.dylib
0x000000010e865000 	/usr/lib/system/libdyld.dylib
0x000000010ab85000 	/usr/lib/system/libkeymgr.dylib
0x000000010b41b000 	/usr/lib/system/liblaunch.dylib
0x000000010e873000 	/usr/lib/system/libmacho.dylib
0x000000010e87f000 	/usr/lib/system/libquarantine.dylib
0x000000010b2c9000 	/usr/lib/system/libremovefile.dylib
0x000000010e888000 	/usr/lib/system/libsystem_asl.dylib
0x000000010aff9000 	/usr/lib/system/libsystem_blocks.dylib
0x000000010e8ae000 	/usr/lib/system/libsystem_c.dylib
0x000000010e963000 	/usr/lib/system/libsystem_configuration.dylib
0x000000010e96e000 	/usr/lib/system/libsystem_coreservices.dylib
0x000000010e977000 	/usr/lib/system/libsystem_coretls.dylib
0x000000010e99b000 	/usr/lib/system/libsystem_dnssd.dylib
0x000000010e9a7000 	/usr/lib/system/libsystem_info.dylib
0x000000010e9e6000 	/usr/lib/system/libsystem_kernel.dylib
0x000000010ea20000 	/usr/lib/system/libsystem_m.dylib
0x000000010ea74000 	/usr/lib/system/libsystem_malloc.dylib
0x000000010ea9f000 	/usr/lib/system/libsystem_network.dylib
0x000000010eb1b000 	/usr/lib/system/libsystem_networkextension.dylib
0x000000010eb30000 	/usr/lib/system/libsystem_notify.dylib
0x000000010eb41000 	/usr/lib/system/libsystem_platform.dylib
0x000000010eb52000 	/usr/lib/system/libsystem_pthread.dylib
0x000000010eb69000 	/usr/lib/system/libsystem_sandbox.dylib
0x000000010eb73000 	/usr/lib/system/libsystem_secinit.dylib
0x000000010eb7a000 	/usr/lib/system/libsystem_symptoms.dylib
0x000000010eb88000 	/usr/lib/system/libsystem_trace.dylib
0x000000010ebaa000 	/usr/lib/system/libunwind.dylib
0x000000010ebb7000 	/usr/lib/system/libxpc.dylib
0x000000010ec00000 	/usr/lib/libbsm.0.dylib
0x000000010ec1a000 	/usr/lib/system/libkxld.dylib
0x000000010ec2c000 	/usr/lib/libcoretls.dylib
0x000000010ec35000 	/usr/lib/libcoretls_cfhelpers.dylib
0x000000010ec3c000 	/usr/lib/libOpenScriptingUtil.dylib
0x000000010ec41000 	/usr/lib/libpam.2.dylib
0x000000010ec4b000 	/usr/lib/libsqlite3.dylib
0x000000010edb1000 	/usr/lib/libxar.1.dylib
0x000000010edc8000 	/usr/lib/libbz2.1.0.dylib
0x000000010eddc000 	/usr/lib/liblzma.5.dylib
0x000000010edfe000 	/usr/lib/libnetwork.dylib
0x000000010eeb3000 	/usr/lib/libpcap.A.dylib
0x000000010eef2000 	/System/Library/Frameworks/CoreServices.framework/Versions/A/Frameworks/FSEvents.framework/Versions/A/FSEvents
0x000000010ef02000 	/System/Library/Frameworks/CoreServices.framework/Versions/A/Frameworks/CarbonCore.framework/Versions/A/CarbonCore
0x000000010ea54000 	/System/Library/Frameworks/CoreServices.framework/Versions/A/Frameworks/Metadata.framework/Versions/A/Metadata
0x000000010f381000 	/System/Library/Frameworks/CoreServices.framework/Versions/A/Frameworks/OSServices.framework/Versions/A/OSServices
0x000000010f42a000 	/System/Library/Frameworks/CoreServices.framework/Versions/A/Frameworks/SearchKit.framework/Versions/A/SearchKit
0x000000010f4de000 	/System/Library/Frameworks/CoreServices.framework/Versions/A/Frameworks/AE.framework/Versions/A/AE
0x000000010f55e000 	/System/Library/Frameworks/CoreServices.framework/Versions/A/Frameworks/LaunchServices.framework/Versions/A/LaunchServices
0x000000010f7be000 	/System/Library/Frameworks/CoreServices.framework/Versions/A/Frameworks/DictionaryServices.framework/Versions/A/DictionaryServices
0x000000010f81d000 	/System/Library/Frameworks/CoreServices.framework/Versions/A/Frameworks/SharedFileList.framework/Versions/A/SharedFileList
0x000000010f895000 	/System/Library/Frameworks/NetFS.framework/Versions/A/NetFS
0x000000010f8a6000 	/System/Library/PrivateFrameworks/NetAuth.framework/Versions/A/NetAuth
0x000000010f8be000 	/System/Library/PrivateFrameworks/login.framework/Versions/A/Frameworks/loginsupport.framework/Versions/A/loginsupport
0x000000010f8c6000 	/System/Library/PrivateFrameworks/TCC.framework/Versions/A/TCC
0x000000010f8d5000 	/usr/lib/libmecabra.dylib
0x000000010fbe1000 	/System/Library/Frameworks/ApplicationServices.framework/Versions/A/Frameworks/ATS.framework/Versions/A/ATS
0x000000010fc7d000 	/System/Library/Frameworks/ApplicationServices.framework/Versions/A/Frameworks/ColorSync.framework/Versions/A/ColorSync
0x000000010fd74000 	/System/Library/Frameworks/ApplicationServices.framework/Versions/A/Frameworks/HIServices.framework/Versions/A/HIServices
0x000000010fdfd000 	/System/Library/Frameworks/ApplicationServices.framework/Versions/A/Frameworks/LangAnalysis.framework/Versions/A/LangAnalysis
0x000000010fe1b000 	/System/Library/Frameworks/ApplicationServices.framework/Versions/A/Frameworks/PrintCore.framework/Versions/A/PrintCore
0x000000010fe96000 	/System/Library/Frameworks/ApplicationServices.framework/Versions/A/Frameworks/QD.framework/Versions/A/QD
0x000000010fef9000 	/System/Library/Frameworks/ApplicationServices.framework/Versions/A/Frameworks/SpeechSynthesis.framework/Versions/A/SpeechSynthesis
0x000000010ff18000 	/System/Library/Frameworks/Accelerate.framework/Versions/A/Frameworks/vImage.framework/Versions/A/vImage
0x00000001080d2000 	/System/Library/Frameworks/Accelerate.framework/Versions/A/Frameworks/vecLib.framework/Versions/A/vecLib
0x00000001105c4000 	/System/Library/Frameworks/Accelerate.framework/Versions/A/Frameworks/vecLib.framework/Versions/A/libvDSP.dylib
0x000000011071f000 	/System/Library/Frameworks/Accelerate.framework/Versions/A/Frameworks/vecLib.framework/Versions/A/libBNNS.dylib
0x000000011073d000 	/System/Library/Frameworks/Accelerate.framework/Versions/A/Frameworks/vecLib.framework/Versions/A/libQuadrature.dylib
0x0000000110748000 	/System/Library/Frameworks/Accelerate.framework/Versions/A/Frameworks/vecLib.framework/Versions/A/libvMisc.dylib
0x000000011080c000 	/System/Library/Frameworks/Accelerate.framework/Versions/A/Frameworks/vecLib.framework/Versions/A/libLAPACK.dylib
0x0000000110c78000 	/System/Library/Frameworks/Accelerate.framework/Versions/A/Frameworks/vecLib.framework/Versions/A/libBLAS.dylib
0x0000000110e65000 	/System/Library/Frameworks/Accelerate.framework/Versions/A/Frameworks/vecLib.framework/Versions/A/libLinearAlgebra.dylib
0x0000000110e84000 	/System/Library/Frameworks/Accelerate.framework/Versions/A/Frameworks/vecLib.framework/Versions/A/libSparseBLAS.dylib
0x0000000110e9f000 	/System/Library/Frameworks/ApplicationServices.framework/Versions/A/Frameworks/ATS.framework/Versions/A/Resources/libFontParser.dylib
0x0000000111059000 	/System/Library/Frameworks/ApplicationServices.framework/Versions/A/Frameworks/ATS.framework/Versions/A/Resources/libFontRegistry.dylib
0x00000001110d4000 	/System/Library/Frameworks/ImageIO.framework/Versions/A/Resources/libJPEG.dylib
0x0000000111100000 	/System/Library/Frameworks/ImageIO.framework/Versions/A/Resources/libTIFF.dylib
0x000000011115e000 	/System/Library/Frameworks/ImageIO.framework/Versions/A/Resources/libPng.dylib
0x0000000111190000 	/System/Library/Frameworks/ImageIO.framework/Versions/A/Resources/libGIF.dylib
0x000000011119a000 	/System/Library/Frameworks/ImageIO.framework/Versions/A/Resources/libJP2.dylib
0x00000001112b5000 	/System/Library/Frameworks/ImageIO.framework/Versions/A/Resources/libRadiance.dylib
0x00000001112bc000 	/usr/lib/libcompression.dylib
0x00000001112da000 	/System/Library/PrivateFrameworks/AppleJPEG.framework/Versions/A/AppleJPEG
0x00000001113c8000 	/usr/lib/libcups.2.dylib
0x0000000111434000 	/System/Library/Frameworks/Kerberos.framework/Versions/A/Kerberos
0x0000000111467000 	/System/Library/Frameworks/GSS.framework/Versions/A/GSS
0x00000001114ba000 	/usr/lib/libresolv.9.dylib
0x00000001114e2000 	/usr/lib/libiconv.2.dylib
0x00000001115e5000 	/System/Library/PrivateFrameworks/Heimdal.framework/Versions/A/Heimdal
0x000000011168d000 	/usr/lib/libheimdal-asn1.dylib
0x0000000111699000 	/System/Library/Frameworks/OpenDirectory.framework/Versions/A/OpenDirectory
0x00000001116b9000 	/System/Library/PrivateFrameworks/CommonAuth.framework/Versions/A/CommonAuth
0x00000001116ca000 	/System/Library/Frameworks/OpenDirectory.framework/Versions/A/Frameworks/CFOpenDirectory.framework/Versions/A/CFOpenDirectory
0x0000000111705000 	/System/Library/Frameworks/SecurityFoundation.framework/Versions/A/SecurityFoundation
0x00000001117bd000 	/System/Library/PrivateFrameworks/LanguageModeling.framework/Versions/A/LanguageModeling
0x00000001119a4000 	/usr/lib/libmarisa.dylib
0x00000001119c7000 	/usr/lib/libChineseTokenizer.dylib
0x00000001119e1000 	/usr/lib/libcmph.dylib
0x00000001119fa000 	/System/Library/PrivateFrameworks/CoreEmoji.framework/Versions/A/CoreEmoji
0x0000000111a24000 	/System/Library/Frameworks/ServiceManagement.framework/Versions/A/ServiceManagement
0x0000000111a2f000 	/usr/lib/libxslt.1.dylib
0x0000000111a66000 	/System/Library/Frameworks/Carbon.framework/Versions/A/Frameworks/Ink.framework/Versions/A/Ink
0x0000000111b31000 	/System/Library/PrivateFrameworks/TextureIO.framework/Versions/A/TextureIO
0x0000000111c16000 	/System/Library/Frameworks/Metal.framework/Versions/A/Metal
0x0000000111d1c000 	/usr/lib/libate.dylib
0x0000000111e1f000 	/System/Library/PrivateFrameworks/GPUCompiler.framework/libmetal_timestamp.dylib
0x0000000111e23000 	/System/Library/Frameworks/OpenGL.framework/Versions/A/Libraries/libCoreFSCache.dylib
0x0000000111e2c000 	/System/Library/PrivateFrameworks/IOAccelerator.framework/Versions/A/IOAccelerator
0x0000000111e3e000 	/System/Library/Frameworks/CoreVideo.framework/Versions/A/CoreVideo
0x0000000111e9a000 	/usr/lib/libFosl_dynamic.dylib
0x00000001120e4000 	/System/Library/PrivateFrameworks/MetalPerformanceShaders.framework/Versions/A/MetalPerformanceShaders
0x00000001121a8000 	/System/Library/PrivateFrameworks/FaceCore.framework/Versions/A/FaceCore
0x00000001127f6000 	/System/Library/Frameworks/OpenCL.framework/Versions/A/OpenCL
0x000000011285d000 	/System/Library/Frameworks/OpenGL.framework/Versions/A/Libraries/libGLU.dylib
0x00000001128ae000 	/System/Library/Frameworks/OpenGL.framework/Versions/A/Libraries/libGFXShared.dylib
0x00000001128bf000 	/System/Library/Frameworks/OpenGL.framework/Versions/A/Libraries/libGL.dylib
0x00000001128df000 	/System/Library/Frameworks/OpenGL.framework/Versions/A/Libraries/libGLImage.dylib
0x0000000112924000 	/System/Library/Frameworks/OpenGL.framework/Versions/A/Libraries/libCVMSPluginSupport.dylib
0x000000011292c000 	/System/Library/Frameworks/OpenGL.framework/Versions/A/Libraries/libCoreVMClient.dylib
0x0000000112938000 	/System/Library/PrivateFrameworks/CrashReporterSupport.framework/Versions/A/CrashReporterSupport
0x0000000112958000 	/System/Library/PrivateFrameworks/Sharing.framework/Versions/A/Sharing
0x0000000112a6d000 	/System/Library/PrivateFrameworks/IconServices.framework/Versions/A/IconServices
0x0000000112ab3000 	/System/Library/PrivateFrameworks/ProtocolBuffer.framework/Versions/A/ProtocolBuffer
0x0000000112ae6000 	/System/Library/PrivateFrameworks/Apple80211.framework/Versions/A/Apple80211
0x0000000112b16000 	/System/Library/Frameworks/CoreWLAN.framework/Versions/A/CoreWLAN
0x0000000112bd4000 	/System/Library/PrivateFrameworks/CoreUtils.framework/Versions/A/CoreUtils
0x0000000112d05000 	/System/Library/Frameworks/IOBluetooth.framework/Versions/A/IOBluetooth
0x0000000112e2b000 	/System/Library/PrivateFrameworks/CoreWiFi.framework/Versions/A/CoreWiFi
0x0000000112ef2000 	/System/Library/Frameworks/CoreBluetooth.framework/Versions/A/CoreBluetooth
0x0000000112f1c000 	/System/Library/Frameworks/CoreDisplay.framework/Versions/A/CoreDisplay
0x0000000113004000 	/System/Library/PrivateFrameworks/IOPresentment.framework/Versions/A/IOPresentment
0x0000000113031000 	/System/Library/PrivateFrameworks/DSExternalDisplay.framework/Versions/A/DSExternalDisplay
0x000000011303c000 	/System/Library/PrivateFrameworks/DebugSymbols.framework/Versions/A/DebugSymbols
0x000000011309a000 	/System/Library/PrivateFrameworks/CoreSymbolication.framework/Versions/A/CoreSymbolication
0x000000011317b000 	/System/Library/PrivateFrameworks/Symbolication.framework/Versions/A/Symbolication
0x000000011323f000 	/System/Library/PrivateFrameworks/AppleFSCompression.framework/Versions/A/AppleFSCompression
0x0000000113258000 	/System/Library/PrivateFrameworks/SpeechRecognitionCore.framework/Versions/A/SpeechRecognitionCore
0x0000000113274000 	/System/Library/PrivateFrameworks/ChunkingLibrary.framework/Versions/A/ChunkingLibrary
0x000000011350b000 	/Applications/Android Studio 2.app/Contents/jre/jdk/Contents/Home/jre/lib/server/libjvm.dylib
0x0000000114800000 	/usr/lib/libstdc++.6.dylib
0x0000000113f73000 	/Applications/Android Studio 2.app/Contents/jre/jdk/Contents/Home/jre/lib/libverify.dylib
0x0000000113f7f000 	/Applications/Android Studio 2.app/Contents/jre/jdk/Contents/Home/jre/lib/libjava.dylib
0x0000000113fbb000 	/Applications/Android Studio 2.app/Contents/jre/jdk/Contents/Home/jre/lib/libzip.dylib
0x000000012a46e000 	/Applications/Android Studio 2.app/Contents/jre/jdk/Contents/Home/jre/lib/libmanagement.dylib
0x000000012a478000 	/Applications/Android Studio 2.app/Contents/jre/jdk/Contents/Home/jre/lib/libnio.dylib
0x000000012a488000 	/Applications/Android Studio 2.app/Contents/jre/jdk/Contents/Home/jre/lib/./libnet.dylib

VM Arguments:
jvm_args: -Djava.awt.headless=true -Djava.rmi.server.hostname=localhost -Xmx2048m -Dkotlin.environment.keepalive 
java_command: org.jetbrains.kotlin.daemon.KotlinCompileDaemon --daemon-runFilesPath /Users/laki/Library/Application Support/kotlin/daemon --daemon-autoshutdownIdleSeconds=7200 --daemon-compilerClasspath /Users/laki/.gradle/caches/modules-2/files-2.1/org.jetbrains.kotlin/kotlin-compiler-embeddable/1.2.41/e439cfdc216b070ebd454da892447f5dca96a934/kotlin-compiler-embeddable-1.2.41.jar:/Users/laki/.gradle/caches/modules-2/files-2.1/org.jetbrains.kotlin/kotlin-stdlib/1.2.41/7e34f009642702250bccd9e5255866f408962a05/kotlin-stdlib-1.2.41.jar:/Users/laki/.gradle/caches/modules-2/files-2.1/org.jetbrains.kotlin/kotlin-script-runtime/1.2.41/e291b12913910c260ce878f9a76c84203cf710a1/kotlin-script-runtime-1.2.41.jar:/Users/laki/.gradle/caches/modules-2/files-2.1/org.jetbrains.kotlin/kotlin-reflect/1.2.41/e4d6728a4fa55dbfb510aeea25c072c7c51d94/kotlin-reflect-1.2.41.jar:/Applications/Android Studio 2.app/Contents/jre/jdk/Contents/Home/lib/tools.jar
java_class_path (initial): /Users/laki/.gradle/caches/modules-2/files-2.1/org.jetbrains.kotlin/kotlin-compiler-embeddable/1.2.41/e439cfdc216b070ebd454da892447f5dca96a934/kotlin-compiler-embeddable-1.2.41.jar:/Users/laki/.gradle/caches/modules-2/files-2.1/org.jetbrains.kotlin/kotlin-stdlib/1.2.41/7e34f009642702250bccd9e5255866f408962a05/kotlin-stdlib-1.2.41.jar:/Users/laki/.gradle/caches/modules-2/files-2.1/org.jetbrains.kotlin/kotlin-script-runtime/1.2.41/e291b12913910c260ce878f9a76c84203cf710a1/kotlin-script-runtime-1.2.41.jar:/Users/laki/.gradle/caches/modules-2/files-2.1/org.jetbrains.kotlin/kotlin-reflect/1.2.41/e4d6728a4fa55dbfb510aeea25c072c7c51d94/kotlin-reflect-1.2.41.jar:/Applications/Android Studio 2.app/Contents/jre/jdk/Contents/Home/lib/tools.jar
Launcher Type: SUN_STANDARD

Environment Variables:
PATH=/usr/local/bin:/usr/bin:/bin:/usr/sbin:/sbin:/opt/X11/bin
SHELL=/bin/bash
DISPLAY=/private/tmp/com.apple.launchd.OEVxDRBAZf/org.macosforge.xquartz:0

Signal Handlers:
SIGSEGV: [libjvm.dylib+0x53f567], sa_mask[0]=11111111011111110111111111111111, sa_flags=SA_ONSTACK|SA_RESTART|SA_SIGINFO
SIGBUS: [libjvm.dylib+0x53f567], sa_mask[0]=11111111011111110111111111111111, sa_flags=SA_RESTART|SA_SIGINFO
SIGFPE: [libjvm.dylib+0x437adf], sa_mask[0]=11111111011111110111111111111111, sa_flags=SA_RESTART|SA_SIGINFO
SIGPIPE: [libjvm.dylib+0x437adf], sa_mask[0]=11111111011111110111111111111111, sa_flags=SA_RESTART|SA_SIGINFO
SIGXFSZ: [libjvm.dylib+0x437adf], sa_mask[0]=11111111011111110111111111111111, sa_flags=SA_RESTART|SA_SIGINFO
SIGILL: [libjvm.dylib+0x437adf], sa_mask[0]=11111111011111110111111111111111, sa_flags=SA_RESTART|SA_SIGINFO
SIGUSR1: SIG_DFL, sa_mask[0]=00000000000000000000000000000000, sa_flags=none
SIGUSR2: [libjvm.dylib+0x438404], sa_mask[0]=00100000000000000000000000000000, sa_flags=SA_RESTART|SA_SIGINFO
SIGHUP: [libjvm.dylib+0x4365f9], sa_mask[0]=11111111011111110111111111111111, sa_flags=SA_RESTART|SA_SIGINFO
SIGINT: [libjvm.dylib+0x4365f9], sa_mask[0]=11111111011111110111111111111111, sa_flags=SA_RESTART|SA_SIGINFO
SIGTERM: [libjvm.dylib+0x4365f9], sa_mask[0]=11111111011111110111111111111111, sa_flags=SA_RESTART|SA_SIGINFO
SIGQUIT: [libjvm.dylib+0x4365f9], sa_mask[0]=11111111011111110111111111111111, sa_flags=SA_RESTART|SA_SIGINFO


---------------  S Y S T E M  ---------------

OS:Bsduname:Darwin 16.6.0 Darwin Kernel Version 16.6.0: Fri Apr 14 16:21:16 PDT 2017; root:xnu-3789.60.24~6/RELEASE_X86_64 x86_64
rlimit: STACK 8192k, CORE 0k, NPROC 709, NOFILE 10240, AS infinity
load average:2.62 2.39 2.22

CPU:total 4 (initial active 4) (2 cores per cpu, 2 threads per core) family 6 model 58 stepping 9, cmov, cx8, fxsr, mmx, sse, sse2, sse3, ssse3, sse4.1, sse4.2, popcnt, avx, aes, clmul, erms, ht, tsc, tscinvbit, tscinv

Memory: 4k page, physical 4194304k(21264k free)

/proc/meminfo:


vm_info: OpenJDK 64-Bit Server VM (25.152-b01) for bsd-amd64 JRE (1.8.0_152-release-1024-b01), built by "builder" with gcc 4.2.1 Compatible Apple LLVM 8.1.0 (clang-802.0.42)

time: Fri May 11 06:51:57 2018
elapsed time: 4059 seconds (0d 1h 7m 39s)

