#
# A fatal error has been detected by the Java Runtime Environment:
#
#  SIGSEGV (0xb) at pc=0x0000000118d998b9, pid=1682, tid=0x0000000000002903
#
# JRE version: OpenJDK Runtime Environment (8.0_152-b01) (build 1.8.0_152-release-1024-b01)
# Java VM: OpenJDK 64-Bit Server VM (25.152-b01 mixed mode bsd-amd64 compressed oops)
# Problematic frame:
# V  [libjvm.dylib+0x45b8b9]  ObjArrayKlass::oop_follow_contents(ParCompactionManager*, oopDesc*, int)+0xcd
#
# Failed to write core dump. Core dumps have been disabled. To enable core dumping, try "ulimit -c unlimited" before starting Java again
#
# If you would like to submit a bug report, please visit:
#   http://bugreport.java.com/bugreport/crash.jsp
#

---------------  T H R E A D  ---------------

Current thread (0x00007feae4002800):  GCTaskThread [stack: 0x0000700008a86000,0x0000700008b86000] [id=10499]

siginfo: si_signo: 11 (SIGSEGV), si_code: 0 (unknown), si_addr: 0x0000000000000000

Registers:
RAX=0x1fffffffcaaf525b, RBX=0x00000001191361c8, RCX=0x00000001297da000, RDX=0x007fffffff2abd49
RSP=0x0000700008b85be0, RBP=0x0000700008b85c60, RSI=0x00007feae2f07cb0, RDI=0x0000000000000001
R8 =0x0000000000000008, R9 =0x0000000119130dfb, R10=0x000000012b7eaf98, R11=0x00000001297eaf98
R12=0x00000007406ad1b0, R13=0x0000000000000004, R14=0x00000007406ad570, R15=0x00000005957a92d8
RIP=0x0000000118d998b9, EFLAGS=0x0000000000010202, ERR=0x0000000000000000
  TRAPNO=0x000000000000000d

Top of Stack: (sp=0x0000700008b85be0)
0x0000700008b85be0:   0000000740c4dc84 0000000740c4dc90
0x0000700008b85bf0:   0000700008b85c60 0000000000002000
0x0000700008b85c00:   00000007406ab560 0000000000000000
0x0000700008b85c10:   00007feae2f07cf0 0000000000000800
0x0000700008b85c20:   00007feae2f07cb0 00000007c0001870
0x0000700008b85c30:   00007feae2f07cb0 00007feae2f07cb0
0x0000700008b85c40:   0000000119135680 000000011911fe00
0x0000700008b85c50:   00007feae2f07cb8 0000000119130df9
0x0000700008b85c60:   0000700008b85ce0 0000000118da7811
0x0000700008b85c70:   00007feae2f07cb0 00007feae2f07cf0
0x0000700008b85c80:   00007feae2f07d70 0000000740c4dc90
0x0000700008b85c90:   00007feae2f07d38 0000000400000005
0x0000700008b85ca0:   0000700008b85d88 00000007406ab560
0x0000700008b85cb0:   0000700000000600 00007feae2d0d9f0
0x0000700008b85cc0:   0000700008b85d88 0000000118ee086a
0x0000700008b85cd0:   00007feae2f07cb0 0000000000000001
0x0000700008b85ce0:   0000700008b85dc0 0000000118d99443
0x0000700008b85cf0:   0000700008b85d60 0000000113dd64ce
0x0000700008b85d00:   0000000000000000 00007fea00000000
0x0000700008b85d10:   0000000000000000 00007feae2c01f68
0x0000700008b85d20:   0000000000000000 0000000000000000
0x0000700008b85d30:   00007fea00000000 00007feae2c01f68
0x0000700008b85d40:   00007feae2d0d9f0 0000000118ebfc32
0x0000700008b85d50:   00007feae2c01f28 0000000000000001
0x0000700008b85d60:   0000700008b85d90 0000000118d75a51
0x0000700008b85d70:   00000001190f9278 00007feae2d0c500
0x0000700008b85d80:   0000700008b85d88 00000001190f9248
0x0000700008b85d90:   0000700008b85d00 00007feae2f07cb0
0x0000700008b85da0:   00007feae4002800 00007feae2d0d9f0
0x0000700008b85db0:   0000000000000000 0000000000000001
0x0000700008b85dc0:   0000700008b85ea0 0000000118b92928
0x0000700008b85dd0:   0000000119130f00 00007feae4002800 

Instructions: (pc=0x0000000118d998b9)
0x0000000118d99899:   89 f8 48 2b 03 48 c1 e8 03 48 8d 0d 3f 31 37 00
0x0000000118d998a9:   8a 09 48 d3 e8 48 8b 4b 30 48 89 c2 48 c1 ea 06
0x0000000118d998b9:   48 8b 0c d1 48 0f a3 c1 0f 82 f4 00 00 00 48 8d
0x0000000118d998c9:   05 2b 75 39 00 8a 10 84 d2 74 16 48 8d 05 25 65 

Register to memory mapping:

RAX=0x1fffffffcaaf525b is an unknown value
RBX=0x00000001191361c8: _ZN17PSParallelCompact12_mark_bitmapE+0 in /Applications/Android Studio 2.app/Contents/jre/jdk/Contents/Home/jre/lib/server/libjvm.dylib at 0x000000011893e000
RCX=0x00000001297da000 is an unknown value
RDX=0x007fffffff2abd49 is an unknown value
RSP=0x0000700008b85be0 is an unknown value
RBP=0x0000700008b85c60 is an unknown value
RSI=0x00007feae2f07cb0 is an unknown value
RDI=0x0000000000000001 is an unknown value
R8 =0x0000000000000008 is an unknown value
R9 =0x0000000119130dfb: AssumeMP+0 in /Applications/Android Studio 2.app/Contents/jre/jdk/Contents/Home/jre/lib/server/libjvm.dylib at 0x000000011893e000
R10=0x000000012b7eaf98 is an unknown value
R11=0x00000001297eaf98 is an unknown value
R12=0x00000007406ad1b0 is pointing into object: 0x00000007406ab560
[Ljava.util.concurrent.ConcurrentHashMap$Node; 
 - klass: 'java/util/concurrent/ConcurrentHashMap$Node'[]
 - length: 8192
R13=0x0000000000000004 is an unknown value
R14=0x00000007406ad570 is pointing into object: 0x00000007406ab560
[Ljava.util.concurrent.ConcurrentHashMap$Node; 
 - klass: 'java/util/concurrent/ConcurrentHashMap$Node'[]
 - length: 8192
R15=0x00000005957a92d8 is an unknown value


Stack: [0x0000700008a86000,0x0000700008b86000],  sp=0x0000700008b85be0,  free space=1022k
Native frames: (J=compiled Java code, j=interpreted, Vv=VM code, C=native code)
V  [libjvm.dylib+0x45b8b9]  ObjArrayKlass::oop_follow_contents(ParCompactionManager*, oopDesc*, int)+0xcd
V  [libjvm.dylib+0x469811]  ParCompactionManager::follow_marking_stacks()+0x257
V  [libjvm.dylib+0x45b443]  MarkFromRootsTask::do_it(GCTaskManager*, unsigned int)+0x197
V  [libjvm.dylib+0x254928]  GCTaskThread::run()+0x130
V  [libjvm.dylib+0x435709]  java_start(Thread*)+0xfa
C  [libsystem_pthread.dylib+0x393b]  _pthread_body+0xb4
C  [libsystem_pthread.dylib+0x3887]  _pthread_body+0x0
C  [libsystem_pthread.dylib+0x308d]  thread_start+0xd


---------------  P R O C E S S  ---------------

Java Threads: ( => current thread )
  0x00007feae3a2e800 JavaThread "build operations Thread 4" [_thread_blocked, id=26371, stack(0x000070000a4d4000,0x000070000a5d4000)]
  0x00007feae73cf000 JavaThread "build operations Thread 3" [_thread_blocked, id=25859, stack(0x000070000a3d1000,0x000070000a4d1000)]
  0x00007feae7836800 JavaThread "build operations Thread 2" [_thread_blocked, id=25347, stack(0x000070000a2ce000,0x000070000a3ce000)]
  0x00007feae7948000 JavaThread "build operations" [_thread_blocked, id=24835, stack(0x000070000a1cb000,0x000070000a2cb000)]
  0x00007feae680c000 JavaThread "Cache worker for Artifact transforms cache (/Users/laki/.gradle/caches/transforms-1)" [_thread_blocked, id=24323, stack(0x000070000a0c8000,0x000070000a1c8000)]
  0x00007feae4fa2800 JavaThread "Cache worker for file hash cache (/Users/laki/Documents/mystuff/AndroidStudioProjects/SEAPP/.gradle/4.4/fileHashes)" [_thread_blocked, id=23811, stack(0x0000700009fc5000,0x000070000a0c5000)]
  0x00007feae32ad800 JavaThread "File lock request listener" [_thread_in_native, id=23299, stack(0x0000700009ec2000,0x0000700009fc2000)]
  0x00007feae4032800 JavaThread "Cache worker for file hash cache (/Users/laki/.gradle/caches/4.4/fileHashes)" [_thread_blocked, id=22787, stack(0x0000700009dbf000,0x0000700009ebf000)]
  0x00007feae327a800 JavaThread "Stdin handler" [_thread_blocked, id=22275, stack(0x0000700009cbc000,0x0000700009dbc000)]
  0x00007feae4b35800 JavaThread "Asynchronous log dispatcher for DefaultDaemonConnection: socket connection from /127.0.0.1:50295 to /127.0.0.1:50296" [_thread_blocked, id=21763, stack(0x0000700009bb9000,0x0000700009cb9000)]
  0x00007feae3279800 JavaThread "Daemon worker" [_thread_blocked, id=21251, stack(0x0000700009ab6000,0x0000700009bb6000)]
  0x00007feae327d000 JavaThread "Cancel handler" [_thread_blocked, id=20739, stack(0x00007000099b3000,0x0000700009ab3000)]
  0x00007feae3373000 JavaThread "Handler for socket connection from /127.0.0.1:50295 to /127.0.0.1:50296" [_thread_in_native, id=20227, stack(0x00007000098b0000,0x00007000099b0000)]
  0x00007feae40f1800 JavaThread "Daemon" [_thread_blocked, id=19715, stack(0x00007000097ad000,0x00007000098ad000)]
  0x00007feae358b000 JavaThread "Daemon periodic checks" [_thread_blocked, id=3847, stack(0x00007000096aa000,0x00007000097aa000)]
  0x00007feae4b54000 JavaThread "Incoming local TCP Connector on port 50295" [_thread_in_native, id=4871, stack(0x00007000095a7000,0x00007000096a7000)]
  0x00007feae307e800 JavaThread "Service Thread" daemon [_thread_blocked, id=18691, stack(0x00007000093a1000,0x00007000094a1000)]
  0x00007feae3014000 JavaThread "C1 CompilerThread2" daemon [_thread_blocked, id=18179, stack(0x000070000929e000,0x000070000939e000)]
  0x00007feae3013000 JavaThread "C2 CompilerThread1" daemon [_thread_blocked, id=17667, stack(0x000070000919b000,0x000070000929b000)]
  0x00007feae4811000 JavaThread "C2 CompilerThread0" daemon [_thread_blocked, id=17155, stack(0x0000700009098000,0x0000700009198000)]
  0x00007feae301a800 JavaThread "Signal Dispatcher" daemon [_thread_blocked, id=16643, stack(0x0000700008f95000,0x0000700009095000)]
  0x00007feae3041000 JavaThread "Finalizer" daemon [_thread_blocked, id=12547, stack(0x0000700008e92000,0x0000700008f92000)]
  0x00007feae301f800 JavaThread "Reference Handler" daemon [_thread_blocked, id=12035, stack(0x0000700008d8f000,0x0000700008e8f000)]
  0x00007feae4801800 JavaThread "main" [_thread_blocked, id=7171, stack(0x000070000877d000,0x000070000887d000)]

Other Threads:
  0x00007feae480c800 VMThread [stack: 0x0000700008c8c000,0x0000700008d8c000] [id=11523]
  0x00007feae481b800 WatcherThread [stack: 0x00007000094a4000,0x00007000095a4000] [id=19203]

=>0x00007feae4002800 (exited) GCTaskThread [stack: 0x0000700008a86000,0x0000700008b86000] [id=10499]

VM state:at safepoint (normal execution)

VM Mutex/Monitor currently owned by a thread:  ([mutex/lock_event])
[0x00007feae2d074e0] Threads_lock - owner thread: 0x00007feae480c800
[0x00007feae2d079e0] Heap_lock - owner thread: 0x00007feae3279800

Heap:
 PSYoungGen      total 35840K, used 1313K [0x0000000795580000, 0x0000000798700000, 0x00000007c0000000)
  eden space 29696K, 0% used [0x0000000795580000,0x0000000795580000,0x0000000797280000)
  from space 6144K, 21% used [0x0000000797880000,0x00000007979c86c8,0x0000000797e80000)
  to   space 6144K, 0% used [0x0000000797280000,0x0000000797280000,0x0000000797880000)
 ParOldGen       total 26624K, used 15303K [0x0000000740000000, 0x0000000741a00000, 0x0000000795580000)
  object space 26624K, 57% used [0x0000000740000000,0x0000000740ef1ff8,0x0000000741a00000)
 Metaspace       used 34384K, capacity 35098K, committed 35416K, reserved 1079296K
  class space    used 4772K, capacity 5023K, committed 5120K, reserved 1048576K

Card table byte_map: [0x000000011a079000,0x000000011a47a000] byte_map_base: 0x0000000116679000

Marking Bits: (ParMarkBitMap*) 0x00000001191361c8
 Begin Bits: [0x00000001297da000, 0x000000012b7da000)
 End Bits:   [0x000000012b7da000, 0x000000012d7da000)

Polling page: 0x000000010d2b9000

CodeCache: size=245760Kb used=10362Kb max_used=10374Kb free=235397Kb
 bounds [0x000000011a7da000, 0x000000011b20a000, 0x00000001297da000]
 total_blobs=3669 nmethods=2980 adapters=603
 compilation: enabled

Compilation events (10 events):
Event: 19.501 Thread 0x00007feae3013000 3157  s    4       java.util.jar.JarFile::getInputStream (89 bytes)
Event: 19.515 Thread 0x00007feae3013000 nmethod 3157 0x000000011b201050 code [0x000000011b201220, 0x000000011b201b20]
Event: 19.526 Thread 0x00007feae3014000 3158  s    3       sun.net.www.protocol.file.Handler::openConnection (7 bytes)
Event: 19.527 Thread 0x00007feae3014000 nmethod 3158 0x000000011b1eaf10 code [0x000000011b1eb080, 0x000000011b1eb388]
Event: 19.527 Thread 0x00007feae3014000 3159  s!   3       sun.net.www.protocol.file.Handler::openConnection (194 bytes)
Event: 19.528 Thread 0x00007feae3014000 nmethod 3159 0x000000011b202110 code [0x000000011b2024c0, 0x000000011b204978]
Event: 19.668 Thread 0x00007feae4811000 3160       4       java.lang.ClassLoader::addClass (9 bytes)
Event: 19.671 Thread 0x00007feae4811000 nmethod 3160 0x000000011b1ea750 code [0x000000011b1ea8c0, 0x000000011b1eacc8]
Event: 19.706 Thread 0x00007feae3013000 3161       4       java.lang.ClassLoader::defineClass (43 bytes)
Event: 19.725 Thread 0x00007feae4811000 3162   !   4       java.security.SecureClassLoader::getProtectionDomain (114 bytes)

GC Heap History (10 events):
Event: 14.931 GC heap after
Heap after GC invocations=15 (full 1):
 PSYoungGen      total 27136K, used 1362K [0x0000000795580000, 0x0000000797580000, 0x00000007c0000000)
  eden space 21504K, 0% used [0x0000000795580000,0x0000000795580000,0x0000000796a80000)
  from space 5632K, 24% used [0x0000000797000000,0x0000000797154998,0x0000000797580000)
  to   space 5632K, 0% used [0x0000000796a80000,0x0000000796a80000,0x0000000797000000)
 ParOldGen       total 26624K, used 11172K [0x0000000740000000, 0x0000000741a00000, 0x0000000795580000)
  object space 26624K, 41% used [0x0000000740000000,0x0000000740ae9080,0x0000000741a00000)
 Metaspace       used 27023K, capacity 27478K, committed 27776K, reserved 1073152K
  class space    used 3772K, capacity 3928K, committed 3968K, reserved 1048576K
}
Event: 15.283 GC heap before
{Heap before GC invocations=16 (full 1):
 PSYoungGen      total 27136K, used 22866K [0x0000000795580000, 0x0000000797580000, 0x00000007c0000000)
  eden space 21504K, 100% used [0x0000000795580000,0x0000000796a80000,0x0000000796a80000)
  from space 5632K, 24% used [0x0000000797000000,0x0000000797154998,0x0000000797580000)
  to   space 5632K, 0% used [0x0000000796a80000,0x0000000796a80000,0x0000000797000000)
 ParOldGen       total 26624K, used 11172K [0x0000000740000000, 0x0000000741a00000, 0x0000000795580000)
  object space 26624K, 41% used [0x0000000740000000,0x0000000740ae9080,0x0000000741a00000)
 Metaspace       used 28194K, capacity 28630K, committed 29056K, reserved 1075200K
  class space    used 3964K, capacity 4120K, committed 4224K, reserved 1048576K
Event: 15.287 GC heap after
Heap after GC invocations=16 (full 1):
 PSYoungGen      total 27136K, used 1884K [0x0000000795580000, 0x0000000797e80000, 0x00000007c0000000)
  eden space 21504K, 0% used [0x0000000795580000,0x0000000795580000,0x0000000796a80000)
  from space 5632K, 33% used [0x0000000796a80000,0x0000000796c57390,0x0000000797000000)
  to   space 5632K, 0% used [0x0000000797900000,0x0000000797900000,0x0000000797e80000)
 ParOldGen       total 26624K, used 11627K [0x0000000740000000, 0x0000000741a00000, 0x0000000795580000)
  object space 26624K, 43% used [0x0000000740000000,0x0000000740b5af10,0x0000000741a00000)
 Metaspace       used 28194K, capacity 28630K, committed 29056K, reserved 1075200K
  class space    used 3964K, capacity 4120K, committed 4224K, reserved 1048576K
}
Event: 16.405 GC heap before
{Heap before GC invocations=17 (full 1):
 PSYoungGen      total 27136K, used 23388K [0x0000000795580000, 0x0000000797e80000, 0x00000007c0000000)
  eden space 21504K, 100% used [0x0000000795580000,0x0000000796a80000,0x0000000796a80000)
  from space 5632K, 33% used [0x0000000796a80000,0x0000000796c57390,0x0000000797000000)
  to   space 5632K, 0% used [0x0000000797900000,0x0000000797900000,0x0000000797e80000)
 ParOldGen       total 26624K, used 11627K [0x0000000740000000, 0x0000000741a00000, 0x0000000795580000)
  object space 26624K, 43% used [0x0000000740000000,0x0000000740b5af10,0x0000000741a00000)
 Metaspace       used 29212K, capacity 29614K, committed 29952K, reserved 1075200K
  class space    used 4104K, capacity 4256K, committed 4352K, reserved 1048576K
Event: 16.410 GC heap after
Heap after GC invocations=17 (full 1):
 PSYoungGen      total 35328K, used 1985K [0x0000000795580000, 0x0000000797e00000, 0x00000007c0000000)
  eden space 30208K, 0% used [0x0000000795580000,0x0000000795580000,0x0000000797300000)
  from space 5120K, 38% used [0x0000000797900000,0x0000000797af0660,0x0000000797e00000)
  to   space 5632K, 0% used [0x0000000797300000,0x0000000797300000,0x0000000797880000)
 ParOldGen       total 26624K, used 12195K [0x0000000740000000, 0x0000000741a00000, 0x0000000795580000)
  object space 26624K, 45% used [0x0000000740000000,0x0000000740be8f10,0x0000000741a00000)
 Metaspace       used 29212K, capacity 29614K, committed 29952K, reserved 1075200K
  class space    used 4104K, capacity 4256K, committed 4352K, reserved 1048576K
}
Event: 19.317 GC heap before
{Heap before GC invocations=18 (full 1):
 PSYoungGen      total 35328K, used 32193K [0x0000000795580000, 0x0000000797e00000, 0x00000007c0000000)
  eden space 30208K, 100% used [0x0000000795580000,0x0000000797300000,0x0000000797300000)
  from space 5120K, 38% used [0x0000000797900000,0x0000000797af0660,0x0000000797e00000)
  to   space 5632K, 0% used [0x0000000797300000,0x0000000797300000,0x0000000797880000)
 ParOldGen       total 26624K, used 12195K [0x0000000740000000, 0x0000000741a00000, 0x0000000795580000)
  object space 26624K, 45% used [0x0000000740000000,0x0000000740be8f10,0x0000000741a00000)
 Metaspace       used 33305K, capacity 34010K, committed 34432K, reserved 1079296K
  class space    used 4646K, capacity 4895K, committed 4992K, reserved 1048576K
Event: 19.325 GC heap after
Heap after GC invocations=18 (full 1):
 PSYoungGen      total 35328K, used 4189K [0x0000000795580000, 0x0000000797e80000, 0x00000007c0000000)
  eden space 29696K, 0% used [0x0000000795580000,0x0000000795580000,0x0000000797280000)
  from space 5632K, 74% used [0x0000000797300000,0x00000007977176d8,0x0000000797880000)
  to   space 6144K, 0% used [0x0000000797880000,0x0000000797880000,0x0000000797e80000)
 ParOldGen       total 26624K, used 13267K [0x0000000740000000, 0x0000000741a00000, 0x0000000795580000)
  object space 26624K, 49% used [0x0000000740000000,0x0000000740cf4fc0,0x0000000741a00000)
 Metaspace       used 33305K, capacity 34010K, committed 34432K, reserved 1079296K
  class space    used 4646K, capacity 4895K, committed 4992K, reserved 1048576K
}
Event: 19.730 GC heap before
{Heap before GC invocations=19 (full 1):
 PSYoungGen      total 35328K, used 13901K [0x0000000795580000, 0x0000000797e80000, 0x00000007c0000000)
  eden space 29696K, 32% used [0x0000000795580000,0x0000000795efc0d8,0x0000000797280000)
  from space 5632K, 74% used [0x0000000797300000,0x00000007977176d8,0x0000000797880000)
  to   space 6144K, 0% used [0x0000000797880000,0x0000000797880000,0x0000000797e80000)
 ParOldGen       total 26624K, used 13267K [0x0000000740000000, 0x0000000741a00000, 0x0000000795580000)
  object space 26624K, 49% used [0x0000000740000000,0x0000000740cf4fc0,0x0000000741a00000)
 Metaspace       used 34384K, capacity 35098K, committed 35416K, reserved 1079296K
  class space    used 4772K, capacity 5023K, committed 5120K, reserved 1048576K
Event: 19.736 GC heap after
Heap after GC invocations=19 (full 1):
 PSYoungGen      total 35840K, used 1313K [0x0000000795580000, 0x0000000798700000, 0x00000007c0000000)
  eden space 29696K, 0% used [0x0000000795580000,0x0000000795580000,0x0000000797280000)
  from space 6144K, 21% used [0x0000000797880000,0x00000007979c86c8,0x0000000797e80000)
  to   space 6144K, 0% used [0x0000000797280000,0x0000000797280000,0x0000000797880000)
 ParOldGen       total 26624K, used 15303K [0x0000000740000000, 0x0000000741a00000, 0x0000000795580000)
  object space 26624K, 57% used [0x0000000740000000,0x0000000740ef1ff8,0x0000000741a00000)
 Metaspace       used 34384K, capacity 35098K, committed 35416K, reserved 1079296K
  class space    used 4772K, capacity 5023K, committed 5120K, reserved 1048576K
}
Event: 19.736 GC heap before
{Heap before GC invocations=20 (full 2):
 PSYoungGen      total 35840K, used 1313K [0x0000000795580000, 0x0000000798700000, 0x00000007c0000000)
  eden space 29696K, 0% used [0x0000000795580000,0x0000000795580000,0x0000000797280000)
  from space 6144K, 21% used [0x0000000797880000,0x00000007979c86c8,0x0000000797e80000)
  to   space 6144K, 0% used [0x0000000797280000,0x0000000797280000,0x0000000797880000)
 ParOldGen       total 26624K, used 15303K [0x0000000740000000, 0x0000000741a00000, 0x0000000795580000)
  object space 26624K, 57% used [0x0000000740000000,0x0000000740ef1ff8,0x0000000741a00000)
 Metaspace       used 34384K, capacity 35098K, committed 35416K, reserved 1079296K
  class space    used 4772K, capacity 5023K, committed 5120K, reserved 1048576K

Deoptimization events (10 events):
Event: 17.309 Thread 0x00007feae3279800 Uncommon trap: reason=range_check action=make_not_entrant pc=0x000000011b03fdd8 method=java.lang.String.charAt(I)C @ 27
Event: 17.915 Thread 0x00007feae3279800 Uncommon trap: reason=class_check action=maybe_recompile pc=0x000000011af1dd34 method=java.io.BufferedInputStream.read1([BII)I @ 39
Event: 17.916 Thread 0x00007feae3279800 Uncommon trap: reason=class_check action=maybe_recompile pc=0x000000011af1dd34 method=java.io.BufferedInputStream.read1([BII)I @ 39
Event: 17.916 Thread 0x00007feae3279800 Uncommon trap: reason=class_check action=maybe_recompile pc=0x000000011af1dd34 method=java.io.BufferedInputStream.read1([BII)I @ 39
Event: 18.112 Thread 0x00007feae3279800 Uncommon trap: reason=class_check action=maybe_recompile pc=0x000000011af1dd34 method=java.io.BufferedInputStream.read1([BII)I @ 39
Event: 18.112 Thread 0x00007feae3279800 Uncommon trap: reason=class_check action=maybe_recompile pc=0x000000011ad199f8 method=java.io.BufferedInputStream.read1([BII)I @ 39
Event: 18.397 Thread 0x00007feae3279800 Uncommon trap: reason=bimorphic action=maybe_recompile pc=0x000000011afb9b98 method=org.codehaus.groovy.runtime.metaclass.MetaMethodIndex.addMethodToList(Ljava/lang/Object;Lgroovy/lang/MetaMethod;)Ljava/lang/Object; @ 96
Event: 18.397 Thread 0x00007feae3279800 Uncommon trap: reason=unstable_if action=reinterpret pc=0x000000011b0a35c8 method=groovy.lang.MetaClassImpl$1MOPIter.methodNameAction(Ljava/lang/Class;Lorg/codehaus/groovy/runtime/metaclass/MetaMethodIndex$Entry;)V @ 259
Event: 18.756 Thread 0x00007feae3279800 Uncommon trap: reason=predicate action=maybe_recompile pc=0x000000011b19e64c method=java.util.Arrays.binarySearch0([Ljava/lang/Object;IILjava/lang/Object;Ljava/util/Comparator;)I @ 28
Event: 18.988 Thread 0x00007feae3279800 Uncommon trap: reason=unstable_if action=reinterpret pc=0x000000011ad3b5bc method=sun.misc.MetaIndex.mayContain(Ljava/lang/String;)Z @ 38

Classes redefined (0 events):
No events

Internal exceptions (10 events):
Event: 18.399 Thread 0x00007feae3279800 Exception <a 'java/lang/ClassNotFoundException': org/gradle/api/internal/project/DefaultAntBuilderBeanInfo> (0x0000000796c2b2a0) thrown at [/Volumes/android/AOSP-openjdk-git/jdk8u/hotspot/src/share/vm/classfile/systemDictionary.cpp, line 210]
Event: 18.400 Thread 0x00007feae3279800 Exception <a 'java/lang/ClassNotFoundException': org/gradle/api/internal/project/ant/BasicAntBuilderBeanInfo> (0x0000000796c5dda0) thrown at [/Volumes/android/AOSP-openjdk-git/jdk8u/hotspot/src/share/vm/classfile/systemDictionary.cpp, line 210]
Event: 18.401 Thread 0x00007feae3279800 Exception <a 'java/lang/ClassNotFoundException': org/gradle/api/AntBuilderBeanInfo> (0x0000000796c81410) thrown at [/Volumes/android/AOSP-openjdk-git/jdk8u/hotspot/src/share/vm/classfile/systemDictionary.cpp, line 210]
Event: 18.401 Thread 0x00007feae3279800 Exception <a 'java/lang/ClassNotFoundException': groovy/util/AntBuilderBeanInfo> (0x0000000796ca32b8) thrown at [/Volumes/android/AOSP-openjdk-git/jdk8u/hotspot/src/share/vm/classfile/systemDictionary.cpp, line 210]
Event: 18.402 Thread 0x00007feae3279800 Exception <a 'java/lang/ClassNotFoundException': groovy/util/BuilderSupportBeanInfo> (0x0000000796cc6910) thrown at [/Volumes/android/AOSP-openjdk-git/jdk8u/hotspot/src/share/vm/classfile/systemDictionary.cpp, line 210]
Event: 18.402 Thread 0x00007feae3279800 Exception <a 'java/lang/ClassNotFoundException': groovy/util/BuilderSupportCustomizer> (0x0000000796cec1a8) thrown at [/Volumes/android/AOSP-openjdk-git/jdk8u/hotspot/src/share/vm/classfile/systemDictionary.cpp, line 210]
Event: 18.403 Thread 0x00007feae3279800 Exception <a 'java/lang/ClassNotFoundException': groovy/util/AntBuilderCustomizer> (0x0000000796d128b0) thrown at [/Volumes/android/AOSP-openjdk-git/jdk8u/hotspot/src/share/vm/classfile/systemDictionary.cpp, line 210]
Event: 18.404 Thread 0x00007feae3279800 Exception <a 'java/lang/ClassNotFoundException': org/gradle/api/AntBuilderCustomizer> (0x0000000796d3e790) thrown at [/Volumes/android/AOSP-openjdk-git/jdk8u/hotspot/src/share/vm/classfile/systemDictionary.cpp, line 210]
Event: 18.405 Thread 0x00007feae3279800 Exception <a 'java/lang/ClassNotFoundException': org/gradle/api/internal/project/ant/BasicAntBuilderCustomizer> (0x0000000796d7ed50) thrown at [/Volumes/android/AOSP-openjdk-git/jdk8u/hotspot/src/share/vm/classfile/systemDictionary.cpp, line 210]
Event: 18.406 Thread 0x00007feae3279800 Exception <a 'java/lang/ClassNotFoundException': org/gradle/api/internal/project/DefaultAntBuilderCustomizer> (0x0000000796dc6a78) thrown at [/Volumes/android/AOSP-openjdk-git/jdk8u/hotspot/src/share/vm/classfile/systemDictionary.cpp, line 210]

Events (10 events):
Event: 19.718 loading class com/google/wireless/android/sdk/stats/GradleBuildMemorySampleOrBuilder done
Event: 19.719 loading class com/google/wireless/android/sdk/stats/InstantRunStatus
Event: 19.719 loading class com/google/wireless/android/sdk/stats/InstantRunStatus done
Event: 19.727 loading class com/google/wireless/android/sdk/stats/JavaProcessStatsOrBuilder
Event: 19.727 loading class com/google/wireless/android/sdk/stats/JavaProcessStatsOrBuilder done
Event: 19.728 loading class com/google/wireless/android/sdk/stats/GradleBuildMemorySample$1
Event: 19.728 loading class com/google/wireless/android/sdk/stats/GradleBuildMemorySample$1 done
Event: 19.728 loading class com/google/wireless/android/sdk/stats/GradleBuildMemorySample$Builder
Event: 19.728 loading class com/google/wireless/android/sdk/stats/GradleBuildMemorySample$Builder done
Event: 19.730 Executing VM operation: CollectForMetadataAllocation


Dynamic libraries:
0x000000010cdff000 	/System/Library/Frameworks/Cocoa.framework/Versions/A/Cocoa
0x000000010ce09000 	/System/Library/Frameworks/Security.framework/Versions/A/Security
0x000000010d2be000 	/System/Library/Frameworks/ApplicationServices.framework/Versions/A/ApplicationServices
0x000000010d2c5000 	/usr/lib/libz.1.dylib
0x000000010d2e0000 	/usr/lib/libSystem.B.dylib
0x000000010d2e7000 	/System/Library/Frameworks/CoreFoundation.framework/Versions/A/CoreFoundation
0x000000010da20000 	/System/Library/Frameworks/Foundation.framework/Versions/C/Foundation
0x000000010e0c4000 	/usr/lib/libobjc.A.dylib
0x000000010e577000 	/System/Library/Frameworks/AppKit.framework/Versions/C/AppKit
0x000000010fd9f000 	/System/Library/Frameworks/CoreData.framework/Versions/A/CoreData
0x0000000110214000 	/System/Library/PrivateFrameworks/RemoteViewServices.framework/Versions/A/RemoteViewServices
0x0000000110260000 	/System/Library/PrivateFrameworks/UIFoundation.framework/Versions/A/UIFoundation
0x00000001104c2000 	/System/Library/PrivateFrameworks/DFRFoundation.framework/Versions/A/DFRFoundation
0x00000001104de000 	/usr/lib/libenergytrace.dylib
0x00000001104e9000 	/System/Library/PrivateFrameworks/SkyLight.framework/Versions/A/SkyLight
0x000000011082c000 	/System/Library/Frameworks/CoreGraphics.framework/Versions/A/CoreGraphics
0x0000000110fe2000 	/usr/lib/libScreenReader.dylib
0x0000000110ff5000 	/System/Library/Frameworks/Accelerate.framework/Versions/A/Accelerate
0x0000000110ffb000 	/System/Library/Frameworks/IOSurface.framework/Versions/A/IOSurface
0x0000000111013000 	/System/Library/Frameworks/AudioToolbox.framework/Versions/A/AudioToolbox
0x0000000111333000 	/System/Library/Frameworks/AudioUnit.framework/Versions/A/AudioUnit
0x0000000111344000 	/System/Library/PrivateFrameworks/DataDetectorsCore.framework/Versions/A/DataDetectorsCore
0x00000001113fc000 	/System/Library/PrivateFrameworks/DesktopServicesPriv.framework/Versions/A/DesktopServicesPriv
0x00000001115a2000 	/System/Library/Frameworks/Carbon.framework/Versions/A/Frameworks/HIToolbox.framework/Versions/A/HIToolbox
0x0000000111a34000 	/usr/lib/libicucore.A.dylib
0x0000000111d2b000 	/System/Library/Frameworks/QuartzCore.framework/Versions/A/QuartzCore
0x0000000112025000 	/System/Library/Frameworks/Carbon.framework/Versions/A/Frameworks/SpeechRecognition.framework/Versions/A/SpeechRecognition
0x000000011203c000 	/usr/lib/libauto.dylib
0x0000000112042000 	/usr/lib/libxml2.2.dylib
0x000000011216a000 	/System/Library/PrivateFrameworks/CoreUI.framework/Versions/A/CoreUI
0x000000011247d000 	/System/Library/Frameworks/CoreAudio.framework/Versions/A/CoreAudio
0x0000000112536000 	/System/Library/Frameworks/DiskArbitration.framework/Versions/A/DiskArbitration
0x000000011254c000 	/usr/lib/liblangid.dylib
0x0000000112553000 	/System/Library/PrivateFrameworks/MultitouchSupport.framework/Versions/A/MultitouchSupport
0x0000000112596000 	/System/Library/Frameworks/IOKit.framework/Versions/A/IOKit
0x0000000112672000 	/usr/lib/libDiagnosticMessagesClient.dylib
0x000000011267d000 	/System/Library/Frameworks/CoreServices.framework/Versions/A/CoreServices
0x0000000112687000 	/System/Library/PrivateFrameworks/PerformanceAnalysis.framework/Versions/A/PerformanceAnalysis
0x0000000112714000 	/System/Library/PrivateFrameworks/GenerationalStorage.framework/Versions/A/GenerationalStorage
0x000000011274a000 	/System/Library/Frameworks/OpenGL.framework/Versions/A/OpenGL
0x0000000112762000 	/System/Library/Frameworks/CoreImage.framework/Versions/A/CoreImage
0x0000000112b28000 	/System/Library/Frameworks/CoreText.framework/Versions/A/CoreText
0x0000000112d3e000 	/System/Library/Frameworks/ImageIO.framework/Versions/A/ImageIO
0x0000000112f41000 	/System/Library/PrivateFrameworks/Backup.framework/Versions/A/Backup
0x000000011302a000 	/usr/lib/libarchive.2.dylib
0x0000000113061000 	/System/Library/Frameworks/CFNetwork.framework/Versions/A/CFNetwork
0x0000000113763000 	/System/Library/Frameworks/SystemConfiguration.framework/Versions/A/SystemConfiguration
0x000000011380b000 	/usr/lib/libCRFSuite.dylib
0x0000000113838000 	/usr/lib/libc++.1.dylib
0x00000001138ef000 	/usr/lib/libc++abi.dylib
0x000000011392c000 	/usr/lib/system/libcache.dylib
0x0000000113937000 	/usr/lib/system/libcommonCrypto.dylib
0x0000000113956000 	/usr/lib/system/libcompiler_rt.dylib
0x0000000113972000 	/usr/lib/system/libcopyfile.dylib
0x0000000113987000 	/usr/lib/system/libcorecrypto.dylib
0x0000000113a2d000 	/usr/lib/system/libdispatch.dylib
0x0000000113a98000 	/usr/lib/system/libdyld.dylib
0x0000000113aac000 	/usr/lib/system/libkeymgr.dylib
0x0000000113ab3000 	/usr/lib/system/liblaunch.dylib
0x0000000113abc000 	/usr/lib/system/libmacho.dylib
0x0000000113ac9000 	/usr/lib/system/libquarantine.dylib
0x0000000113ad2000 	/usr/lib/system/libremovefile.dylib
0x0000000113ae0000 	/usr/lib/system/libsystem_asl.dylib
0x0000000113b06000 	/usr/lib/system/libsystem_blocks.dylib
0x0000000113b0f000 	/usr/lib/system/libsystem_c.dylib
0x0000000113bc8000 	/usr/lib/system/libsystem_configuration.dylib
0x0000000113bd3000 	/usr/lib/system/libsystem_coreservices.dylib
0x0000000113bdf000 	/usr/lib/system/libsystem_coretls.dylib
0x0000000113c09000 	/usr/lib/system/libsystem_dnssd.dylib
0x0000000113c18000 	/usr/lib/system/libsystem_info.dylib
0x0000000113c57000 	/usr/lib/system/libsystem_kernel.dylib
0x0000000113c92000 	/usr/lib/system/libsystem_m.dylib
0x0000000113ceb000 	/usr/lib/system/libsystem_malloc.dylib
0x0000000113d16000 	/usr/lib/system/libsystem_network.dylib
0x0000000113d92000 	/usr/lib/system/libsystem_networkextension.dylib
0x0000000113da9000 	/usr/lib/system/libsystem_notify.dylib
0x0000000113dc1000 	/usr/lib/system/libsystem_platform.dylib
0x0000000113dd4000 	/usr/lib/system/libsystem_pthread.dylib
0x0000000113dee000 	/usr/lib/system/libsystem_sandbox.dylib
0x0000000113dff000 	/usr/lib/system/libsystem_secinit.dylib
0x0000000113e06000 	/usr/lib/system/libsystem_symptoms.dylib
0x0000000113e15000 	/usr/lib/system/libsystem_trace.dylib
0x0000000113e3c000 	/usr/lib/system/libunwind.dylib
0x0000000113e4f000 	/usr/lib/system/libxpc.dylib
0x0000000113e9c000 	/usr/lib/libbsm.0.dylib
0x0000000113eb9000 	/usr/lib/system/libkxld.dylib
0x0000000113ed2000 	/usr/lib/libcoretls.dylib
0x0000000113ee0000 	/usr/lib/libcoretls_cfhelpers.dylib
0x0000000113eea000 	/usr/lib/libOpenScriptingUtil.dylib
0x0000000113ef2000 	/usr/lib/libpam.2.dylib
0x0000000113f03000 	/usr/lib/libsqlite3.dylib
0x000000011406e000 	/usr/lib/libxar.1.dylib
0x000000011408b000 	/usr/lib/libbz2.1.0.dylib
0x00000001140a2000 	/usr/lib/liblzma.5.dylib
0x00000001140c6000 	/usr/lib/libnetwork.dylib
0x000000011417e000 	/usr/lib/libpcap.A.dylib
0x00000001141c4000 	/System/Library/Frameworks/CoreServices.framework/Versions/A/Frameworks/FSEvents.framework/Versions/A/FSEvents
0x00000001141d8000 	/System/Library/Frameworks/CoreServices.framework/Versions/A/Frameworks/CarbonCore.framework/Versions/A/CarbonCore
0x0000000113d31000 	/System/Library/Frameworks/CoreServices.framework/Versions/A/Frameworks/Metadata.framework/Versions/A/Metadata
0x0000000114664000 	/System/Library/Frameworks/CoreServices.framework/Versions/A/Frameworks/OSServices.framework/Versions/A/OSServices
0x0000000114711000 	/System/Library/Frameworks/CoreServices.framework/Versions/A/Frameworks/SearchKit.framework/Versions/A/SearchKit
0x00000001147c5000 	/System/Library/Frameworks/CoreServices.framework/Versions/A/Frameworks/AE.framework/Versions/A/AE
0x0000000114845000 	/System/Library/Frameworks/CoreServices.framework/Versions/A/Frameworks/LaunchServices.framework/Versions/A/LaunchServices
0x0000000114aa9000 	/System/Library/Frameworks/CoreServices.framework/Versions/A/Frameworks/DictionaryServices.framework/Versions/A/DictionaryServices
0x0000000114b0b000 	/System/Library/Frameworks/CoreServices.framework/Versions/A/Frameworks/SharedFileList.framework/Versions/A/SharedFileList
0x0000000114b87000 	/System/Library/Frameworks/NetFS.framework/Versions/A/NetFS
0x0000000114b9f000 	/System/Library/PrivateFrameworks/NetAuth.framework/Versions/A/NetAuth
0x0000000114bb7000 	/System/Library/PrivateFrameworks/login.framework/Versions/A/Frameworks/loginsupport.framework/Versions/A/loginsupport
0x0000000114bbf000 	/System/Library/PrivateFrameworks/TCC.framework/Versions/A/TCC
0x0000000114bcf000 	/usr/lib/libmecabra.dylib
0x0000000114edb000 	/System/Library/Frameworks/ApplicationServices.framework/Versions/A/Frameworks/ATS.framework/Versions/A/ATS
0x0000000114f7b000 	/System/Library/Frameworks/ApplicationServices.framework/Versions/A/Frameworks/ColorSync.framework/Versions/A/ColorSync
0x0000000115072000 	/System/Library/Frameworks/ApplicationServices.framework/Versions/A/Frameworks/HIServices.framework/Versions/A/HIServices
0x00000001150fe000 	/System/Library/Frameworks/ApplicationServices.framework/Versions/A/Frameworks/LangAnalysis.framework/Versions/A/LangAnalysis
0x000000011511e000 	/System/Library/Frameworks/ApplicationServices.framework/Versions/A/Frameworks/PrintCore.framework/Versions/A/PrintCore
0x000000011519c000 	/System/Library/Frameworks/ApplicationServices.framework/Versions/A/Frameworks/QD.framework/Versions/A/QD
0x0000000115203000 	/System/Library/Frameworks/ApplicationServices.framework/Versions/A/Frameworks/SpeechSynthesis.framework/Versions/A/SpeechSynthesis
0x0000000115227000 	/System/Library/Frameworks/Accelerate.framework/Versions/A/Frameworks/vImage.framework/Versions/A/vImage
0x00000001158d9000 	/System/Library/Frameworks/Accelerate.framework/Versions/A/Frameworks/vecLib.framework/Versions/A/vecLib
0x00000001158e4000 	/System/Library/Frameworks/Accelerate.framework/Versions/A/Frameworks/vecLib.framework/Versions/A/libvDSP.dylib
0x0000000115a40000 	/System/Library/Frameworks/Accelerate.framework/Versions/A/Frameworks/vecLib.framework/Versions/A/libBNNS.dylib
0x0000000115a60000 	/System/Library/Frameworks/Accelerate.framework/Versions/A/Frameworks/vecLib.framework/Versions/A/libQuadrature.dylib
0x0000000115a70000 	/System/Library/Frameworks/Accelerate.framework/Versions/A/Frameworks/vecLib.framework/Versions/A/libvMisc.dylib
0x0000000115b39000 	/System/Library/Frameworks/Accelerate.framework/Versions/A/Frameworks/vecLib.framework/Versions/A/libLAPACK.dylib
0x0000000115fab000 	/System/Library/Frameworks/Accelerate.framework/Versions/A/Frameworks/vecLib.framework/Versions/A/libBLAS.dylib
0x000000011619d000 	/System/Library/Frameworks/Accelerate.framework/Versions/A/Frameworks/vecLib.framework/Versions/A/libLinearAlgebra.dylib
0x00000001161c2000 	/System/Library/Frameworks/Accelerate.framework/Versions/A/Frameworks/vecLib.framework/Versions/A/libSparseBLAS.dylib
0x00000001161e1000 	/System/Library/Frameworks/ApplicationServices.framework/Versions/A/Frameworks/ATS.framework/Versions/A/Resources/libFontParser.dylib
0x000000011639d000 	/System/Library/Frameworks/ApplicationServices.framework/Versions/A/Frameworks/ATS.framework/Versions/A/Resources/libFontRegistry.dylib
0x000000011641b000 	/System/Library/Frameworks/ImageIO.framework/Versions/A/Resources/libJPEG.dylib
0x000000011644e000 	/System/Library/Frameworks/ImageIO.framework/Versions/A/Resources/libTIFF.dylib
0x00000001164af000 	/System/Library/Frameworks/ImageIO.framework/Versions/A/Resources/libPng.dylib
0x00000001164e3000 	/System/Library/Frameworks/ImageIO.framework/Versions/A/Resources/libGIF.dylib
0x00000001164ed000 	/System/Library/Frameworks/ImageIO.framework/Versions/A/Resources/libJP2.dylib
0x000000011660d000 	/System/Library/Frameworks/ImageIO.framework/Versions/A/Resources/libRadiance.dylib
0x0000000116619000 	/usr/lib/libcompression.dylib
0x0000000116639000 	/System/Library/PrivateFrameworks/AppleJPEG.framework/Versions/A/AppleJPEG
0x000000011672a000 	/usr/lib/libcups.2.dylib
0x000000011679c000 	/System/Library/Frameworks/Kerberos.framework/Versions/A/Kerberos
0x00000001167d6000 	/System/Library/Frameworks/GSS.framework/Versions/A/GSS
0x000000011682a000 	/usr/lib/libresolv.9.dylib
0x0000000116858000 	/usr/lib/libiconv.2.dylib
0x000000011695c000 	/System/Library/PrivateFrameworks/Heimdal.framework/Versions/A/Heimdal
0x0000000116a0a000 	/usr/lib/libheimdal-asn1.dylib
0x0000000116a1a000 	/System/Library/Frameworks/OpenDirectory.framework/Versions/A/OpenDirectory
0x0000000116a40000 	/System/Library/PrivateFrameworks/CommonAuth.framework/Versions/A/CommonAuth
0x0000000116a55000 	/System/Library/Frameworks/OpenDirectory.framework/Versions/A/Frameworks/CFOpenDirectory.framework/Versions/A/CFOpenDirectory
0x0000000116a95000 	/System/Library/Frameworks/SecurityFoundation.framework/Versions/A/SecurityFoundation
0x0000000116b53000 	/System/Library/PrivateFrameworks/LanguageModeling.framework/Versions/A/LanguageModeling
0x0000000116d3e000 	/usr/lib/libmarisa.dylib
0x0000000116d68000 	/usr/lib/libChineseTokenizer.dylib
0x0000000116d88000 	/usr/lib/libcmph.dylib
0x0000000116da3000 	/System/Library/PrivateFrameworks/CoreEmoji.framework/Versions/A/CoreEmoji
0x0000000116dd4000 	/System/Library/Frameworks/ServiceManagement.framework/Versions/A/ServiceManagement
0x0000000116de1000 	/usr/lib/libxslt.1.dylib
0x0000000116e1a000 	/System/Library/Frameworks/Carbon.framework/Versions/A/Frameworks/Ink.framework/Versions/A/Ink
0x0000000116eea000 	/System/Library/PrivateFrameworks/TextureIO.framework/Versions/A/TextureIO
0x0000000116fd2000 	/System/Library/Frameworks/Metal.framework/Versions/A/Metal
0x00000001170df000 	/usr/lib/libate.dylib
0x00000001171e7000 	/System/Library/PrivateFrameworks/GPUCompiler.framework/libmetal_timestamp.dylib
0x00000001171ed000 	/System/Library/Frameworks/OpenGL.framework/Versions/A/Libraries/libCoreFSCache.dylib
0x00000001171f9000 	/System/Library/PrivateFrameworks/IOAccelerator.framework/Versions/A/IOAccelerator
0x000000011720e000 	/System/Library/Frameworks/CoreVideo.framework/Versions/A/CoreVideo
0x000000011726a000 	/usr/lib/libFosl_dynamic.dylib
0x00000001174b7000 	/System/Library/PrivateFrameworks/MetalPerformanceShaders.framework/Versions/A/MetalPerformanceShaders
0x000000011757c000 	/System/Library/PrivateFrameworks/FaceCore.framework/Versions/A/FaceCore
0x0000000117bce000 	/System/Library/Frameworks/OpenCL.framework/Versions/A/OpenCL
0x0000000117c3a000 	/System/Library/Frameworks/OpenGL.framework/Versions/A/Libraries/libGLU.dylib
0x0000000117c91000 	/System/Library/Frameworks/OpenGL.framework/Versions/A/Libraries/libGFXShared.dylib
0x0000000117ca2000 	/System/Library/Frameworks/OpenGL.framework/Versions/A/Libraries/libGL.dylib
0x0000000117cc8000 	/System/Library/Frameworks/OpenGL.framework/Versions/A/Libraries/libGLImage.dylib
0x0000000117d0d000 	/System/Library/Frameworks/OpenGL.framework/Versions/A/Libraries/libCVMSPluginSupport.dylib
0x0000000117d17000 	/System/Library/Frameworks/OpenGL.framework/Versions/A/Libraries/libCoreVMClient.dylib
0x0000000117d23000 	/System/Library/PrivateFrameworks/CrashReporterSupport.framework/Versions/A/CrashReporterSupport
0x0000000117d43000 	/System/Library/PrivateFrameworks/Sharing.framework/Versions/A/Sharing
0x0000000117e5a000 	/System/Library/PrivateFrameworks/IconServices.framework/Versions/A/IconServices
0x0000000117ea4000 	/System/Library/PrivateFrameworks/ProtocolBuffer.framework/Versions/A/ProtocolBuffer
0x0000000117edd000 	/System/Library/PrivateFrameworks/Apple80211.framework/Versions/A/Apple80211
0x0000000117f12000 	/System/Library/Frameworks/CoreWLAN.framework/Versions/A/CoreWLAN
0x0000000117fd4000 	/System/Library/PrivateFrameworks/CoreUtils.framework/Versions/A/CoreUtils
0x0000000118109000 	/System/Library/Frameworks/IOBluetooth.framework/Versions/A/IOBluetooth
0x0000000118232000 	/System/Library/PrivateFrameworks/CoreWiFi.framework/Versions/A/CoreWiFi
0x0000000118300000 	/System/Library/Frameworks/CoreBluetooth.framework/Versions/A/CoreBluetooth
0x0000000118330000 	/System/Library/Frameworks/CoreDisplay.framework/Versions/A/CoreDisplay
0x000000011841d000 	/System/Library/PrivateFrameworks/IOPresentment.framework/Versions/A/IOPresentment
0x000000011844e000 	/System/Library/PrivateFrameworks/DSExternalDisplay.framework/Versions/A/DSExternalDisplay
0x000000011845f000 	/System/Library/PrivateFrameworks/DebugSymbols.framework/Versions/A/DebugSymbols
0x00000001184be000 	/System/Library/PrivateFrameworks/CoreSymbolication.framework/Versions/A/CoreSymbolication
0x00000001185a6000 	/System/Library/PrivateFrameworks/Symbolication.framework/Versions/A/Symbolication
0x000000011866c000 	/System/Library/PrivateFrameworks/AppleFSCompression.framework/Versions/A/AppleFSCompression
0x000000011868b000 	/System/Library/PrivateFrameworks/SpeechRecognitionCore.framework/Versions/A/SpeechRecognitionCore
0x00000001186a7000 	/System/Library/PrivateFrameworks/ChunkingLibrary.framework/Versions/A/ChunkingLibrary
0x000000011893e000 	/Applications/Android Studio 2.app/Contents/jre/jdk/Contents/Home/jre/lib/server/libjvm.dylib
0x0000000119c00000 	/usr/lib/libstdc++.6.dylib
0x00000001193a6000 	/Applications/Android Studio 2.app/Contents/jre/jdk/Contents/Home/jre/lib/libverify.dylib
0x00000001193b2000 	/Applications/Android Studio 2.app/Contents/jre/jdk/Contents/Home/jre/lib/libjava.dylib
0x00000001193ee000 	/Applications/Android Studio 2.app/Contents/jre/jdk/Contents/Home/jre/lib/libzip.dylib
0x000000012fd30000 	/Applications/Android Studio 2.app/Contents/jre/jdk/Contents/Home/jre/lib/libnet.dylib
0x000000012fd47000 	/Applications/Android Studio 2.app/Contents/jre/jdk/Contents/Home/jre/lib/libnio.dylib
0x0000000112d37000 	/Users/laki/.gradle/native/25/osx-amd64/libnative-platform.dylib
0x0000000130030000 	/Applications/Android Studio 2.app/Contents/jre/jdk/Contents/Home/jre/lib/libmanagement.dylib

VM Arguments:
jvm_args: -Xmx2048m -Dfile.encoding=UTF-8 -Duser.country=ZA -Duser.language=en -Duser.variant 
java_command: org.gradle.launcher.daemon.bootstrap.GradleDaemon 4.4
java_class_path (initial): /Users/laki/.gradle/wrapper/dists/gradle-4.4-all/9br9xq1tocpiv8o6njlyu5op1/gradle-4.4/lib/gradle-launcher-4.4.jar
Launcher Type: SUN_STANDARD

Environment Variables:
PATH=/usr/local/bin:/usr/bin:/bin:/usr/sbin:/sbin:/opt/X11/bin
SHELL=/bin/bash
DISPLAY=/private/tmp/com.apple.launchd.cSu3RTKO3K/org.macosforge.xquartz:0

Signal Handlers:
SIGSEGV: [libjvm.dylib+0x53f567], sa_mask[0]=11111111011111110111111111111111, sa_flags=SA_ONSTACK|SA_RESTART|SA_SIGINFO
SIGBUS: [libjvm.dylib+0x53f567], sa_mask[0]=11111111011111110111111111111111, sa_flags=SA_RESTART|SA_SIGINFO
SIGFPE: [libjvm.dylib+0x437adf], sa_mask[0]=11111111011111110111111111111111, sa_flags=SA_RESTART|SA_SIGINFO
SIGPIPE: [libjvm.dylib+0x437adf], sa_mask[0]=11111111011111110111111111111111, sa_flags=SA_RESTART|SA_SIGINFO
SIGXFSZ: [libjvm.dylib+0x437adf], sa_mask[0]=11111111011111110111111111111111, sa_flags=SA_RESTART|SA_SIGINFO
SIGILL: [libjvm.dylib+0x437adf], sa_mask[0]=11111111011111110111111111111111, sa_flags=SA_RESTART|SA_SIGINFO
SIGUSR1: SIG_DFL, sa_mask[0]=00000000000000000000000000000000, sa_flags=none
SIGUSR2: [libjvm.dylib+0x438404], sa_mask[0]=00100000000000000000000000000000, sa_flags=SA_RESTART|SA_SIGINFO
SIGHUP: [libjvm.dylib+0x4365f9], sa_mask[0]=11111111011111110111111111111111, sa_flags=SA_RESTART|SA_SIGINFO
SIGINT: [libjvm.dylib+0x4365f9], sa_mask[0]=11111111011111110111111111111111, sa_flags=SA_RESTART|SA_SIGINFO
SIGTERM: [libjvm.dylib+0x4365f9], sa_mask[0]=11111111011111110111111111111111, sa_flags=SA_RESTART|SA_SIGINFO
SIGQUIT: [libjvm.dylib+0x4365f9], sa_mask[0]=11111111011111110111111111111111, sa_flags=SA_RESTART|SA_SIGINFO


---------------  S Y S T E M  ---------------

OS:Bsduname:Darwin 16.6.0 Darwin Kernel Version 16.6.0: Fri Apr 14 16:21:16 PDT 2017; root:xnu-3789.60.24~6/RELEASE_X86_64 x86_64
rlimit: STACK 8192k, CORE 0k, NPROC 709, NOFILE 10240, AS infinity
load average:2.00 2.04 2.07

CPU:total 4 (initial active 4) (2 cores per cpu, 2 threads per core) family 6 model 58 stepping 9, cmov, cx8, fxsr, mmx, sse, sse2, sse3, ssse3, sse4.1, sse4.2, popcnt, avx, aes, clmul, erms, ht, tsc, tscinvbit, tscinv

Memory: 4k page, physical 4194304k(298140k free)

/proc/meminfo:


vm_info: OpenJDK 64-Bit Server VM (25.152-b01) for bsd-amd64 JRE (1.8.0_152-release-1024-b01), built by "builder" with gcc 4.2.1 Compatible Apple LLVM 8.1.0 (clang-802.0.42)

time: Wed May  9 18:05:30 2018
elapsed time: 19 seconds (0d 0h 0m 19s)

