#
# A fatal error has been detected by the Java Runtime Environment:
#
#  SIGSEGV (0xb) at pc=0x0000000103491fbe, pid=3307, tid=0x0000000000002903
#
# JRE version: OpenJDK Runtime Environment (8.0_152-b01) (build 1.8.0_152-release-1024-b01)
# Java VM: OpenJDK 64-Bit Server VM (25.152-b01 mixed mode bsd-amd64 compressed oops)
# Problematic frame:
# V  [libjvm.dylib+0x291fbe]  InstanceKlass::oop_follow_contents(ParCompactionManager*, oopDesc*)+0x114
#
# Failed to write core dump. Core dumps have been disabled. To enable core dumping, try "ulimit -c unlimited" before starting Java again
#
# If you would like to submit a bug report, please visit:
#   http://bugreport.java.com/bugreport/crash.jsp
#

---------------  T H R E A D  ---------------

Current thread (0x00007f8ebd811800):  GCTaskThread [stack: 0x000070000cdff000,0x000070000ceff000] [id=10499]

siginfo: si_signo: 11 (SIGSEGV), si_code: 0 (unknown), si_addr: 0x0000000000000000

Registers:
RAX=0x1fffffffcd1dac37, RBX=0x00000001039f81c8, RCX=0x0000000115928000, RDX=0x007fffffff3476b0
RSP=0x000070000cefec00, RBP=0x000070000cefec60, RSI=0x000070000cefec08, RDI=0x00000007c0993068
R8 =0x0000000000000f27, R9 =0x00000001039f2dfb, R10=0x0000000119776cc0, R11=0x0000000117776cc0
R12=0x00000007b93b312c, R13=0x00000007c0993250, R14=0x00000007b93b3128, R15=0x00000005a8ed61b8
RIP=0x0000000103491fbe, EFLAGS=0x0000000000010203, ERR=0x0000000000000000
  TRAPNO=0x000000000000000d

Top of Stack: (sp=0x000070000cefec00)
0x000070000cefec00:   0000000000000031 000000074069e8a0
0x000070000cefec10:   00000007c0993250 00000007b93b3110
0x000070000cefec20:   00007f8ebd415390 00000007c0993258
0x000070000cefec30:   00007f8ebd415350 00007f8ebd415350
0x000070000cefec40:   00000001039f7680 00000001039e1e00
0x000070000cefec50:   00007f8ebd415358 00000001039f2df9
0x000070000cefec60:   000070000cefece0 00000001036696ff
0x000070000cefec70:   00007f8ebd415350 00007f8ebd415390
0x000070000cefec80:   00007f8ebd415410 00000007b93b3110
0x000070000cefec90:   00007f8ebd4153d8 0000000000000078
0x000070000cefeca0:   000070000cefed88 0000000103a0d930
0x000070000cefecb0:   000070000cefece0 00007f8ebd410f10
0x000070000cefecc0:   000070000cefed88 00000001037a286a
0x000070000cefecd0:   00007f8ebd415350 0000000000000001
0x000070000cefece0:   000070000cefedc0 000000010365b443
0x000070000cefecf0:   000070000cefed60 00007fffcc3f44ce
0x000070000cefed00:   0000000000000000 00007f8e00000000
0x000070000cefed10:   0000000000000000 00007f8ebd509a68
0x000070000cefed20:   0000000000000000 0000000000000000
0x000070000cefed30:   00007f8e00000000 00007f8ebd509a68
0x000070000cefed40:   00007f8ebd410f10 0000000103781eb5
0x000070000cefed50:   00007f8ebd509a28 0000000000000001
0x000070000cefed60:   000070000cefed90 0000000103637a51
0x000070000cefed70:   00000001039bb278 00007f8ebd508b00
0x000070000cefed80:   000070000cefed88 00000001039bb248
0x000070000cefed90:   000070000cefed00 00007f8ebd415350
0x000070000cefeda0:   00007f8ebd811800 00007f8ebd410f10
0x000070000cefedb0:   0000000000000000 0000000000000001
0x000070000cefedc0:   000070000cefeea0 0000000103454928
0x000070000cefedd0:   00000001039f2f00 00007f8ebd811800
0x000070000cefede0:   00007f8ebd40e6b0 00007f8ebd40e6f0
0x000070000cefedf0:   00007f8ebd40e700 00007f8ebd40e7d8 

Instructions: (pc=0x0000000103491fbe)
0x0000000103491f9e:   89 f8 48 2b 03 48 c1 e8 03 48 8d 0d 3a ca 53 00
0x0000000103491fae:   8a 09 48 d3 e8 48 8b 4b 30 48 89 c2 48 c1 ea 06
0x0000000103491fbe:   48 8b 0c d1 48 0f a3 c1 0f 82 f4 00 00 00 48 8d
0x0000000103491fce:   05 26 0e 56 00 8a 10 84 d2 74 16 48 8d 05 20 fe 

Register to memory mapping:

RAX=0x1fffffffcd1dac37 is an unknown value
RBX=0x00000001039f81c8: _ZN17PSParallelCompact12_mark_bitmapE+0 in /Applications/Android Studio 2.app/Contents/jre/jdk/Contents/Home/jre/lib/server/libjvm.dylib at 0x0000000103200000
RCX=0x0000000115928000 is an unknown value
RDX=0x007fffffff3476b0 is an unknown value
RSP=0x000070000cefec00 is an unknown value
RBP=0x000070000cefec60 is an unknown value
RSI=0x000070000cefec08 is an unknown value
RDI=0x00000007c0993068 is pointing into metadata
R8 =0x0000000000000f27 is an unknown value
R9 =0x00000001039f2dfb: AssumeMP+0 in /Applications/Android Studio 2.app/Contents/jre/jdk/Contents/Home/jre/lib/server/libjvm.dylib at 0x0000000103200000
R10=0x0000000119776cc0 is an unknown value
R11=0x0000000117776cc0 is an unknown value
R12=0x00000007b93b312c is an unknown value
R13=0x00000007c0993250 is pointing into metadata
R14=0x00000007b93b3128 is an oop

[error occurred during error reporting (printing register info), id 0xb]

Stack: [0x000070000cdff000,0x000070000ceff000],  sp=0x000070000cefec00,  free space=1023k
Native frames: (J=compiled Java code, j=interpreted, Vv=VM code, C=native code)
V  [libjvm.dylib+0x291fbe]  InstanceKlass::oop_follow_contents(ParCompactionManager*, oopDesc*)+0x114
V  [libjvm.dylib+0x4696ff]  ParCompactionManager::follow_marking_stacks()+0x145
V  [libjvm.dylib+0x45b443]  MarkFromRootsTask::do_it(GCTaskManager*, unsigned int)+0x197
V  [libjvm.dylib+0x254928]  GCTaskThread::run()+0x130
V  [libjvm.dylib+0x435709]  java_start(Thread*)+0xfa
C  [libsystem_pthread.dylib+0x393b]  _pthread_body+0xb4
C  [libsystem_pthread.dylib+0x3887]  _pthread_body+0x0
C  [libsystem_pthread.dylib+0x308d]  thread_start+0xd


---------------  P R O C E S S  ---------------

Java Threads: ( => current thread )
  0x00007f8ec2ef2000 JavaThread "pool-4-thread-4" [_thread_blocked, id=33027, stack(0x000070000f574000,0x000070000f674000)]
  0x00007f8ec3cbc000 JavaThread "pool-4-thread-3" [_thread_blocked, id=32515, stack(0x000070000f471000,0x000070000f571000)]
  0x00007f8ec3d8b000 JavaThread "pool-4-thread-2" [_thread_blocked, id=32003, stack(0x000070000f36e000,0x000070000f46e000)]
  0x00007f8ec1d1a000 JavaThread "pool-5-thread-1" [_thread_blocked, id=31491, stack(0x000070000f26b000,0x000070000f36b000)]
  0x00007f8ec3ebd000 JavaThread "pool-4-thread-1" [_thread_blocked, id=30979, stack(0x000070000f168000,0x000070000f268000)]
  0x00007f8ec3793000 JavaThread "pool-2-thread-1" [_thread_blocked, id=30467, stack(0x000070000f065000,0x000070000f165000)]
  0x00007f8ebe5f2800 JavaThread "Task worker for ':' Thread 3" [_thread_blocked, id=29955, stack(0x000070000ef62000,0x000070000f062000)]
  0x00007f8ebf2fe000 JavaThread "Task worker for ':' Thread 2" [_thread_blocked, id=29443, stack(0x000070000ee5f000,0x000070000ef5f000)]
  0x00007f8ec375b800 JavaThread "Task worker for ':'" [_thread_blocked, id=28931, stack(0x000070000ed5c000,0x000070000ee5c000)]
  0x00007f8ec36db800 JavaThread "Cache worker for Build Output Cleanup Cache (/Users/laki/Documents/mystuff/AndroidStudioProjects/SEAPP/.gradle/buildOutputCleanup)" [_thread_blocked, id=28419, stack(0x000070000ec59000,0x000070000ed59000)]
  0x00007f8ec36da800 JavaThread "Cache worker for task history cache (/Users/laki/Documents/mystuff/AndroidStudioProjects/SEAPP/.gradle/4.4/taskHistory)" [_thread_blocked, id=27907, stack(0x000070000eb56000,0x000070000ec56000)]
  0x00007f8ec0770800 JavaThread "Cache worker for file content cache (/Users/laki/Documents/mystuff/AndroidStudioProjects/SEAPP/.gradle/4.4/fileContent)" [_thread_blocked, id=27395, stack(0x000070000ea53000,0x000070000eb53000)]
  0x00007f8ebd9d3000 JavaThread "Memory manager" [_thread_blocked, id=26883, stack(0x000070000e950000,0x000070000ea50000)]
  0x00007f8ebf4d0800 JavaThread "build operations Thread 4" [_thread_blocked, id=26371, stack(0x000070000e84d000,0x000070000e94d000)]
  0x00007f8ebf4d0000 JavaThread "build operations Thread 3" [_thread_blocked, id=25859, stack(0x000070000e74a000,0x000070000e84a000)]
  0x00007f8ec0382800 JavaThread "build operations Thread 2" [_thread_blocked, id=25347, stack(0x000070000e647000,0x000070000e747000)]
  0x00007f8ec0d83000 JavaThread "build operations" [_thread_blocked, id=3847, stack(0x000070000e544000,0x000070000e644000)]
  0x00007f8ebedf1000 JavaThread "Cache worker for Artifact transforms cache (/Users/laki/.gradle/caches/transforms-1)" [_thread_blocked, id=4871, stack(0x000070000e441000,0x000070000e541000)]
  0x00007f8ebe5f0000 JavaThread "Cache worker for file hash cache (/Users/laki/Documents/mystuff/AndroidStudioProjects/SEAPP/.gradle/4.4/fileHashes)" [_thread_blocked, id=24835, stack(0x000070000e33e000,0x000070000e43e000)]
  0x00007f8ebf496800 JavaThread "File lock request listener" [_thread_in_native, id=24323, stack(0x000070000e23b000,0x000070000e33b000)]
  0x00007f8ebe38f000 JavaThread "Cache worker for file hash cache (/Users/laki/.gradle/caches/4.4/fileHashes)" [_thread_blocked, id=23811, stack(0x000070000e138000,0x000070000e238000)]
  0x00007f8ebddab000 JavaThread "Stdin handler" [_thread_blocked, id=23299, stack(0x000070000e035000,0x000070000e135000)]
  0x00007f8ebe303000 JavaThread "Asynchronous log dispatcher for DefaultDaemonConnection: socket connection from /127.0.0.1:55487 to /127.0.0.1:55488" [_thread_blocked, id=22787, stack(0x000070000df32000,0x000070000e032000)]
  0x00007f8ebf47f800 JavaThread "Daemon worker" [_thread_blocked, id=22275, stack(0x000070000de2f000,0x000070000df2f000)]
  0x00007f8ebeb16800 JavaThread "Cancel handler" [_thread_blocked, id=21763, stack(0x000070000dd2c000,0x000070000de2c000)]
  0x00007f8ebf463000 JavaThread "Handler for socket connection from /127.0.0.1:55487 to /127.0.0.1:55488" [_thread_in_native, id=21251, stack(0x000070000dc29000,0x000070000dd29000)]
  0x00007f8ebdd72000 JavaThread "Daemon" [_thread_blocked, id=20739, stack(0x000070000db26000,0x000070000dc26000)]
  0x00007f8ebeb0e800 JavaThread "Daemon periodic checks" [_thread_blocked, id=20227, stack(0x000070000da23000,0x000070000db23000)]
  0x00007f8ebdd71800 JavaThread "Incoming local TCP Connector on port 55487" [_thread_in_native, id=19715, stack(0x000070000d920000,0x000070000da20000)]
  0x00007f8ebf031000 JavaThread "Service Thread" daemon [_thread_blocked, id=18691, stack(0x000070000d71a000,0x000070000d81a000)]
  0x00007f8ebf015800 JavaThread "C1 CompilerThread2" daemon [_thread_blocked, id=18179, stack(0x000070000d617000,0x000070000d717000)]
  0x00007f8ebf015000 JavaThread "C2 CompilerThread1" daemon [_thread_in_native, id=17667, stack(0x000070000d514000,0x000070000d614000)]
  0x00007f8ebe002800 JavaThread "C2 CompilerThread0" daemon [_thread_blocked, id=17155, stack(0x000070000d411000,0x000070000d511000)]
  0x00007f8ebf014000 JavaThread "Signal Dispatcher" daemon [_thread_blocked, id=16643, stack(0x000070000d30e000,0x000070000d40e000)]
  0x00007f8ebe810800 JavaThread "Finalizer" daemon [_thread_blocked, id=12547, stack(0x000070000d20b000,0x000070000d30b000)]
  0x00007f8ebd84e000 JavaThread "Reference Handler" daemon [_thread_blocked, id=12035, stack(0x000070000d108000,0x000070000d208000)]
  0x00007f8ebd802800 JavaThread "main" [_thread_blocked, id=7171, stack(0x000070000caf6000,0x000070000cbf6000)]

Other Threads:
  0x00007f8ebd849000 VMThread [stack: 0x000070000d005000,0x000070000d105000] [id=11523]
  0x00007f8ebf031800 WatcherThread [stack: 0x000070000d81d000,0x000070000d91d000] [id=19203]

=>0x00007f8ebd811800 (exited) GCTaskThread [stack: 0x000070000cdff000,0x000070000ceff000] [id=10499]

VM state:at safepoint (normal execution)

VM Mutex/Monitor currently owned by a thread:  ([mutex/lock_event])
[0x00007f8ebd503830] Threads_lock - owner thread: 0x00007f8ebd849000
[0x00007f8ebd503d30] Heap_lock - owner thread: 0x00007f8ec3ebd000

Heap:
 PSYoungGen      total 522240K, used 78316K [0x0000000795580000, 0x00000007c0000000, 0x00000007c0000000)
  eden space 443904K, 0% used [0x0000000795580000,0x0000000795580000,0x00000007b0700000)
  from space 78336K, 99% used [0x00000007b7300000,0x00000007bbf7b178,0x00000007bbf80000)
  to   space 110592K, 0% used [0x00000007b0700000,0x00000007b0700000,0x00000007b7300000)
 ParOldGen       total 306176K, used 292102K [0x0000000740000000, 0x0000000752b00000, 0x0000000795580000)
  object space 306176K, 95% used [0x0000000740000000,0x0000000751d419b8,0x0000000752b00000)
 Metaspace       used 68220K, capacity 71056K, committed 71168K, reserved 1110016K
  class space    used 9223K, capacity 9925K, committed 9984K, reserved 1048576K

Card table byte_map: [0x000000010405c000,0x000000010445d000] byte_map_base: 0x000000010065c000

Marking Bits: (ParMarkBitMap*) 0x00000001039f81c8
 Begin Bits: [0x0000000115928000, 0x0000000117928000)
 End Bits:   [0x0000000117928000, 0x0000000119928000)

Polling page: 0x00000001029ec000

CodeCache: size=245760Kb used=34730Kb max_used=34737Kb free=211029Kb
 bounds [0x0000000106928000, 0x0000000108b48000, 0x0000000115928000]
 total_blobs=10987 nmethods=10187 adapters=712
 compilation: enabled

Compilation events (10 events):
Event: 42.491 Thread 0x00007f8ebe002800 nmethod 11794 0x0000000108aed410 code [0x0000000108aed580, 0x0000000108aed7b8]
Event: 42.491 Thread 0x00007f8ebe002800 11888       4       com.android.dx.ssa.SsaConverter::edgeSplitSuccessors (98 bytes)
Event: 42.571 Thread 0x00007f8ebf015800 11939       1       com.android.dx.cf.attrib.AttSourceDebugExtension::getSmapString (5 bytes)
Event: 42.571 Thread 0x00007f8ebf015800 nmethod 11939 0x0000000108b317d0 code [0x0000000108b31920, 0x0000000108b31a30]
Event: 42.599 Thread 0x00007f8ebf015800 11940 %     3       java.util.concurrent.ConcurrentHashMap::get @ 112 (162 bytes)
Event: 42.600 Thread 0x00007f8ebf015800 nmethod 11940% 0x0000000108b3b910 code [0x0000000108b3bb20, 0x0000000108b3c758]
Event: 42.621 Thread 0x00007f8ebf015800 11941       2       com.android.dx.ssa.SsaBasicBlock::checkRegUsed (39 bytes)
Event: 42.634 Thread 0x00007f8ebf015800 nmethod 11941 0x0000000108aece10 code [0x0000000108aecfa0, 0x0000000108aed1d8]
Event: 42.636 Thread 0x00007f8ebf015800 11943       2       java.util.BitSet::clear (28 bytes)
Event: 42.637 Thread 0x00007f8ebf015800 nmethod 11943 0x0000000108af1e10 code [0x0000000108af1f80, 0x0000000108af2150]

GC Heap History (10 events):
Event: 37.604 GC heap after
Heap after GC invocations=23 (full 4):
 PSYoungGen      total 375296K, used 43516K [0x0000000795580000, 0x00000007b6380000, 0x00000007c0000000)
  eden space 331776K, 0% used [0x0000000795580000,0x0000000795580000,0x00000007a9980000)
  from space 43520K, 99% used [0x00000007a9980000,0x00000007ac3ff120,0x00000007ac400000)
  to   space 62976K, 0% used [0x00000007b2600000,0x00000007b2600000,0x00000007b6380000)
 ParOldGen       total 184320K, used 150170K [0x0000000740000000, 0x000000074b400000, 0x0000000795580000)
  object space 184320K, 81% used [0x0000000740000000,0x00000007492a69d8,0x000000074b400000)
 Metaspace       used 68193K, capacity 71056K, committed 71168K, reserved 1110016K
  class space    used 9222K, capacity 9925K, committed 9984K, reserved 1048576K
}
Event: 38.542 GC heap before
{Heap before GC invocations=24 (full 4):
 PSYoungGen      total 375296K, used 375292K [0x0000000795580000, 0x00000007b6380000, 0x00000007c0000000)
  eden space 331776K, 100% used [0x0000000795580000,0x00000007a9980000,0x00000007a9980000)
  from space 43520K, 99% used [0x00000007a9980000,0x00000007ac3ff120,0x00000007ac400000)
  to   space 62976K, 0% used [0x00000007b2600000,0x00000007b2600000,0x00000007b6380000)
 ParOldGen       total 184320K, used 150170K [0x0000000740000000, 0x000000074b400000, 0x0000000795580000)
  object space 184320K, 81% used [0x0000000740000000,0x00000007492a69d8,0x000000074b400000)
 Metaspace       used 68211K, capacity 71056K, committed 71168K, reserved 1110016K
  class space    used 9222K, capacity 9925K, committed 9984K, reserved 1048576K
Event: 38.685 GC heap after
Heap after GC invocations=24 (full 4):
 PSYoungGen      total 469504K, used 50126K [0x0000000795580000, 0x00000007b7a00000, 0x00000007c0000000)
  eden space 406528K, 0% used [0x0000000795580000,0x0000000795580000,0x00000007ae280000)
  from space 62976K, 79% used [0x00000007b2600000,0x00000007b56f3ae8,0x00000007b6380000)
  to   space 69120K, 0% used [0x00000007ae280000,0x00000007ae280000,0x00000007b2600000)
 ParOldGen       total 193536K, used 193109K [0x0000000740000000, 0x000000074bd00000, 0x0000000795580000)
  object space 193536K, 99% used [0x0000000740000000,0x000000074bc95660,0x000000074bd00000)
 Metaspace       used 68211K, capacity 71056K, committed 71168K, reserved 1110016K
  class space    used 9222K, capacity 9925K, committed 9984K, reserved 1048576K
}
Event: 38.685 GC heap before
{Heap before GC invocations=25 (full 5):
 PSYoungGen      total 469504K, used 50126K [0x0000000795580000, 0x00000007b7a00000, 0x00000007c0000000)
  eden space 406528K, 0% used [0x0000000795580000,0x0000000795580000,0x00000007ae280000)
  from space 62976K, 79% used [0x00000007b2600000,0x00000007b56f3ae8,0x00000007b6380000)
  to   space 69120K, 0% used [0x00000007ae280000,0x00000007ae280000,0x00000007b2600000)
 ParOldGen       total 193536K, used 193109K [0x0000000740000000, 0x000000074bd00000, 0x0000000795580000)
  object space 193536K, 99% used [0x0000000740000000,0x000000074bc95660,0x000000074bd00000)
 Metaspace       used 68211K, capacity 71056K, committed 71168K, reserved 1110016K
  class space    used 9222K, capacity 9925K, committed 9984K, reserved 1048576K
Event: 40.020 GC heap after
Heap after GC invocations=25 (full 5):
 PSYoungGen      total 469504K, used 47896K [0x0000000795580000, 0x00000007b7a00000, 0x00000007c0000000)
  eden space 406528K, 0% used [0x0000000795580000,0x0000000795580000,0x00000007ae280000)
  from space 62976K, 76% used [0x00000007b2600000,0x00000007b54c6128,0x00000007b6380000)
  to   space 69120K, 0% used [0x00000007ae280000,0x00000007ae280000,0x00000007b2600000)
 ParOldGen       total 306176K, used 193345K [0x0000000740000000, 0x0000000752b00000, 0x0000000795580000)
  object space 306176K, 63% used [0x0000000740000000,0x000000074bcd0470,0x0000000752b00000)
 Metaspace       used 68211K, capacity 71056K, committed 71168K, reserved 1110016K
  class space    used 9222K, capacity 9925K, committed 9984K, reserved 1048576K
}
Event: 41.196 GC heap before
{Heap before GC invocations=26 (full 5):
 PSYoungGen      total 469504K, used 454424K [0x0000000795580000, 0x00000007b7a00000, 0x00000007c0000000)
  eden space 406528K, 100% used [0x0000000795580000,0x00000007ae280000,0x00000007ae280000)
  from space 62976K, 76% used [0x00000007b2600000,0x00000007b54c6128,0x00000007b6380000)
  to   space 69120K, 0% used [0x00000007ae280000,0x00000007ae280000,0x00000007b2600000)
 ParOldGen       total 306176K, used 193345K [0x0000000740000000, 0x0000000752b00000, 0x0000000795580000)
  object space 306176K, 63% used [0x0000000740000000,0x000000074bcd0470,0x0000000752b00000)
 Metaspace       used 68216K, capacity 71056K, committed 71168K, reserved 1110016K
  class space    used 9223K, capacity 9925K, committed 9984K, reserved 1048576K
Event: 41.387 GC heap after
Heap after GC invocations=26 (full 5):
 PSYoungGen      total 475648K, used 62386K [0x0000000795580000, 0x00000007bbf80000, 0x00000007c0000000)
  eden space 406528K, 0% used [0x0000000795580000,0x0000000795580000,0x00000007ae280000)
  from space 69120K, 90% used [0x00000007ae280000,0x00000007b1f6c8c8,0x00000007b2600000)
  to   space 78336K, 0% used [0x00000007b7300000,0x00000007b7300000,0x00000007bbf80000)
 ParOldGen       total 306176K, used 241377K [0x0000000740000000, 0x0000000752b00000, 0x0000000795580000)
  object space 306176K, 78% used [0x0000000740000000,0x000000074ebb8480,0x0000000752b00000)
 Metaspace       used 68216K, capacity 71056K, committed 71168K, reserved 1110016K
  class space    used 9223K, capacity 9925K, committed 9984K, reserved 1048576K
}
Event: 42.662 GC heap before
{Heap before GC invocations=27 (full 5):
 PSYoungGen      total 475648K, used 468914K [0x0000000795580000, 0x00000007bbf80000, 0x00000007c0000000)
  eden space 406528K, 100% used [0x0000000795580000,0x00000007ae280000,0x00000007ae280000)
  from space 69120K, 90% used [0x00000007ae280000,0x00000007b1f6c8c8,0x00000007b2600000)
  to   space 78336K, 0% used [0x00000007b7300000,0x00000007b7300000,0x00000007bbf80000)
 ParOldGen       total 306176K, used 241377K [0x0000000740000000, 0x0000000752b00000, 0x0000000795580000)
  object space 306176K, 78% used [0x0000000740000000,0x000000074ebb8480,0x0000000752b00000)
 Metaspace       used 68220K, capacity 71056K, committed 71168K, reserved 1110016K
  class space    used 9223K, capacity 9925K, committed 9984K, reserved 1048576K
Event: 42.923 GC heap after
Heap after GC invocations=27 (full 5):
 PSYoungGen      total 522240K, used 78316K [0x0000000795580000, 0x00000007c0000000, 0x00000007c0000000)
  eden space 443904K, 0% used [0x0000000795580000,0x0000000795580000,0x00000007b0700000)
  from space 78336K, 99% used [0x00000007b7300000,0x00000007bbf7b178,0x00000007bbf80000)
  to   space 110592K, 0% used [0x00000007b0700000,0x00000007b0700000,0x00000007b7300000)
 ParOldGen       total 306176K, used 292102K [0x0000000740000000, 0x0000000752b00000, 0x0000000795580000)
  object space 306176K, 95% used [0x0000000740000000,0x0000000751d419b8,0x0000000752b00000)
 Metaspace       used 68220K, capacity 71056K, committed 71168K, reserved 1110016K
  class space    used 9223K, capacity 9925K, committed 9984K, reserved 1048576K
}
Event: 42.923 GC heap before
{Heap before GC invocations=28 (full 6):
 PSYoungGen      total 522240K, used 78316K [0x0000000795580000, 0x00000007c0000000, 0x00000007c0000000)
  eden space 443904K, 0% used [0x0000000795580000,0x0000000795580000,0x00000007b0700000)
  from space 78336K, 99% used [0x00000007b7300000,0x00000007bbf7b178,0x00000007bbf80000)
  to   space 110592K, 0% used [0x00000007b0700000,0x00000007b0700000,0x00000007b7300000)
 ParOldGen       total 306176K, used 292102K [0x0000000740000000, 0x0000000752b00000, 0x0000000795580000)
  object space 306176K, 95% used [0x0000000740000000,0x0000000751d419b8,0x0000000752b00000)
 Metaspace       used 68220K, capacity 71056K, committed 71168K, reserved 1110016K
  class space    used 9223K, capacity 9925K, committed 9984K, reserved 1048576K

Deoptimization events (10 events):
Event: 40.145 Thread 0x00007f8ec3ebd000 Uncommon trap: reason=class_check action=maybe_recompile pc=0x00000001089866fc method=com.android.dx.rop.code.RegisterSpec.withSimpleType()Lcom/android/dx/rop/code/RegisterSpec; @ 21
Event: 40.160 Thread 0x00007f8ec2ef2000 Uncommon trap: reason=class_check action=maybe_recompile pc=0x00000001089866fc method=com.android.dx.rop.code.RegisterSpec.withSimpleType()Lcom/android/dx/rop/code/RegisterSpec; @ 21
Event: 40.168 Thread 0x00007f8ec3ebd000 Uncommon trap: reason=class_check action=maybe_recompile pc=0x00000001089866fc method=com.android.dx.rop.code.RegisterSpec.withSimpleType()Lcom/android/dx/rop/code/RegisterSpec; @ 21
Event: 40.208 Thread 0x00007f8ec3ebd000 Uncommon trap: reason=class_check action=maybe_recompile pc=0x00000001089866fc method=com.android.dx.rop.code.RegisterSpec.withSimpleType()Lcom/android/dx/rop/code/RegisterSpec; @ 21
Event: 40.625 Thread 0x00007f8ec3d8b000 Uncommon trap: reason=unstable_if action=reinterpret pc=0x00000001085f203c method=com.android.dx.rop.code.LocalItem.compareHandlesNulls(Lcom/android/dx/rop/cst/CstString;Lcom/android/dx/rop/cst/CstString;)I @ 8
Event: 40.775 Thread 0x00007f8ec3cbc000 Uncommon trap: reason=unstable_if action=reinterpret pc=0x0000000108a3c4cc method=com.android.dx.cf.code.Merger.isPossiblyAssignableFrom(Lcom/android/dx/rop/type/TypeBearer;Lcom/android/dx/rop/type/TypeBearer;)Z @ 131
Event: 40.955 Thread 0x00007f8ec2ef2000 Uncommon trap: reason=unstable_if action=reinterpret pc=0x0000000108570a48 method=com.android.dx.cf.code.LineNumberList.pcToLine(I)I @ 43
Event: 41.011 Thread 0x00007f8ec3d8b000 Uncommon trap: reason=unstable_if action=reinterpret pc=0x000000010859963c method=com.android.dx.ssa.SsaRenamer$BlockRenamer.visitMoveInsn(Lcom/android/dx/ssa/NormalSsaInsn;)V @ 94
Event: 42.291 Thread 0x00007f8ec3ebd000 Uncommon trap: reason=bimorphic action=maybe_recompile pc=0x0000000108b1d4bc method=com.android.dx.rop.code.RegisterSpec.withSimpleType()Lcom/android/dx/rop/code/RegisterSpec; @ 21
Event: 42.291 Thread 0x00007f8ec3ebd000 Uncommon trap: reason=unstable_if action=reinterpret pc=0x0000000108b1b9ac method=com.android.dx.rop.code.RegisterSpec.intersect(Lcom/android/dx/rop/code/RegisterSpec;Z)Lcom/android/dx/rop/code/RegisterSpec; @ 42

Classes redefined (0 events):
No events

Internal exceptions (10 events):
Event: 31.191 Thread 0x00007f8ebf47f800 Exception <a 'java/lang/ClassNotFoundException': com/android/build/gradle/tasks/ShaderCompile_DecoratedBeanInfo> (0x00000007996d7e10) thrown at [/Volumes/android/AOSP-openjdk-git/jdk8u/hotspot/src/share/vm/classfile/systemDictionary.cpp, line 210]
Event: 31.191 Thread 0x00007f8ebf47f800 Exception <a 'java/lang/ClassNotFoundException': com/android/build/gradle/tasks/ShaderCompileBeanInfo> (0x00000007996ecec0) thrown at [/Volumes/android/AOSP-openjdk-git/jdk8u/hotspot/src/share/vm/classfile/systemDictionary.cpp, line 210]
Event: 31.192 Thread 0x00007f8ebf47f800 Exception <a 'java/lang/ClassNotFoundException': com/android/build/gradle/tasks/ShaderCompileCustomizer> (0x0000000799702488) thrown at [/Volumes/android/AOSP-openjdk-git/jdk8u/hotspot/src/share/vm/classfile/systemDictionary.cpp, line 210]
Event: 31.193 Thread 0x00007f8ebf47f800 Exception <a 'java/lang/ClassNotFoundException': com/android/build/gradle/tasks/ShaderCompile_DecoratedCustomizer> (0x000000079973be90) thrown at [/Volumes/android/AOSP-openjdk-git/jdk8u/hotspot/src/share/vm/classfile/systemDictionary.cpp, line 210]
Event: 31.280 Thread 0x00007f8ebf2fe000 Exception <a 'java/lang/ClassNotFoundException': com/android/build/gradle/internal/tasks/ExtractTryWithResourcesSupportJar_DecoratedBeanInfo> (0x0000000799e4b0c0) thrown at [/Volumes/android/AOSP-openjdk-git/jdk8u/hotspot/src/share/vm/classfile/systemDict
Event: 31.280 Thread 0x00007f8ebf2fe000 Exception <a 'java/lang/ClassNotFoundException': com/android/build/gradle/internal/tasks/ExtractTryWithResourcesSupportJarBeanInfo> (0x0000000799e64c10) thrown at [/Volumes/android/AOSP-openjdk-git/jdk8u/hotspot/src/share/vm/classfile/systemDictionary.cpp
Event: 31.281 Thread 0x00007f8ebf2fe000 Exception <a 'java/lang/ClassNotFoundException': com/android/build/gradle/internal/tasks/ExtractTryWithResourcesSupportJarCustomizer> (0x0000000799e7f550) thrown at [/Volumes/android/AOSP-openjdk-git/jdk8u/hotspot/src/share/vm/classfile/systemDictionary.c
Event: 31.281 Thread 0x00007f8ebf2fe000 Exception <a 'java/lang/ClassNotFoundException': com/android/build/gradle/internal/tasks/ExtractTryWithResourcesSupportJar_DecoratedCustomizer> (0x0000000799eacc60) thrown at [/Volumes/android/AOSP-openjdk-git/jdk8u/hotspot/src/share/vm/classfile/systemDi
Event: 40.625 Thread 0x00007f8ec3d8b000 Implicit null exception at 0x00000001085f1eaa to 0x00000001085f2029
Event: 41.011 Thread 0x00007f8ec3d8b000 Implicit null exception at 0x0000000108596b82 to 0x0000000108599615

Events (10 events):
Event: 42.529 Thread 0x00007f8ec3d8b000 DEOPT UNPACKING pc=0x000000010696f4c4 sp=0x000070000f46ce60 mode 0
Event: 42.577 Thread 0x00007f8ec2ef2000 DEOPT PACKING pc=0x00000001086d32e1 sp=0x000070000f673010
Event: 42.577 Thread 0x00007f8ec2ef2000 DEOPT UNPACKING pc=0x000000010696f4c4 sp=0x000070000f672e60 mode 0
Event: 42.579 Thread 0x00007f8ec3cbc000 DEOPT PACKING pc=0x0000000108556a34 sp=0x000070000f570110
Event: 42.579 Thread 0x00007f8ec3cbc000 DEOPT UNPACKING pc=0x000000010696f4c4 sp=0x000070000f56fe10 mode 0
Event: 42.629 Thread 0x00007f8ec3cbc000 DEOPT PACKING pc=0x0000000108556a34 sp=0x000070000f5700c0
Event: 42.629 Thread 0x00007f8ec3cbc000 DEOPT UNPACKING pc=0x000000010696f4c4 sp=0x000070000f56fdc0 mode 0
Event: 42.657 Thread 0x00007f8ec2ef2000 DEOPT PACKING pc=0x00000001086d32e1 sp=0x000070000f672f60
Event: 42.657 Thread 0x00007f8ec2ef2000 DEOPT UNPACKING pc=0x000000010696f4c4 sp=0x000070000f672db0 mode 0
Event: 42.661 Executing VM operation: ParallelGCFailedAllocation


Dynamic libraries:
0x0000000040f3d000 	/System/Library/Frameworks/Cocoa.framework/Versions/A/Cocoa
0x0000000040f3d000 	/System/Library/Frameworks/Security.framework/Versions/A/Security
0x0000000040f3d000 	/System/Library/Frameworks/ApplicationServices.framework/Versions/A/ApplicationServices
0x0000000040f3d000 	/usr/lib/libz.1.dylib
0x0000000040f3d000 	/usr/lib/libSystem.B.dylib
0x0000000040f3d000 	/System/Library/Frameworks/CoreFoundation.framework/Versions/A/CoreFoundation
0x0000000040f3d000 	/System/Library/Frameworks/Foundation.framework/Versions/C/Foundation
0x0000000040f3d000 	/usr/lib/libobjc.A.dylib
0x0000000040f3d000 	/System/Library/Frameworks/AppKit.framework/Versions/C/AppKit
0x0000000040f3d000 	/System/Library/Frameworks/CoreData.framework/Versions/A/CoreData
0x0000000040f3d000 	/System/Library/PrivateFrameworks/RemoteViewServices.framework/Versions/A/RemoteViewServices
0x0000000040f3d000 	/System/Library/PrivateFrameworks/UIFoundation.framework/Versions/A/UIFoundation
0x0000000040f3d000 	/System/Library/PrivateFrameworks/DFRFoundation.framework/Versions/A/DFRFoundation
0x0000000040f3d000 	/usr/lib/libenergytrace.dylib
0x0000000040f3d000 	/System/Library/PrivateFrameworks/SkyLight.framework/Versions/A/SkyLight
0x0000000040f3d000 	/System/Library/Frameworks/CoreGraphics.framework/Versions/A/CoreGraphics
0x0000000040f3d000 	/usr/lib/libScreenReader.dylib
0x0000000040f3d000 	/System/Library/Frameworks/Accelerate.framework/Versions/A/Accelerate
0x0000000040f3d000 	/System/Library/Frameworks/IOSurface.framework/Versions/A/IOSurface
0x0000000040f3d000 	/System/Library/Frameworks/AudioToolbox.framework/Versions/A/AudioToolbox
0x0000000040f3d000 	/System/Library/Frameworks/AudioUnit.framework/Versions/A/AudioUnit
0x0000000040f3d000 	/System/Library/PrivateFrameworks/DataDetectorsCore.framework/Versions/A/DataDetectorsCore
0x0000000040f3d000 	/System/Library/PrivateFrameworks/DesktopServicesPriv.framework/Versions/A/DesktopServicesPriv
0x0000000040f3d000 	/System/Library/Frameworks/Carbon.framework/Versions/A/Frameworks/HIToolbox.framework/Versions/A/HIToolbox
0x0000000040f3d000 	/usr/lib/libicucore.A.dylib
0x0000000040f3d000 	/System/Library/Frameworks/QuartzCore.framework/Versions/A/QuartzCore
0x0000000040f3d000 	/System/Library/Frameworks/Carbon.framework/Versions/A/Frameworks/SpeechRecognition.framework/Versions/A/SpeechRecognition
0x0000000040f3d000 	/usr/lib/libauto.dylib
0x0000000040f3d000 	/usr/lib/libxml2.2.dylib
0x0000000040f3d000 	/System/Library/PrivateFrameworks/CoreUI.framework/Versions/A/CoreUI
0x0000000040f3d000 	/System/Library/Frameworks/CoreAudio.framework/Versions/A/CoreAudio
0x0000000040f3d000 	/System/Library/Frameworks/DiskArbitration.framework/Versions/A/DiskArbitration
0x0000000040f3d000 	/usr/lib/liblangid.dylib
0x0000000040f3d000 	/System/Library/PrivateFrameworks/MultitouchSupport.framework/Versions/A/MultitouchSupport
0x0000000040f3d000 	/System/Library/Frameworks/IOKit.framework/Versions/A/IOKit
0x0000000040f3d000 	/usr/lib/libDiagnosticMessagesClient.dylib
0x0000000040f3d000 	/System/Library/Frameworks/CoreServices.framework/Versions/A/CoreServices
0x0000000040f3d000 	/System/Library/PrivateFrameworks/PerformanceAnalysis.framework/Versions/A/PerformanceAnalysis
0x0000000040f3d000 	/System/Library/PrivateFrameworks/GenerationalStorage.framework/Versions/A/GenerationalStorage
0x0000000040f3d000 	/System/Library/Frameworks/OpenGL.framework/Versions/A/OpenGL
0x0000000040f3d000 	/System/Library/Frameworks/CoreImage.framework/Versions/A/CoreImage
0x0000000040f3d000 	/System/Library/Frameworks/CoreText.framework/Versions/A/CoreText
0x0000000040f3d000 	/System/Library/Frameworks/ImageIO.framework/Versions/A/ImageIO
0x0000000040f3d000 	/System/Library/PrivateFrameworks/Backup.framework/Versions/A/Backup
0x0000000040f3d000 	/usr/lib/libarchive.2.dylib
0x0000000040f3d000 	/System/Library/Frameworks/CFNetwork.framework/Versions/A/CFNetwork
0x0000000040f3d000 	/System/Library/Frameworks/SystemConfiguration.framework/Versions/A/SystemConfiguration
0x0000000040f3d000 	/usr/lib/libCRFSuite.dylib
0x0000000040f3d000 	/usr/lib/libc++.1.dylib
0x0000000040f3d000 	/usr/lib/libc++abi.dylib
0x0000000040f3d000 	/usr/lib/system/libcache.dylib
0x0000000040f3d000 	/usr/lib/system/libcommonCrypto.dylib
0x0000000040f3d000 	/usr/lib/system/libcompiler_rt.dylib
0x0000000040f3d000 	/usr/lib/system/libcopyfile.dylib
0x0000000040f3d000 	/usr/lib/system/libcorecrypto.dylib
0x0000000040f3d000 	/usr/lib/system/libdispatch.dylib
0x0000000040f3d000 	/usr/lib/system/libdyld.dylib
0x0000000040f3d000 	/usr/lib/system/libkeymgr.dylib
0x0000000040f3d000 	/usr/lib/system/liblaunch.dylib
0x0000000040f3d000 	/usr/lib/system/libmacho.dylib
0x0000000040f3d000 	/usr/lib/system/libquarantine.dylib
0x0000000040f3d000 	/usr/lib/system/libremovefile.dylib
0x0000000040f3d000 	/usr/lib/system/libsystem_asl.dylib
0x0000000040f3d000 	/usr/lib/system/libsystem_blocks.dylib
0x0000000040f3d000 	/usr/lib/system/libsystem_c.dylib
0x0000000040f3d000 	/usr/lib/system/libsystem_configuration.dylib
0x0000000040f3d000 	/usr/lib/system/libsystem_coreservices.dylib
0x0000000040f3d000 	/usr/lib/system/libsystem_coretls.dylib
0x0000000040f3d000 	/usr/lib/system/libsystem_dnssd.dylib
0x0000000040f3d000 	/usr/lib/system/libsystem_info.dylib
0x0000000040f3d000 	/usr/lib/system/libsystem_kernel.dylib
0x0000000040f3d000 	/usr/lib/system/libsystem_m.dylib
0x0000000040f3d000 	/usr/lib/system/libsystem_malloc.dylib
0x0000000040f3d000 	/usr/lib/system/libsystem_network.dylib
0x0000000040f3d000 	/usr/lib/system/libsystem_networkextension.dylib
0x0000000040f3d000 	/usr/lib/system/libsystem_notify.dylib
0x0000000040f3d000 	/usr/lib/system/libsystem_platform.dylib
0x0000000040f3d000 	/usr/lib/system/libsystem_pthread.dylib
0x0000000040f3d000 	/usr/lib/system/libsystem_sandbox.dylib
0x0000000040f3d000 	/usr/lib/system/libsystem_secinit.dylib
0x0000000040f3d000 	/usr/lib/system/libsystem_symptoms.dylib
0x0000000040f3d000 	/usr/lib/system/libsystem_trace.dylib
0x0000000040f3d000 	/usr/lib/system/libunwind.dylib
0x0000000040f3d000 	/usr/lib/system/libxpc.dylib
0x0000000040f3d000 	/usr/lib/libbsm.0.dylib
0x0000000040f3d000 	/usr/lib/system/libkxld.dylib
0x0000000040f3d000 	/usr/lib/libcoretls.dylib
0x0000000040f3d000 	/usr/lib/libcoretls_cfhelpers.dylib
0x0000000040f3d000 	/usr/lib/libOpenScriptingUtil.dylib
0x0000000040f3d000 	/usr/lib/libpam.2.dylib
0x0000000040f3d000 	/usr/lib/libsqlite3.dylib
0x0000000040f3d000 	/usr/lib/libxar.1.dylib
0x0000000040f3d000 	/usr/lib/libbz2.1.0.dylib
0x0000000040f3d000 	/usr/lib/liblzma.5.dylib
0x0000000040f3d000 	/usr/lib/libnetwork.dylib
0x0000000040f3d000 	/usr/lib/libpcap.A.dylib
0x0000000040f3d000 	/System/Library/Frameworks/CoreServices.framework/Versions/A/Frameworks/FSEvents.framework/Versions/A/FSEvents
0x0000000040f3d000 	/System/Library/Frameworks/CoreServices.framework/Versions/A/Frameworks/CarbonCore.framework/Versions/A/CarbonCore
0x0000000040f3d000 	/System/Library/Frameworks/CoreServices.framework/Versions/A/Frameworks/Metadata.framework/Versions/A/Metadata
0x0000000040f3d000 	/System/Library/Frameworks/CoreServices.framework/Versions/A/Frameworks/OSServices.framework/Versions/A/OSServices
0x0000000040f3d000 	/System/Library/Frameworks/CoreServices.framework/Versions/A/Frameworks/SearchKit.framework/Versions/A/SearchKit
0x0000000040f3d000 	/System/Library/Frameworks/CoreServices.framework/Versions/A/Frameworks/AE.framework/Versions/A/AE
0x0000000040f3d000 	/System/Library/Frameworks/CoreServices.framework/Versions/A/Frameworks/LaunchServices.framework/Versions/A/LaunchServices
0x0000000040f3d000 	/System/Library/Frameworks/CoreServices.framework/Versions/A/Frameworks/DictionaryServices.framework/Versions/A/DictionaryServices
0x0000000040f3d000 	/System/Library/Frameworks/CoreServices.framework/Versions/A/Frameworks/SharedFileList.framework/Versions/A/SharedFileList
0x0000000040f3d000 	/System/Library/Frameworks/NetFS.framework/Versions/A/NetFS
0x0000000040f3d000 	/System/Library/PrivateFrameworks/NetAuth.framework/Versions/A/NetAuth
0x0000000040f3d000 	/System/Library/PrivateFrameworks/login.framework/Versions/A/Frameworks/loginsupport.framework/Versions/A/loginsupport
0x0000000040f3d000 	/System/Library/PrivateFrameworks/TCC.framework/Versions/A/TCC
0x0000000040f3d000 	/usr/lib/libmecabra.dylib
0x0000000040f3d000 	/System/Library/Frameworks/ApplicationServices.framework/Versions/A/Frameworks/ATS.framework/Versions/A/ATS
0x0000000040f3d000 	/System/Library/Frameworks/ApplicationServices.framework/Versions/A/Frameworks/ColorSync.framework/Versions/A/ColorSync
0x0000000040f3d000 	/System/Library/Frameworks/ApplicationServices.framework/Versions/A/Frameworks/HIServices.framework/Versions/A/HIServices
0x0000000040f3d000 	/System/Library/Frameworks/ApplicationServices.framework/Versions/A/Frameworks/LangAnalysis.framework/Versions/A/LangAnalysis
0x0000000040f3d000 	/System/Library/Frameworks/ApplicationServices.framework/Versions/A/Frameworks/PrintCore.framework/Versions/A/PrintCore
0x0000000040f3d000 	/System/Library/Frameworks/ApplicationServices.framework/Versions/A/Frameworks/QD.framework/Versions/A/QD
0x0000000040f3d000 	/System/Library/Frameworks/ApplicationServices.framework/Versions/A/Frameworks/SpeechSynthesis.framework/Versions/A/SpeechSynthesis
0x0000000040f3d000 	/System/Library/Frameworks/Accelerate.framework/Versions/A/Frameworks/vImage.framework/Versions/A/vImage
0x0000000040f3d000 	/System/Library/Frameworks/Accelerate.framework/Versions/A/Frameworks/vecLib.framework/Versions/A/vecLib
0x0000000040f3d000 	/System/Library/Frameworks/Accelerate.framework/Versions/A/Frameworks/vecLib.framework/Versions/A/libvDSP.dylib
0x0000000040f3d000 	/System/Library/Frameworks/Accelerate.framework/Versions/A/Frameworks/vecLib.framework/Versions/A/libBNNS.dylib
0x0000000040f3d000 	/System/Library/Frameworks/Accelerate.framework/Versions/A/Frameworks/vecLib.framework/Versions/A/libQuadrature.dylib
0x0000000040f3d000 	/System/Library/Frameworks/Accelerate.framework/Versions/A/Frameworks/vecLib.framework/Versions/A/libvMisc.dylib
0x0000000040f3d000 	/System/Library/Frameworks/Accelerate.framework/Versions/A/Frameworks/vecLib.framework/Versions/A/libLAPACK.dylib
0x0000000040f3d000 	/System/Library/Frameworks/Accelerate.framework/Versions/A/Frameworks/vecLib.framework/Versions/A/libBLAS.dylib
0x0000000040f3d000 	/System/Library/Frameworks/Accelerate.framework/Versions/A/Frameworks/vecLib.framework/Versions/A/libLinearAlgebra.dylib
0x0000000040f3d000 	/System/Library/Frameworks/Accelerate.framework/Versions/A/Frameworks/vecLib.framework/Versions/A/libSparseBLAS.dylib
0x0000000040f3d000 	/System/Library/Frameworks/ApplicationServices.framework/Versions/A/Frameworks/ATS.framework/Versions/A/Resources/libFontParser.dylib
0x0000000040f3d000 	/System/Library/Frameworks/ApplicationServices.framework/Versions/A/Frameworks/ATS.framework/Versions/A/Resources/libFontRegistry.dylib
0x0000000040f3d000 	/System/Library/Frameworks/ImageIO.framework/Versions/A/Resources/libJPEG.dylib
0x0000000040f3d000 	/System/Library/Frameworks/ImageIO.framework/Versions/A/Resources/libTIFF.dylib
0x0000000040f3d000 	/System/Library/Frameworks/ImageIO.framework/Versions/A/Resources/libPng.dylib
0x0000000040f3d000 	/System/Library/Frameworks/ImageIO.framework/Versions/A/Resources/libGIF.dylib
0x0000000040f3d000 	/System/Library/Frameworks/ImageIO.framework/Versions/A/Resources/libJP2.dylib
0x0000000040f3d000 	/System/Library/Frameworks/ImageIO.framework/Versions/A/Resources/libRadiance.dylib
0x0000000040f3d000 	/usr/lib/libcompression.dylib
0x0000000040f3d000 	/System/Library/PrivateFrameworks/AppleJPEG.framework/Versions/A/AppleJPEG
0x0000000040f3d000 	/usr/lib/libcups.2.dylib
0x0000000040f3d000 	/System/Library/Frameworks/Kerberos.framework/Versions/A/Kerberos
0x0000000040f3d000 	/System/Library/Frameworks/GSS.framework/Versions/A/GSS
0x0000000040f3d000 	/usr/lib/libresolv.9.dylib
0x0000000040f3d000 	/usr/lib/libiconv.2.dylib
0x0000000040f3d000 	/System/Library/PrivateFrameworks/Heimdal.framework/Versions/A/Heimdal
0x0000000040f3d000 	/usr/lib/libheimdal-asn1.dylib
0x0000000040f3d000 	/System/Library/Frameworks/OpenDirectory.framework/Versions/A/OpenDirectory
0x0000000040f3d000 	/System/Library/PrivateFrameworks/CommonAuth.framework/Versions/A/CommonAuth
0x0000000040f3d000 	/System/Library/Frameworks/OpenDirectory.framework/Versions/A/Frameworks/CFOpenDirectory.framework/Versions/A/CFOpenDirectory
0x0000000040f3d000 	/System/Library/Frameworks/SecurityFoundation.framework/Versions/A/SecurityFoundation
0x0000000040f3d000 	/System/Library/PrivateFrameworks/LanguageModeling.framework/Versions/A/LanguageModeling
0x0000000040f3d000 	/usr/lib/libmarisa.dylib
0x0000000040f3d000 	/usr/lib/libChineseTokenizer.dylib
0x0000000040f3d000 	/usr/lib/libcmph.dylib
0x0000000040f3d000 	/System/Library/PrivateFrameworks/CoreEmoji.framework/Versions/A/CoreEmoji
0x0000000040f3d000 	/System/Library/Frameworks/ServiceManagement.framework/Versions/A/ServiceManagement
0x0000000040f3d000 	/usr/lib/libxslt.1.dylib
0x0000000040f3d000 	/System/Library/Frameworks/Carbon.framework/Versions/A/Frameworks/Ink.framework/Versions/A/Ink
0x0000000040f3d000 	/System/Library/PrivateFrameworks/TextureIO.framework/Versions/A/TextureIO
0x0000000040f3d000 	/System/Library/Frameworks/Metal.framework/Versions/A/Metal
0x0000000040f3d000 	/usr/lib/libate.dylib
0x0000000040f3d000 	/System/Library/PrivateFrameworks/GPUCompiler.framework/libmetal_timestamp.dylib
0x0000000040f3d000 	/System/Library/Frameworks/OpenGL.framework/Versions/A/Libraries/libCoreFSCache.dylib
0x0000000040f3d000 	/System/Library/PrivateFrameworks/IOAccelerator.framework/Versions/A/IOAccelerator
0x0000000040f3d000 	/System/Library/Frameworks/CoreVideo.framework/Versions/A/CoreVideo
0x0000000040f3d000 	/usr/lib/libFosl_dynamic.dylib
0x0000000040f3d000 	/System/Library/PrivateFrameworks/MetalPerformanceShaders.framework/Versions/A/MetalPerformanceShaders
0x0000000040f3d000 	/System/Library/PrivateFrameworks/FaceCore.framework/Versions/A/FaceCore
0x0000000040f3d000 	/System/Library/Frameworks/OpenCL.framework/Versions/A/OpenCL
0x0000000040f3d000 	/System/Library/Frameworks/OpenGL.framework/Versions/A/Libraries/libGLU.dylib
0x0000000040f3d000 	/System/Library/Frameworks/OpenGL.framework/Versions/A/Libraries/libGFXShared.dylib
0x0000000040f3d000 	/System/Library/Frameworks/OpenGL.framework/Versions/A/Libraries/libGL.dylib
0x0000000040f3d000 	/System/Library/Frameworks/OpenGL.framework/Versions/A/Libraries/libGLImage.dylib
0x0000000040f3d000 	/System/Library/Frameworks/OpenGL.framework/Versions/A/Libraries/libCVMSPluginSupport.dylib
0x0000000040f3d000 	/System/Library/Frameworks/OpenGL.framework/Versions/A/Libraries/libCoreVMClient.dylib
0x0000000040f3d000 	/System/Library/PrivateFrameworks/CrashReporterSupport.framework/Versions/A/CrashReporterSupport
0x0000000040f3d000 	/System/Library/PrivateFrameworks/Sharing.framework/Versions/A/Sharing
0x0000000040f3d000 	/System/Library/PrivateFrameworks/IconServices.framework/Versions/A/IconServices
0x0000000040f3d000 	/System/Library/PrivateFrameworks/ProtocolBuffer.framework/Versions/A/ProtocolBuffer
0x0000000040f3d000 	/System/Library/PrivateFrameworks/Apple80211.framework/Versions/A/Apple80211
0x0000000040f3d000 	/System/Library/Frameworks/CoreWLAN.framework/Versions/A/CoreWLAN
0x0000000040f3d000 	/System/Library/PrivateFrameworks/CoreUtils.framework/Versions/A/CoreUtils
0x0000000040f3d000 	/System/Library/Frameworks/IOBluetooth.framework/Versions/A/IOBluetooth
0x0000000040f3d000 	/System/Library/PrivateFrameworks/CoreWiFi.framework/Versions/A/CoreWiFi
0x0000000040f3d000 	/System/Library/Frameworks/CoreBluetooth.framework/Versions/A/CoreBluetooth
0x0000000040f3d000 	/System/Library/Frameworks/CoreDisplay.framework/Versions/A/CoreDisplay
0x0000000040f3d000 	/System/Library/PrivateFrameworks/IOPresentment.framework/Versions/A/IOPresentment
0x0000000040f3d000 	/System/Library/PrivateFrameworks/DSExternalDisplay.framework/Versions/A/DSExternalDisplay
0x0000000040f3d000 	/System/Library/PrivateFrameworks/DebugSymbols.framework/Versions/A/DebugSymbols
0x0000000040f3d000 	/System/Library/PrivateFrameworks/CoreSymbolication.framework/Versions/A/CoreSymbolication
0x0000000040f3d000 	/System/Library/PrivateFrameworks/Symbolication.framework/Versions/A/Symbolication
0x0000000040f3d000 	/System/Library/PrivateFrameworks/AppleFSCompression.framework/Versions/A/AppleFSCompression
0x0000000040f3d000 	/System/Library/PrivateFrameworks/SpeechRecognitionCore.framework/Versions/A/SpeechRecognitionCore
0x0000000040f3d000 	/System/Library/PrivateFrameworks/ChunkingLibrary.framework/Versions/A/ChunkingLibrary
0x0000000103200000 	/Applications/Android Studio 2.app/Contents/jre/jdk/Contents/Home/jre/lib/server/libjvm.dylib
0x0000000040f3d000 	/usr/lib/libstdc++.6.dylib
0x00000001029e0000 	/Applications/Android Studio 2.app/Contents/jre/jdk/Contents/Home/jre/lib/libverify.dylib
0x0000000103c68000 	/Applications/Android Studio 2.app/Contents/jre/jdk/Contents/Home/jre/lib/libjava.dylib
0x00000001029f6000 	/Applications/Android Studio 2.app/Contents/jre/jdk/Contents/Home/jre/lib/libzip.dylib
0x0000000119dc1000 	/Applications/Android Studio 2.app/Contents/jre/jdk/Contents/Home/jre/lib/libnet.dylib
0x0000000119dd8000 	/Applications/Android Studio 2.app/Contents/jre/jdk/Contents/Home/jre/lib/libnio.dylib
0x0000000106892000 	/Users/laki/.gradle/native/25/osx-amd64/libnative-platform.dylib
0x000000011a1e5000 	/Applications/Android Studio 2.app/Contents/jre/jdk/Contents/Home/jre/lib/libmanagement.dylib

VM Arguments:
jvm_args: -Xmx2048m -Dfile.encoding=UTF-8 -Duser.country=ZA -Duser.language=en -Duser.variant 
java_command: org.gradle.launcher.daemon.bootstrap.GradleDaemon 4.4
java_class_path (initial): /Users/laki/.gradle/wrapper/dists/gradle-4.4-all/9br9xq1tocpiv8o6njlyu5op1/gradle-4.4/lib/gradle-launcher-4.4.jar
Launcher Type: SUN_STANDARD

Environment Variables:
PATH=/Library/Frameworks/Python.framework/Versions/3.6/bin:/usr/local/bin:/usr/bin:/bin:/usr/sbin:/sbin:/opt/X11/bin
SHELL=/bin/bash
DISPLAY=/private/tmp/com.apple.launchd.yQEhm7FX7h/org.macosforge.xquartz:0

Signal Handlers:
SIGSEGV: [libjvm.dylib+0x53f567], sa_mask[0]=11111111011111110111111111111111, sa_flags=SA_ONSTACK|SA_RESTART|SA_SIGINFO
SIGBUS: [libjvm.dylib+0x53f567], sa_mask[0]=11111111011111110111111111111111, sa_flags=SA_RESTART|SA_SIGINFO
SIGFPE: [libjvm.dylib+0x437adf], sa_mask[0]=11111111011111110111111111111111, sa_flags=SA_RESTART|SA_SIGINFO
SIGPIPE: [libjvm.dylib+0x437adf], sa_mask[0]=11111111011111110111111111111111, sa_flags=SA_RESTART|SA_SIGINFO
SIGXFSZ: [libjvm.dylib+0x437adf], sa_mask[0]=11111111011111110111111111111111, sa_flags=SA_RESTART|SA_SIGINFO
SIGILL: [libjvm.dylib+0x437adf], sa_mask[0]=11111111011111110111111111111111, sa_flags=SA_RESTART|SA_SIGINFO
SIGUSR1: SIG_DFL, sa_mask[0]=00000000000000000000000000000000, sa_flags=none
SIGUSR2: [libjvm.dylib+0x438404], sa_mask[0]=00100000000000000000000000000000, sa_flags=SA_RESTART|SA_SIGINFO
SIGHUP: [libjvm.dylib+0x4365f9], sa_mask[0]=11111111011111110111111111111111, sa_flags=SA_RESTART|SA_SIGINFO
SIGINT: [libjvm.dylib+0x4365f9], sa_mask[0]=11111111011111110111111111111111, sa_flags=SA_RESTART|SA_SIGINFO
SIGTERM: [libjvm.dylib+0x4365f9], sa_mask[0]=11111111011111110111111111111111, sa_flags=SA_RESTART|SA_SIGINFO
SIGQUIT: [libjvm.dylib+0x4365f9], sa_mask[0]=11111111011111110111111111111111, sa_flags=SA_RESTART|SA_SIGINFO


---------------  S Y S T E M  ---------------

OS:Bsduname:Darwin 16.7.0 Darwin Kernel Version 16.7.0: Thu Jun 15 17:36:27 PDT 2017; root:xnu-3789.70.16~2/RELEASE_X86_64 x86_64
rlimit: STACK 8192k, CORE 0k, NPROC 709, NOFILE 10240, AS infinity
load average:5.38 4.25 2.92

CPU:total 4 (initial active 4) (2 cores per cpu, 2 threads per core) family 6 model 58 stepping 9, cmov, cx8, fxsr, mmx, sse, sse2, sse3, ssse3, sse4.1, sse4.2, popcnt, avx, aes, clmul, erms, ht, tsc, tscinvbit, tscinv

Memory: 4k page, physical 4194304k(36232k free)

/proc/meminfo:


vm_info: OpenJDK 64-Bit Server VM (25.152-b01) for bsd-amd64 JRE (1.8.0_152-release-1024-b01), built by "builder" with gcc 4.2.1 Compatible Apple LLVM 8.1.0 (clang-802.0.42)

time: Tue May 22 10:18:10 2018
elapsed time: 43 seconds (0d 0h 0m 43s)

