#
# A fatal error has been detected by the Java Runtime Environment:
#
#  SIGSEGV (0xb) at pc=0x0000000115a5eff3, pid=2129, tid=0x0000000000002a03
#
# JRE version: OpenJDK Runtime Environment (8.0_152-b01) (build 1.8.0_152-release-1024-b01)
# Java VM: OpenJDK 64-Bit Server VM (25.152-b01 mixed mode bsd-amd64 compressed oops)
# Problematic frame:
# V  [libjvm.dylib+0x291ff3]  InstanceKlass::oop_follow_contents(ParCompactionManager*, oopDesc*)+0x149
#
# Failed to write core dump. Core dumps have been disabled. To enable core dumping, try "ulimit -c unlimited" before starting Java again
#
# If you would like to submit a bug report, please visit:
#   http://bugreport.java.com/bugreport/crash.jsp
#

---------------  T H R E A D  ---------------

Current thread (0x00007f8fc9810800):  GCTaskThread [stack: 0x0000700004932000,0x0000700004a32000] [id=10755]

siginfo: si_signo: 11 (SIGSEGV), si_code: 1 (SEGV_MAPERR), si_addr: 0x0000000000000070

Registers:
RAX=0x0000000115faee00, RBX=0x0000000115fc51c8, RCX=0x40a0428422050203, RDX=0x000000000001c801
RSP=0x0000700004a31c80, RBP=0x0000700004a31ce0, RSI=0x0000700004a31c88, RDI=0x0000000000000068
R8 =0x0000000000000272, R9 =0x0000000115fbfdfb, R10=0x0000000128b507b8, R11=0x0000000126b507b8
R12=0x000000075391ed9c, R13=0x00000007c0991088, R14=0x000000075391ed98, R15=0x000000074391eda0
RIP=0x0000000115a5eff3, EFLAGS=0x0000000000010202, ERR=0x0000000000000004
  TRAPNO=0x000000000000000e

Top of Stack: (sp=0x0000700004a31c80)
0x0000700004a31c80:   0000000000000001 00000007406923a8
0x0000700004a31c90:   00000007c0991088 000000075391ed88
0x0000700004a31ca0:   00007f8fc94107e0 00000007c0991090
0x0000700004a31cb0:   00007f8fc94107a0 00007f8fc94107a0
0x0000700004a31cc0:   0000000115fc4680 0000000115faee00
0x0000700004a31cd0:   00007f8fc94107a8 0000000115fbfdf9
0x0000700004a31ce0:   0000700004a31d60 0000000115c366ff
0x0000700004a31cf0:   0000700004a31d60 00007f8fc94107e0
0x0000700004a31d00:   00007f8fc9410860 000000075391ed88
0x0000700004a31d10:   00007f8fc9410828 0000000750e9c928
0x0000700004a31d20:   00007f8fc94107e0 00000007c0168a48
0x0000700004a31d30:   00007f8fc94107a0 00007f8fc94107a0
0x0000700004a31d40:   0000000115faee00 0000000115fbfdf9
0x0000700004a31d50:   0000700004a31d74 0000000000000003
0x0000700004a31d60:   0000700004a31dc0 0000000115c287a9
0x0000700004a31d70:   2a7f1b3004a31d90 00007f8fcf549de0
0x0000700004a31d80:   00000007bdd67200 00007f8f0004b200
0x0000700004a31d90:   0000000750e9c928 00007f8fc9810800
0x0000700004a31da0:   00007f8fcf549de0 0000000115d6f8b9
0x0000700004a31db0:   0000000000000000 0000000000000001
0x0000700004a31dc0:   0000700004a31ea0 0000000115a21928
0x0000700004a31dd0:   0000000115fbff00 00007f8fc9810800
0x0000700004a31de0:   00007f8fc960fcb0 00007f8fc960fcf0
0x0000700004a31df0:   00007f8fc960fd00 00007f8fc960fdd8
0x0000700004a31e00:   00000000000000d8 00007f8fc960fef0
0x0000700004a31e10:   00007f8fc9810800 00007f8fc960fcb0
0x0000700004a31e20:   00007f8fc960fcf0 00007f8fc960fd00
0x0000700004a31e30:   00007f8fc960fdd8 00000000000000d8
0x0000700004a31e40:   0000700004a31dd8 00007f8fc960fc80
0x0000700004a31e50:   00007f8fc96125f0 00007f8fc9612600
0x0000700004a31e60:   00007f8fc96129d8 00000000000003d8
0x0000700004a31e70:   0000000000000000 00007f8fc9613260 

Instructions: (pc=0x0000000115a5eff3)
0x0000000115a5efd3:   8a 10 84 d2 74 16 48 8d 05 20 fe 54 00 8a 48 08
0x0000000115a5efe3:   41 8b 7f 08 48 d3 e7 48 03 38 eb 04 49 8b 7f 08
0x0000000115a5eff3:   8b 47 08 85 c0 7e 09 a8 01 75 07 c1 f8 03 eb 4e
0x0000000115a5f003:   78 0e 48 8b 07 4c 89 fe ff 90 e8 00 00 00 eb 3e 

Register to memory mapping:

RAX=0x0000000115faee00: _ZN8Universe13_narrow_klassE+0 in /Applications/Android Studio 2.app/Contents/jre/jdk/Contents/Home/jre/lib/server/libjvm.dylib at 0x00000001157cd000
RBX=0x0000000115fc51c8: _ZN17PSParallelCompact12_mark_bitmapE+0 in /Applications/Android Studio 2.app/Contents/jre/jdk/Contents/Home/jre/lib/server/libjvm.dylib at 0x00000001157cd000
RCX=0x40a0428422050203 is an unknown value
RDX=0x000000000001c801 is an unknown value
RSP=0x0000700004a31c80 is an unknown value
RBP=0x0000700004a31ce0 is an unknown value
RSI=0x0000700004a31c88 is an unknown value
RDI=0x0000000000000068 is an unknown value
R8 =0x0000000000000272 is an unknown value
R9 =0x0000000115fbfdfb: AssumeMP+0 in /Applications/Android Studio 2.app/Contents/jre/jdk/Contents/Home/jre/lib/server/libjvm.dylib at 0x00000001157cd000
R10=0x0000000128b507b8 is an unknown value
R11=0x0000000126b507b8 is an unknown value
R12=0x000000075391ed9c is pointing into object: 0x000000075391ed88
com.android.dx.rop.code.InsnList 
 - klass: 'com/android/dx/rop/code/InsnList'
R13=0x00000007c0991088 is pointing into metadata
R14=0x000000075391ed98 is pointing into object: 0x000000075391ed88
com.android.dx.rop.code.InsnList 
 - klass: 'com/android/dx/rop/code/InsnList'
R15=0x000000074391eda0 is pointing into object: 0x000000074391ed70
org.gradle.internal.component.local.model.DefaultLocalComponentMetadata$DefaultLocalConfigurationMetadata 
 - klass: 'org/gradle/internal/component/local/model/DefaultLocalComponentMetadata$DefaultLocalConfigurationMetadata'


Stack: [0x0000700004932000,0x0000700004a32000],  sp=0x0000700004a31c80,  free space=1023k
Native frames: (J=compiled Java code, j=interpreted, Vv=VM code, C=native code)
V  [libjvm.dylib+0x291ff3]  InstanceKlass::oop_follow_contents(ParCompactionManager*, oopDesc*)+0x149
V  [libjvm.dylib+0x4696ff]  ParCompactionManager::follow_marking_stacks()+0x145
V  [libjvm.dylib+0x45b7a9]  StealMarkingTask::do_it(GCTaskManager*, unsigned int)+0xd9
V  [libjvm.dylib+0x254928]  GCTaskThread::run()+0x130
V  [libjvm.dylib+0x435709]  java_start(Thread*)+0xfa
C  [libsystem_pthread.dylib+0x393b]  _pthread_body+0xb4
C  [libsystem_pthread.dylib+0x3887]  _pthread_body+0x0
C  [libsystem_pthread.dylib+0x308d]  thread_start+0xd


---------------  P R O C E S S  ---------------

Java Threads: ( => current thread )
  0x00007f8fcea0d000 JavaThread "pool-4-thread-4" [_thread_blocked, id=33027, stack(0x0000700007027000,0x0000700007127000)]
  0x00007f8fcf894000 JavaThread "pool-4-thread-3" [_thread_blocked, id=32515, stack(0x0000700006f24000,0x0000700007024000)]
  0x00007f8fcb6a3000 JavaThread "pool-4-thread-2" [_thread_blocked, id=32003, stack(0x0000700006e21000,0x0000700006f21000)]
  0x00007f8fceccc000 JavaThread "pool-5-thread-1" [_thread_blocked, id=31491, stack(0x0000700006d1e000,0x0000700006e1e000)]
  0x00007f8fcf7d9000 JavaThread "pool-4-thread-1" [_thread_blocked, id=30979, stack(0x0000700006c1b000,0x0000700006d1b000)]
  0x00007f8fcfa25800 JavaThread "pool-2-thread-1" [_thread_blocked, id=30467, stack(0x0000700006b18000,0x0000700006c18000)]
  0x00007f8fcf850000 JavaThread "Task worker for ':' Thread 3" [_thread_blocked, id=29955, stack(0x0000700006a15000,0x0000700006b15000)]
  0x00007f8fc9841000 JavaThread "Task worker for ':' Thread 2" [_thread_blocked, id=29443, stack(0x0000700006912000,0x0000700006a12000)]
  0x00007f8fcd877800 JavaThread "Task worker for ':'" [_thread_blocked, id=28931, stack(0x000070000680f000,0x000070000690f000)]
  0x00007f8fc9842000 JavaThread "Cache worker for Build Output Cleanup Cache (/Users/laki/Documents/mystuff/AndroidStudioProjects/SEAPP/.gradle/buildOutputCleanup)" [_thread_blocked, id=28419, stack(0x000070000670c000,0x000070000680c000)]
  0x00007f8fcdd9d000 JavaThread "Cache worker for task history cache (/Users/laki/Documents/mystuff/AndroidStudioProjects/SEAPP/.gradle/4.4/taskHistory)" [_thread_blocked, id=27907, stack(0x0000700006609000,0x0000700006709000)]
  0x00007f8fcfc5a000 JavaThread "Cache worker for file content cache (/Users/laki/Documents/mystuff/AndroidStudioProjects/SEAPP/.gradle/4.4/fileContent)" [_thread_blocked, id=4615, stack(0x0000700006506000,0x0000700006606000)]
  0x00007f8fcf859800 JavaThread "Memory manager" [_thread_blocked, id=15623, stack(0x0000700006403000,0x0000700006503000)]
  0x00007f8fcdc4a800 JavaThread "build operations Thread 4" [_thread_blocked, id=27139, stack(0x0000700006300000,0x0000700006400000)]
  0x00007f8fcc506800 JavaThread "build operations Thread 3" [_thread_blocked, id=26627, stack(0x00007000061fd000,0x00007000062fd000)]
  0x00007f8fcc505800 JavaThread "build operations Thread 2" [_thread_blocked, id=26115, stack(0x00007000060fa000,0x00007000061fa000)]
  0x00007f8fcc503800 JavaThread "build operations" [_thread_blocked, id=25603, stack(0x0000700005ff7000,0x00007000060f7000)]
  0x00007f8fcc40e800 JavaThread "Cache worker for Artifact transforms cache (/Users/laki/.gradle/caches/transforms-1)" [_thread_blocked, id=25091, stack(0x0000700005ef4000,0x0000700005ff4000)]
  0x00007f8fca72c800 JavaThread "Cache worker for file hash cache (/Users/laki/Documents/mystuff/AndroidStudioProjects/SEAPP/.gradle/4.4/fileHashes)" [_thread_blocked, id=24579, stack(0x0000700005df1000,0x0000700005ef1000)]
  0x00007f8fcab17000 JavaThread "File lock request listener" [_thread_in_native, id=24067, stack(0x0000700005cee000,0x0000700005dee000)]
  0x00007f8fca58b000 JavaThread "Cache worker for file hash cache (/Users/laki/.gradle/caches/4.4/fileHashes)" [_thread_blocked, id=23555, stack(0x0000700005beb000,0x0000700005ceb000)]
  0x00007f8fca55c000 JavaThread "Stdin handler" [_thread_blocked, id=23043, stack(0x0000700005ae8000,0x0000700005be8000)]
  0x00007f8fc9edb800 JavaThread "Asynchronous log dispatcher for DefaultDaemonConnection: socket connection from /127.0.0.1:50021 to /127.0.0.1:50022" [_thread_blocked, id=22531, stack(0x00007000059e5000,0x0000700005ae5000)]
  0x00007f8fcb1eb000 JavaThread "Daemon worker" [_thread_blocked, id=22019, stack(0x00007000058e2000,0x00007000059e2000)]
  0x00007f8fca55b000 JavaThread "Cancel handler" [_thread_blocked, id=21507, stack(0x00007000057df000,0x00007000058df000)]
  0x00007f8fca516000 JavaThread "Handler for socket connection from /127.0.0.1:50021 to /127.0.0.1:50022" [_thread_in_native, id=20995, stack(0x00007000056dc000,0x00007000057dc000)]
  0x00007f8fc9eb7000 JavaThread "Daemon" [_thread_blocked, id=20483, stack(0x00007000055d9000,0x00007000056d9000)]
  0x00007f8fca50a800 JavaThread "Daemon periodic checks" [_thread_blocked, id=19971, stack(0x00007000054d6000,0x00007000055d6000)]
  0x00007f8fc9eac800 JavaThread "Incoming local TCP Connector on port 50021" [_thread_in_native, id=19459, stack(0x00007000053d3000,0x00007000054d3000)]
  0x00007f8fc9812800 JavaThread "Service Thread" daemon [_thread_blocked, id=18435, stack(0x00007000051cd000,0x00007000052cd000)]
  0x00007f8fc981a000 JavaThread "C1 CompilerThread2" daemon [_thread_blocked, id=17923, stack(0x00007000050ca000,0x00007000051ca000)]
  0x00007f8fc9819000 JavaThread "C2 CompilerThread1" daemon [_thread_blocked, id=17411, stack(0x0000700004fc7000,0x00007000050c7000)]
  0x00007f8fc9802800 JavaThread "C2 CompilerThread0" daemon [_thread_blocked, id=16899, stack(0x0000700004ec4000,0x0000700004fc4000)]
  0x00007f8fca05e000 JavaThread "Signal Dispatcher" daemon [_thread_blocked, id=16387, stack(0x0000700004dc1000,0x0000700004ec1000)]
  0x00007f8fca05d800 JavaThread "Finalizer" daemon [_thread_blocked, id=12291, stack(0x0000700004c3b000,0x0000700004d3b000)]
  0x00007f8fca05a800 JavaThread "Reference Handler" daemon [_thread_blocked, id=11779, stack(0x0000700004b38000,0x0000700004c38000)]
  0x00007f8fc9803800 JavaThread "main" [_thread_blocked, id=6915, stack(0x0000700004526000,0x0000700004626000)]

Other Threads:
  0x00007f8fca056000 VMThread [stack: 0x0000700004a35000,0x0000700004b35000] [id=11267]
  0x00007f8fca801800 WatcherThread [stack: 0x00007000052d0000,0x00007000053d0000] [id=18947]

=>0x00007f8fc9810800 (exited) GCTaskThread [stack: 0x0000700004932000,0x0000700004a32000] [id=10755]

VM state:at safepoint (normal execution)

VM Mutex/Monitor currently owned by a thread:  ([mutex/lock_event])
[0x00007f8fc9501d70] Threads_lock - owner thread: 0x00007f8fca056000
[0x00007f8fc9502270] Heap_lock - owner thread: 0x00007f8fcb6a3000

Heap:
 PSYoungGen      total 524288K, used 116124K [0x0000000795580000, 0x00000007c0000000, 0x00000007c0000000)
  eden space 378368K, 0% used [0x0000000795580000,0x0000000795580000,0x00000007ac700000)
  from space 145920K, 79% used [0x00000007b7180000,0x00000007be2e7210,0x00000007c0000000)
  to   space 160256K, 0% used [0x00000007ac700000,0x00000007ac700000,0x00000007b6380000)
 ParOldGen       total 458240K, used 421350K [0x0000000740000000, 0x000000075bf80000, 0x0000000795580000)
  object space 458240K, 91% used [0x0000000740000000,0x0000000759b79b80,0x000000075bf80000)
 Metaspace       used 68282K, capacity 71082K, committed 71424K, reserved 1110016K
  class space    used 9239K, capacity 9896K, committed 9984K, reserved 1048576K

Card table byte_map: [0x0000000125fc0000,0x00000001263c1000] byte_map_base: 0x00000001225c0000

Marking Bits: (ParMarkBitMap*) 0x0000000115fc51c8
 Begin Bits: [0x000000012666c000, 0x000000012866c000)
 End Bits:   [0x000000012866c000, 0x000000012a66c000)

Polling page: 0x0000000109bff000

CodeCache: size=245760Kb used=35543Kb max_used=35565Kb free=210216Kb
 bounds [0x0000000116c00000, 0x0000000118ef0000, 0x0000000125c00000]
 total_blobs=10948 nmethods=10149 adapters=712
 compilation: enabled

Compilation events (10 events):
Event: 39.849 Thread 0x00007f8fc981a000 11951       2       com.android.dx.dex.code.RopTranslator$TranslationVisitor::visitSwitchInsn (237 bytes)
Event: 39.851 Thread 0x00007f8fc981a000 nmethod 11951 0x0000000118ed3590 code [0x0000000118ed3820, 0x0000000118ed4278]
Event: 39.851 Thread 0x00007f8fc981a000 11952       2       com.android.dx.dex.code.SwitchData::shouldPack (50 bytes)
Event: 39.852 Thread 0x00007f8fc981a000 nmethod 11952 0x0000000118ead0d0 code [0x0000000118ead240, 0x0000000118ead468]
Event: 39.884 Thread 0x00007f8fc9819000 nmethod 11562 0x0000000118eda310 code [0x0000000118eda700, 0x0000000118ede148]
Event: 39.886 Thread 0x00007f8fc9819000 11876       4       com.android.dx.cf.code.ValueAwareMachine::run (1178 bytes)
Event: 39.970 Thread 0x00007f8fc981a000 11954       2       java.util.HashMap$TreeNode::rotateRight (91 bytes)
Event: 39.971 Thread 0x00007f8fc981a000 nmethod 11954 0x0000000118ed3090 code [0x0000000118ed3200, 0x0000000118ed3470]
Event: 40.003 Thread 0x00007f8fc981a000 11955 %     3       com.android.dx.cf.code.ExecutionStack::clear @ 6 (40 bytes)
Event: 40.004 Thread 0x00007f8fc981a000 nmethod 11955% 0x0000000118ed2650 code [0x0000000118ed2800, 0x0000000118ed2dc8]

GC Heap History (10 events):
Event: 35.309 GC heap after
Heap after GC invocations=28 (full 6):
 PSYoungGen      total 440832K, used 16336K [0x0000000795580000, 0x00000007ba080000, 0x00000007c0000000)
  eden space 378368K, 0% used [0x0000000795580000,0x0000000795580000,0x00000007ac700000)
  from space 62464K, 26% used [0x00000007b2080000,0x00000007b3074308,0x00000007b5d80000)
  to   space 91648K, 0% used [0x00000007ac700000,0x00000007ac700000,0x00000007b2080000)
 ParOldGen       total 458240K, used 311074K [0x0000000740000000, 0x000000075bf80000, 0x0000000795580000)
  object space 458240K, 67% used [0x0000000740000000,0x0000000752fc8820,0x000000075bf80000)
 Metaspace       used 68265K, capacity 71082K, committed 71424K, reserved 1110016K
  class space    used 9238K, capacity 9896K, committed 9984K, reserved 1048576K
}
Event: 36.774 GC heap before
{Heap before GC invocations=29 (full 6):
 PSYoungGen      total 440832K, used 394704K [0x0000000795580000, 0x00000007ba080000, 0x00000007c0000000)
  eden space 378368K, 100% used [0x0000000795580000,0x00000007ac700000,0x00000007ac700000)
  from space 62464K, 26% used [0x00000007b2080000,0x00000007b3074308,0x00000007b5d80000)
  to   space 91648K, 0% used [0x00000007ac700000,0x00000007ac700000,0x00000007b2080000)
 ParOldGen       total 458240K, used 311074K [0x0000000740000000, 0x000000075bf80000, 0x0000000795580000)
  object space 458240K, 67% used [0x0000000740000000,0x0000000752fc8820,0x000000075bf80000)
 Metaspace       used 68274K, capacity 71082K, committed 71424K, reserved 1110016K
  class space    used 9238K, capacity 9896K, committed 9984K, reserved 1048576K
Event: 36.931 GC heap after
Heap after GC invocations=29 (full 6):
 PSYoungGen      total 470016K, used 62561K [0x0000000795580000, 0x00000007bb100000, 0x00000007c0000000)
  eden space 378368K, 0% used [0x0000000795580000,0x0000000795580000,0x00000007ac700000)
  from space 91648K, 68% used [0x00000007ac700000,0x00000007b04185f0,0x00000007b2080000)
  to   space 96768K, 0% used [0x00000007b5280000,0x00000007b5280000,0x00000007bb100000)
 ParOldGen       total 458240K, used 327554K [0x0000000740000000, 0x000000075bf80000, 0x0000000795580000)
  object space 458240K, 71% used [0x0000000740000000,0x0000000753fe0820,0x000000075bf80000)
 Metaspace       used 68274K, capacity 71082K, committed 71424K, reserved 1110016K
  class space    used 9238K, capacity 9896K, committed 9984K, reserved 1048576K
}
Event: 37.588 GC heap before
{Heap before GC invocations=30 (full 6):
 PSYoungGen      total 470016K, used 440929K [0x0000000795580000, 0x00000007bb100000, 0x00000007c0000000)
  eden space 378368K, 100% used [0x0000000795580000,0x00000007ac700000,0x00000007ac700000)
  from space 91648K, 68% used [0x00000007ac700000,0x00000007b04185f0,0x00000007b2080000)
  to   space 96768K, 0% used [0x00000007b5280000,0x00000007b5280000,0x00000007bb100000)
 ParOldGen       total 458240K, used 327554K [0x0000000740000000, 0x000000075bf80000, 0x0000000795580000)
  object space 458240K, 71% used [0x0000000740000000,0x0000000753fe0820,0x000000075bf80000)
 Metaspace       used 68276K, capacity 71082K, committed 71424K, reserved 1110016K
  class space    used 9239K, capacity 9896K, committed 9984K, reserved 1048576K
Event: 37.753 GC heap after
Heap after GC invocations=30 (full 6):
 PSYoungGen      total 506368K, used 93351K [0x0000000795580000, 0x00000007bd980000, 0x00000007c0000000)
  eden space 409600K, 0% used [0x0000000795580000,0x0000000795580000,0x00000007ae580000)
  from space 96768K, 96% used [0x00000007b5280000,0x00000007bada9d88,0x00000007bb100000)
  to   space 111616K, 0% used [0x00000007ae580000,0x00000007ae580000,0x00000007b5280000)
 ParOldGen       total 458240K, used 327554K [0x0000000740000000, 0x000000075bf80000, 0x0000000795580000)
  object space 458240K, 71% used [0x0000000740000000,0x0000000753fe0820,0x000000075bf80000)
 Metaspace       used 68276K, capacity 71082K, committed 71424K, reserved 1110016K
  class space    used 9239K, capacity 9896K, committed 9984K, reserved 1048576K
}
Event: 38.803 GC heap before
{Heap before GC invocations=31 (full 6):
 PSYoungGen      total 506368K, used 502951K [0x0000000795580000, 0x00000007bd980000, 0x00000007c0000000)
  eden space 409600K, 100% used [0x0000000795580000,0x00000007ae580000,0x00000007ae580000)
  from space 96768K, 96% used [0x00000007b5280000,0x00000007bada9d88,0x00000007bb100000)
  to   space 111616K, 0% used [0x00000007ae580000,0x00000007ae580000,0x00000007b5280000)
 ParOldGen       total 458240K, used 327554K [0x0000000740000000, 0x000000075bf80000, 0x0000000795580000)
  object space 458240K, 71% used [0x0000000740000000,0x0000000753fe0820,0x000000075bf80000)
 Metaspace       used 68281K, capacity 71082K, committed 71424K, reserved 1110016K
  class space    used 9239K, capacity 9896K, committed 9984K, reserved 1048576K
Event: 39.097 GC heap after
Heap after GC invocations=31 (full 6):
 PSYoungGen      total 521216K, used 111596K [0x0000000795580000, 0x00000007c0000000, 0x00000007c0000000)
  eden space 409600K, 0% used [0x0000000795580000,0x0000000795580000,0x00000007ae580000)
  from space 111616K, 99% used [0x00000007ae580000,0x00000007b527b168,0x00000007b5280000)
  to   space 145920K, 0% used [0x00000007b7180000,0x00000007b7180000,0x00000007c0000000)
 ParOldGen       total 458240K, used 368682K [0x0000000740000000, 0x000000075bf80000, 0x0000000795580000)
  object space 458240K, 80% used [0x0000000740000000,0x000000075680abc0,0x000000075bf80000)
 Metaspace       used 68281K, capacity 71082K, committed 71424K, reserved 1110016K
  class space    used 9239K, capacity 9896K, committed 9984K, reserved 1048576K
}
Event: 40.079 GC heap before
{Heap before GC invocations=32 (full 6):
 PSYoungGen      total 521216K, used 521196K [0x0000000795580000, 0x00000007c0000000, 0x00000007c0000000)
  eden space 409600K, 100% used [0x0000000795580000,0x00000007ae580000,0x00000007ae580000)
  from space 111616K, 99% used [0x00000007ae580000,0x00000007b527b168,0x00000007b5280000)
  to   space 145920K, 0% used [0x00000007b7180000,0x00000007b7180000,0x00000007c0000000)
 ParOldGen       total 458240K, used 368682K [0x0000000740000000, 0x000000075bf80000, 0x0000000795580000)
  object space 458240K, 80% used [0x0000000740000000,0x000000075680abc0,0x000000075bf80000)
 Metaspace       used 68282K, capacity 71082K, committed 71424K, reserved 1110016K
  class space    used 9239K, capacity 9896K, committed 9984K, reserved 1048576K
Event: 40.561 GC heap after
Heap after GC invocations=32 (full 6):
 PSYoungGen      total 524288K, used 116124K [0x0000000795580000, 0x00000007c0000000, 0x00000007c0000000)
  eden space 378368K, 0% used [0x0000000795580000,0x0000000795580000,0x00000007ac700000)
  from space 145920K, 79% used [0x00000007b7180000,0x00000007be2e7210,0x00000007c0000000)
  to   space 160256K, 0% used [0x00000007ac700000,0x00000007ac700000,0x00000007b6380000)
 ParOldGen       total 458240K, used 421350K [0x0000000740000000, 0x000000075bf80000, 0x0000000795580000)
  object space 458240K, 91% used [0x0000000740000000,0x0000000759b79b80,0x000000075bf80000)
 Metaspace       used 68282K, capacity 71082K, committed 71424K, reserved 1110016K
  class space    used 9239K, capacity 9896K, committed 9984K, reserved 1048576K
}
Event: 40.561 GC heap before
{Heap before GC invocations=33 (full 7):
 PSYoungGen      total 524288K, used 116124K [0x0000000795580000, 0x00000007c0000000, 0x00000007c0000000)
  eden space 378368K, 0% used [0x0000000795580000,0x0000000795580000,0x00000007ac700000)
  from space 145920K, 79% used [0x00000007b7180000,0x00000007be2e7210,0x00000007c0000000)
  to   space 160256K, 0% used [0x00000007ac700000,0x00000007ac700000,0x00000007b6380000)
 ParOldGen       total 458240K, used 421350K [0x0000000740000000, 0x000000075bf80000, 0x0000000795580000)
  object space 458240K, 91% used [0x0000000740000000,0x0000000759b79b80,0x000000075bf80000)
 Metaspace       used 68282K, capacity 71082K, committed 71424K, reserved 1110016K
  class space    used 9239K, capacity 9896K, committed 9984K, reserved 1048576K

Deoptimization events (10 events):
Event: 36.597 Thread 0x00007f8fcf859800 Uncommon trap: reason=speculate_class_check action=maybe_recompile pc=0x00000001185bdbf8 method=java.util.concurrent.locks.AbstractQueuedSynchronizer.acquireQueued(Ljava/util/concurrent/locks/AbstractQueuedSynchronizer$Node;I)Z @ 22
Event: 36.943 Thread 0x00007f8fcb6a3000 Uncommon trap: reason=unstable_if action=reinterpret pc=0x0000000118e12868 method=com.android.dx.util.BitIntSet.has(I)Z @ 8
Event: 37.136 Thread 0x00007f8fcea0d000 Uncommon trap: reason=unstable_if action=reinterpret pc=0x0000000118e1f590 method=com.android.dx.rop.type.Type.isReference()Z @ 6
Event: 39.292 Thread 0x00007f8fcf7d9000 Uncommon trap: reason=unstable_if action=reinterpret pc=0x0000000118cfe004 method=com.android.dx.ssa.SCCP.simulateBranch(Lcom/android/dx/ssa/SsaInsn;)V @ 334
Event: 39.432 Thread 0x00007f8fcf7d9000 Uncommon trap: reason=unstable_if action=reinterpret pc=0x00000001177e01e4 method=java.util.concurrent.locks.AbstractQueuedSynchronizer.hasQueuedPredecessors()Z @ 21
Event: 39.692 Thread 0x00007f8fcea0d000 Uncommon trap: reason=unstable_if action=reinterpret pc=0x0000000118e9dea0 method=com.android.dx.dex.code.RopTranslator.outputBlock(Lcom/android/dx/rop/code/BasicBlock;I)V @ 140
Event: 39.733 Thread 0x00007f8fcfa25800 Uncommon trap: reason=unstable_if action=reinterpret pc=0x0000000118db4484 method=com.android.dx.ssa.SsaMethod.makeExitBlock()V @ 103
Event: 39.733 Thread 0x00007f8fcfa25800 Uncommon trap: reason=unstable_if action=reinterpret pc=0x0000000118c11180 method=com.android.dx.ssa.SsaMethod.getExitBlock()Lcom/android/dx/ssa/SsaBasicBlock; @ 4
Event: 39.733 Thread 0x00007f8fcfa25800 Uncommon trap: reason=unstable_if action=reinterpret pc=0x000000011890efa0 method=com.android.dx.ssa.SsaMethod.getExitBlock()Lcom/android/dx/ssa/SsaBasicBlock; @ 4
Event: 39.734 Thread 0x00007f8fcfa25800 Uncommon trap: reason=unstable_if action=reinterpret pc=0x0000000118e08284 method=com.android.dx.ssa.SsaMethod.getExitBlock()Lcom/android/dx/ssa/SsaBasicBlock; @ 4

Classes redefined (0 events):
No events

Internal exceptions (10 events):
Event: 23.858 Thread 0x00007f8fcd877800 Exception <a 'java/lang/ClassNotFoundException': com/android/build/gradle/tasks/ShaderCompileBeanInfo> (0x000000079b7e62e0) thrown at [/Volumes/android/AOSP-openjdk-git/jdk8u/hotspot/src/share/vm/classfile/systemDictionary.cpp, line 210]
Event: 23.858 Thread 0x00007f8fcd877800 Exception <a 'java/lang/ClassNotFoundException': com/android/build/gradle/tasks/ShaderCompileCustomizer> (0x000000079b7f9a78) thrown at [/Volumes/android/AOSP-openjdk-git/jdk8u/hotspot/src/share/vm/classfile/systemDictionary.cpp, line 210]
Event: 23.860 Thread 0x00007f8fcd877800 Exception <a 'java/lang/ClassNotFoundException': com/android/build/gradle/tasks/ShaderCompile_DecoratedCustomizer> (0x000000079b830e90) thrown at [/Volumes/android/AOSP-openjdk-git/jdk8u/hotspot/src/share/vm/classfile/systemDictionary.cpp, line 210]
Event: 23.942 Thread 0x00007f8fcb1eb000 Exception <a 'java/lang/ClassNotFoundException': com/android/build/gradle/internal/tasks/ExtractTryWithResourcesSupportJar_DecoratedBeanInfo> (0x0000000795b75508) thrown at [/Volumes/android/AOSP-openjdk-git/jdk8u/hotspot/src/share/vm/classfile/systemDict
Event: 23.943 Thread 0x00007f8fcb1eb000 Exception <a 'java/lang/ClassNotFoundException': com/android/build/gradle/internal/tasks/ExtractTryWithResourcesSupportJarBeanInfo> (0x0000000795b90ed8) thrown at [/Volumes/android/AOSP-openjdk-git/jdk8u/hotspot/src/share/vm/classfile/systemDictionary.cpp
Event: 23.944 Thread 0x00007f8fcb1eb000 Exception <a 'java/lang/ClassNotFoundException': com/android/build/gradle/internal/tasks/ExtractTryWithResourcesSupportJarCustomizer> (0x000000079bbee548) thrown at [/Volumes/android/AOSP-openjdk-git/jdk8u/hotspot/src/share/vm/classfile/systemDictionary.c
Event: 23.945 Thread 0x00007f8fcb1eb000 Exception <a 'java/lang/ClassNotFoundException': com/android/build/gradle/internal/tasks/ExtractTryWithResourcesSupportJar_DecoratedCustomizer> (0x000000079bc1d908) thrown at [/Volumes/android/AOSP-openjdk-git/jdk8u/hotspot/src/share/vm/classfile/systemDi
Event: 25.758 Thread 0x00007f8fcea0d000 Implicit null exception at 0x0000000118804f40 to 0x0000000118807105
Event: 25.784 Thread 0x00007f8fcfa25800 Implicit null exception at 0x0000000118825733 to 0x000000011882798d
Event: 39.432 Thread 0x00007f8fcf7d9000 Implicit null exception at 0x00000001177e0170 to 0x00000001177e01cd

Events (10 events):
Event: 39.733 Thread 0x00007f8fcfa25800 Uncommon trap: trap_request=0xffffff65 fr.pc=0x0000000118c11180
Event: 39.733 Thread 0x00007f8fcfa25800 DEOPT PACKING pc=0x0000000118c11180 sp=0x0000700006c16560
Event: 39.733 Thread 0x00007f8fcfa25800 DEOPT UNPACKING pc=0x0000000116c4547a sp=0x0000700006c16428 mode 2
Event: 39.733 Thread 0x00007f8fcfa25800 Uncommon trap: trap_request=0xffffff65 fr.pc=0x000000011890efa0
Event: 39.733 Thread 0x00007f8fcfa25800 DEOPT PACKING pc=0x000000011890efa0 sp=0x0000700006c16440
Event: 39.733 Thread 0x00007f8fcfa25800 DEOPT UNPACKING pc=0x0000000116c4547a sp=0x0000700006c16418 mode 2
Event: 39.734 Thread 0x00007f8fcfa25800 Uncommon trap: trap_request=0xffffff65 fr.pc=0x0000000118e08284
Event: 39.734 Thread 0x00007f8fcfa25800 DEOPT PACKING pc=0x0000000118e08284 sp=0x0000700006c16600
Event: 39.734 Thread 0x00007f8fcfa25800 DEOPT UNPACKING pc=0x0000000116c4547a sp=0x0000700006c165e0 mode 2
Event: 40.079 Executing VM operation: ParallelGCFailedAllocation


Dynamic libraries:
0x0000000109c00000 	/System/Library/Frameworks/Cocoa.framework/Versions/A/Cocoa
0x0000000109c06000 	/System/Library/Frameworks/Security.framework/Versions/A/Security
0x000000010a0b4000 	/System/Library/Frameworks/ApplicationServices.framework/Versions/A/ApplicationServices
0x000000010a0bc000 	/usr/lib/libz.1.dylib
0x000000010a0d7000 	/usr/lib/libSystem.B.dylib
0x000000010a0e1000 	/System/Library/Frameworks/CoreFoundation.framework/Versions/A/CoreFoundation
0x000000010a814000 	/System/Library/Frameworks/Foundation.framework/Versions/C/Foundation
0x000000010aeb5000 	/usr/lib/libobjc.A.dylib
0x000000010b368000 	/System/Library/Frameworks/AppKit.framework/Versions/C/AppKit
0x000000010cb8d000 	/System/Library/Frameworks/CoreData.framework/Versions/A/CoreData
0x000000010cfff000 	/System/Library/PrivateFrameworks/RemoteViewServices.framework/Versions/A/RemoteViewServices
0x000000010d04c000 	/System/Library/PrivateFrameworks/UIFoundation.framework/Versions/A/UIFoundation
0x000000010d2ac000 	/System/Library/PrivateFrameworks/DFRFoundation.framework/Versions/A/DFRFoundation
0x000000010d2cd000 	/usr/lib/libenergytrace.dylib
0x000000010d2d9000 	/System/Library/PrivateFrameworks/SkyLight.framework/Versions/A/SkyLight
0x000000010d61d000 	/System/Library/Frameworks/CoreGraphics.framework/Versions/A/CoreGraphics
0x000000010ddd3000 	/usr/lib/libScreenReader.dylib
0x000000010dddf000 	/System/Library/Frameworks/Accelerate.framework/Versions/A/Accelerate
0x000000010dde8000 	/System/Library/Frameworks/IOSurface.framework/Versions/A/IOSurface
0x000000010de02000 	/System/Library/Frameworks/AudioToolbox.framework/Versions/A/AudioToolbox
0x000000010e128000 	/System/Library/Frameworks/AudioUnit.framework/Versions/A/AudioUnit
0x000000010e136000 	/System/Library/PrivateFrameworks/DataDetectorsCore.framework/Versions/A/DataDetectorsCore
0x000000010e1ec000 	/System/Library/PrivateFrameworks/DesktopServicesPriv.framework/Versions/A/DesktopServicesPriv
0x000000010e394000 	/System/Library/Frameworks/Carbon.framework/Versions/A/Frameworks/HIToolbox.framework/Versions/A/HIToolbox
0x000000010e82c000 	/usr/lib/libicucore.A.dylib
0x000000010eb22000 	/System/Library/Frameworks/QuartzCore.framework/Versions/A/QuartzCore
0x000000010ee1e000 	/System/Library/Frameworks/Carbon.framework/Versions/A/Frameworks/SpeechRecognition.framework/Versions/A/SpeechRecognition
0x000000010ee2e000 	/usr/lib/libauto.dylib
0x000000010ee38000 	/usr/lib/libxml2.2.dylib
0x000000010ef63000 	/System/Library/PrivateFrameworks/CoreUI.framework/Versions/A/CoreUI
0x000000010f271000 	/System/Library/Frameworks/CoreAudio.framework/Versions/A/CoreAudio
0x000000010f32a000 	/System/Library/Frameworks/DiskArbitration.framework/Versions/A/DiskArbitration
0x000000010f33d000 	/usr/lib/liblangid.dylib
0x000000010f34a000 	/System/Library/PrivateFrameworks/MultitouchSupport.framework/Versions/A/MultitouchSupport
0x000000010f38b000 	/System/Library/Frameworks/IOKit.framework/Versions/A/IOKit
0x000000010f469000 	/usr/lib/libDiagnosticMessagesClient.dylib
0x000000010f473000 	/System/Library/Frameworks/CoreServices.framework/Versions/A/CoreServices
0x000000010f47a000 	/System/Library/PrivateFrameworks/PerformanceAnalysis.framework/Versions/A/PerformanceAnalysis
0x000000010f509000 	/System/Library/PrivateFrameworks/GenerationalStorage.framework/Versions/A/GenerationalStorage
0x000000010f541000 	/System/Library/Frameworks/OpenGL.framework/Versions/A/OpenGL
0x000000010f55b000 	/System/Library/Frameworks/CoreImage.framework/Versions/A/CoreImage
0x000000010f926000 	/System/Library/Frameworks/CoreText.framework/Versions/A/CoreText
0x000000010fb3b000 	/System/Library/Frameworks/ImageIO.framework/Versions/A/ImageIO
0x000000010fd37000 	/System/Library/PrivateFrameworks/Backup.framework/Versions/A/Backup
0x000000010fe1e000 	/usr/lib/libarchive.2.dylib
0x000000010fe59000 	/System/Library/Frameworks/CFNetwork.framework/Versions/A/CFNetwork
0x0000000110555000 	/System/Library/Frameworks/SystemConfiguration.framework/Versions/A/SystemConfiguration
0x00000001105fe000 	/usr/lib/libCRFSuite.dylib
0x000000011062b000 	/usr/lib/libc++.1.dylib
0x00000001106e6000 	/usr/lib/libc++abi.dylib
0x0000000110722000 	/usr/lib/system/libcache.dylib
0x0000000110730000 	/usr/lib/system/libcommonCrypto.dylib
0x000000011074a000 	/usr/lib/system/libcompiler_rt.dylib
0x0000000110760000 	/usr/lib/system/libcopyfile.dylib
0x0000000110773000 	/usr/lib/system/libcorecrypto.dylib
0x0000000110818000 	/usr/lib/system/libdispatch.dylib
0x0000000110887000 	/usr/lib/system/libdyld.dylib
0x000000011089a000 	/usr/lib/system/libkeymgr.dylib
0x00000001108a3000 	/usr/lib/system/liblaunch.dylib
0x00000001108ab000 	/usr/lib/system/libmacho.dylib
0x00000001108ba000 	/usr/lib/system/libquarantine.dylib
0x00000001108ca000 	/usr/lib/system/libremovefile.dylib
0x00000001108d8000 	/usr/lib/system/libsystem_asl.dylib
0x0000000110902000 	/usr/lib/system/libsystem_blocks.dylib
0x000000011090c000 	/usr/lib/system/libsystem_c.dylib
0x00000001109c3000 	/usr/lib/system/libsystem_configuration.dylib
0x00000001109d3000 	/usr/lib/system/libsystem_coreservices.dylib
0x00000001109e3000 	/usr/lib/system/libsystem_coretls.dylib
0x0000000110a08000 	/usr/lib/system/libsystem_dnssd.dylib
0x0000000110a18000 	/usr/lib/system/libsystem_info.dylib
0x0000000110a59000 	/usr/lib/system/libsystem_kernel.dylib
0x0000000110a96000 	/usr/lib/system/libsystem_m.dylib
0x0000000110aee000 	/usr/lib/system/libsystem_malloc.dylib
0x0000000110b1c000 	/usr/lib/system/libsystem_network.dylib
0x0000000110b9b000 	/usr/lib/system/libsystem_networkextension.dylib
0x0000000110bb7000 	/usr/lib/system/libsystem_notify.dylib
0x0000000110bcb000 	/usr/lib/system/libsystem_platform.dylib
0x0000000110be1000 	/usr/lib/system/libsystem_pthread.dylib
0x0000000110bfc000 	/usr/lib/system/libsystem_sandbox.dylib
0x0000000110c0d000 	/usr/lib/system/libsystem_secinit.dylib
0x0000000110c17000 	/usr/lib/system/libsystem_symptoms.dylib
0x0000000110c27000 	/usr/lib/system/libsystem_trace.dylib
0x0000000110c4e000 	/usr/lib/system/libunwind.dylib
0x0000000110c5e000 	/usr/lib/system/libxpc.dylib
0x0000000110cad000 	/usr/lib/libbsm.0.dylib
0x0000000110cc7000 	/usr/lib/system/libkxld.dylib
0x0000000110cdf000 	/usr/lib/libcoretls.dylib
0x0000000110ce9000 	/usr/lib/libcoretls_cfhelpers.dylib
0x0000000110cf6000 	/usr/lib/libOpenScriptingUtil.dylib
0x0000000110d01000 	/usr/lib/libpam.2.dylib
0x0000000110d0b000 	/usr/lib/libsqlite3.dylib
0x0000000110e73000 	/usr/lib/libxar.1.dylib
0x0000000110e8b000 	/usr/lib/libbz2.1.0.dylib
0x0000000110ea5000 	/usr/lib/liblzma.5.dylib
0x0000000110ec9000 	/usr/lib/libnetwork.dylib
0x0000000110f81000 	/usr/lib/libpcap.A.dylib
0x0000000110fc1000 	/System/Library/Frameworks/CoreServices.framework/Versions/A/Frameworks/FSEvents.framework/Versions/A/FSEvents
0x0000000110fd6000 	/System/Library/Frameworks/CoreServices.framework/Versions/A/Frameworks/CarbonCore.framework/Versions/A/CarbonCore
0x0000000110b29000 	/System/Library/Frameworks/CoreServices.framework/Versions/A/Frameworks/Metadata.framework/Versions/A/Metadata
0x0000000111456000 	/System/Library/Frameworks/CoreServices.framework/Versions/A/Frameworks/OSServices.framework/Versions/A/OSServices
0x00000001114ff000 	/System/Library/Frameworks/CoreServices.framework/Versions/A/Frameworks/SearchKit.framework/Versions/A/SearchKit
0x00000001115ba000 	/System/Library/Frameworks/CoreServices.framework/Versions/A/Frameworks/AE.framework/Versions/A/AE
0x000000011163b000 	/System/Library/Frameworks/CoreServices.framework/Versions/A/Frameworks/LaunchServices.framework/Versions/A/LaunchServices
0x00000001118a1000 	/System/Library/Frameworks/CoreServices.framework/Versions/A/Frameworks/DictionaryServices.framework/Versions/A/DictionaryServices
0x0000000111907000 	/System/Library/Frameworks/CoreServices.framework/Versions/A/Frameworks/SharedFileList.framework/Versions/A/SharedFileList
0x0000000111982000 	/System/Library/Frameworks/NetFS.framework/Versions/A/NetFS
0x0000000111993000 	/System/Library/PrivateFrameworks/NetAuth.framework/Versions/A/NetAuth
0x00000001119ad000 	/System/Library/PrivateFrameworks/login.framework/Versions/A/Frameworks/loginsupport.framework/Versions/A/loginsupport
0x00000001119b9000 	/System/Library/PrivateFrameworks/TCC.framework/Versions/A/TCC
0x00000001119ca000 	/usr/lib/libmecabra.dylib
0x0000000111cd9000 	/System/Library/Frameworks/ApplicationServices.framework/Versions/A/Frameworks/ATS.framework/Versions/A/ATS
0x0000000111d7b000 	/System/Library/Frameworks/ApplicationServices.framework/Versions/A/Frameworks/ColorSync.framework/Versions/A/ColorSync
0x0000000111e78000 	/System/Library/Frameworks/ApplicationServices.framework/Versions/A/Frameworks/HIServices.framework/Versions/A/HIServices
0x0000000111f06000 	/System/Library/Frameworks/ApplicationServices.framework/Versions/A/Frameworks/LangAnalysis.framework/Versions/A/LangAnalysis
0x0000000111f29000 	/System/Library/Frameworks/ApplicationServices.framework/Versions/A/Frameworks/PrintCore.framework/Versions/A/PrintCore
0x0000000111fa9000 	/System/Library/Frameworks/ApplicationServices.framework/Versions/A/Frameworks/QD.framework/Versions/A/QD
0x0000000112011000 	/System/Library/Frameworks/ApplicationServices.framework/Versions/A/Frameworks/SpeechSynthesis.framework/Versions/A/SpeechSynthesis
0x0000000112037000 	/System/Library/Frameworks/Accelerate.framework/Versions/A/Frameworks/vImage.framework/Versions/A/vImage
0x00000001126e9000 	/System/Library/Frameworks/Accelerate.framework/Versions/A/Frameworks/vecLib.framework/Versions/A/vecLib
0x00000001126ee000 	/System/Library/Frameworks/Accelerate.framework/Versions/A/Frameworks/vecLib.framework/Versions/A/libvDSP.dylib
0x000000011284c000 	/System/Library/Frameworks/Accelerate.framework/Versions/A/Frameworks/vecLib.framework/Versions/A/libBNNS.dylib
0x000000011286a000 	/System/Library/Frameworks/Accelerate.framework/Versions/A/Frameworks/vecLib.framework/Versions/A/libQuadrature.dylib
0x0000000112879000 	/System/Library/Frameworks/Accelerate.framework/Versions/A/Frameworks/vecLib.framework/Versions/A/libvMisc.dylib
0x0000000112940000 	/System/Library/Frameworks/Accelerate.framework/Versions/A/Frameworks/vecLib.framework/Versions/A/libLAPACK.dylib
0x0000000112db1000 	/System/Library/Frameworks/Accelerate.framework/Versions/A/Frameworks/vecLib.framework/Versions/A/libBLAS.dylib
0x0000000112f9e000 	/System/Library/Frameworks/Accelerate.framework/Versions/A/Frameworks/vecLib.framework/Versions/A/libLinearAlgebra.dylib
0x0000000112fc0000 	/System/Library/Frameworks/Accelerate.framework/Versions/A/Frameworks/vecLib.framework/Versions/A/libSparseBLAS.dylib
0x0000000112fe1000 	/System/Library/Frameworks/ApplicationServices.framework/Versions/A/Frameworks/ATS.framework/Versions/A/Resources/libFontParser.dylib
0x00000001131a0000 	/System/Library/Frameworks/ApplicationServices.framework/Versions/A/Frameworks/ATS.framework/Versions/A/Resources/libFontRegistry.dylib
0x0000000113222000 	/System/Library/Frameworks/ImageIO.framework/Versions/A/Resources/libJPEG.dylib
0x0000000113252000 	/System/Library/Frameworks/ImageIO.framework/Versions/A/Resources/libTIFF.dylib
0x00000001132b4000 	/System/Library/Frameworks/ImageIO.framework/Versions/A/Resources/libPng.dylib
0x00000001132ed000 	/System/Library/Frameworks/ImageIO.framework/Versions/A/Resources/libGIF.dylib
0x00000001132f8000 	/System/Library/Frameworks/ImageIO.framework/Versions/A/Resources/libJP2.dylib
0x0000000113414000 	/System/Library/Frameworks/ImageIO.framework/Versions/A/Resources/libRadiance.dylib
0x000000011341d000 	/usr/lib/libcompression.dylib
0x0000000113442000 	/System/Library/PrivateFrameworks/AppleJPEG.framework/Versions/A/AppleJPEG
0x0000000113536000 	/usr/lib/libcups.2.dylib
0x00000001135a7000 	/System/Library/Frameworks/Kerberos.framework/Versions/A/Kerberos
0x00000001135de000 	/System/Library/Frameworks/GSS.framework/Versions/A/GSS
0x0000000113635000 	/usr/lib/libresolv.9.dylib
0x0000000113662000 	/usr/lib/libiconv.2.dylib
0x0000000113765000 	/System/Library/PrivateFrameworks/Heimdal.framework/Versions/A/Heimdal
0x0000000113810000 	/usr/lib/libheimdal-asn1.dylib
0x000000011381c000 	/System/Library/Frameworks/OpenDirectory.framework/Versions/A/OpenDirectory
0x0000000113842000 	/System/Library/PrivateFrameworks/CommonAuth.framework/Versions/A/CommonAuth
0x000000011385a000 	/System/Library/Frameworks/OpenDirectory.framework/Versions/A/Frameworks/CFOpenDirectory.framework/Versions/A/CFOpenDirectory
0x000000011389b000 	/System/Library/Frameworks/SecurityFoundation.framework/Versions/A/SecurityFoundation
0x000000011395a000 	/System/Library/PrivateFrameworks/LanguageModeling.framework/Versions/A/LanguageModeling
0x0000000113b45000 	/usr/lib/libmarisa.dylib
0x0000000113b6c000 	/usr/lib/libChineseTokenizer.dylib
0x0000000113b8b000 	/usr/lib/libcmph.dylib
0x0000000113baa000 	/System/Library/PrivateFrameworks/CoreEmoji.framework/Versions/A/CoreEmoji
0x0000000113bda000 	/System/Library/Frameworks/ServiceManagement.framework/Versions/A/ServiceManagement
0x0000000113be7000 	/usr/lib/libxslt.1.dylib
0x0000000113c20000 	/System/Library/Frameworks/Carbon.framework/Versions/A/Frameworks/Ink.framework/Versions/A/Ink
0x0000000113ceb000 	/System/Library/PrivateFrameworks/TextureIO.framework/Versions/A/TextureIO
0x0000000113dd3000 	/System/Library/Frameworks/Metal.framework/Versions/A/Metal
0x0000000113ee0000 	/usr/lib/libate.dylib
0x0000000113fe9000 	/System/Library/PrivateFrameworks/GPUCompiler.framework/libmetal_timestamp.dylib
0x0000000113fee000 	/System/Library/Frameworks/OpenGL.framework/Versions/A/Libraries/libCoreFSCache.dylib
0x0000000113ffc000 	/System/Library/PrivateFrameworks/IOAccelerator.framework/Versions/A/IOAccelerator
0x000000011400f000 	/System/Library/Frameworks/CoreVideo.framework/Versions/A/CoreVideo
0x0000000114071000 	/usr/lib/libFosl_dynamic.dylib
0x00000001142bd000 	/System/Library/PrivateFrameworks/MetalPerformanceShaders.framework/Versions/A/MetalPerformanceShaders
0x0000000114382000 	/System/Library/PrivateFrameworks/FaceCore.framework/Versions/A/FaceCore
0x00000001149d4000 	/System/Library/Frameworks/OpenCL.framework/Versions/A/OpenCL
0x0000000114a42000 	/System/Library/Frameworks/OpenGL.framework/Versions/A/Libraries/libGLU.dylib
0x0000000114a97000 	/System/Library/Frameworks/OpenGL.framework/Versions/A/Libraries/libGFXShared.dylib
0x0000000114aab000 	/System/Library/Frameworks/OpenGL.framework/Versions/A/Libraries/libGL.dylib
0x0000000114ad2000 	/System/Library/Frameworks/OpenGL.framework/Versions/A/Libraries/libGLImage.dylib
0x0000000114b1e000 	/System/Library/Frameworks/OpenGL.framework/Versions/A/Libraries/libCVMSPluginSupport.dylib
0x0000000114b2c000 	/System/Library/Frameworks/OpenGL.framework/Versions/A/Libraries/libCoreVMClient.dylib
0x0000000114b3e000 	/System/Library/PrivateFrameworks/CrashReporterSupport.framework/Versions/A/CrashReporterSupport
0x0000000114b61000 	/System/Library/PrivateFrameworks/Sharing.framework/Versions/A/Sharing
0x0000000114c7c000 	/System/Library/PrivateFrameworks/IconServices.framework/Versions/A/IconServices
0x0000000114cc8000 	/System/Library/PrivateFrameworks/ProtocolBuffer.framework/Versions/A/ProtocolBuffer
0x0000000114cfe000 	/System/Library/PrivateFrameworks/Apple80211.framework/Versions/A/Apple80211
0x0000000114d2f000 	/System/Library/Frameworks/CoreWLAN.framework/Versions/A/CoreWLAN
0x0000000114ded000 	/System/Library/PrivateFrameworks/CoreUtils.framework/Versions/A/CoreUtils
0x0000000114f1f000 	/System/Library/Frameworks/IOBluetooth.framework/Versions/A/IOBluetooth
0x0000000115048000 	/System/Library/PrivateFrameworks/CoreWiFi.framework/Versions/A/CoreWiFi
0x0000000115110000 	/System/Library/Frameworks/CoreBluetooth.framework/Versions/A/CoreBluetooth
0x000000011513d000 	/System/Library/Frameworks/CoreDisplay.framework/Versions/A/CoreDisplay
0x0000000115228000 	/System/Library/PrivateFrameworks/IOPresentment.framework/Versions/A/IOPresentment
0x0000000115255000 	/System/Library/PrivateFrameworks/DSExternalDisplay.framework/Versions/A/DSExternalDisplay
0x0000000115262000 	/System/Library/PrivateFrameworks/DebugSymbols.framework/Versions/A/DebugSymbols
0x00000001152c5000 	/System/Library/PrivateFrameworks/CoreSymbolication.framework/Versions/A/CoreSymbolication
0x00000001154a8000 	/System/Library/PrivateFrameworks/Symbolication.framework/Versions/A/Symbolication
0x00000001153a6000 	/System/Library/PrivateFrameworks/AppleFSCompression.framework/Versions/A/AppleFSCompression
0x00000001153bf000 	/System/Library/PrivateFrameworks/SpeechRecognitionCore.framework/Versions/A/SpeechRecognitionCore
0x00000001153db000 	/System/Library/PrivateFrameworks/ChunkingLibrary.framework/Versions/A/ChunkingLibrary
0x00000001157cd000 	/Applications/Android Studio 2.app/Contents/jre/jdk/Contents/Home/jre/lib/server/libjvm.dylib
0x0000000116235000 	/usr/lib/libstdc++.6.dylib
0x0000000115411000 	/Applications/Android Studio 2.app/Contents/jre/jdk/Contents/Home/jre/lib/libverify.dylib
0x00000001162ee000 	/Applications/Android Studio 2.app/Contents/jre/jdk/Contents/Home/jre/lib/libjava.dylib
0x000000011632a000 	/Applications/Android Studio 2.app/Contents/jre/jdk/Contents/Home/jre/lib/libzip.dylib
0x000000012ca4d000 	/Applications/Android Studio 2.app/Contents/jre/jdk/Contents/Home/jre/lib/libnet.dylib
0x000000012caac000 	/Applications/Android Studio 2.app/Contents/jre/jdk/Contents/Home/jre/lib/libnio.dylib
0x000000010f91f000 	/Users/laki/.gradle/native/25/osx-amd64/libnative-platform.dylib
0x000000012ce34000 	/Applications/Android Studio 2.app/Contents/jre/jdk/Contents/Home/jre/lib/libmanagement.dylib

VM Arguments:
jvm_args: -Xmx2048m -Dfile.encoding=UTF-8 -Duser.country=ZA -Duser.language=en -Duser.variant 
java_command: org.gradle.launcher.daemon.bootstrap.GradleDaemon 4.4
java_class_path (initial): /Users/laki/.gradle/wrapper/dists/gradle-4.4-all/9br9xq1tocpiv8o6njlyu5op1/gradle-4.4/lib/gradle-launcher-4.4.jar
Launcher Type: SUN_STANDARD

Environment Variables:
PATH=/usr/local/bin:/usr/bin:/bin:/usr/sbin:/sbin:/opt/X11/bin
SHELL=/bin/bash
DISPLAY=/private/tmp/com.apple.launchd.OEVxDRBAZf/org.macosforge.xquartz:0

Signal Handlers:
SIGSEGV: [libjvm.dylib+0x53f567], sa_mask[0]=11111111011111110111111111111111, sa_flags=SA_ONSTACK|SA_RESTART|SA_SIGINFO
SIGBUS: [libjvm.dylib+0x53f567], sa_mask[0]=11111111011111110111111111111111, sa_flags=SA_RESTART|SA_SIGINFO
SIGFPE: [libjvm.dylib+0x437adf], sa_mask[0]=11111111011111110111111111111111, sa_flags=SA_RESTART|SA_SIGINFO
SIGPIPE: [libjvm.dylib+0x437adf], sa_mask[0]=11111111011111110111111111111111, sa_flags=SA_RESTART|SA_SIGINFO
SIGXFSZ: [libjvm.dylib+0x437adf], sa_mask[0]=11111111011111110111111111111111, sa_flags=SA_RESTART|SA_SIGINFO
SIGILL: [libjvm.dylib+0x437adf], sa_mask[0]=11111111011111110111111111111111, sa_flags=SA_RESTART|SA_SIGINFO
SIGUSR1: SIG_DFL, sa_mask[0]=00000000000000000000000000000000, sa_flags=none
SIGUSR2: [libjvm.dylib+0x438404], sa_mask[0]=00100000000000000000000000000000, sa_flags=SA_RESTART|SA_SIGINFO
SIGHUP: [libjvm.dylib+0x4365f9], sa_mask[0]=11111111011111110111111111111111, sa_flags=SA_RESTART|SA_SIGINFO
SIGINT: [libjvm.dylib+0x4365f9], sa_mask[0]=11111111011111110111111111111111, sa_flags=SA_RESTART|SA_SIGINFO
SIGTERM: [libjvm.dylib+0x4365f9], sa_mask[0]=11111111011111110111111111111111, sa_flags=SA_RESTART|SA_SIGINFO
SIGQUIT: [libjvm.dylib+0x4365f9], sa_mask[0]=11111111011111110111111111111111, sa_flags=SA_RESTART|SA_SIGINFO


---------------  S Y S T E M  ---------------

OS:Bsduname:Darwin 16.6.0 Darwin Kernel Version 16.6.0: Fri Apr 14 16:21:16 PDT 2017; root:xnu-3789.60.24~6/RELEASE_X86_64 x86_64
rlimit: STACK 8192k, CORE 0k, NPROC 709, NOFILE 10240, AS infinity
load average:5.74 4.55 3.82

CPU:total 4 (initial active 4) (2 cores per cpu, 2 threads per core) family 6 model 58 stepping 9, cmov, cx8, fxsr, mmx, sse, sse2, sse3, ssse3, sse4.1, sse4.2, popcnt, avx, aes, clmul, erms, ht, tsc, tscinvbit, tscinv

Memory: 4k page, physical 4194304k(18056k free)

/proc/meminfo:


vm_info: OpenJDK 64-Bit Server VM (25.152-b01) for bsd-amd64 JRE (1.8.0_152-release-1024-b01), built by "builder" with gcc 4.2.1 Compatible Apple LLVM 8.1.0 (clang-802.0.42)

time: Fri May 11 09:51:08 2018
elapsed time: 41 seconds (0d 0h 0m 41s)

