#
# A fatal error has been detected by the Java Runtime Environment:
#
#  SIGBUS (0xa) at pc=0x0000000110b7dfe3, pid=2175, tid=0x0000000000002b03
#
# JRE version: OpenJDK Runtime Environment (8.0_152-b01) (build 1.8.0_152-release-1024-b01)
# Java VM: OpenJDK 64-Bit Server VM (25.152-b01 mixed mode bsd-amd64 compressed oops)
# Problematic frame:
# V  [libjvm.dylib+0x291fe3]  InstanceKlass::oop_follow_contents(ParCompactionManager*, oopDesc*)+0x139
#
# Failed to write core dump. Core dumps have been disabled. To enable core dumping, try "ulimit -c unlimited" before starting Java again
#
# If you would like to submit a bug report, please visit:
#   http://bugreport.java.com/bugreport/crash.jsp
#

---------------  T H R E A D  ---------------

Current thread (0x00007fed5d80d000):  GCTaskThread [stack: 0x000070000f618000,0x000070000f718000] [id=11011]

siginfo: si_signo: 10 (SIGBUS), si_code: 2 (BUS_ADRERR), si_addr: 0x00000007896d4d50

Registers:
RAX=0x00000001110cde00, RBX=0x00000001110e41c8, RCX=0x0000000000000003, RDX=0x000000000024b601
RSP=0x000070000f717c20, RBP=0x000070000f717c80, RSI=0x00007fed5cc0d680, RDI=0x0000000000000001
R8 =0x0000000000000ebb, R9 =0x00000001110dedfb, R10=0x000000012549be98, R11=0x000000012349be98
R12=0x00000007b5dba7cc, R13=0x0000000000000003, R14=0x00000007b5dba7c8, R15=0x00000007896d4d48
RIP=0x0000000110b7dfe3, EFLAGS=0x0000000000010202, ERR=0x0000000000000004
  TRAPNO=0x000000000000000e

Top of Stack: (sp=0x000070000f717c20)
0x000070000f717c20:   0000000000000002 0000000740844748
0x000070000f717c30:   00000007c0999a20 00000007b5dba7b0
0x000070000f717c40:   00007fed5cc0d6c0 00000007c0999a28
0x000070000f717c50:   00007fed5cc0d680 00007fed5cc0d680
0x000070000f717c60:   00000001110e3680 00000001110cde00
0x000070000f717c70:   00007fed5cc0d688 00000001110dedf9
0x000070000f717c80:   000070000f717d00 0000000110d556ff
0x000070000f717c90:   000070000f717c01 00007fed5cc0d6c0
0x000070000f717ca0:   00007fed5cc0d740 00000007b5dba7b0
0x000070000f717cb0:   00007fed5cc0d708 0000700011c86ac0
0x000070000f717cc0:   0000700011c86a58 000070000f717d58
0x000070000f717cd0:   00007fed5d80d000 00007fed5cc0d680
0x000070000f717ce0:   00007fed5cc07e00 0000000110e8e850
0x000070000f717cf0:   00007fed5cc07e00 0000000000000001
0x000070000f717d00:   000070000f717dc0 0000000110d47294
0x000070000f717d10:   00007fed5ce00bf8 00007fed5cd126f0
0x000070000f717d20:   00007fed5cd12720 00007fed5cd12730
0x000070000f717d30:   00007fed5cd12b08 00000000000003d8
0x000070000f717d40:   00000001110a7248 0000000110d00800
0x000070000f717d50:   00007fed5cc0d680 00000001110a2020
0x000070000f717d60:   00000001110df000 000070000f717d40
0x000070000f717d70:   00000001110a2008 0000000110b3fa00
0x000070000f717d80:   000070000f717d40 00007fed5ce04801
0x000070000f717d90:   00000001110a2080 0000000110b3f900
0x000070000f717da0:   000070000f717d40 00007fed5ce04900
0x000070000f717db0:   00007fed5d80d000 0000000000000000
0x000070000f717dc0:   000070000f717ea0 0000000110b40928
0x000070000f717dd0:   00000001110def00 00007fed5d80d000
0x000070000f717de0:   00007fed5cd12b10 00007fed5cd12b50
0x000070000f717df0:   00007fed5cd12b60 00007fed5cd12c38
0x000070000f717e00:   00000000000000d8 00007fed5cd12d30
0x000070000f717e10:   00007fed5d80d000 00007fed5cd12b10 

Instructions: (pc=0x0000000110b7dfe3)
0x0000000110b7dfc3:   0f a3 c1 0f 82 f4 00 00 00 48 8d 05 26 0e 56 00
0x0000000110b7dfd3:   8a 10 84 d2 74 16 48 8d 05 20 fe 54 00 8a 48 08
0x0000000110b7dfe3:   41 8b 7f 08 48 d3 e7 48 03 38 eb 04 49 8b 7f 08
0x0000000110b7dff3:   8b 47 08 85 c0 7e 09 a8 01 75 07 c1 f8 03 eb 4e 

Register to memory mapping:

RAX=0x00000001110cde00: _ZN8Universe13_narrow_klassE+0 in /Applications/Android Studio 2.app/Contents/jre/jdk/Contents/Home/jre/lib/server/libjvm.dylib at 0x00000001108ec000
RBX=0x00000001110e41c8: _ZN17PSParallelCompact12_mark_bitmapE+0 in /Applications/Android Studio 2.app/Contents/jre/jdk/Contents/Home/jre/lib/server/libjvm.dylib at 0x00000001108ec000
RCX=0x0000000000000003 is an unknown value
RDX=0x000000000024b601 is an unknown value
RSP=0x000070000f717c20 is an unknown value
RBP=0x000070000f717c80 is an unknown value
RSI=0x00007fed5cc0d680 is an unknown value
RDI=0x0000000000000001 is an unknown value
R8 =0x0000000000000ebb is an unknown value
R9 =0x00000001110dedfb: AssumeMP+0 in /Applications/Android Studio 2.app/Contents/jre/jdk/Contents/Home/jre/lib/server/libjvm.dylib at 0x00000001108ec000
R10=0x000000012549be98 is an unknown value
R11=0x000000012349be98 is an unknown value
R12=0x00000007b5dba7cc is an unknown value
R13=0x0000000000000003 is an unknown value
R14=0x00000007b5dba7c8 is an oop
