#
# A fatal error has been detected by the Java Runtime Environment:
#
#  SIGSEGV (0xb) at pc=0x000000010ffd0247, pid=2108, tid=0x0000000000002903
#
# JRE version: OpenJDK Runtime Environment (8.0_152-b01) (build 1.8.0_152-release-1024-b01)
# Java VM: OpenJDK 64-Bit Server VM (25.152-b01 mixed mode bsd-amd64 compressed oops)
# Problematic frame:
# V  [libjvm.dylib+0x476247]  oopDesc* PSPromotionManager::copy_to_survivor_space<false>(oopDesc*)+0x87
#
# Failed to write core dump. Core dumps have been disabled. To enable core dumping, try "ulimit -c unlimited" before starting Java again
#
# If you would like to submit a bug report, please visit:
#   http://bugreport.java.com/bugreport/crash.jsp
#

---------------  T H R E A D  ---------------

Current thread (0x00007fee95806800):  GCTaskThread [stack: 0x0000700004ea4000,0x0000700004fa4000] [id=10499]

siginfo: si_signo: 11 (SIGSEGV), si_code: 1 (SEGV_MAPERR), si_addr: 0x00000005c0029dc0

Registers:
RAX=0x000000011034cd01, RBX=0x0000000743b2c7c5, RCX=0x0000000000000003, RDX=0x000000011033be00
RSP=0x0000700004fa3c00, RBP=0x0000700004fa3c70, RSI=0x00000007a3e4c050, RDI=0x00000005c0029db8
R8 =0x0000000000000000, R9 =0x0000000000000000, R10=0x00000007a3e4c050, R11=0xffffffff9fce0778
R12=0x000000011034cdfb, R13=0x0000000000000015, R14=0x00007fee95820380, R15=0x00000007a3e4c050
RIP=0x000000010ffd0247, EFLAGS=0x0000000000010206, ERR=0x0000000000000004
  TRAPNO=0x000000000000000e

Top of Stack: (sp=0x0000700004fa3c00)
0x0000700004fa3c00:   00000007a8e90000 0000000000001000
0x0000700004fa3c10:   0000000743b2bfb0 0000000000000400
0x0000700004fa3c20:   00000007a3cd4752 00007fee958203a8
0x0000700004fa3c30:   0000000000000011 00007fee95820380
0x0000700004fa3c40:   0000000000000002 0000000743b2c7c5
0x0000700004fa3c50:   000000011034cdfb 00007fee95820380
0x0000700004fa3c60:   0000000743b2c7c4 000000011033bdf0
0x0000700004fa3c70:   0000700004fa3ca0 000000010ffcdcfe
0x0000700004fa3c80:   0000000743b2c7c5 0000000110351680
0x0000700004fa3c90:   00007fee958203e0 00007fee95820418
0x0000700004fa3ca0:   0000700004fa3cf0 000000010ffcdb8e
0x0000700004fa3cb0:   00000007c0137dd8 0000000743b2c7c5
0x0000700004fa3cc0:   00000007402531f0 0000000740253200
0x0000700004fa3cd0:   0000000120801299 0000000120801301
0x0000700004fa3ce0:   0000000740253230 0000000000000240
0x0000700004fa3cf0:   0000700004fa3d90 000000010fc9c077
0x0000700004fa3d00:   00000007402600c8 0000000120801281
0x0000700004fa3d10:   0000000120801200 0000000000000200
0x0000700004fa3d20:   0000000120801300 000000012081bcfa
0x0000700004fa3d30:   000000012081bcf9 000000074379f330
0x0000700004fa3d40:   0000000000000080 00007fee95820380
0x0000700004fa3d50:   0000000740252808 00007fee95502900
0x0000700004fa3d60:   00007fee95502c20 00007fee95707ae0
0x0000700004fa3d70:   00007fee95707ae0 00000001100fe6d4
0x0000700004fa3d80:   00007fee95820380 0000000000000001
0x0000700004fa3d90:   0000700004fa3dc0 000000010ffd11af
0x0000700004fa3da0:   00007fee00000004 00007fee999847b0
0x0000700004fa3db0:   00007fee95806800 0000000000000000
0x0000700004fa3dc0:   0000700004fa3ea0 000000010fdae928
0x0000700004fa3dd0:   000000011034cf00 00007fee95806800
0x0000700004fa3de0:   00007fee95705190 00007fee957051d0
0x0000700004fa3df0:   00007fee957051e0 00007fee957052b8 

Instructions: (pc=0x000000010ffd0247)
0x000000010ffd0227:   8a 00 84 c0 74 16 48 8d 15 cc bb 36 00 8a 4a 08
0x000000010ffd0237:   41 8b 7f 08 48 d3 e7 48 03 3a eb 04 49 8b 7f 08
0x000000010ffd0247:   44 8b 67 08 45 85 e4 7e 0c 41 f6 c4 01 75 08 41
0x000000010ffd0257:   c1 fc 03 eb 54 78 11 48 8b 07 4c 89 fe ff 90 e8 

Register to memory mapping:

RAX=0x000000011034cd01: CONST_G1RecordHRRSEvents+0 in /Applications/Android Studio 2.app/Contents/jre/jdk/Contents/Home/jre/lib/server/libjvm.dylib at 0x000000010fb5a000
RBX=0x0000000743b2c7c5 is pointing into object: 0x0000000743b2c7b8
java.util.LinkedHashSet 
 - klass: 'java/util/LinkedHashSet'
RCX=0x0000000000000003 is an unknown value
RDX=0x000000011033be00: _ZN8Universe13_narrow_klassE+0 in /Applications/Android Studio 2.app/Contents/jre/jdk/Contents/Home/jre/lib/server/libjvm.dylib at 0x000000010fb5a000
RSP=0x0000700004fa3c00 is an unknown value
RBP=0x0000700004fa3c70 is an unknown value
RSI=0x00000007a3e4c050 is an oop

[error occurred during error reporting (printing register info), id 0xb]

Stack: [0x0000700004ea4000,0x0000700004fa4000],  sp=0x0000700004fa3c00,  free space=1023k
Native frames: (J=compiled Java code, j=interpreted, Vv=VM code, C=native code)
V  [libjvm.dylib+0x476247]  oopDesc* PSPromotionManager::copy_to_survivor_space<false>(oopDesc*)+0x87
V  [libjvm.dylib+0x473cfe]  PSPromotionManager::process_popped_location_depth(StarTask)+0x106
V  [libjvm.dylib+0x473b8e]  PSPromotionManager::drain_stacks_depth(bool)+0x1ec
V  [libjvm.dylib+0x142077]  CardTableExtension::scavenge_contents_parallel(ObjectStartArray*, MutableSpace*, HeapWord*, PSPromotionManager*, unsigned int, unsigned int)+0x617
V  [libjvm.dylib+0x4771af]  OldToYoungRootsTask::do_it(GCTaskManager*, unsigned int)+0x4f
V  [libjvm.dylib+0x254928]  GCTaskThread::run()+0x130
V  [libjvm.dylib+0x435709]  java_start(Thread*)+0xfa
C  [libsystem_pthread.dylib+0x393b]  _pthread_body+0xb4
C  [libsystem_pthread.dylib+0x3887]  _pthread_body+0x0
C  [libsystem_pthread.dylib+0x308d]  thread_start+0xd


---------------  P R O C E S S  ---------------

Java Threads: ( => current thread )
  0x00007fee9780f000 JavaThread "pool-2-thread-1" [_thread_blocked, id=30467, stack(0x000070000710a000,0x000070000720a000)]
  0x00007fee99a08800 JavaThread "Task worker for ':' Thread 3" [_thread_blocked, id=29955, stack(0x0000700007007000,0x0000700007107000)]
  0x00007fee99dee000 JavaThread "Task worker for ':' Thread 2" [_thread_blocked, id=29443, stack(0x0000700006f04000,0x0000700007004000)]
  0x00007fee9c076000 JavaThread "Task worker for ':'" [_thread_blocked, id=28931, stack(0x0000700006e01000,0x0000700006f01000)]
  0x00007fee9757e000 JavaThread "Cache worker for Build Output Cleanup Cache (/Users/laki/Documents/mystuff/AndroidStudioProjects/SEAPP/.gradle/buildOutputCleanup)" [_thread_blocked, id=28419, stack(0x0000700006cfe000,0x0000700006dfe000)]
  0x00007fee97730000 JavaThread "Cache worker for task history cache (/Users/laki/Documents/mystuff/AndroidStudioProjects/SEAPP/.gradle/4.4/taskHistory)" [_thread_blocked, id=27907, stack(0x0000700006bfb000,0x0000700006cfb000)]
  0x00007fee96a1d000 JavaThread "Cache worker for file content cache (/Users/laki/Documents/mystuff/AndroidStudioProjects/SEAPP/.gradle/4.4/fileContent)" [_thread_blocked, id=27395, stack(0x0000700006af8000,0x0000700006bf8000)]
  0x00007fee99c51800 JavaThread "Memory manager" [_thread_blocked, id=26883, stack(0x00007000069f5000,0x0000700006af5000)]
  0x00007fee98db9000 JavaThread "build operations Thread 4" [_thread_blocked, id=26371, stack(0x00007000068f2000,0x00007000069f2000)]
  0x00007fee98d92000 JavaThread "build operations Thread 3" [_thread_blocked, id=25859, stack(0x00007000067ef000,0x00007000068ef000)]
  0x00007fee98774000 JavaThread "build operations Thread 2" [_thread_blocked, id=25347, stack(0x00007000066ec000,0x00007000067ec000)]
  0x00007fee97608000 JavaThread "build operations" [_thread_blocked, id=5895, stack(0x00007000065e9000,0x00007000066e9000)]
  0x00007fee9986c000 JavaThread "Cache worker for Artifact transforms cache (/Users/laki/.gradle/caches/transforms-1)" [_thread_blocked, id=5127, stack(0x00007000064e6000,0x00007000065e6000)]
  0x00007fee96db8800 JavaThread "Cache worker for file hash cache (/Users/laki/Documents/mystuff/AndroidStudioProjects/SEAPP/.gradle/4.4/fileHashes)" [_thread_blocked, id=24835, stack(0x00007000063e3000,0x00007000064e3000)]
  0x00007fee973dc800 JavaThread "File lock request listener" [_thread_in_native, id=24323, stack(0x00007000062e0000,0x00007000063e0000)]
  0x00007fee96d45800 JavaThread "Cache worker for file hash cache (/Users/laki/.gradle/caches/4.4/fileHashes)" [_thread_blocked, id=23811, stack(0x00007000061dd000,0x00007000062dd000)]
  0x00007fee97387000 JavaThread "Stdin handler" [_thread_blocked, id=23299, stack(0x00007000060da000,0x00007000061da000)]
  0x00007fee95c67800 JavaThread "Asynchronous log dispatcher for DefaultDaemonConnection: socket connection from /127.0.0.1:50009 to /127.0.0.1:50010" [_thread_blocked, id=22787, stack(0x0000700005fd7000,0x00007000060d7000)]
  0x00007fee96d46000 JavaThread "Daemon worker" [_thread_blocked, id=22275, stack(0x0000700005ed4000,0x0000700005fd4000)]
  0x00007fee97390000 JavaThread "Cancel handler" [_thread_blocked, id=21763, stack(0x0000700005dd1000,0x0000700005ed1000)]
  0x00007fee96353800 JavaThread "Daemon periodic checks" [_thread_blocked, id=21251, stack(0x0000700005cce000,0x0000700005dce000)]
  0x00007fee97375000 JavaThread "Handler for socket connection from /127.0.0.1:50009 to /127.0.0.1:50010" [_thread_in_native, id=20739, stack(0x0000700005bcb000,0x0000700005ccb000)]
  0x00007fee961b1000 JavaThread "Daemon" [_thread_blocked, id=20227, stack(0x0000700005ac8000,0x0000700005bc8000)]
  0x00007fee9736e000 JavaThread "Incoming local TCP Connector on port 50009" [_thread_in_native, id=19715, stack(0x00007000059c5000,0x0000700005ac5000)]
  0x00007fee95859000 JavaThread "Service Thread" daemon [_thread_blocked, id=18691, stack(0x00007000057bf000,0x00007000058bf000)]
  0x00007fee96839000 JavaThread "C1 CompilerThread2" daemon [_thread_blocked, id=18179, stack(0x00007000056bc000,0x00007000057bc000)]
  0x00007fee97008000 JavaThread "C2 CompilerThread1" daemon [_thread_blocked, id=17667, stack(0x00007000055b9000,0x00007000056b9000)]
  0x00007fee9582f000 JavaThread "C2 CompilerThread0" daemon [_thread_in_native, id=17155, stack(0x00007000054b6000,0x00007000055b6000)]
  0x00007fee97006800 JavaThread "Signal Dispatcher" daemon [_thread_blocked, id=16643, stack(0x00007000053b3000,0x00007000054b3000)]
  0x00007fee96003000 JavaThread "Finalizer" daemon [_thread_blocked, id=12547, stack(0x00007000052b0000,0x00007000053b0000)]
  0x00007fee96810000 JavaThread "Reference Handler" daemon [_thread_blocked, id=12035, stack(0x00007000051ad000,0x00007000052ad000)]
  0x00007fee96803800 JavaThread "main" [_thread_blocked, id=3587, stack(0x0000700004a12000,0x0000700004b12000)]

Other Threads:
  0x00007fee95856000 VMThread [stack: 0x00007000050aa000,0x00007000051aa000] [id=11523]
  0x00007fee9701d800 WatcherThread [stack: 0x00007000058c2000,0x00007000059c2000] [id=19203]

=>0x00007fee95806800 (exited) GCTaskThread [stack: 0x0000700004ea4000,0x0000700004fa4000] [id=10499]

VM state:at safepoint (normal execution)

VM Mutex/Monitor currently owned by a thread:  ([mutex/lock_event])
[0x00007fee957024a0] Threads_lock - owner thread: 0x00007fee95856000
[0x00007fee957029a0] Heap_lock - owner thread: 0x00007fee9780f000

Heap:
 PSYoungGen      total 263680K, used 263663K [0x0000000795580000, 0x00000007aaf80000, 0x00000007c0000000)
  eden space 232960K, 100% used [0x0000000795580000,0x00000007a3900000,0x00000007a3900000)
  from space 30720K, 99% used [0x00000007a3900000,0x00000007a56fbe48,0x00000007a5700000)
  to   space 35840K, 19% used [0x00000007a8c80000,0x00000007a9370060,0x00000007aaf80000)
 ParOldGen       total 110592K, used 62851K [0x0000000740000000, 0x0000000746c00000, 0x0000000795580000)
  object space 110592K, 56% used [0x0000000740000000,0x0000000743d60fe0,0x0000000746c00000)
 Metaspace       used 65599K, capacity 68424K, committed 68736K, reserved 1107968K
  class space    used 9044K, capacity 9733K, committed 9856K, reserved 1048576K

Card table byte_map: [0x0000000120800000,0x0000000120c01000] byte_map_base: 0x000000011ce00000

Marking Bits: (ParMarkBitMap*) 0x00000001103521c8
 Begin Bits: [0x0000000120c01000, 0x0000000122c01000)
 End Bits:   [0x0000000122c01000, 0x0000000124c01000)

Polling page: 0x00000001044ed000

CodeCache: size=245760Kb used=26557Kb max_used=26735Kb free=219202Kb
 bounds [0x0000000111800000, 0x0000000113250000, 0x0000000120800000]
 total_blobs=9201 nmethods=8405 adapters=709
 compilation: enabled

Compilation events (10 events):
Event: 51.854 Thread 0x00007fee9582f000 nmethod 10072 0x0000000111e41250 code [0x0000000111e41420, 0x0000000111e41c88]
Event: 51.854 Thread 0x00007fee9582f000 10065       4       java.util.regex.Pattern::<init> (90 bytes)
Event: 51.856 Thread 0x00007fee9582f000 nmethod 10065 0x0000000112a56510 code [0x0000000112a56660, 0x0000000112a56788]
Event: 51.856 Thread 0x00007fee9582f000 10063       4       java.util.regex.Matcher::quoteReplacement (82 bytes)
Event: 51.861 Thread 0x00007fee9582f000 nmethod 10063 0x000000011321c550 code [0x000000011321c6a0, 0x000000011321c8f8]
Event: 51.861 Thread 0x00007fee9582f000 10068       4       com.android.dx.cf.direct.ClassPathOpener$3::compare (13 bytes)
Event: 51.876 Thread 0x00007fee96839000 10074       3       java.util.TimSort::mergeLo (659 bytes)
Event: 51.879 Thread 0x00007fee96839000 nmethod 10074 0x0000000112010410 code [0x0000000112010740, 0x0000000112012898]
Event: 51.879 Thread 0x00007fee96839000 10075       3       java.util.TimSort::mergeAt (358 bytes)
Event: 51.880 Thread 0x00007fee96839000 nmethod 10075 0x0000000112210450 code [0x0000000112210620, 0x0000000112210bf8]

GC Heap History (10 events):
Event: 22.664 GC heap after
Heap after GC invocations=12 (full 2):
 PSYoungGen      total 197632K, used 15859K [0x0000000795580000, 0x00000007a3180000, 0x00000007c0000000)
  eden space 181760K, 0% used [0x0000000795580000,0x0000000795580000,0x00000007a0700000)
  from space 15872K, 99% used [0x00000007a1b80000,0x00000007a2afcf50,0x00000007a2b00000)
  to   space 20992K, 0% used [0x00000007a0700000,0x00000007a0700000,0x00000007a1b80000)
 ParOldGen       total 54784K, used 24125K [0x0000000740000000, 0x0000000743580000, 0x0000000795580000)
  object space 54784K, 44% used [0x0000000740000000,0x000000074178f730,0x0000000743580000)
 Metaspace       used 52430K, capacity 54172K, committed 54272K, reserved 1095680K
  class space    used 7194K, capacity 7616K, committed 7680K, reserved 1048576K
}
Event: 26.873 GC heap before
{Heap before GC invocations=13 (full 2):
 PSYoungGen      total 197632K, used 183857K [0x0000000795580000, 0x00000007a3180000, 0x00000007c0000000)
  eden space 181760K, 92% used [0x0000000795580000,0x000000079f98f7f0,0x00000007a0700000)
  from space 15872K, 99% used [0x00000007a1b80000,0x00000007a2afcf50,0x00000007a2b00000)
  to   space 20992K, 0% used [0x00000007a0700000,0x00000007a0700000,0x00000007a1b80000)
 ParOldGen       total 54784K, used 24125K [0x0000000740000000, 0x0000000743580000, 0x0000000795580000)
  object space 54784K, 44% used [0x0000000740000000,0x000000074178f730,0x0000000743580000)
 Metaspace       used 56832K, capacity 58914K, committed 59008K, reserved 1099776K
  class space    used 7898K, capacity 8490K, committed 8576K, reserved 1048576K
Event: 26.955 GC heap after
Heap after GC invocations=13 (full 2):
 PSYoungGen      total 202752K, used 20960K [0x0000000795580000, 0x00000007a7e80000, 0x00000007c0000000)
  eden space 181760K, 0% used [0x0000000795580000,0x0000000795580000,0x00000007a0700000)
  from space 20992K, 99% used [0x00000007a0700000,0x00000007a1b78230,0x00000007a1b80000)
  to   space 29184K, 0% used [0x00000007a6200000,0x00000007a6200000,0x00000007a7e80000)
 ParOldGen       total 54784K, used 38583K [0x0000000740000000, 0x0000000743580000, 0x0000000795580000)
  object space 54784K, 70% used [0x0000000740000000,0x00000007425aded8,0x0000000743580000)
 Metaspace       used 56832K, capacity 58914K, committed 59008K, reserved 1099776K
  class space    used 7898K, capacity 8490K, committed 8576K, reserved 1048576K
}
Event: 26.955 GC heap before
{Heap before GC invocations=14 (full 3):
 PSYoungGen      total 202752K, used 20960K [0x0000000795580000, 0x00000007a7e80000, 0x00000007c0000000)
  eden space 181760K, 0% used [0x0000000795580000,0x0000000795580000,0x00000007a0700000)
  from space 20992K, 99% used [0x00000007a0700000,0x00000007a1b78230,0x00000007a1b80000)
  to   space 29184K, 0% used [0x00000007a6200000,0x00000007a6200000,0x00000007a7e80000)
 ParOldGen       total 54784K, used 38583K [0x0000000740000000, 0x0000000743580000, 0x0000000795580000)
  object space 54784K, 70% used [0x0000000740000000,0x00000007425aded8,0x0000000743580000)
 Metaspace       used 56832K, capacity 58914K, committed 59008K, reserved 1099776K
  class space    used 7898K, capacity 8490K, committed 8576K, reserved 1048576K
Event: 27.482 GC heap after
Heap after GC invocations=14 (full 3):
 PSYoungGen      total 202752K, used 2012K [0x0000000795580000, 0x00000007a7e80000, 0x00000007c0000000)
  eden space 181760K, 0% used [0x0000000795580000,0x0000000795580000,0x00000007a0700000)
  from space 20992K, 9% used [0x00000007a0700000,0x00000007a08f7218,0x00000007a1b80000)
  to   space 29184K, 0% used [0x00000007a6200000,0x00000007a6200000,0x00000007a7e80000)
 ParOldGen       total 110592K, used 54495K [0x0000000740000000, 0x0000000746c00000, 0x0000000795580000)
  object space 110592K, 49% used [0x0000000740000000,0x0000000743537e70,0x0000000746c00000)
 Metaspace       used 56832K, capacity 58914K, committed 59008K, reserved 1099776K
  class space    used 7898K, capacity 8490K, committed 8576K, reserved 1048576K
}
Event: 42.150 GC heap before
{Heap before GC invocations=15 (full 3):
 PSYoungGen      total 202752K, used 183772K [0x0000000795580000, 0x00000007a7e80000, 0x00000007c0000000)
  eden space 181760K, 100% used [0x0000000795580000,0x00000007a0700000,0x00000007a0700000)
  from space 20992K, 9% used [0x00000007a0700000,0x00000007a08f7218,0x00000007a1b80000)
  to   space 29184K, 0% used [0x00000007a6200000,0x00000007a6200000,0x00000007a7e80000)
 ParOldGen       total 110592K, used 54495K [0x0000000740000000, 0x0000000746c00000, 0x0000000795580000)
  object space 110592K, 49% used [0x0000000740000000,0x0000000743537e70,0x0000000746c00000)
 Metaspace       used 60477K, capacity 63058K, committed 63360K, reserved 1103872K
  class space    used 8346K, capacity 8997K, committed 9088K, reserved 1048576K
Event: 42.203 GC heap after
Heap after GC invocations=15 (full 3):
 PSYoungGen      total 247296K, used 19439K [0x0000000795580000, 0x00000007a7500000, 0x00000007c0000000)
  eden space 227840K, 0% used [0x0000000795580000,0x0000000795580000,0x00000007a3400000)
  from space 19456K, 99% used [0x00000007a6200000,0x00000007a74fbea8,0x00000007a7500000)
  to   space 30720K, 0% used [0x00000007a3900000,0x00000007a3900000,0x00000007a5700000)
 ParOldGen       total 110592K, used 55583K [0x0000000740000000, 0x0000000746c00000, 0x0000000795580000)
  object space 110592K, 50% used [0x0000000740000000,0x0000000743647e70,0x0000000746c00000)
 Metaspace       used 60477K, capacity 63058K, committed 63360K, reserved 1103872K
  class space    used 8346K, capacity 8997K, committed 9088K, reserved 1048576K
}
Event: 48.796 GC heap before
{Heap before GC invocations=16 (full 3):
 PSYoungGen      total 247296K, used 247279K [0x0000000795580000, 0x00000007a7500000, 0x00000007c0000000)
  eden space 227840K, 100% used [0x0000000795580000,0x00000007a3400000,0x00000007a3400000)
  from space 19456K, 99% used [0x00000007a6200000,0x00000007a74fbea8,0x00000007a7500000)
  to   space 30720K, 0% used [0x00000007a3900000,0x00000007a3900000,0x00000007a5700000)
 ParOldGen       total 110592K, used 55583K [0x0000000740000000, 0x0000000746c00000, 0x0000000795580000)
  object space 110592K, 50% used [0x0000000740000000,0x0000000743647e70,0x0000000746c00000)
 Metaspace       used 65013K, capacity 67756K, committed 67840K, reserved 1107968K
  class space    used 8967K, capacity 9651K, committed 9728K, reserved 1048576K
Event: 48.869 GC heap after
Heap after GC invocations=16 (full 3):
 PSYoungGen      total 263680K, used 30703K [0x0000000795580000, 0x00000007aaf80000, 0x00000007c0000000)
  eden space 232960K, 0% used [0x0000000795580000,0x0000000795580000,0x00000007a3900000)
  from space 30720K, 99% used [0x00000007a3900000,0x00000007a56fbe48,0x00000007a5700000)
  to   space 35840K, 0% used [0x00000007a8c80000,0x00000007a8c80000,0x00000007aaf80000)
 ParOldGen       total 110592K, used 56956K [0x0000000740000000, 0x0000000746c00000, 0x0000000795580000)
  object space 110592K, 51% used [0x0000000740000000,0x000000074379f330,0x0000000746c00000)
 Metaspace       used 65013K, capacity 67756K, committed 67840K, reserved 1107968K
  class space    used 8967K, capacity 9651K, committed 9728K, reserved 1048576K
}
Event: 51.898 GC heap before
{Heap before GC invocations=17 (full 3):
 PSYoungGen      total 263680K, used 263663K [0x0000000795580000, 0x00000007aaf80000, 0x00000007c0000000)
  eden space 232960K, 100% used [0x0000000795580000,0x00000007a3900000,0x00000007a3900000)
  from space 30720K, 99% used [0x00000007a3900000,0x00000007a56fbe48,0x00000007a5700000)
  to   space 35840K, 0% used [0x00000007a8c80000,0x00000007a8c80000,0x00000007aaf80000)
 ParOldGen       total 110592K, used 56956K [0x0000000740000000, 0x0000000746c00000, 0x0000000795580000)
  object space 110592K, 51% used [0x0000000740000000,0x000000074379f330,0x0000000746c00000)
 Metaspace       used 65599K, capacity 68424K, committed 68736K, reserved 1107968K
  class space    used 9044K, capacity 9733K, committed 9856K, reserved 1048576K

Deoptimization events (10 events):
Event: 51.616 Thread 0x00007fee9c076000 Uncommon trap: reason=null_assert action=make_not_entrant pc=0x00000001125cdc38 method=java.util.zip.ZipEntry.setExtra0([BZ)V @ 269
Event: 51.624 Thread 0x00007fee9780f000 Uncommon trap: reason=class_check action=maybe_recompile pc=0x00000001131b18d8 method=java.util.concurrent.FutureTask.run()V @ 42
Event: 51.800 Thread 0x00007fee9780f000 Uncommon trap: reason=unstable_if action=reinterpret pc=0x0000000112f86878 method=java.util.zip.ZipFile$ZipEntryIterator.hasNext()Z @ 25
Event: 51.801 Thread 0x00007fee9780f000 Uncommon trap: reason=class_check action=maybe_recompile pc=0x00000001125f4a00 method=java.util.regex.Matcher.search(I)Z @ 86
Event: 51.801 Thread 0x00007fee9780f000 Uncommon trap: reason=class_check action=maybe_recompile pc=0x00000001125f4a00 method=java.util.regex.Matcher.search(I)Z @ 86
Event: 51.801 Thread 0x00007fee9780f000 Uncommon trap: reason=class_check action=maybe_recompile pc=0x00000001125f4a00 method=java.util.regex.Matcher.search(I)Z @ 86
Event: 51.801 Thread 0x00007fee9780f000 Uncommon trap: reason=class_check action=maybe_recompile pc=0x00000001125f4a00 method=java.util.regex.Matcher.search(I)Z @ 86
Event: 51.801 Thread 0x00007fee9780f000 Uncommon trap: reason=class_check action=maybe_recompile pc=0x000000011254513c method=java.util.regex.Matcher.search(I)Z @ 86
Event: 51.801 Thread 0x00007fee9780f000 Uncommon trap: reason=class_check action=maybe_recompile pc=0x00000001125156c8 method=java.util.regex.Matcher.search(I)Z @ 86
Event: 51.827 Thread 0x00007fee9780f000 Uncommon trap: reason=unstable_if action=reinterpret pc=0x0000000112d8f8cc method=java.util.regex.Pattern$BnM.match(Ljava/util/regex/Matcher;ILjava/lang/CharSequence;)Z @ 34

Classes redefined (0 events):
No events

Internal exceptions (10 events):
Event: 50.089 Thread 0x00007fee99dee000 Exception <a 'java/lang/ClassNotFoundException': com/android/build/gradle/tasks/MergeSourceSetFoldersCustomizer> (0x0000000798c7ad38) thrown at [/Volumes/android/AOSP-openjdk-git/jdk8u/hotspot/src/share/vm/classfile/systemDictionary.cpp, line 210]
Event: 50.090 Thread 0x00007fee99dee000 Exception <a 'java/lang/ClassNotFoundException': com/android/build/gradle/tasks/MergeSourceSetFolders_DecoratedCustomizer> (0x0000000798cb3500) thrown at [/Volumes/android/AOSP-openjdk-git/jdk8u/hotspot/src/share/vm/classfile/systemDictionary.cpp, line 21
Event: 50.097 Thread 0x00007fee99dee000 Exception <a 'java/lang/ClassNotFoundException': com/android/build/gradle/tasks/ShaderCompile_DecoratedBeanInfo> (0x0000000798dfa778) thrown at [/Volumes/android/AOSP-openjdk-git/jdk8u/hotspot/src/share/vm/classfile/systemDictionary.cpp, line 210]
Event: 50.097 Thread 0x00007fee99dee000 Exception <a 'java/lang/ClassNotFoundException': com/android/build/gradle/tasks/ShaderCompileBeanInfo> (0x0000000798e0d9a8) thrown at [/Volumes/android/AOSP-openjdk-git/jdk8u/hotspot/src/share/vm/classfile/systemDictionary.cpp, line 210]
Event: 50.098 Thread 0x00007fee99dee000 Exception <a 'java/lang/ClassNotFoundException': com/android/build/gradle/tasks/ShaderCompileCustomizer> (0x0000000798e210f0) thrown at [/Volumes/android/AOSP-openjdk-git/jdk8u/hotspot/src/share/vm/classfile/systemDictionary.cpp, line 210]
Event: 50.099 Thread 0x00007fee99dee000 Exception <a 'java/lang/ClassNotFoundException': com/android/build/gradle/tasks/ShaderCompile_DecoratedCustomizer> (0x0000000798e58958) thrown at [/Volumes/android/AOSP-openjdk-git/jdk8u/hotspot/src/share/vm/classfile/systemDictionary.cpp, line 210]
Event: 50.232 Thread 0x00007fee99dee000 Exception <a 'java/lang/ClassNotFoundException': com/android/build/gradle/internal/tasks/ExtractTryWithResourcesSupportJar_DecoratedBeanInfo> (0x00000007990b7090) thrown at [/Volumes/android/AOSP-openjdk-git/jdk8u/hotspot/src/share/vm/classfile/systemDict
Event: 50.232 Thread 0x00007fee99dee000 Exception <a 'java/lang/ClassNotFoundException': com/android/build/gradle/internal/tasks/ExtractTryWithResourcesSupportJarBeanInfo> (0x00000007990d0be0) thrown at [/Volumes/android/AOSP-openjdk-git/jdk8u/hotspot/src/share/vm/classfile/systemDictionary.cpp
Event: 50.233 Thread 0x00007fee99dee000 Exception <a 'java/lang/ClassNotFoundException': com/android/build/gradle/internal/tasks/ExtractTryWithResourcesSupportJarCustomizer> (0x00000007990eb520) thrown at [/Volumes/android/AOSP-openjdk-git/jdk8u/hotspot/src/share/vm/classfile/systemDictionary.c
Event: 50.234 Thread 0x00007fee99dee000 Exception <a 'java/lang/ClassNotFoundException': com/android/build/gradle/internal/tasks/ExtractTryWithResourcesSupportJar_DecoratedCustomizer> (0x0000000799118ac0) thrown at [/Volumes/android/AOSP-openjdk-git/jdk8u/hotspot/src/share/vm/classfile/systemDi

Events (10 events):
Event: 51.801 Thread 0x00007fee9780f000 Uncommon trap: trap_request=0xffffffde fr.pc=0x000000011254513c
Event: 51.801 Thread 0x00007fee9780f000 DEOPT PACKING pc=0x000000011254513c sp=0x0000700007208d80
Event: 51.801 Thread 0x00007fee9780f000 DEOPT UNPACKING pc=0x000000011184547a sp=0x0000700007208cd8 mode 2
Event: 51.801 Thread 0x00007fee9780f000 Uncommon trap: trap_request=0xffffffde fr.pc=0x00000001125156c8
Event: 51.801 Thread 0x00007fee9780f000 DEOPT PACKING pc=0x00000001125156c8 sp=0x0000700007208d10
Event: 51.801 Thread 0x00007fee9780f000 DEOPT UNPACKING pc=0x000000011184547a sp=0x0000700007208cd8 mode 2
Event: 51.827 Thread 0x00007fee9780f000 Uncommon trap: trap_request=0xffffff65 fr.pc=0x0000000112d8f8cc
Event: 51.827 Thread 0x00007fee9780f000 DEOPT PACKING pc=0x0000000112d8f8cc sp=0x0000700007208d00
Event: 51.827 Thread 0x00007fee9780f000 DEOPT UNPACKING pc=0x000000011184547a sp=0x0000700007208c48 mode 2
Event: 51.898 Executing VM operation: ParallelGCFailedAllocation


Dynamic libraries:
0x0000000104035000 	/System/Library/Frameworks/Cocoa.framework/Versions/A/Cocoa
0x000000010403f000 	/System/Library/Frameworks/Security.framework/Versions/A/Security
0x00000001044f3000 	/System/Library/Frameworks/ApplicationServices.framework/Versions/A/ApplicationServices
0x00000001044fe000 	/usr/lib/libz.1.dylib
0x000000010451b000 	/usr/lib/libSystem.B.dylib
0x0000000104525000 	/System/Library/Frameworks/CoreFoundation.framework/Versions/A/CoreFoundation
0x0000000104c57000 	/System/Library/Frameworks/Foundation.framework/Versions/C/Foundation
0x00000001052f6000 	/usr/lib/libobjc.A.dylib
0x00000001057ac000 	/System/Library/Frameworks/AppKit.framework/Versions/C/AppKit
0x0000000106fd4000 	/System/Library/Frameworks/CoreData.framework/Versions/A/CoreData
0x0000000107447000 	/System/Library/PrivateFrameworks/RemoteViewServices.framework/Versions/A/RemoteViewServices
0x0000000107494000 	/System/Library/PrivateFrameworks/UIFoundation.framework/Versions/A/UIFoundation
0x00000001076f5000 	/System/Library/PrivateFrameworks/DFRFoundation.framework/Versions/A/DFRFoundation
0x0000000107716000 	/usr/lib/libenergytrace.dylib
0x0000000107722000 	/System/Library/PrivateFrameworks/SkyLight.framework/Versions/A/SkyLight
0x0000000107a67000 	/System/Library/Frameworks/CoreGraphics.framework/Versions/A/CoreGraphics
0x0000000108216000 	/usr/lib/libScreenReader.dylib
0x0000000108224000 	/System/Library/Frameworks/Accelerate.framework/Versions/A/Accelerate
0x0000000108228000 	/System/Library/Frameworks/IOSurface.framework/Versions/A/IOSurface
0x000000010823c000 	/System/Library/Frameworks/AudioToolbox.framework/Versions/A/AudioToolbox
0x0000000108560000 	/System/Library/Frameworks/AudioUnit.framework/Versions/A/AudioUnit
0x000000010856b000 	/System/Library/PrivateFrameworks/DataDetectorsCore.framework/Versions/A/DataDetectorsCore
0x0000000108628000 	/System/Library/PrivateFrameworks/DesktopServicesPriv.framework/Versions/A/DesktopServicesPriv
0x00000001087ce000 	/System/Library/Frameworks/Carbon.framework/Versions/A/Frameworks/HIToolbox.framework/Versions/A/HIToolbox
0x0000000108c67000 	/usr/lib/libicucore.A.dylib
0x0000000108f60000 	/System/Library/Frameworks/QuartzCore.framework/Versions/A/QuartzCore
0x000000010925a000 	/System/Library/Frameworks/Carbon.framework/Versions/A/Frameworks/SpeechRecognition.framework/Versions/A/SpeechRecognition
0x000000010926e000 	/usr/lib/libauto.dylib
0x000000010927b000 	/usr/lib/libxml2.2.dylib
0x00000001093a5000 	/System/Library/PrivateFrameworks/CoreUI.framework/Versions/A/CoreUI
0x00000001096b6000 	/System/Library/Frameworks/CoreAudio.framework/Versions/A/CoreAudio
0x0000000109775000 	/System/Library/Frameworks/DiskArbitration.framework/Versions/A/DiskArbitration
0x0000000109789000 	/usr/lib/liblangid.dylib
0x0000000109793000 	/System/Library/PrivateFrameworks/MultitouchSupport.framework/Versions/A/MultitouchSupport
0x00000001097d6000 	/System/Library/Frameworks/IOKit.framework/Versions/A/IOKit
0x00000001098b7000 	/usr/lib/libDiagnosticMessagesClient.dylib
0x00000001098be000 	/System/Library/Frameworks/CoreServices.framework/Versions/A/CoreServices
0x00000001098c4000 	/System/Library/PrivateFrameworks/PerformanceAnalysis.framework/Versions/A/PerformanceAnalysis
0x0000000109952000 	/System/Library/PrivateFrameworks/GenerationalStorage.framework/Versions/A/GenerationalStorage
0x0000000109989000 	/System/Library/Frameworks/OpenGL.framework/Versions/A/OpenGL
0x00000001099a2000 	/System/Library/Frameworks/CoreImage.framework/Versions/A/CoreImage
0x0000000109d6a000 	/System/Library/Frameworks/CoreText.framework/Versions/A/CoreText
0x0000000109f7d000 	/System/Library/Frameworks/ImageIO.framework/Versions/A/ImageIO
0x000000010a179000 	/System/Library/PrivateFrameworks/Backup.framework/Versions/A/Backup
0x000000010a25f000 	/usr/lib/libarchive.2.dylib
0x000000010a298000 	/System/Library/Frameworks/CFNetwork.framework/Versions/A/CFNetwork
0x000000010a998000 	/System/Library/Frameworks/SystemConfiguration.framework/Versions/A/SystemConfiguration
0x000000010aa45000 	/usr/lib/libCRFSuite.dylib
0x000000010aa72000 	/usr/lib/libc++.1.dylib
0x000000010ab2b000 	/usr/lib/libc++abi.dylib
0x000000010ab67000 	/usr/lib/system/libcache.dylib
0x000000010ab77000 	/usr/lib/system/libcommonCrypto.dylib
0x000000010ab91000 	/usr/lib/system/libcompiler_rt.dylib
0x000000010aba8000 	/usr/lib/system/libcopyfile.dylib
0x000000010abb8000 	/usr/lib/system/libcorecrypto.dylib
0x000000010ac5e000 	/usr/lib/system/libdispatch.dylib
0x000000010accb000 	/usr/lib/system/libdyld.dylib
0x000000010acdf000 	/usr/lib/system/libkeymgr.dylib
0x000000010ace7000 	/usr/lib/system/liblaunch.dylib
0x000000010acf1000 	/usr/lib/system/libmacho.dylib
0x000000010acfe000 	/usr/lib/system/libquarantine.dylib
0x000000010ad08000 	/usr/lib/system/libremovefile.dylib
0x000000010ad10000 	/usr/lib/system/libsystem_asl.dylib
0x000000010ad36000 	/usr/lib/system/libsystem_blocks.dylib
0x000000010ad3c000 	/usr/lib/system/libsystem_c.dylib
0x000000010adf4000 	/usr/lib/system/libsystem_configuration.dylib
0x000000010ae06000 	/usr/lib/system/libsystem_coreservices.dylib
0x000000010ae16000 	/usr/lib/system/libsystem_coretls.dylib
0x000000010ae41000 	/usr/lib/system/libsystem_dnssd.dylib
0x000000010ae4f000 	/usr/lib/system/libsystem_info.dylib
0x000000010ae90000 	/usr/lib/system/libsystem_kernel.dylib
0x000000010aecf000 	/usr/lib/system/libsystem_m.dylib
0x000000010af29000 	/usr/lib/system/libsystem_malloc.dylib
0x000000010af5a000 	/usr/lib/system/libsystem_network.dylib
0x000000010afda000 	/usr/lib/system/libsystem_networkextension.dylib
0x000000010aff5000 	/usr/lib/system/libsystem_notify.dylib
0x000000010b009000 	/usr/lib/system/libsystem_platform.dylib
0x000000010b01f000 	/usr/lib/system/libsystem_pthread.dylib
0x000000010b03d000 	/usr/lib/system/libsystem_sandbox.dylib
0x000000010b048000 	/usr/lib/system/libsystem_secinit.dylib
0x000000010b056000 	/usr/lib/system/libsystem_symptoms.dylib
0x000000010b06b000 	/usr/lib/system/libsystem_trace.dylib
0x000000010b08d000 	/usr/lib/system/libunwind.dylib
0x000000010b09f000 	/usr/lib/system/libxpc.dylib
0x000000010b0ec000 	/usr/lib/libbsm.0.dylib
0x000000010b109000 	/usr/lib/system/libkxld.dylib
0x000000010b11c000 	/usr/lib/libcoretls.dylib
0x000000010b12b000 	/usr/lib/libcoretls_cfhelpers.dylib
0x000000010b138000 	/usr/lib/libOpenScriptingUtil.dylib
0x000000010b13f000 	/usr/lib/libpam.2.dylib
0x000000010b14e000 	/usr/lib/libsqlite3.dylib
0x000000010b2b9000 	/usr/lib/libxar.1.dylib
0x000000010b2d2000 	/usr/lib/libbz2.1.0.dylib
0x000000010b2e6000 	/usr/lib/liblzma.5.dylib
0x000000010b30b000 	/usr/lib/libnetwork.dylib
0x000000010b3c0000 	/usr/lib/libpcap.A.dylib
0x000000010b405000 	/System/Library/Frameworks/CoreServices.framework/Versions/A/Frameworks/FSEvents.framework/Versions/A/FSEvents
0x000000010b418000 	/System/Library/Frameworks/CoreServices.framework/Versions/A/Frameworks/CarbonCore.framework/Versions/A/CarbonCore
0x000000010af6f000 	/System/Library/Frameworks/CoreServices.framework/Versions/A/Frameworks/Metadata.framework/Versions/A/Metadata
0x000000010b89c000 	/System/Library/Frameworks/CoreServices.framework/Versions/A/Frameworks/OSServices.framework/Versions/A/OSServices
0x000000010b948000 	/System/Library/Frameworks/CoreServices.framework/Versions/A/Frameworks/SearchKit.framework/Versions/A/SearchKit
0x000000010ba01000 	/System/Library/Frameworks/CoreServices.framework/Versions/A/Frameworks/AE.framework/Versions/A/AE
0x000000010ba87000 	/System/Library/Frameworks/CoreServices.framework/Versions/A/Frameworks/LaunchServices.framework/Versions/A/LaunchServices
0x000000010bce8000 	/System/Library/Frameworks/CoreServices.framework/Versions/A/Frameworks/DictionaryServices.framework/Versions/A/DictionaryServices
0x000000010bd48000 	/System/Library/Frameworks/CoreServices.framework/Versions/A/Frameworks/SharedFileList.framework/Versions/A/SharedFileList
0x000000010bdc3000 	/System/Library/Frameworks/NetFS.framework/Versions/A/NetFS
0x000000010bdd5000 	/System/Library/PrivateFrameworks/NetAuth.framework/Versions/A/NetAuth
0x000000010bdf3000 	/System/Library/PrivateFrameworks/login.framework/Versions/A/Frameworks/loginsupport.framework/Versions/A/loginsupport
0x000000010bdfe000 	/System/Library/PrivateFrameworks/TCC.framework/Versions/A/TCC
0x000000010be12000 	/usr/lib/libmecabra.dylib
0x000000010c123000 	/System/Library/Frameworks/ApplicationServices.framework/Versions/A/Frameworks/ATS.framework/Versions/A/ATS
0x000000010c1c4000 	/System/Library/Frameworks/ApplicationServices.framework/Versions/A/Frameworks/ColorSync.framework/Versions/A/ColorSync
0x000000010c2bb000 	/System/Library/Frameworks/ApplicationServices.framework/Versions/A/Frameworks/HIServices.framework/Versions/A/HIServices
0x000000010c345000 	/System/Library/Frameworks/ApplicationServices.framework/Versions/A/Frameworks/LangAnalysis.framework/Versions/A/LangAnalysis
0x000000010c364000 	/System/Library/Frameworks/ApplicationServices.framework/Versions/A/Frameworks/PrintCore.framework/Versions/A/PrintCore
0x000000010c3e6000 	/System/Library/Frameworks/ApplicationServices.framework/Versions/A/Frameworks/QD.framework/Versions/A/QD
0x000000010c44f000 	/System/Library/Frameworks/ApplicationServices.framework/Versions/A/Frameworks/SpeechSynthesis.framework/Versions/A/SpeechSynthesis
0x000000010c470000 	/System/Library/Frameworks/Accelerate.framework/Versions/A/Frameworks/vImage.framework/Versions/A/vImage
0x000000010cb1f000 	/System/Library/Frameworks/Accelerate.framework/Versions/A/Frameworks/vecLib.framework/Versions/A/vecLib
0x000000010cb23000 	/System/Library/Frameworks/Accelerate.framework/Versions/A/Frameworks/vecLib.framework/Versions/A/libvDSP.dylib
0x000000010cc83000 	/System/Library/Frameworks/Accelerate.framework/Versions/A/Frameworks/vecLib.framework/Versions/A/libBNNS.dylib
0x000000010cca6000 	/System/Library/Frameworks/Accelerate.framework/Versions/A/Frameworks/vecLib.framework/Versions/A/libQuadrature.dylib
0x000000010ccb4000 	/System/Library/Frameworks/Accelerate.framework/Versions/A/Frameworks/vecLib.framework/Versions/A/libvMisc.dylib
0x000000010cd78000 	/System/Library/Frameworks/Accelerate.framework/Versions/A/Frameworks/vecLib.framework/Versions/A/libLAPACK.dylib
0x000000010d1e5000 	/System/Library/Frameworks/Accelerate.framework/Versions/A/Frameworks/vecLib.framework/Versions/A/libBLAS.dylib
0x000000010d3d2000 	/System/Library/Frameworks/Accelerate.framework/Versions/A/Frameworks/vecLib.framework/Versions/A/libLinearAlgebra.dylib
0x000000010d3f8000 	/System/Library/Frameworks/Accelerate.framework/Versions/A/Frameworks/vecLib.framework/Versions/A/libSparseBLAS.dylib
0x000000010d413000 	/System/Library/Frameworks/ApplicationServices.framework/Versions/A/Frameworks/ATS.framework/Versions/A/Resources/libFontParser.dylib
0x000000010d5ce000 	/System/Library/Frameworks/ApplicationServices.framework/Versions/A/Frameworks/ATS.framework/Versions/A/Resources/libFontRegistry.dylib
0x000000010d64b000 	/System/Library/Frameworks/ImageIO.framework/Versions/A/Resources/libJPEG.dylib
0x000000010d679000 	/System/Library/Frameworks/ImageIO.framework/Versions/A/Resources/libTIFF.dylib
0x000000010d6d9000 	/System/Library/Frameworks/ImageIO.framework/Versions/A/Resources/libPng.dylib
0x000000010d712000 	/System/Library/Frameworks/ImageIO.framework/Versions/A/Resources/libGIF.dylib
0x000000010d71e000 	/System/Library/Frameworks/ImageIO.framework/Versions/A/Resources/libJP2.dylib
0x000000010d83d000 	/System/Library/Frameworks/ImageIO.framework/Versions/A/Resources/libRadiance.dylib
0x000000010d845000 	/usr/lib/libcompression.dylib
0x000000010d86a000 	/System/Library/PrivateFrameworks/AppleJPEG.framework/Versions/A/AppleJPEG
0x000000010d95e000 	/usr/lib/libcups.2.dylib
0x000000010d9cb000 	/System/Library/Frameworks/Kerberos.framework/Versions/A/Kerberos
0x000000010da00000 	/System/Library/Frameworks/GSS.framework/Versions/A/GSS
0x000000010da55000 	/usr/lib/libresolv.9.dylib
0x000000010da81000 	/usr/lib/libiconv.2.dylib
0x000000010db84000 	/System/Library/PrivateFrameworks/Heimdal.framework/Versions/A/Heimdal
0x000000010dc2f000 	/usr/lib/libheimdal-asn1.dylib
0x000000010dc3c000 	/System/Library/Frameworks/OpenDirectory.framework/Versions/A/OpenDirectory
0x000000010dc5d000 	/System/Library/PrivateFrameworks/CommonAuth.framework/Versions/A/CommonAuth
0x000000010dc71000 	/System/Library/Frameworks/OpenDirectory.framework/Versions/A/Frameworks/CFOpenDirectory.framework/Versions/A/CFOpenDirectory
0x000000010dcb3000 	/System/Library/Frameworks/SecurityFoundation.framework/Versions/A/SecurityFoundation
0x000000010dd6d000 	/System/Library/PrivateFrameworks/LanguageModeling.framework/Versions/A/LanguageModeling
0x000000010df58000 	/usr/lib/libmarisa.dylib
0x000000010df82000 	/usr/lib/libChineseTokenizer.dylib
0x000000010df9c000 	/usr/lib/libcmph.dylib
0x000000010dfb7000 	/System/Library/PrivateFrameworks/CoreEmoji.framework/Versions/A/CoreEmoji
0x000000010dfe4000 	/System/Library/Frameworks/ServiceManagement.framework/Versions/A/ServiceManagement
0x000000010dfef000 	/usr/lib/libxslt.1.dylib
0x000000010e027000 	/System/Library/Frameworks/Carbon.framework/Versions/A/Frameworks/Ink.framework/Versions/A/Ink
0x000000010e0f9000 	/System/Library/PrivateFrameworks/TextureIO.framework/Versions/A/TextureIO
0x000000010e1e2000 	/System/Library/Frameworks/Metal.framework/Versions/A/Metal
0x000000010e2ea000 	/usr/lib/libate.dylib
0x000000010e3f1000 	/System/Library/PrivateFrameworks/GPUCompiler.framework/libmetal_timestamp.dylib
0x000000010e3f7000 	/System/Library/Frameworks/OpenGL.framework/Versions/A/Libraries/libCoreFSCache.dylib
0x000000010e400000 	/System/Library/PrivateFrameworks/IOAccelerator.framework/Versions/A/IOAccelerator
0x000000010e418000 	/System/Library/Frameworks/CoreVideo.framework/Versions/A/CoreVideo
0x000000010e479000 	/usr/lib/libFosl_dynamic.dylib
0x000000010e6c4000 	/System/Library/PrivateFrameworks/MetalPerformanceShaders.framework/Versions/A/MetalPerformanceShaders
0x000000010e78e000 	/System/Library/PrivateFrameworks/FaceCore.framework/Versions/A/FaceCore
0x000000010ede0000 	/System/Library/Frameworks/OpenCL.framework/Versions/A/OpenCL
0x000000010ee4d000 	/System/Library/Frameworks/OpenGL.framework/Versions/A/Libraries/libGLU.dylib
0x000000010eea2000 	/System/Library/Frameworks/OpenGL.framework/Versions/A/Libraries/libGFXShared.dylib
0x000000010eeba000 	/System/Library/Frameworks/OpenGL.framework/Versions/A/Libraries/libGL.dylib
0x000000010eee0000 	/System/Library/Frameworks/OpenGL.framework/Versions/A/Libraries/libGLImage.dylib
0x000000010ef2a000 	/System/Library/Frameworks/OpenGL.framework/Versions/A/Libraries/libCVMSPluginSupport.dylib
0x000000010ef34000 	/System/Library/Frameworks/OpenGL.framework/Versions/A/Libraries/libCoreVMClient.dylib
0x000000010ef47000 	/System/Library/PrivateFrameworks/CrashReporterSupport.framework/Versions/A/CrashReporterSupport
0x000000010ef6b000 	/System/Library/PrivateFrameworks/Sharing.framework/Versions/A/Sharing
0x000000010f080000 	/System/Library/PrivateFrameworks/IconServices.framework/Versions/A/IconServices
0x000000010f0cb000 	/System/Library/PrivateFrameworks/ProtocolBuffer.framework/Versions/A/ProtocolBuffer
0x000000010f102000 	/System/Library/PrivateFrameworks/Apple80211.framework/Versions/A/Apple80211
0x000000010f134000 	/System/Library/Frameworks/CoreWLAN.framework/Versions/A/CoreWLAN
0x000000010f1f7000 	/System/Library/PrivateFrameworks/CoreUtils.framework/Versions/A/CoreUtils
0x000000010f32b000 	/System/Library/Frameworks/IOBluetooth.framework/Versions/A/IOBluetooth
0x000000010f458000 	/System/Library/PrivateFrameworks/CoreWiFi.framework/Versions/A/CoreWiFi
0x000000010f526000 	/System/Library/Frameworks/CoreBluetooth.framework/Versions/A/CoreBluetooth
0x000000010f553000 	/System/Library/Frameworks/CoreDisplay.framework/Versions/A/CoreDisplay
0x000000010f63e000 	/System/Library/PrivateFrameworks/IOPresentment.framework/Versions/A/IOPresentment
0x000000010f66c000 	/System/Library/PrivateFrameworks/DSExternalDisplay.framework/Versions/A/DSExternalDisplay
0x000000010f678000 	/System/Library/PrivateFrameworks/DebugSymbols.framework/Versions/A/DebugSymbols
0x000000010f6dd000 	/System/Library/PrivateFrameworks/CoreSymbolication.framework/Versions/A/CoreSymbolication
0x000000010f7c1000 	/System/Library/PrivateFrameworks/Symbolication.framework/Versions/A/Symbolication
0x000000010f887000 	/System/Library/PrivateFrameworks/AppleFSCompression.framework/Versions/A/AppleFSCompression
0x000000010f8a0000 	/System/Library/PrivateFrameworks/SpeechRecognitionCore.framework/Versions/A/SpeechRecognitionCore
0x000000010f8c3000 	/System/Library/PrivateFrameworks/ChunkingLibrary.framework/Versions/A/ChunkingLibrary
0x000000010fb5a000 	/Applications/Android Studio 2.app/Contents/jre/jdk/Contents/Home/jre/lib/server/libjvm.dylib
0x00000001105c2000 	/usr/lib/libstdc++.6.dylib
0x000000011067b000 	/Applications/Android Studio 2.app/Contents/jre/jdk/Contents/Home/jre/lib/libverify.dylib
0x0000000110687000 	/Applications/Android Studio 2.app/Contents/jre/jdk/Contents/Home/jre/lib/libjava.dylib
0x00000001106c3000 	/Applications/Android Studio 2.app/Contents/jre/jdk/Contents/Home/jre/lib/libzip.dylib
0x0000000126e68000 	/Applications/Android Studio 2.app/Contents/jre/jdk/Contents/Home/jre/lib/libnet.dylib
0x0000000126e7f000 	/Applications/Android Studio 2.app/Contents/jre/jdk/Contents/Home/jre/lib/libnio.dylib
0x00000001097cf000 	/Users/laki/.gradle/native/25/osx-amd64/libnative-platform.dylib
0x0000000127168000 	/Applications/Android Studio 2.app/Contents/jre/jdk/Contents/Home/jre/lib/libmanagement.dylib

VM Arguments:
jvm_args: -Xmx2048m -Dfile.encoding=UTF-8 -Duser.country=ZA -Duser.language=en -Duser.variant 
java_command: org.gradle.launcher.daemon.bootstrap.GradleDaemon 4.4
java_class_path (initial): /Users/laki/.gradle/wrapper/dists/gradle-4.4-all/9br9xq1tocpiv8o6njlyu5op1/gradle-4.4/lib/gradle-launcher-4.4.jar
Launcher Type: SUN_STANDARD

Environment Variables:
PATH=/usr/local/bin:/usr/bin:/bin:/usr/sbin:/sbin:/opt/X11/bin
SHELL=/bin/bash
DISPLAY=/private/tmp/com.apple.launchd.OEVxDRBAZf/org.macosforge.xquartz:0

Signal Handlers:
SIGSEGV: [libjvm.dylib+0x53f567], sa_mask[0]=11111111011111110111111111111111, sa_flags=SA_ONSTACK|SA_RESTART|SA_SIGINFO
SIGBUS: [libjvm.dylib+0x53f567], sa_mask[0]=11111111011111110111111111111111, sa_flags=SA_RESTART|SA_SIGINFO
SIGFPE: [libjvm.dylib+0x437adf], sa_mask[0]=11111111011111110111111111111111, sa_flags=SA_RESTART|SA_SIGINFO
SIGPIPE: [libjvm.dylib+0x437adf], sa_mask[0]=11111111011111110111111111111111, sa_flags=SA_RESTART|SA_SIGINFO
SIGXFSZ: [libjvm.dylib+0x437adf], sa_mask[0]=11111111011111110111111111111111, sa_flags=SA_RESTART|SA_SIGINFO
SIGILL: [libjvm.dylib+0x437adf], sa_mask[0]=11111111011111110111111111111111, sa_flags=SA_RESTART|SA_SIGINFO
SIGUSR1: SIG_DFL, sa_mask[0]=00000000000000000000000000000000, sa_flags=none
SIGUSR2: [libjvm.dylib+0x438404], sa_mask[0]=00100000000000000000000000000000, sa_flags=SA_RESTART|SA_SIGINFO
SIGHUP: [libjvm.dylib+0x4365f9], sa_mask[0]=11111111011111110111111111111111, sa_flags=SA_RESTART|SA_SIGINFO
SIGINT: [libjvm.dylib+0x4365f9], sa_mask[0]=11111111011111110111111111111111, sa_flags=SA_RESTART|SA_SIGINFO
SIGTERM: [libjvm.dylib+0x4365f9], sa_mask[0]=11111111011111110111111111111111, sa_flags=SA_RESTART|SA_SIGINFO
SIGQUIT: [libjvm.dylib+0x4365f9], sa_mask[0]=11111111011111110111111111111111, sa_flags=SA_RESTART|SA_SIGINFO


---------------  S Y S T E M  ---------------

OS:Bsduname:Darwin 16.6.0 Darwin Kernel Version 16.6.0: Fri Apr 14 16:21:16 PDT 2017; root:xnu-3789.60.24~6/RELEASE_X86_64 x86_64
rlimit: STACK 8192k, CORE 0k, NPROC 709, NOFILE 10240, AS infinity
load average:6.17 3.89 3.43

CPU:total 4 (initial active 4) (2 cores per cpu, 2 threads per core) family 6 model 58 stepping 9, cmov, cx8, fxsr, mmx, sse, sse2, sse3, ssse3, sse4.1, sse4.2, popcnt, avx, aes, clmul, erms, ht, tsc, tscinvbit, tscinv

Memory: 4k page, physical 4194304k(22524k free)

/proc/meminfo:


vm_info: OpenJDK 64-Bit Server VM (25.152-b01) for bsd-amd64 JRE (1.8.0_152-release-1024-b01), built by "builder" with gcc 4.2.1 Compatible Apple LLVM 8.1.0 (clang-802.0.42)

time: Fri May 11 09:46:10 2018
elapsed time: 51 seconds (0d 0h 0m 51s)

