#
# A fatal error has been detected by the Java Runtime Environment:
#
#  SIGSEGV (0xb) at pc=0x000000011a2e06bc, pid=3909, tid=0x0000000000004703
#
# JRE version: OpenJDK Runtime Environment (8.0_152-b01) (build 1.8.0_152-release-1024-b01)
# Java VM: OpenJDK 64-Bit Server VM (25.152-b01 mixed mode bsd-amd64 compressed oops)
# Problematic frame:
# V  [libjvm.dylib+0x1196bc]  LinearScan::eliminate_spill_moves()+0xce
#
# Failed to write core dump. Core dumps have been disabled. To enable core dumping, try "ulimit -c unlimited" before starting Java again
#
# If you would like to submit a bug report, please visit:
#   http://bugreport.java.com/bugreport/crash.jsp
#

---------------  T H R E A D  ---------------

Current thread (0x00007fc0f280b800):  JavaThread "C1 CompilerThread2" daemon [_thread_in_native, id=18179, stack(0x000070000e7c3000,0x000070000e8c3000)]

siginfo: si_signo: 11 (SIGSEGV), si_code: 1 (SEGV_MAPERR), si_addr: 0x00007fc0b48de820

Registers:
RAX=0x00007fc0f48de0d0, RBX=0x00007fc0f4d39fb0, RCX=0x00007fc0b48de800, RDX=0x00007fc0f6800010
RSP=0x000070000e8c2430, RBP=0x000070000e8c24d0, RSI=0x0000000000000010, RDI=0x0000000000000001
R8 =0x0000000000000002, R9 =0x0000000000000001, R10=0x0000000000000002, R11=0x0000000000000001
R12=0x000000000000001c, R13=0x000000000001401b, R14=0x0000000000000214, R15=0x0000000000000000
RIP=0x000000011a2e06bc, EFLAGS=0x0000000000010297, ERR=0x0000000000000004
  TRAPNO=0x000000000000000e

Top of Stack: (sp=0x000070000e8c2430)
0x000070000e8c2430:   00007fc0f4d396e0 0000000000000000
0x000070000e8c2440:   ffffffff00000006 00007fc0f6803ee0
0x000070000e8c2450:   0000000100000008 00007fc000000003
0x000070000e8c2460:   00007fc0f6803f00 0000000000000008
0x000070000e8c2470:   00007fc0f48dd6e0 000000000000001d
0x000070000e8c2480:   0000000000000014 0000000000000021
0x000070000e8c2490:   00007fc0f4d39fb0 00007fc0f51a07e0
0x000070000e8c24a0:   00007fc0f4d34210 00007fc0f4d34210
0x000070000e8c24b0:   00007fc0f2be9990 0000000000000000
0x000070000e8c24c0:   00007fc0f4d34210 00007fc0f4d34210
0x000070000e8c24d0:   000070000e8c24f0 000000011a2e5e3b
0x000070000e8c24e0:   00007fc0f4d34380 000070000e8c27f8
0x000070000e8c24f0:   000070000e8c2680 000000011a29fa63
0x000070000e8c2500:   000000011a9655c8 000000011a965780
0x000070000e8c2510:   000070000e8c27f8 00007fc0f4f4e2c0
0x000070000e8c2520:   00007fc000000001 00007fc0f2d424a0
0x000070000e8c2530:   0000000000000200 0000000000000000
0x000070000e8c2540:   00007fc0f48d8010 0000000100000200
0x000070000e8c2550:   0000000000000167 00007fc0f48d9010
0x000070000e8c2560:   00007fc000000200 0000000000000000
0x000070000e8c2570:   0000000000000197 0000000000000194
0x000070000e8c2580:   00007fc0f48dbc10 0000000100000200
0x000070000e8c2590:   0000000000000000 0000000000000000
0x000070000e8c25a0:   0000000000000000 00007fc0f2be9a00
0x000070000e8c25b0:   0000000000000000 0000000000000000
0x000070000e8c25c0:   0000000000000003 00007fc0f40cf900
0x000070000e8c25d0:   00007fc0f0f0dba0 0000000200000000
0x000070000e8c25e0:   0000000000000000 00007fc00000000f
0x000070000e8c25f0:   00007fc0f2be9aa0 00007fc000000000
0x000070000e8c2600:   00007fc0f2d3bd30 0000000000000004
0x000070000e8c2610:   0000000000000000 00007fc0f2d3bcb0
0x000070000e8c2620:   0000000000000004 0000000000000000 

Instructions: (pc=0x000000011a2e06bc)
0x000000011a2e069c:   01 00 00 48 89 4d a8 48 89 5d b0 45 31 ff 41 bc
0x000000011a2e06ac:   01 00 00 00 48 89 45 a0 48 8b 40 08 4a 8b 0c e0
0x000000011a2e06bc:   44 8b 71 20 41 83 fe ff 0f 84 a0 00 00 00 48 8b
0x000000011a2e06cc:   5d c0 eb 7e 41 f6 c7 01 75 20 48 8b 45 c8 48 8b 

Register to memory mapping:

RAX=0x00007fc0f48de0d0 is an unknown value
RBX=0x00007fc0f4d39fb0 is an unknown value
RCX=0x00007fc0b48de800 is an unknown value
RDX=0x00007fc0f6800010 is an unknown value
RSP=0x000070000e8c2430 is pointing into the stack for thread: 0x00007fc0f280b800
RBP=0x000070000e8c24d0 is pointing into the stack for thread: 0x00007fc0f280b800
RSI=0x0000000000000010 is an unknown value
RDI=0x0000000000000001 is an unknown value
R8 =0x0000000000000002 is an unknown value
R9 =0x0000000000000001 is an unknown value
R10=0x0000000000000002 is an unknown value
R11=0x0000000000000001 is an unknown value
R12=0x000000000000001c is an unknown value
R13=0x000000000001401b is an unknown value
R14=0x0000000000000214 is an unknown value
R15=0x0000000000000000 is an unknown value


Stack: [0x000070000e7c3000,0x000070000e8c3000],  sp=0x000070000e8c2430,  free space=1021k
Native frames: (J=compiled Java code, j=interpreted, Vv=VM code, C=native code)
V  [libjvm.dylib+0x1196bc]  LinearScan::eliminate_spill_moves()+0xce
V  [libjvm.dylib+0x11ee3b]  LinearScan::do_linear_scan()+0x8f
V  [libjvm.dylib+0xd8a63]  Compilation::emit_lir()+0xd3
V  [libjvm.dylib+0xd8ff0]  Compilation::compile_java_method()+0xe4
V  [libjvm.dylib+0xd91cc]  Compilation::compile_method()+0x58
V  [libjvm.dylib+0xd938c]  Compilation::Compilation(AbstractCompiler*, ciEnv*, ciMethod*, int, BufferBlob*)+0x144
V  [libjvm.dylib+0xd9e9d]  Compiler::compile_method(ciEnv*, ciMethod*, int)+0x81
V  [libjvm.dylib+0x1a067a]  CompileBroker::invoke_compiler_on_method(CompileTask*)+0x564
V  [libjvm.dylib+0x19fc78]  CompileBroker::compiler_thread_loop()+0x270
V  [libjvm.dylib+0x505e88]  JavaThread::thread_main_inner()+0x82
V  [libjvm.dylib+0x505d4d]  JavaThread::run()+0x199
V  [libjvm.dylib+0x435709]  java_start(Thread*)+0xfa
C  [libsystem_pthread.dylib+0x393b]  _pthread_body+0xb4
C  [libsystem_pthread.dylib+0x3887]  _pthread_body+0x0
C  [libsystem_pthread.dylib+0x308d]  thread_start+0xd
C  0x0000000000000000


Current CompileTask:
C1:   7760 3560       3       com.google.common.collect.ImmutableSortedSet::construct (94 bytes)


---------------  P R O C E S S  ---------------

Java Threads: ( => current thread )
  0x00007fc0f2436800 JavaThread "Memory manager" [_thread_blocked, id=26883, stack(0x000070000fafc000,0x000070000fbfc000)]
  0x00007fc0f630a800 JavaThread "build operations Thread 4" [_thread_blocked, id=26371, stack(0x000070000f9f9000,0x000070000faf9000)]
  0x00007fc0f23e9000 JavaThread "build operations Thread 3" [_thread_blocked, id=25859, stack(0x000070000f8f6000,0x000070000f9f6000)]
  0x00007fc0f45c1000 JavaThread "build operations Thread 2" [_thread_blocked, id=4871, stack(0x000070000f7f3000,0x000070000f8f3000)]
  0x00007fc0f6311000 JavaThread "build operations" [_thread_blocked, id=3847, stack(0x000070000f6f0000,0x000070000f7f0000)]
  0x00007fc0f22bd800 JavaThread "Cache worker for Artifact transforms cache (/Users/laki/.gradle/caches/transforms-1)" [_thread_blocked, id=25347, stack(0x000070000f5ed000,0x000070000f6ed000)]
  0x00007fc0f21f5000 JavaThread "Cache worker for file hash cache (/Users/laki/Documents/mystuff/AndroidStudioProjects/SEAPP/.gradle/4.4/fileHashes)" [_thread_blocked, id=24835, stack(0x000070000f4ea000,0x000070000f5ea000)]
  0x00007fc0f21f4000 JavaThread "File lock request listener" [_thread_in_native, id=24323, stack(0x000070000f3e7000,0x000070000f4e7000)]
  0x00007fc0f1fed800 JavaThread "Cache worker for file hash cache (/Users/laki/.gradle/caches/4.4/fileHashes)" [_thread_blocked, id=23811, stack(0x000070000f2e4000,0x000070000f3e4000)]
  0x00007fc0f160d000 JavaThread "Stdin handler" [_thread_blocked, id=23299, stack(0x000070000f1e1000,0x000070000f2e1000)]
  0x00007fc0f1645800 JavaThread "Asynchronous log dispatcher for DefaultDaemonConnection: socket connection from /127.0.0.1:50984 to /127.0.0.1:50985" [_thread_blocked, id=22787, stack(0x000070000f0de000,0x000070000f1de000)]
  0x00007fc0f1644000 JavaThread "Daemon worker" [_thread_in_Java, id=22275, stack(0x000070000efdb000,0x000070000f0db000)]
  0x00007fc0f1f51000 JavaThread "Cancel handler" [_thread_blocked, id=21763, stack(0x000070000eed8000,0x000070000efd8000)]
  0x00007fc0f1f49800 JavaThread "Handler for socket connection from /127.0.0.1:50984 to /127.0.0.1:50985" [_thread_in_native, id=21251, stack(0x000070000edd5000,0x000070000eed5000)]
  0x00007fc0f1f48800 JavaThread "Daemon" [_thread_blocked, id=20739, stack(0x000070000ecd2000,0x000070000edd2000)]
  0x00007fc0f162d800 JavaThread "Daemon periodic checks" [_thread_blocked, id=20227, stack(0x000070000ebcf000,0x000070000eccf000)]
  0x00007fc0f1f1a800 JavaThread "Incoming local TCP Connector on port 50984" [_thread_in_native, id=19715, stack(0x000070000eacc000,0x000070000ebcc000)]
  0x00007fc0f1801800 JavaThread "Service Thread" daemon [_thread_blocked, id=18691, stack(0x000070000e8c6000,0x000070000e9c6000)]
=>0x00007fc0f280b800 JavaThread "C1 CompilerThread2" daemon [_thread_in_native, id=18179, stack(0x000070000e7c3000,0x000070000e8c3000)]
  0x00007fc0f1056000 JavaThread "C2 CompilerThread1" daemon [_thread_in_native, id=17667, stack(0x000070000e6c0000,0x000070000e7c0000)]
  0x00007fc0f1055800 JavaThread "C2 CompilerThread0" daemon [_thread_in_native, id=17155, stack(0x000070000e5bd000,0x000070000e6bd000)]
  0x00007fc0f181a000 JavaThread "Signal Dispatcher" daemon [_thread_blocked, id=16643, stack(0x000070000e4ba000,0x000070000e5ba000)]
  0x00007fc0f1037800 JavaThread "Finalizer" daemon [_thread_blocked, id=12547, stack(0x000070000e3b7000,0x000070000e4b7000)]
  0x00007fc0f1035000 JavaThread "Reference Handler" daemon [_thread_blocked, id=12035, stack(0x000070000e2b4000,0x000070000e3b4000)]
  0x00007fc0f1809800 JavaThread "main" [_thread_blocked, id=7171, stack(0x000070000dca2000,0x000070000dda2000)]

Other Threads:
  0x00007fc0f2804800 VMThread [stack: 0x000070000e1b1000,0x000070000e2b1000] [id=11523]
  0x00007fc0f183f000 WatcherThread [stack: 0x000070000e9c9000,0x000070000eac9000] [id=19203]

VM state:not at safepoint (normal execution)

VM Mutex/Monitor currently owned by a thread: None

Heap:
 PSYoungGen      total 135680K, used 42654K [0x0000000795580000, 0x000000079f280000, 0x00000007c0000000)
  eden space 126976K, 33% used [0x0000000795580000,0x0000000797f27968,0x000000079d180000)
  from space 8704K, 0% used [0x000000079d180000,0x000000079d180000,0x000000079da00000)
  to   space 11776K, 0% used [0x000000079e700000,0x000000079e700000,0x000000079f280000)
 ParOldGen       total 58368K, used 20051K [0x0000000740000000, 0x0000000743900000, 0x0000000795580000)
  object space 58368K, 34% used [0x0000000740000000,0x0000000741394c90,0x0000000743900000)
 Metaspace       used 36170K, capacity 36926K, committed 37248K, reserved 1081344K
  class space    used 4985K, capacity 5227K, committed 5248K, reserved 1048576K

Card table byte_map: [0x000000012a9c0000,0x000000012adc1000] byte_map_base: 0x0000000126fc0000

Marking Bits: (ParMarkBitMap*) 0x000000011a9bf1c8
 Begin Bits: [0x000000012b06c000, 0x000000012d06c000)
 End Bits:   [0x000000012d06c000, 0x000000012f06c000)

Polling page: 0x000000010e5b3000

CodeCache: size=245760Kb used=10543Kb max_used=10543Kb free=235216Kb
 bounds [0x000000011b600000, 0x000000011c060000, 0x000000012a600000]
 total_blobs=3917 nmethods=3218 adapters=613
 compilation: enabled

Compilation events (10 events):
Event: 7.737 Thread 0x00007fc0f280b800 nmethod 3554 0x000000011c054450 code [0x000000011c0545c0, 0x000000011c0547e8]
Event: 7.737 Thread 0x00007fc0f280b800 3552       3       com.google.common.collect.ImmutableList::asList (2 bytes)
Event: 7.737 Thread 0x00007fc0f280b800 nmethod 3552 0x000000011c0548d0 code [0x000000011c054a20, 0x000000011c054b70]
Event: 7.737 Thread 0x00007fc0f280b800 3555       3       org.gradle.model.internal.type.ModelType::getAllClasses (19 bytes)
Event: 7.738 Thread 0x00007fc0f280b800 nmethod 3555 0x000000011c054c10 code [0x000000011c054dc0, 0x000000011c0552a8]
Event: 7.738 Thread 0x00007fc0f280b800 3556       3       com.google.common.base.Equivalence$Wrapper::<init> (21 bytes)
Event: 7.739 Thread 0x00007fc0f280b800 nmethod 3556 0x000000011c0554d0 code [0x000000011c055660, 0x000000011c0559a8]
Event: 7.741 Thread 0x00007fc0f280b800 3558       3       java.util.TimSort::countRunAndMakeAscending (128 bytes)
Event: 7.742 Thread 0x00007fc0f280b800 nmethod 3558 0x000000011c055b10 code [0x000000011c055d00, 0x000000011c0567c8]
Event: 7.742 Thread 0x00007fc0f280b800 3560       3       com.google.common.collect.ImmutableSortedSet::construct (94 bytes)

GC Heap History (10 events):
Event: 3.101 GC heap before
{Heap before GC invocations=7 (full 0):
 PSYoungGen      total 71168K, used 19858K [0x0000000795580000, 0x000000079a480000, 0x00000007c0000000)
  eden space 64512K, 20% used [0x0000000795580000,0x00000007962b4a28,0x0000000799480000)
  from space 6656K, 95% used [0x0000000799c00000,0x000000079a230040,0x000000079a280000)
  to   space 7680K, 0% used [0x0000000799480000,0x0000000799480000,0x0000000799c00000)
 ParOldGen       total 44032K, used 7688K [0x0000000740000000, 0x0000000742b00000, 0x0000000795580000)
  object space 44032K, 17% used [0x0000000740000000,0x0000000740782048,0x0000000742b00000)
 Metaspace       used 20670K, capacity 21066K, committed 21248K, reserved 1067008K
  class space    used 2898K, capacity 3037K, committed 3072K, reserved 1048576K
Event: 3.109 GC heap after
Heap after GC invocations=7 (full 0):
 PSYoungGen      total 72192K, used 5233K [0x0000000795580000, 0x000000079e280000, 0x00000007c0000000)
  eden space 64512K, 0% used [0x0000000795580000,0x0000000795580000,0x0000000799480000)
  from space 7680K, 68% used [0x0000000799480000,0x000000079999c6d0,0x0000000799c00000)
  to   space 7680K, 0% used [0x000000079db00000,0x000000079db00000,0x000000079e280000)
 ParOldGen       total 44032K, used 8476K [0x0000000740000000, 0x0000000742b00000, 0x0000000795580000)
  object space 44032K, 19% used [0x0000000740000000,0x0000000740847098,0x0000000742b00000)
 Metaspace       used 20670K, capacity 21066K, committed 21248K, reserved 1067008K
  class space    used 2898K, capacity 3037K, committed 3072K, reserved 1048576K
}
Event: 3.109 GC heap before
{Heap before GC invocations=8 (full 1):
 PSYoungGen      total 72192K, used 5233K [0x0000000795580000, 0x000000079e280000, 0x00000007c0000000)
  eden space 64512K, 0% used [0x0000000795580000,0x0000000795580000,0x0000000799480000)
  from space 7680K, 68% used [0x0000000799480000,0x000000079999c6d0,0x0000000799c00000)
  to   space 7680K, 0% used [0x000000079db00000,0x000000079db00000,0x000000079e280000)
 ParOldGen       total 44032K, used 8476K [0x0000000740000000, 0x0000000742b00000, 0x0000000795580000)
  object space 44032K, 19% used [0x0000000740000000,0x0000000740847098,0x0000000742b00000)
 Metaspace       used 20670K, capacity 21066K, committed 21248K, reserved 1067008K
  class space    used 2898K, capacity 3037K, committed 3072K, reserved 1048576K
Event: 3.155 GC heap after
Heap after GC invocations=8 (full 1):
 PSYoungGen      total 72192K, used 0K [0x0000000795580000, 0x000000079e280000, 0x00000007c0000000)
  eden space 64512K, 0% used [0x0000000795580000,0x0000000795580000,0x0000000799480000)
  from space 7680K, 0% used [0x0000000799480000,0x0000000799480000,0x0000000799c00000)
  to   space 7680K, 0% used [0x000000079db00000,0x000000079db00000,0x000000079e280000)
 ParOldGen       total 34304K, used 7879K [0x0000000740000000, 0x0000000742180000, 0x0000000795580000)
  object space 34304K, 22% used [0x0000000740000000,0x00000007407b1c00,0x0000000742180000)
 Metaspace       used 20670K, capacity 21066K, committed 21248K, reserved 1067008K
  class space    used 2898K, capacity 3037K, committed 3072K, reserved 1048576K
}
Event: 4.395 GC heap before
{Heap before GC invocations=9 (full 1):
 PSYoungGen      total 72192K, used 64512K [0x0000000795580000, 0x000000079e280000, 0x00000007c0000000)
  eden space 64512K, 100% used [0x0000000795580000,0x0000000799480000,0x0000000799480000)
  from space 7680K, 0% used [0x0000000799480000,0x0000000799480000,0x0000000799c00000)
  to   space 7680K, 0% used [0x000000079db00000,0x000000079db00000,0x000000079e280000)
 ParOldGen       total 34304K, used 7879K [0x0000000740000000, 0x0000000742180000, 0x0000000795580000)
  object space 34304K, 22% used [0x0000000740000000,0x00000007407b1c00,0x0000000742180000)
 Metaspace       used 26137K, capacity 26708K, committed 27136K, reserved 1073152K
  class space    used 3612K, capacity 3798K, committed 3840K, reserved 1048576K
Event: 4.410 GC heap after
Heap after GC invocations=9 (full 1):
 PSYoungGen      total 110592K, used 7341K [0x0000000795580000, 0x000000079e280000, 0x00000007c0000000)
  eden space 102912K, 0% used [0x0000000795580000,0x0000000795580000,0x000000079ba00000)
  from space 7680K, 95% used [0x000000079db00000,0x000000079e22b760,0x000000079e280000)
  to   space 8704K, 0% used [0x000000079d180000,0x000000079d180000,0x000000079da00000)
 ParOldGen       total 34304K, used 7887K [0x0000000740000000, 0x0000000742180000, 0x0000000795580000)
  object space 34304K, 22% used [0x0000000740000000,0x00000007407b3c00,0x0000000742180000)
 Metaspace       used 26137K, capacity 26708K, committed 27136K, reserved 1073152K
  class space    used 3612K, capacity 3798K, committed 3840K, reserved 1048576K
}
Event: 7.185 GC heap before
{Heap before GC invocations=10 (full 1):
 PSYoungGen      total 110592K, used 107356K [0x0000000795580000, 0x000000079e280000, 0x00000007c0000000)
  eden space 102912K, 97% used [0x0000000795580000,0x000000079b72bb10,0x000000079ba00000)
  from space 7680K, 95% used [0x000000079db00000,0x000000079e22b760,0x000000079e280000)
  to   space 8704K, 0% used [0x000000079d180000,0x000000079d180000,0x000000079da00000)
 ParOldGen       total 34304K, used 7887K [0x0000000740000000, 0x0000000742180000, 0x0000000795580000)
  object space 34304K, 22% used [0x0000000740000000,0x00000007407b3c00,0x0000000742180000)
 Metaspace       used 34388K, capacity 35102K, committed 35416K, reserved 1079296K
  class space    used 4765K, capacity 5023K, committed 5120K, reserved 1048576K
Event: 7.206 GC heap after
Heap after GC invocations=10 (full 1):
 PSYoungGen      total 135680K, used 8702K [0x0000000795580000, 0x000000079f280000, 0x00000007c0000000)
  eden space 126976K, 0% used [0x0000000795580000,0x0000000795580000,0x000000079d180000)
  from space 8704K, 99% used [0x000000079d180000,0x000000079d9ff918,0x000000079da00000)
  to   space 11776K, 0% used [0x000000079e700000,0x000000079e700000,0x000000079f280000)
 ParOldGen       total 34304K, used 12728K [0x0000000740000000, 0x0000000742180000, 0x0000000795580000)
  object space 34304K, 37% used [0x0000000740000000,0x0000000740c6e0e0,0x0000000742180000)
 Metaspace       used 34388K, capacity 35102K, committed 35416K, reserved 1079296K
  class space    used 4765K, capacity 5023K, committed 5120K, reserved 1048576K
}
Event: 7.206 GC heap before
{Heap before GC invocations=11 (full 2):
 PSYoungGen      total 135680K, used 8702K [0x0000000795580000, 0x000000079f280000, 0x00000007c0000000)
  eden space 126976K, 0% used [0x0000000795580000,0x0000000795580000,0x000000079d180000)
  from space 8704K, 99% used [0x000000079d180000,0x000000079d9ff918,0x000000079da00000)
  to   space 11776K, 0% used [0x000000079e700000,0x000000079e700000,0x000000079f280000)
 ParOldGen       total 34304K, used 12728K [0x0000000740000000, 0x0000000742180000, 0x0000000795580000)
  object space 34304K, 37% used [0x0000000740000000,0x0000000740c6e0e0,0x0000000742180000)
 Metaspace       used 34388K, capacity 35102K, committed 35416K, reserved 1079296K
  class space    used 4765K, capacity 5023K, committed 5120K, reserved 1048576K
Event: 7.275 GC heap after
Heap after GC invocations=11 (full 2):
 PSYoungGen      total 135680K, used 0K [0x0000000795580000, 0x000000079f280000, 0x00000007c0000000)
  eden space 126976K, 0% used [0x0000000795580000,0x0000000795580000,0x000000079d180000)
  from space 8704K, 0% used [0x000000079d180000,0x000000079d180000,0x000000079da00000)
  to   space 11776K, 0% used [0x000000079e700000,0x000000079e700000,0x000000079f280000)
 ParOldGen       total 58368K, used 20051K [0x0000000740000000, 0x0000000743900000, 0x0000000795580000)
  object space 58368K, 34% used [0x0000000740000000,0x0000000741394c90,0x0000000743900000)
 Metaspace       used 34388K, capacity 35102K, committed 35416K, reserved 1079296K
  class space    used 4765K, capacity 5023K, committed 5120K, reserved 1048576K
}

Deoptimization events (10 events):
Event: 6.635 Thread 0x00007fc0f1644000 Uncommon trap: reason=class_check action=maybe_recompile pc=0x000000011be69f2c method=java.io.BufferedInputStream.read1([BII)I @ 39
Event: 6.675 Thread 0x00007fc0f1644000 Uncommon trap: reason=class_check action=maybe_recompile pc=0x000000011be69f2c method=java.io.BufferedInputStream.read1([BII)I @ 39
Event: 6.675 Thread 0x00007fc0f1644000 Uncommon trap: reason=class_check action=maybe_recompile pc=0x000000011bb1ee78 method=java.io.BufferedInputStream.read1([BII)I @ 39
Event: 6.760 Thread 0x00007fc0f1644000 Uncommon trap: reason=bimorphic action=maybe_recompile pc=0x000000011bee7cd0 method=org.codehaus.groovy.runtime.metaclass.MetaMethodIndex.addMethodToList(Ljava/lang/Object;Lgroovy/lang/MetaMethod;)Ljava/lang/Object; @ 96
Event: 6.882 Thread 0x00007fc0f1644000 Uncommon trap: reason=predicate action=maybe_recompile pc=0x000000011bf3c718 method=java.util.Arrays.binarySearch0([Ljava/lang/Object;IILjava/lang/Object;Ljava/util/Comparator;)I @ 28
Event: 6.946 Thread 0x00007fc0f1644000 Uncommon trap: reason=unstable_if action=reinterpret pc=0x000000011bd2a47c method=sun.misc.MetaIndex.mayContain(Ljava/lang/String;)Z @ 38
Event: 7.576 Thread 0x00007fc0f1644000 Uncommon trap: reason=unstable_if action=reinterpret pc=0x000000011bd26d08 method=java.util.HashMap.putVal(ILjava/lang/Object;Ljava/lang/Object;ZZ)Ljava/lang/Object; @ 162
Event: 7.576 Thread 0x00007fc0f1644000 Uncommon trap: reason=unstable_if action=reinterpret pc=0x000000011bdc45b0 method=java.util.HashMap.putVal(ILjava/lang/Object;Ljava/lang/Object;ZZ)Ljava/lang/Object; @ 162
Event: 7.576 Thread 0x00007fc0f1644000 Uncommon trap: reason=unstable_if action=reinterpret pc=0x000000011b9e51e4 method=java.util.HashMap.resize()[Ljava/util/HashMap$Node; @ 206
Event: 7.686 Thread 0x00007fc0f1644000 Uncommon trap: reason=unstable_if action=reinterpret pc=0x000000011c001aac method=java.lang.reflect.Modifier.toString(I)Ljava/lang/String; @ 123

Classes redefined (0 events):
No events

Internal exceptions (10 events):
Event: 6.762 Thread 0x00007fc0f1644000 Exception <a 'java/lang/ClassNotFoundException': org/gradle/api/internal/project/DefaultAntBuilderBeanInfo> (0x000000079a632f28) thrown at [/Volumes/android/AOSP-openjdk-git/jdk8u/hotspot/src/share/vm/classfile/systemDictionary.cpp, line 210]
Event: 6.764 Thread 0x00007fc0f1644000 Exception <a 'java/lang/ClassNotFoundException': org/gradle/api/internal/project/ant/BasicAntBuilderBeanInfo> (0x000000079a665a28) thrown at [/Volumes/android/AOSP-openjdk-git/jdk8u/hotspot/src/share/vm/classfile/systemDictionary.cpp, line 210]
Event: 6.765 Thread 0x00007fc0f1644000 Exception <a 'java/lang/ClassNotFoundException': org/gradle/api/AntBuilderBeanInfo> (0x000000079a689098) thrown at [/Volumes/android/AOSP-openjdk-git/jdk8u/hotspot/src/share/vm/classfile/systemDictionary.cpp, line 210]
Event: 6.766 Thread 0x00007fc0f1644000 Exception <a 'java/lang/ClassNotFoundException': groovy/util/AntBuilderBeanInfo> (0x000000079a6aaf40) thrown at [/Volumes/android/AOSP-openjdk-git/jdk8u/hotspot/src/share/vm/classfile/systemDictionary.cpp, line 210]
Event: 6.767 Thread 0x00007fc0f1644000 Exception <a 'java/lang/ClassNotFoundException': groovy/util/BuilderSupportBeanInfo> (0x000000079a6ce570) thrown at [/Volumes/android/AOSP-openjdk-git/jdk8u/hotspot/src/share/vm/classfile/systemDictionary.cpp, line 210]
Event: 6.768 Thread 0x00007fc0f1644000 Exception <a 'java/lang/ClassNotFoundException': groovy/util/BuilderSupportCustomizer> (0x000000079a6f3e08) thrown at [/Volumes/android/AOSP-openjdk-git/jdk8u/hotspot/src/share/vm/classfile/systemDictionary.cpp, line 210]
Event: 6.769 Thread 0x00007fc0f1644000 Exception <a 'java/lang/ClassNotFoundException': groovy/util/AntBuilderCustomizer> (0x000000079a71a510) thrown at [/Volumes/android/AOSP-openjdk-git/jdk8u/hotspot/src/share/vm/classfile/systemDictionary.cpp, line 210]
Event: 6.770 Thread 0x00007fc0f1644000 Exception <a 'java/lang/ClassNotFoundException': org/gradle/api/AntBuilderCustomizer> (0x000000079a7463b0) thrown at [/Volumes/android/AOSP-openjdk-git/jdk8u/hotspot/src/share/vm/classfile/systemDictionary.cpp, line 210]
Event: 6.772 Thread 0x00007fc0f1644000 Exception <a 'java/lang/ClassNotFoundException': org/gradle/api/internal/project/ant/BasicAntBuilderCustomizer> (0x000000079a7869a8) thrown at [/Volumes/android/AOSP-openjdk-git/jdk8u/hotspot/src/share/vm/classfile/systemDictionary.cpp, line 210]
Event: 6.774 Thread 0x00007fc0f1644000 Exception <a 'java/lang/ClassNotFoundException': org/gradle/api/internal/project/DefaultAntBuilderCustomizer> (0x000000079a7ce550) thrown at [/Volumes/android/AOSP-openjdk-git/jdk8u/hotspot/src/share/vm/classfile/systemDictionary.cpp, line 210]

Events (10 events):
Event: 7.719 loading class org/apache/tools/ant/types/FilterSet$Filter
Event: 7.719 loading class org/apache/tools/ant/types/FilterSet$Filter done
Event: 7.719 loading class org/apache/tools/ant/types/FilterSet$FiltersFile
Event: 7.719 loading class org/apache/tools/ant/types/FilterSet$FiltersFile done
Event: 7.719 loading class org/apache/tools/ant/types/PropertySet
Event: 7.719 loading class org/apache/tools/ant/types/PropertySet done
Event: 7.720 loading class org/apache/tools/ant/types/Reference
Event: 7.720 loading class org/apache/tools/ant/types/Reference done
Event: 7.728 loading class org/apache/tools/ant/input/InputRequest
Event: 7.728 loading class org/apache/tools/ant/input/InputRequest done


Dynamic libraries:
0x000000010e5ac000 	/System/Library/Frameworks/Cocoa.framework/Versions/A/Cocoa
0x000000010e5b4000 	/System/Library/Frameworks/Security.framework/Versions/A/Security
0x000000010ea65000 	/System/Library/Frameworks/ApplicationServices.framework/Versions/A/ApplicationServices
0x000000010ea70000 	/usr/lib/libz.1.dylib
0x000000010ea8a000 	/usr/lib/libSystem.B.dylib
0x000000010ea91000 	/System/Library/Frameworks/CoreFoundation.framework/Versions/A/CoreFoundation
0x000000010f1c8000 	/System/Library/Frameworks/Foundation.framework/Versions/C/Foundation
0x000000010f86a000 	/usr/lib/libobjc.A.dylib
0x000000010fd1e000 	/System/Library/Frameworks/AppKit.framework/Versions/C/AppKit
0x0000000111544000 	/System/Library/Frameworks/CoreData.framework/Versions/A/CoreData
0x00000001119b6000 	/System/Library/PrivateFrameworks/RemoteViewServices.framework/Versions/A/RemoteViewServices
0x0000000111a03000 	/System/Library/PrivateFrameworks/UIFoundation.framework/Versions/A/UIFoundation
0x0000000111c67000 	/System/Library/PrivateFrameworks/DFRFoundation.framework/Versions/A/DFRFoundation
0x0000000111c84000 	/usr/lib/libenergytrace.dylib
0x0000000111c8e000 	/System/Library/PrivateFrameworks/SkyLight.framework/Versions/A/SkyLight
0x0000000111fd1000 	/System/Library/Frameworks/CoreGraphics.framework/Versions/A/CoreGraphics
0x0000000112782000 	/usr/lib/libScreenReader.dylib
0x0000000112794000 	/System/Library/Frameworks/Accelerate.framework/Versions/A/Accelerate
0x000000011279a000 	/System/Library/Frameworks/IOSurface.framework/Versions/A/IOSurface
0x00000001127ad000 	/System/Library/Frameworks/AudioToolbox.framework/Versions/A/AudioToolbox
0x0000000112ad4000 	/System/Library/Frameworks/AudioUnit.framework/Versions/A/AudioUnit
0x0000000112ae1000 	/System/Library/PrivateFrameworks/DataDetectorsCore.framework/Versions/A/DataDetectorsCore
0x0000000112b9b000 	/System/Library/PrivateFrameworks/DesktopServicesPriv.framework/Versions/A/DesktopServicesPriv
0x0000000112d41000 	/System/Library/Frameworks/Carbon.framework/Versions/A/Frameworks/HIToolbox.framework/Versions/A/HIToolbox
0x00000001131d6000 	/usr/lib/libicucore.A.dylib
0x00000001134cd000 	/System/Library/Frameworks/QuartzCore.framework/Versions/A/QuartzCore
0x00000001137cb000 	/System/Library/Frameworks/Carbon.framework/Versions/A/Frameworks/SpeechRecognition.framework/Versions/A/SpeechRecognition
0x00000001137e0000 	/usr/lib/libauto.dylib
0x00000001137eb000 	/usr/lib/libxml2.2.dylib
0x0000000113913000 	/System/Library/PrivateFrameworks/CoreUI.framework/Versions/A/CoreUI
0x0000000113c22000 	/System/Library/Frameworks/CoreAudio.framework/Versions/A/CoreAudio
0x0000000113cdd000 	/System/Library/Frameworks/DiskArbitration.framework/Versions/A/DiskArbitration
0x0000000113ced000 	/usr/lib/liblangid.dylib
0x0000000113cfa000 	/System/Library/PrivateFrameworks/MultitouchSupport.framework/Versions/A/MultitouchSupport
0x0000000113d37000 	/System/Library/Frameworks/IOKit.framework/Versions/A/IOKit
0x0000000113e16000 	/usr/lib/libDiagnosticMessagesClient.dylib
0x0000000113e1f000 	/System/Library/Frameworks/CoreServices.framework/Versions/A/CoreServices
0x0000000113e2a000 	/System/Library/PrivateFrameworks/PerformanceAnalysis.framework/Versions/A/PerformanceAnalysis
0x0000000113eb8000 	/System/Library/PrivateFrameworks/GenerationalStorage.framework/Versions/A/GenerationalStorage
0x0000000113ef0000 	/System/Library/Frameworks/OpenGL.framework/Versions/A/OpenGL
0x0000000113f0f000 	/System/Library/Frameworks/CoreImage.framework/Versions/A/CoreImage
0x00000001142d3000 	/System/Library/Frameworks/CoreText.framework/Versions/A/CoreText
0x00000001144e4000 	/System/Library/Frameworks/ImageIO.framework/Versions/A/ImageIO
0x00000001146e7000 	/System/Library/PrivateFrameworks/Backup.framework/Versions/A/Backup
0x00000001147cd000 	/usr/lib/libarchive.2.dylib
0x0000000114803000 	/System/Library/Frameworks/CFNetwork.framework/Versions/A/CFNetwork
0x0000000114f03000 	/System/Library/Frameworks/SystemConfiguration.framework/Versions/A/SystemConfiguration
0x0000000114fb1000 	/usr/lib/libCRFSuite.dylib
0x0000000114fde000 	/usr/lib/libc++.1.dylib
0x0000000115096000 	/usr/lib/libc++abi.dylib
0x00000001150d2000 	/usr/lib/system/libcache.dylib
0x00000001150de000 	/usr/lib/system/libcommonCrypto.dylib
0x00000001150f9000 	/usr/lib/system/libcompiler_rt.dylib
0x0000000115115000 	/usr/lib/system/libcopyfile.dylib
0x0000000115128000 	/usr/lib/system/libcorecrypto.dylib
0x00000001151c7000 	/usr/lib/system/libdispatch.dylib
0x0000000115234000 	/usr/lib/system/libdyld.dylib
0x0000000115245000 	/usr/lib/system/libkeymgr.dylib
0x000000011524e000 	/usr/lib/system/liblaunch.dylib
0x000000011525c000 	/usr/lib/system/libmacho.dylib
0x0000000115269000 	/usr/lib/system/libquarantine.dylib
0x0000000115275000 	/usr/lib/system/libremovefile.dylib
0x0000000115281000 	/usr/lib/system/libsystem_asl.dylib
0x00000001152ac000 	/usr/lib/system/libsystem_blocks.dylib
0x00000001152b1000 	/usr/lib/system/libsystem_c.dylib
0x0000000115368000 	/usr/lib/system/libsystem_configuration.dylib
0x000000011537a000 	/usr/lib/system/libsystem_coreservices.dylib
0x0000000115386000 	/usr/lib/system/libsystem_coretls.dylib
0x00000001153b0000 	/usr/lib/system/libsystem_dnssd.dylib
0x00000001153c1000 	/usr/lib/system/libsystem_info.dylib
0x0000000115405000 	/usr/lib/system/libsystem_kernel.dylib
0x0000000115443000 	/usr/lib/system/libsystem_m.dylib
0x000000011549e000 	/usr/lib/system/libsystem_malloc.dylib
0x00000001154cb000 	/usr/lib/system/libsystem_network.dylib
0x000000011554a000 	/usr/lib/system/libsystem_networkextension.dylib
0x0000000115562000 	/usr/lib/system/libsystem_notify.dylib
0x0000000115579000 	/usr/lib/system/libsystem_platform.dylib
0x000000011558c000 	/usr/lib/system/libsystem_pthread.dylib
0x00000001155a7000 	/usr/lib/system/libsystem_sandbox.dylib
0x00000001155b6000 	/usr/lib/system/libsystem_secinit.dylib
0x00000001155c1000 	/usr/lib/system/libsystem_symptoms.dylib
0x00000001155d5000 	/usr/lib/system/libsystem_trace.dylib
0x00000001155fc000 	/usr/lib/system/libunwind.dylib
0x000000011560a000 	/usr/lib/system/libxpc.dylib
0x0000000115659000 	/usr/lib/libbsm.0.dylib
0x0000000115678000 	/usr/lib/system/libkxld.dylib
0x000000011568f000 	/usr/lib/libcoretls.dylib
0x000000011569d000 	/usr/lib/libcoretls_cfhelpers.dylib
0x00000001156a5000 	/usr/lib/libOpenScriptingUtil.dylib
0x00000001156aa000 	/usr/lib/libpam.2.dylib
0x00000001156bb000 	/usr/lib/libsqlite3.dylib
0x0000000115825000 	/usr/lib/libxar.1.dylib
0x0000000115841000 	/usr/lib/libbz2.1.0.dylib
0x0000000115856000 	/usr/lib/liblzma.5.dylib
0x000000011587e000 	/usr/lib/libnetwork.dylib
0x0000000115935000 	/usr/lib/libpcap.A.dylib
0x000000011597b000 	/System/Library/Frameworks/CoreServices.framework/Versions/A/Frameworks/FSEvents.framework/Versions/A/FSEvents
0x000000011598e000 	/System/Library/Frameworks/CoreServices.framework/Versions/A/Frameworks/CarbonCore.framework/Versions/A/CarbonCore
0x00000001154e6000 	/System/Library/Frameworks/CoreServices.framework/Versions/A/Frameworks/Metadata.framework/Versions/A/Metadata
0x0000000115e17000 	/System/Library/Frameworks/CoreServices.framework/Versions/A/Frameworks/OSServices.framework/Versions/A/OSServices
0x0000000115ec1000 	/System/Library/Frameworks/CoreServices.framework/Versions/A/Frameworks/SearchKit.framework/Versions/A/SearchKit
0x0000000115f75000 	/System/Library/Frameworks/CoreServices.framework/Versions/A/Frameworks/AE.framework/Versions/A/AE
0x0000000115ff6000 	/System/Library/Frameworks/CoreServices.framework/Versions/A/Frameworks/LaunchServices.framework/Versions/A/LaunchServices
0x0000000116256000 	/System/Library/Frameworks/CoreServices.framework/Versions/A/Frameworks/DictionaryServices.framework/Versions/A/DictionaryServices
0x00000001162b5000 	/System/Library/Frameworks/CoreServices.framework/Versions/A/Frameworks/SharedFileList.framework/Versions/A/SharedFileList
0x0000000116333000 	/System/Library/Frameworks/NetFS.framework/Versions/A/NetFS
0x0000000116346000 	/System/Library/PrivateFrameworks/NetAuth.framework/Versions/A/NetAuth
0x0000000116365000 	/System/Library/PrivateFrameworks/login.framework/Versions/A/Frameworks/loginsupport.framework/Versions/A/loginsupport
0x0000000116374000 	/System/Library/PrivateFrameworks/TCC.framework/Versions/A/TCC
0x0000000116384000 	/usr/lib/libmecabra.dylib
0x0000000116697000 	/System/Library/Frameworks/ApplicationServices.framework/Versions/A/Frameworks/ATS.framework/Versions/A/ATS
0x0000000116739000 	/System/Library/Frameworks/ApplicationServices.framework/Versions/A/Frameworks/ColorSync.framework/Versions/A/ColorSync
0x0000000116833000 	/System/Library/Frameworks/ApplicationServices.framework/Versions/A/Frameworks/HIServices.framework/Versions/A/HIServices
0x00000001168be000 	/System/Library/Frameworks/ApplicationServices.framework/Versions/A/Frameworks/LangAnalysis.framework/Versions/A/LangAnalysis
0x00000001168df000 	/System/Library/Frameworks/ApplicationServices.framework/Versions/A/Frameworks/PrintCore.framework/Versions/A/PrintCore
0x000000011695e000 	/System/Library/Frameworks/ApplicationServices.framework/Versions/A/Frameworks/QD.framework/Versions/A/QD
0x00000001169c4000 	/System/Library/Frameworks/ApplicationServices.framework/Versions/A/Frameworks/SpeechSynthesis.framework/Versions/A/SpeechSynthesis
0x00000001169e8000 	/System/Library/Frameworks/Accelerate.framework/Versions/A/Frameworks/vImage.framework/Versions/A/vImage
0x0000000117097000 	/System/Library/Frameworks/Accelerate.framework/Versions/A/Frameworks/vecLib.framework/Versions/A/vecLib
0x000000011709f000 	/System/Library/Frameworks/Accelerate.framework/Versions/A/Frameworks/vecLib.framework/Versions/A/libvDSP.dylib
0x0000000117201000 	/System/Library/Frameworks/Accelerate.framework/Versions/A/Frameworks/vecLib.framework/Versions/A/libBNNS.dylib
0x0000000117220000 	/System/Library/Frameworks/Accelerate.framework/Versions/A/Frameworks/vecLib.framework/Versions/A/libQuadrature.dylib
0x000000011722f000 	/System/Library/Frameworks/Accelerate.framework/Versions/A/Frameworks/vecLib.framework/Versions/A/libvMisc.dylib
0x00000001172f4000 	/System/Library/Frameworks/Accelerate.framework/Versions/A/Frameworks/vecLib.framework/Versions/A/libLAPACK.dylib
0x0000000117767000 	/System/Library/Frameworks/Accelerate.framework/Versions/A/Frameworks/vecLib.framework/Versions/A/libBLAS.dylib
0x0000000117954000 	/System/Library/Frameworks/Accelerate.framework/Versions/A/Frameworks/vecLib.framework/Versions/A/libLinearAlgebra.dylib
0x0000000117976000 	/System/Library/Frameworks/Accelerate.framework/Versions/A/Frameworks/vecLib.framework/Versions/A/libSparseBLAS.dylib
0x0000000117998000 	/System/Library/Frameworks/ApplicationServices.framework/Versions/A/Frameworks/ATS.framework/Versions/A/Resources/libFontParser.dylib
0x0000000117b58000 	/System/Library/Frameworks/ApplicationServices.framework/Versions/A/Frameworks/ATS.framework/Versions/A/Resources/libFontRegistry.dylib
0x0000000117bd7000 	/System/Library/Frameworks/ImageIO.framework/Versions/A/Resources/libJPEG.dylib
0x0000000117c04000 	/System/Library/Frameworks/ImageIO.framework/Versions/A/Resources/libTIFF.dylib
0x0000000117c67000 	/System/Library/Frameworks/ImageIO.framework/Versions/A/Resources/libPng.dylib
0x0000000117c99000 	/System/Library/Frameworks/ImageIO.framework/Versions/A/Resources/libGIF.dylib
0x0000000117caa000 	/System/Library/Frameworks/ImageIO.framework/Versions/A/Resources/libJP2.dylib
0x0000000117dc8000 	/System/Library/Frameworks/ImageIO.framework/Versions/A/Resources/libRadiance.dylib
0x0000000117dd6000 	/usr/lib/libcompression.dylib
0x0000000117df7000 	/System/Library/PrivateFrameworks/AppleJPEG.framework/Versions/A/AppleJPEG
0x0000000117ee9000 	/usr/lib/libcups.2.dylib
0x0000000117f5c000 	/System/Library/Frameworks/Kerberos.framework/Versions/A/Kerberos
0x0000000117f93000 	/System/Library/Frameworks/GSS.framework/Versions/A/GSS
0x0000000117fed000 	/usr/lib/libresolv.9.dylib
0x0000000118016000 	/usr/lib/libiconv.2.dylib
0x000000011811e000 	/System/Library/PrivateFrameworks/Heimdal.framework/Versions/A/Heimdal
0x00000001181c8000 	/usr/lib/libheimdal-asn1.dylib
0x00000001181d6000 	/System/Library/Frameworks/OpenDirectory.framework/Versions/A/OpenDirectory
0x00000001181fa000 	/System/Library/PrivateFrameworks/CommonAuth.framework/Versions/A/CommonAuth
0x000000011820d000 	/System/Library/Frameworks/OpenDirectory.framework/Versions/A/Frameworks/CFOpenDirectory.framework/Versions/A/CFOpenDirectory
0x0000000118249000 	/System/Library/Frameworks/SecurityFoundation.framework/Versions/A/SecurityFoundation
0x0000000118303000 	/System/Library/PrivateFrameworks/LanguageModeling.framework/Versions/A/LanguageModeling
0x00000001184ea000 	/usr/lib/libmarisa.dylib
0x0000000118510000 	/usr/lib/libChineseTokenizer.dylib
0x0000000118530000 	/usr/lib/libcmph.dylib
0x0000000118550000 	/System/Library/PrivateFrameworks/CoreEmoji.framework/Versions/A/CoreEmoji
0x000000011857b000 	/System/Library/Frameworks/ServiceManagement.framework/Versions/A/ServiceManagement
0x000000011858d000 	/usr/lib/libxslt.1.dylib
0x00000001185c9000 	/System/Library/Frameworks/Carbon.framework/Versions/A/Frameworks/Ink.framework/Versions/A/Ink
0x000000011869a000 	/System/Library/PrivateFrameworks/TextureIO.framework/Versions/A/TextureIO
0x0000000118780000 	/System/Library/Frameworks/Metal.framework/Versions/A/Metal
0x0000000118889000 	/usr/lib/libate.dylib
0x000000011898f000 	/System/Library/PrivateFrameworks/GPUCompiler.framework/libmetal_timestamp.dylib
0x0000000118994000 	/System/Library/Frameworks/OpenGL.framework/Versions/A/Libraries/libCoreFSCache.dylib
0x000000011899d000 	/System/Library/PrivateFrameworks/IOAccelerator.framework/Versions/A/IOAccelerator
0x00000001189b4000 	/System/Library/Frameworks/CoreVideo.framework/Versions/A/CoreVideo
0x0000000118a14000 	/usr/lib/libFosl_dynamic.dylib
0x0000000118c64000 	/System/Library/PrivateFrameworks/MetalPerformanceShaders.framework/Versions/A/MetalPerformanceShaders
0x0000000118d29000 	/System/Library/PrivateFrameworks/FaceCore.framework/Versions/A/FaceCore
0x0000000119377000 	/System/Library/Frameworks/OpenCL.framework/Versions/A/OpenCL
0x00000001193e2000 	/System/Library/Frameworks/OpenGL.framework/Versions/A/Libraries/libGLU.dylib
0x0000000119435000 	/System/Library/Frameworks/OpenGL.framework/Versions/A/Libraries/libGFXShared.dylib
0x0000000119448000 	/System/Library/Frameworks/OpenGL.framework/Versions/A/Libraries/libGL.dylib
0x0000000119468000 	/System/Library/Frameworks/OpenGL.framework/Versions/A/Libraries/libGLImage.dylib
0x00000001194b4000 	/System/Library/Frameworks/OpenGL.framework/Versions/A/Libraries/libCVMSPluginSupport.dylib
0x00000001194c2000 	/System/Library/Frameworks/OpenGL.framework/Versions/A/Libraries/libCoreVMClient.dylib
0x00000001194d4000 	/System/Library/PrivateFrameworks/CrashReporterSupport.framework/Versions/A/CrashReporterSupport
0x00000001194f6000 	/System/Library/PrivateFrameworks/Sharing.framework/Versions/A/Sharing
0x000000011960d000 	/System/Library/PrivateFrameworks/IconServices.framework/Versions/A/IconServices
0x0000000119656000 	/System/Library/PrivateFrameworks/ProtocolBuffer.framework/Versions/A/ProtocolBuffer
0x000000011968f000 	/System/Library/PrivateFrameworks/Apple80211.framework/Versions/A/Apple80211
0x00000001196c6000 	/System/Library/Frameworks/CoreWLAN.framework/Versions/A/CoreWLAN
0x0000000119786000 	/System/Library/PrivateFrameworks/CoreUtils.framework/Versions/A/CoreUtils
0x00000001198b7000 	/System/Library/Frameworks/IOBluetooth.framework/Versions/A/IOBluetooth
0x00000001199e1000 	/System/Library/PrivateFrameworks/CoreWiFi.framework/Versions/A/CoreWiFi
0x0000000119aab000 	/System/Library/Frameworks/CoreBluetooth.framework/Versions/A/CoreBluetooth
0x0000000119adb000 	/System/Library/Frameworks/CoreDisplay.framework/Versions/A/CoreDisplay
0x0000000119bc8000 	/System/Library/PrivateFrameworks/IOPresentment.framework/Versions/A/IOPresentment
0x0000000119bf8000 	/System/Library/PrivateFrameworks/DSExternalDisplay.framework/Versions/A/DSExternalDisplay
0x0000000119c0a000 	/System/Library/PrivateFrameworks/DebugSymbols.framework/Versions/A/DebugSymbols
0x0000000119c6e000 	/System/Library/PrivateFrameworks/CoreSymbolication.framework/Versions/A/CoreSymbolication
0x0000000119d50000 	/System/Library/PrivateFrameworks/Symbolication.framework/Versions/A/Symbolication
0x0000000119e15000 	/System/Library/PrivateFrameworks/AppleFSCompression.framework/Versions/A/AppleFSCompression
0x0000000119e30000 	/System/Library/PrivateFrameworks/SpeechRecognitionCore.framework/Versions/A/SpeechRecognitionCore
0x0000000119e50000 	/System/Library/PrivateFrameworks/ChunkingLibrary.framework/Versions/A/ChunkingLibrary
0x000000011a1c7000 	/Applications/Android Studio 2.app/Contents/jre/jdk/Contents/Home/jre/lib/server/libjvm.dylib
0x000000011ac2f000 	/usr/lib/libstdc++.6.dylib
0x0000000119fe6000 	/Applications/Android Studio 2.app/Contents/jre/jdk/Contents/Home/jre/lib/libverify.dylib
0x0000000119ff2000 	/Applications/Android Studio 2.app/Contents/jre/jdk/Contents/Home/jre/lib/libjava.dylib
0x000000011a02e000 	/Applications/Android Studio 2.app/Contents/jre/jdk/Contents/Home/jre/lib/libzip.dylib
0x000000013134a000 	/Applications/Android Studio 2.app/Contents/jre/jdk/Contents/Home/jre/lib/libnet.dylib
0x00000001313a9000 	/Applications/Android Studio 2.app/Contents/jre/jdk/Contents/Home/jre/lib/libnio.dylib
0x0000000113f08000 	/Users/laki/.gradle/native/25/osx-amd64/libnative-platform.dylib
0x00000001317ac000 	/Applications/Android Studio 2.app/Contents/jre/jdk/Contents/Home/jre/lib/libmanagement.dylib

VM Arguments:
jvm_args: -Xmx2048m -Dfile.encoding=UTF-8 -Duser.country=ZA -Duser.language=en -Duser.variant 
java_command: org.gradle.launcher.daemon.bootstrap.GradleDaemon 4.4
java_class_path (initial): /Users/laki/.gradle/wrapper/dists/gradle-4.4-all/9br9xq1tocpiv8o6njlyu5op1/gradle-4.4/lib/gradle-launcher-4.4.jar
Launcher Type: SUN_STANDARD

Environment Variables:
PATH=/usr/local/bin:/usr/bin:/bin:/usr/sbin:/sbin:/opt/X11/bin
SHELL=/bin/bash
DISPLAY=/private/tmp/com.apple.launchd.el4kL3kIHZ/org.macosforge.xquartz:0

Signal Handlers:
SIGSEGV: [libjvm.dylib+0x53f567], sa_mask[0]=11111111011111110111111111111111, sa_flags=SA_ONSTACK|SA_RESTART|SA_SIGINFO
SIGBUS: [libjvm.dylib+0x53f567], sa_mask[0]=11111111011111110111111111111111, sa_flags=SA_RESTART|SA_SIGINFO
SIGFPE: [libjvm.dylib+0x437adf], sa_mask[0]=11111111011111110111111111111111, sa_flags=SA_RESTART|SA_SIGINFO
SIGPIPE: [libjvm.dylib+0x437adf], sa_mask[0]=11111111011111110111111111111111, sa_flags=SA_RESTART|SA_SIGINFO
SIGXFSZ: [libjvm.dylib+0x437adf], sa_mask[0]=11111111011111110111111111111111, sa_flags=SA_RESTART|SA_SIGINFO
SIGILL: [libjvm.dylib+0x437adf], sa_mask[0]=11111111011111110111111111111111, sa_flags=SA_RESTART|SA_SIGINFO
SIGUSR1: SIG_DFL, sa_mask[0]=00000000000000000000000000000000, sa_flags=none
SIGUSR2: [libjvm.dylib+0x438404], sa_mask[0]=00100000000000000000000000000000, sa_flags=SA_RESTART|SA_SIGINFO
SIGHUP: [libjvm.dylib+0x4365f9], sa_mask[0]=11111111011111110111111111111111, sa_flags=SA_RESTART|SA_SIGINFO
SIGINT: [libjvm.dylib+0x4365f9], sa_mask[0]=11111111011111110111111111111111, sa_flags=SA_RESTART|SA_SIGINFO
SIGTERM: [libjvm.dylib+0x4365f9], sa_mask[0]=11111111011111110111111111111111, sa_flags=SA_RESTART|SA_SIGINFO
SIGQUIT: [libjvm.dylib+0x4365f9], sa_mask[0]=11111111011111110111111111111111, sa_flags=SA_RESTART|SA_SIGINFO


---------------  S Y S T E M  ---------------

OS:Bsduname:Darwin 16.6.0 Darwin Kernel Version 16.6.0: Fri Apr 14 16:21:16 PDT 2017; root:xnu-3789.60.24~6/RELEASE_X86_64 x86_64
rlimit: STACK 8192k, CORE 0k, NPROC 709, NOFILE 10240, AS infinity
load average:1.91 2.29 2.48

CPU:total 4 (initial active 4) (2 cores per cpu, 2 threads per core) family 6 model 58 stepping 9, cmov, cx8, fxsr, mmx, sse, sse2, sse3, ssse3, sse4.1, sse4.2, popcnt, avx, aes, clmul, erms, ht, tsc, tscinvbit, tscinv

Memory: 4k page, physical 4194304k(28608k free)

/proc/meminfo:


vm_info: OpenJDK 64-Bit Server VM (25.152-b01) for bsd-amd64 JRE (1.8.0_152-release-1024-b01), built by "builder" with gcc 4.2.1 Compatible Apple LLVM 8.1.0 (clang-802.0.42)

time: Tue May  8 09:48:20 2018
elapsed time: 7 seconds (0d 0h 0m 7s)

