#
# A fatal error has been detected by the Java Runtime Environment:
#
#  SIGSEGV (0xb) at pc=0x0000000110a76247, pid=549, tid=0x0000000000002703
#
# JRE version: OpenJDK Runtime Environment (8.0_152-b01) (build 1.8.0_152-release-1024-b01)
# Java VM: OpenJDK 64-Bit Server VM (25.152-b01 mixed mode bsd-amd64 compressed oops)
# Problematic frame:
# V  [libjvm.dylib+0x476247]  oopDesc* PSPromotionManager::copy_to_survivor_space<false>(oopDesc*)+0x87
#
# Failed to write core dump. Core dumps have been disabled. To enable core dumping, try "ulimit -c unlimited" before starting Java again
#
# If you would like to submit a bug report, please visit:
#   http://bugreport.java.com/bugreport/crash.jsp
#

---------------  T H R E A D  ---------------

Current thread (0x00007fab89001800):  GCTaskThread [stack: 0x000070000f11f000,0x000070000f21f000] [id=9987]

siginfo: si_signo: 11 (SIGSEGV), si_code: 1 (SEGV_MAPERR), si_addr: 0x00000005c0168830

Registers:
RAX=0x0000000110df2d01, RBX=0x000000074de2d1b1, RCX=0x0000000000000003, RDX=0x0000000110de1e00
RSP=0x000070000f21ec80, RBP=0x000070000f21ecf0, RSI=0x00000007a33a01a8, RDI=0x00000005c0168828
R8 =0x0000000000000000, R9 =0x0000000000000000, R10=0x0000000110dced32, R11=0xffffffffaaa60a30
R12=0x0000000110df2dfb, R13=0x0000000000000005, R14=0x00007fab8983cbc0, R15=0x00000007a33a01a8
RIP=0x0000000110a76247, EFLAGS=0x0000000000010206, ERR=0x0000000000000004
  TRAPNO=0x000000000000000e

Top of Stack: (sp=0x000070000f21ec80)
0x000070000f21ec80:   00000007c0168a40 000000074ddf68fc
0x000070000f21ec90:   000000074de2b238 0000000000000400
0x000070000f21eca0:   0000000000000005 00007fab8983cbe8
0x000070000f21ecb0:   00007fab8983cb01 00007fab8983cbc0
0x000070000f21ecc0:   0000000000000002 000000074de2d1b1
0x000070000f21ecd0:   0000000110df2dfb 00007fab8983cbc0
0x000070000f21ece0:   000000074de2d1b0 0000000110de1df0
0x000070000f21ecf0:   000070000f21ed20 0000000110a73cfe
0x000070000f21ed00:   000000074de2d1b1 0000000110df7680
0x000070000f21ed10:   00007fab8983cc20 00007fab8983cc58
0x000070000f21ed20:   000070000f21ed70 0000000110a73ac0
0x000070000f21ed30:   000000074c995014 000000074de2d1b1
0x000070000f21ed40:   010070000f21ed70 00007fab8983cbc0
0x000070000f21ed50:   000070000f21ed84 000070000f21ed90
0x000070000f21ed60:   0000000000000001 0000000110df8380
0x000070000f21ed70:   000070000f21edc0 0000000110a770f3
0x000070000f21ed80:   0941ac6f10df3049 00007fab8e834f00
0x000070000f21ed90:   000000074c995015 00007fab89001800
0x000070000f21eda0:   00007fab8e834f00 0000000110ba46ec
0x000070000f21edb0:   0000000000000000 0000000000000001
0x000070000f21edc0:   000070000f21eea0 0000000110854928
0x000070000f21edd0:   0000000110df2f00 00007fab89001800
0x000070000f21ede0:   00007fab88e05af0 00007fab88e05b30
0x000070000f21edf0:   00007fab88e05b40 00007fab88e05c18
0x000070000f21ee00:   00000000000000d8 00007fab88e05d10
0x000070000f21ee10:   00007fab89001800 00007fab88e05af0
0x000070000f21ee20:   00007fab88e05b30 00007fab88e05b40
0x000070000f21ee30:   00007fab88e05c18 00000000000000d8
0x000070000f21ee40:   000070000f21edd8 00007fab88e05630
0x000070000f21ee50:   00007fab88e05700 00007fab88e05710
0x000070000f21ee60:   00007fab88e05ae8 00000000000003d8
0x000070000f21ee70:   0000000000000000 00007fab88e065d0 

Instructions: (pc=0x0000000110a76247)
0x0000000110a76227:   8a 00 84 c0 74 16 48 8d 15 cc bb 36 00 8a 4a 08
0x0000000110a76237:   41 8b 7f 08 48 d3 e7 48 03 3a eb 04 49 8b 7f 08
0x0000000110a76247:   44 8b 67 08 45 85 e4 7e 0c 41 f6 c4 01 75 08 41
0x0000000110a76257:   c1 fc 03 eb 54 78 11 48 8b 07 4c 89 fe ff 90 e8 

Register to memory mapping:

RAX=0x0000000110df2d01: CONST_G1RecordHRRSEvents+0 in /Applications/Android Studio 2.app/Contents/jre/jdk/Contents/Home/jre/lib/server/libjvm.dylib at 0x0000000110600000
RBX=0x000000074de2d1b1 is pointing into object: 0x000000074de2d190
java.util.TreeMap 
 - klass: 'java/util/TreeMap'
RCX=0x0000000000000003 is an unknown value
RDX=0x0000000110de1e00: _ZN8Universe13_narrow_klassE+0 in /Applications/Android Studio 2.app/Contents/jre/jdk/Contents/Home/jre/lib/server/libjvm.dylib at 0x0000000110600000
RSP=0x000070000f21ec80 is an unknown value
RBP=0x000070000f21ecf0 is an unknown value
RSI=0x00000007a33a01a8 is an oop

[error occurred during error reporting (printing register info), id 0xb]

Stack: [0x000070000f11f000,0x000070000f21f000],  sp=0x000070000f21ec80,  free space=1023k
Native frames: (J=compiled Java code, j=interpreted, Vv=VM code, C=native code)
V  [libjvm.dylib+0x476247]  oopDesc* PSPromotionManager::copy_to_survivor_space<false>(oopDesc*)+0x87
V  [libjvm.dylib+0x473cfe]  PSPromotionManager::process_popped_location_depth(StarTask)+0x106
V  [libjvm.dylib+0x473ac0]  PSPromotionManager::drain_stacks_depth(bool)+0x11e
V  [libjvm.dylib+0x4770f3]  StealTask::do_it(GCTaskManager*, unsigned int)+0xc3
V  [libjvm.dylib+0x254928]  GCTaskThread::run()+0x130
V  [libjvm.dylib+0x435709]  java_start(Thread*)+0xfa
C  [libsystem_pthread.dylib+0x393b]  _pthread_body+0xb4
C  [libsystem_pthread.dylib+0x3887]  _pthread_body+0x0
C  [libsystem_pthread.dylib+0x308d]  thread_start+0xd


---------------  P R O C E S S  ---------------

Java Threads: ( => current thread )
  0x00007fab8ca86800 JavaThread "pool-4-thread-4" [_thread_blocked, id=33027, stack(0x0000700011997000,0x0000700011a97000)]
  0x00007fab899dc000 JavaThread "pool-4-thread-3" [_thread_blocked, id=32515, stack(0x0000700011894000,0x0000700011994000)]
  0x00007fab8cbc3000 JavaThread "pool-4-thread-2" [_thread_blocked, id=32003, stack(0x0000700011791000,0x0000700011891000)]
  0x00007fab8cbc3800 JavaThread "pool-5-thread-1" [_thread_blocked, id=31491, stack(0x000070001168e000,0x000070001178e000)]
  0x00007fab8cbc2000 JavaThread "pool-4-thread-1" [_thread_blocked, id=30979, stack(0x000070001158b000,0x000070001168b000)]
  0x00007fab8e0d5800 JavaThread "pool-2-thread-1" [_thread_blocked, id=30467, stack(0x0000700011488000,0x0000700011588000)]
  0x00007fab8ae3a000 JavaThread "Task worker for ':' Thread 3" [_thread_blocked, id=29955, stack(0x0000700011385000,0x0000700011485000)]
  0x00007fab8c959000 JavaThread "Task worker for ':' Thread 2" [_thread_blocked, id=29443, stack(0x0000700011282000,0x0000700011382000)]
  0x00007fab89598000 JavaThread "Task worker for ':'" [_thread_blocked, id=28931, stack(0x000070001117f000,0x000070001127f000)]
  0x00007fab8d21f000 JavaThread "Cache worker for Build Output Cleanup Cache (/Users/laki/Documents/mystuff/AndroidStudioProjects/SEAPP/.gradle/buildOutputCleanup)" [_thread_blocked, id=28419, stack(0x000070001107c000,0x000070001117c000)]
  0x00007fab8e8b5800 JavaThread "Cache worker for task history cache (/Users/laki/Documents/mystuff/AndroidStudioProjects/SEAPP/.gradle/4.4/taskHistory)" [_thread_blocked, id=27907, stack(0x0000700010f79000,0x0000700011079000)]
  0x00007fab8e37e800 JavaThread "Cache worker for file content cache (/Users/laki/Documents/mystuff/AndroidStudioProjects/SEAPP/.gradle/4.4/fileContent)" [_thread_blocked, id=27395, stack(0x0000700010e76000,0x0000700010f76000)]
  0x00007fab89c41000 JavaThread "Memory manager" [_thread_blocked, id=26883, stack(0x0000700010d73000,0x0000700010e73000)]
  0x00007fab8aff0000 JavaThread "build operations Thread 4" [_thread_blocked, id=26371, stack(0x0000700010c70000,0x0000700010d70000)]
  0x00007fab8d66d000 JavaThread "build operations Thread 3" [_thread_blocked, id=25859, stack(0x0000700010b6d000,0x0000700010c6d000)]
  0x00007fab8dc9e800 JavaThread "build operations Thread 2" [_thread_blocked, id=25347, stack(0x0000700010a6a000,0x0000700010b6a000)]
  0x00007fab8dc01000 JavaThread "build operations" [_thread_blocked, id=24835, stack(0x0000700010967000,0x0000700010a67000)]
  0x00007fab8e175000 JavaThread "Cache worker for Artifact transforms cache (/Users/laki/.gradle/caches/transforms-1)" [_thread_blocked, id=24323, stack(0x0000700010864000,0x0000700010964000)]
  0x00007fab89af2000 JavaThread "Cache worker for file hash cache (/Users/laki/Documents/mystuff/AndroidStudioProjects/SEAPP/.gradle/4.4/fileHashes)" [_thread_blocked, id=23811, stack(0x0000700010761000,0x0000700010861000)]
  0x00007fab8a9af800 JavaThread "File lock request listener" [_thread_in_native, id=23299, stack(0x000070001065e000,0x000070001075e000)]
  0x00007fab893fd800 JavaThread "Cache worker for file hash cache (/Users/laki/.gradle/caches/4.4/fileHashes)" [_thread_blocked, id=22787, stack(0x000070001055b000,0x000070001065b000)]
  0x00007fab89244000 JavaThread "Stdin handler" [_thread_blocked, id=22275, stack(0x0000700010458000,0x0000700010558000)]
  0x00007fab8a2e4800 JavaThread "Asynchronous log dispatcher for DefaultDaemonConnection: socket connection from /127.0.0.1:49246 to /127.0.0.1:49247" [_thread_blocked, id=21763, stack(0x0000700010355000,0x0000700010455000)]
  0x00007fab8995f000 JavaThread "Daemon worker" [_thread_blocked, id=21251, stack(0x0000700010252000,0x0000700010352000)]
  0x00007fab8a2ea800 JavaThread "Cancel handler" [_thread_blocked, id=20739, stack(0x000070001014f000,0x000070001024f000)]
  0x00007fab8937a800 JavaThread "Handler for socket connection from /127.0.0.1:49246 to /127.0.0.1:49247" [_thread_in_native, id=3847, stack(0x000070001004c000,0x000070001014c000)]
  0x00007fab8a757000 JavaThread "Daemon" [_thread_blocked, id=4871, stack(0x000070000ff49000,0x0000700010049000)]
  0x00007fab89adf000 JavaThread "Daemon periodic checks" [_thread_blocked, id=20227, stack(0x000070000fe46000,0x000070000ff46000)]
  0x00007fab8a74a000 JavaThread "Incoming local TCP Connector on port 49246" [_thread_in_native, id=19715, stack(0x000070000fd43000,0x000070000fe43000)]
  0x00007fab8984d000 JavaThread "Service Thread" daemon [_thread_blocked, id=18691, stack(0x000070000fb3d000,0x000070000fc3d000)]
  0x00007fab89844000 JavaThread "C1 CompilerThread2" daemon [_thread_blocked, id=18179, stack(0x000070000fa3a000,0x000070000fb3a000)]
  0x00007fab89020000 JavaThread "C2 CompilerThread1" daemon [_thread_in_native, id=17667, stack(0x000070000f937000,0x000070000fa37000)]
  0x00007fab8a01b800 JavaThread "C2 CompilerThread0" daemon [_thread_blocked, id=17155, stack(0x000070000f834000,0x000070000f934000)]
  0x00007fab89031000 JavaThread "Signal Dispatcher" daemon [_thread_blocked, id=16643, stack(0x000070000f731000,0x000070000f831000)]
  0x00007fab89840000 JavaThread "Finalizer" daemon [_thread_blocked, id=12547, stack(0x000070000f62e000,0x000070000f72e000)]
  0x00007fab8a019000 JavaThread "Reference Handler" daemon [_thread_blocked, id=12035, stack(0x000070000f52b000,0x000070000f62b000)]
  0x00007fab8a004800 JavaThread "main" [_thread_blocked, id=7171, stack(0x000070000ef19000,0x000070000f019000)]

Other Threads:
  0x00007fab8983d800 VMThread [stack: 0x000070000f428000,0x000070000f528000] [id=11523]
  0x00007fab89855800 WatcherThread [stack: 0x000070000fc40000,0x000070000fd40000] [id=19203]

=>0x00007fab89001800 (exited) GCTaskThread [stack: 0x000070000f11f000,0x000070000f21f000] [id=9987]

VM state:at safepoint (normal execution)

VM Mutex/Monitor currently owned by a thread:  ([mutex/lock_event])
[0x00007fab88e03a30] Threads_lock - owner thread: 0x00007fab8983d800
[0x00007fab88e03f30] Heap_lock - owner thread: 0x00007fab8e0d5800

Heap:
 PSYoungGen      total 366080K, used 361717K [0x0000000795580000, 0x00000007b2b00000, 0x00000007c0000000)
  eden space 313344K, 100% used [0x0000000795580000,0x00000007a8780000,0x00000007a8780000)
  from space 52736K, 91% used [0x00000007a8780000,0x00000007ab6bd6e0,0x00000007abb00000)
  to   space 59904K, 99% used [0x00000007af080000,0x00000007b2af8020,0x00000007b2b00000)
 ParOldGen       total 284672K, used 232900K [0x0000000740000000, 0x0000000751600000, 0x0000000795580000)
  object space 284672K, 81% used [0x0000000740000000,0x000000074e371238,0x0000000751600000)
 Metaspace       used 68242K, capacity 71090K, committed 71424K, reserved 1110016K
  class space    used 9239K, capacity 9896K, committed 9984K, reserved 1048576K

Card table byte_map: [0x0000000120428000,0x0000000120829000] byte_map_base: 0x000000011ca28000

Marking Bits: (ParMarkBitMap*) 0x0000000110df81c8
 Begin Bits: [0x0000000120ad4000, 0x0000000122ad4000)
 End Bits:   [0x0000000122ad4000, 0x0000000124ad4000)

Polling page: 0x0000000104691000

CodeCache: size=245760Kb used=34157Kb max_used=34157Kb free=211602Kb
 bounds [0x0000000111068000, 0x00000001131f8000, 0x0000000120068000]
 total_blobs=10816 nmethods=10016 adapters=712
 compilation: enabled

Compilation events (10 events):
Event: 42.303 Thread 0x00007fab89844000 11654       2       com.android.dx.cf.code.BasicBlocker::visitNewarray (15 bytes)
Event: 42.303 Thread 0x00007fab89844000 nmethod 11654 0x0000000111cda4d0 code [0x0000000111cda640, 0x0000000111cda858]
Event: 42.303 Thread 0x00007fab89844000 11655       2       com.android.dx.cf.code.Simulator$SimVisitor::visitNewarray (55 bytes)
Event: 42.304 Thread 0x00007fab89844000 nmethod 11655 0x000000011143b910 code [0x000000011143baa0, 0x000000011143be28]
Event: 42.305 Thread 0x00007fab89844000 11656       3       com.android.dx.ssa.PhiTypeResolver::resolveResultType (308 bytes)
Event: 42.310 Thread 0x00007fab89844000 nmethod 11656 0x00000001131f19d0 code [0x00000001131f1ea0, 0x00000001131f57a8]
Event: 42.429 Thread 0x00007fab89844000 11661   !   3       com.android.dx.cf.code.BasicBlocker::doit (156 bytes)
Event: 42.431 Thread 0x00007fab89844000 nmethod 11661 0x00000001131c7250 code [0x00000001131c74e0, 0x00000001131c8858]
Event: 42.550 Thread 0x00007fab89844000 11663       2       com.android.dx.rop.annotation.Annotations::combine (24 bytes)
Event: 42.550 Thread 0x00007fab89844000 nmethod 11663 0x0000000112280c50 code [0x0000000112280dc0, 0x0000000112281018]

GC Heap History (10 events):
Event: 37.857 GC heap after
Heap after GC invocations=24 (full 4):
 PSYoungGen      total 290816K, used 25978K [0x0000000795580000, 0x00000007ac880000, 0x00000007c0000000)
  eden space 259072K, 0% used [0x0000000795580000,0x0000000795580000,0x00000007a5280000)
  from space 31744K, 81% used [0x00000007a8000000,0x00000007a995ea48,0x00000007a9f00000)
  to   space 46592K, 0% used [0x00000007a5280000,0x00000007a5280000,0x00000007a8000000)
 ParOldGen       total 183296K, used 108101K [0x0000000740000000, 0x000000074b300000, 0x0000000795580000)
  object space 183296K, 58% used [0x0000000740000000,0x00000007469916b8,0x000000074b300000)
 Metaspace       used 68073K, capacity 70898K, committed 71168K, reserved 1110016K
  class space    used 9238K, capacity 9896K, committed 9984K, reserved 1048576K
}
Event: 38.708 GC heap before
{Heap before GC invocations=25 (full 4):
 PSYoungGen      total 290816K, used 285050K [0x0000000795580000, 0x00000007ac880000, 0x00000007c0000000)
  eden space 259072K, 100% used [0x0000000795580000,0x00000007a5280000,0x00000007a5280000)
  from space 31744K, 81% used [0x00000007a8000000,0x00000007a995ea48,0x00000007a9f00000)
  to   space 46592K, 0% used [0x00000007a5280000,0x00000007a5280000,0x00000007a8000000)
 ParOldGen       total 183296K, used 108101K [0x0000000740000000, 0x000000074b300000, 0x0000000795580000)
  object space 183296K, 58% used [0x0000000740000000,0x00000007469916b8,0x000000074b300000)
 Metaspace       used 68208K, capacity 71026K, committed 71168K, reserved 1110016K
  class space    used 9238K, capacity 9896K, committed 9984K, reserved 1048576K
Event: 38.819 GC heap after
Heap after GC invocations=25 (full 4):
 PSYoungGen      total 305664K, used 34596K [0x0000000795580000, 0x00000007aec00000, 0x00000007c0000000)
  eden space 259072K, 0% used [0x0000000795580000,0x0000000795580000,0x00000007a5280000)
  from space 46592K, 74% used [0x00000007a5280000,0x00000007a7449328,0x00000007a8000000)
  to   space 50176K, 0% used [0x00000007abb00000,0x00000007abb00000,0x00000007aec00000)
 ParOldGen       total 183296K, used 134165K [0x0000000740000000, 0x000000074b300000, 0x0000000795580000)
  object space 183296K, 73% used [0x0000000740000000,0x00000007483057b8,0x000000074b300000)
 Metaspace       used 68208K, capacity 71026K, committed 71168K, reserved 1110016K
  class space    used 9238K, capacity 9896K, committed 9984K, reserved 1048576K
}
Event: 39.686 GC heap before
{Heap before GC invocations=26 (full 4):
 PSYoungGen      total 305664K, used 293668K [0x0000000795580000, 0x00000007aec00000, 0x00000007c0000000)
  eden space 259072K, 100% used [0x0000000795580000,0x00000007a5280000,0x00000007a5280000)
  from space 46592K, 74% used [0x00000007a5280000,0x00000007a7449328,0x00000007a8000000)
  to   space 50176K, 0% used [0x00000007abb00000,0x00000007abb00000,0x00000007aec00000)
 ParOldGen       total 183296K, used 134165K [0x0000000740000000, 0x000000074b300000, 0x0000000795580000)
  object space 183296K, 73% used [0x0000000740000000,0x00000007483057b8,0x000000074b300000)
 Metaspace       used 68228K, capacity 71090K, committed 71424K, reserved 1110016K
  class space    used 9238K, capacity 9896K, committed 9984K, reserved 1048576K
Event: 39.797 GC heap after
Heap after GC invocations=26 (full 4):
 PSYoungGen      total 363520K, used 35545K [0x0000000795580000, 0x00000007afa80000, 0x00000007c0000000)
  eden space 313344K, 0% used [0x0000000795580000,0x0000000795580000,0x00000007a8780000)
  from space 50176K, 70% used [0x00000007abb00000,0x00000007addb6408,0x00000007aec00000)
  to   space 52736K, 0% used [0x00000007a8780000,0x00000007a8780000,0x00000007abb00000)
 ParOldGen       total 183296K, used 168267K [0x0000000740000000, 0x000000074b300000, 0x0000000795580000)
  object space 183296K, 91% used [0x0000000740000000,0x000000074a452cd8,0x000000074b300000)
 Metaspace       used 68228K, capacity 71090K, committed 71424K, reserved 1110016K
  class space    used 9238K, capacity 9896K, committed 9984K, reserved 1048576K
}
Event: 39.798 GC heap before
{Heap before GC invocations=27 (full 5):
 PSYoungGen      total 363520K, used 35545K [0x0000000795580000, 0x00000007afa80000, 0x00000007c0000000)
  eden space 313344K, 0% used [0x0000000795580000,0x0000000795580000,0x00000007a8780000)
  from space 50176K, 70% used [0x00000007abb00000,0x00000007addb6408,0x00000007aec00000)
  to   space 52736K, 0% used [0x00000007a8780000,0x00000007a8780000,0x00000007abb00000)
 ParOldGen       total 183296K, used 168267K [0x0000000740000000, 0x000000074b300000, 0x0000000795580000)
  object space 183296K, 91% used [0x0000000740000000,0x000000074a452cd8,0x000000074b300000)
 Metaspace       used 68228K, capacity 71090K, committed 71424K, reserved 1110016K
  class space    used 9238K, capacity 9896K, committed 9984K, reserved 1048576K
Event: 40.617 GC heap after
Heap after GC invocations=27 (full 5):
 PSYoungGen      total 363520K, used 14450K [0x0000000795580000, 0x00000007afa80000, 0x00000007c0000000)
  eden space 313344K, 0% used [0x0000000795580000,0x0000000795580000,0x00000007a8780000)
  from space 50176K, 28% used [0x00000007abb00000,0x00000007ac91c8b8,0x00000007aec00000)
  to   space 52736K, 0% used [0x00000007a8780000,0x00000007a8780000,0x00000007abb00000)
 ParOldGen       total 284672K, used 183276K [0x0000000740000000, 0x0000000751600000, 0x0000000795580000)
  object space 284672K, 64% used [0x0000000740000000,0x000000074b2fb2b8,0x0000000751600000)
 Metaspace       used 68228K, capacity 71090K, committed 71424K, reserved 1110016K
  class space    used 9238K, capacity 9896K, committed 9984K, reserved 1048576K
}
Event: 41.534 GC heap before
{Heap before GC invocations=28 (full 5):
 PSYoungGen      total 363520K, used 327794K [0x0000000795580000, 0x00000007afa80000, 0x00000007c0000000)
  eden space 313344K, 100% used [0x0000000795580000,0x00000007a8780000,0x00000007a8780000)
  from space 50176K, 28% used [0x00000007abb00000,0x00000007ac91c8b8,0x00000007aec00000)
  to   space 52736K, 0% used [0x00000007a8780000,0x00000007a8780000,0x00000007abb00000)
 ParOldGen       total 284672K, used 183276K [0x0000000740000000, 0x0000000751600000, 0x0000000795580000)
  object space 284672K, 64% used [0x0000000740000000,0x000000074b2fb2b8,0x0000000751600000)
 Metaspace       used 68237K, capacity 71090K, committed 71424K, reserved 1110016K
  class space    used 9239K, capacity 9896K, committed 9984K, reserved 1048576K
Event: 41.658 GC heap after
Heap after GC invocations=28 (full 5):
 PSYoungGen      total 366080K, used 48373K [0x0000000795580000, 0x00000007b2b00000, 0x00000007c0000000)
  eden space 313344K, 0% used [0x0000000795580000,0x0000000795580000,0x00000007a8780000)
  from space 52736K, 91% used [0x00000007a8780000,0x00000007ab6bd6e0,0x00000007abb00000)
  to   space 59904K, 0% used [0x00000007af080000,0x00000007af080000,0x00000007b2b00000)
 ParOldGen       total 284672K, used 197809K [0x0000000740000000, 0x0000000751600000, 0x0000000795580000)
  object space 284672K, 69% used [0x0000000740000000,0x000000074c12c430,0x0000000751600000)
 Metaspace       used 68237K, capacity 71090K, committed 71424K, reserved 1110016K
  class space    used 9239K, capacity 9896K, committed 9984K, reserved 1048576K
}
Event: 42.671 GC heap before
{Heap before GC invocations=29 (full 5):
 PSYoungGen      total 366080K, used 361717K [0x0000000795580000, 0x00000007b2b00000, 0x00000007c0000000)
  eden space 313344K, 100% used [0x0000000795580000,0x00000007a8780000,0x00000007a8780000)
  from space 52736K, 91% used [0x00000007a8780000,0x00000007ab6bd6e0,0x00000007abb00000)
  to   space 59904K, 0% used [0x00000007af080000,0x00000007af080000,0x00000007b2b00000)
 ParOldGen       total 284672K, used 197809K [0x0000000740000000, 0x0000000751600000, 0x0000000795580000)
  object space 284672K, 69% used [0x0000000740000000,0x000000074c12c430,0x0000000751600000)
 Metaspace       used 68242K, capacity 71090K, committed 71424K, reserved 1110016K
  class space    used 9239K, capacity 9896K, committed 9984K, reserved 1048576K

Deoptimization events (10 events):
Event: 40.752 Thread 0x00007fab8e0d5800 Uncommon trap: reason=unstable_if action=reinterpret pc=0x00000001129d4668 method=java.util.concurrent.ConcurrentHashMap.addCount(JI)V @ 168
Event: 40.838 Thread 0x00007fab899dc000 Uncommon trap: reason=unstable_if action=reinterpret pc=0x000000011300bc7c method=com.android.dx.ssa.SCCP.simulateBranch(Lcom/android/dx/ssa/SsaInsn;)V @ 548
Event: 41.706 Thread 0x00007fab8e0d5800 Uncommon trap: reason=unstable_if action=reinterpret pc=0x000000011319965c method=com.android.dx.ssa.SsaRenamer$BlockRenamer.addMapping(ILcom/android/dx/rop/code/RegisterSpec;)V @ 120
Event: 41.712 Thread 0x00007fab8cbc3000 Uncommon trap: reason=bimorphic action=maybe_recompile pc=0x00000001131d5874 method=com.android.dx.rop.code.RegisterSpec.withSimpleType()Lcom/android/dx/rop/code/RegisterSpec; @ 21
Event: 41.754 Thread 0x00007fab8cbc2000 Uncommon trap: reason=bimorphic action=maybe_recompile pc=0x00000001131d5874 method=com.android.dx.rop.code.RegisterSpec.withSimpleType()Lcom/android/dx/rop/code/RegisterSpec; @ 21
Event: 41.769 Thread 0x00007fab8cbc2000 Uncommon trap: reason=bimorphic action=maybe_recompile pc=0x00000001131d5874 method=com.android.dx.rop.code.RegisterSpec.withSimpleType()Lcom/android/dx/rop/code/RegisterSpec; @ 21
Event: 41.790 Thread 0x00007fab8ca86800 Uncommon trap: reason=bimorphic action=maybe_recompile pc=0x00000001131d5874 method=com.android.dx.rop.code.RegisterSpec.withSimpleType()Lcom/android/dx/rop/code/RegisterSpec; @ 21
Event: 42.201 Thread 0x00007fab8e0d5800 Uncommon trap: reason=unstable_if action=reinterpret pc=0x0000000112e2b57c method=com.android.dx.rop.code.LocalItem.compareHandlesNulls(Lcom/android/dx/rop/cst/CstString;Lcom/android/dx/rop/cst/CstString;)I @ 8
Event: 42.201 Thread 0x00007fab8e0d5800 Uncommon trap: reason=unstable_if action=reinterpret pc=0x0000000112df8be8 method=com.android.dx.rop.code.LocalItem.compareHandlesNulls(Lcom/android/dx/rop/cst/CstString;Lcom/android/dx/rop/cst/CstString;)I @ 8
Event: 42.219 Thread 0x00007fab8cbc2000 Uncommon trap: reason=unstable_if action=reinterpret pc=0x0000000112cca5b4 method=com.android.dx.rop.code.RegisterSpec.equals(ILcom/android/dx/rop/type/TypeBearer;Lcom/android/dx/rop/code/LocalItem;)Z @ 42

Classes redefined (0 events):
No events

Internal exceptions (10 events):
Event: 33.699 Thread 0x00007fab8c959000 Exception <a 'java/lang/ClassNotFoundException': com/android/build/gradle/tasks/ShaderCompile_DecoratedBeanInfo> (0x000000079b397bc0) thrown at [/Volumes/android/AOSP-openjdk-git/jdk8u/hotspot/src/share/vm/classfile/systemDictionary.cpp, line 210]
Event: 33.700 Thread 0x00007fab8c959000 Exception <a 'java/lang/ClassNotFoundException': com/android/build/gradle/tasks/ShaderCompileBeanInfo> (0x000000079b3aadf0) thrown at [/Volumes/android/AOSP-openjdk-git/jdk8u/hotspot/src/share/vm/classfile/systemDictionary.cpp, line 210]
Event: 33.700 Thread 0x00007fab8c959000 Exception <a 'java/lang/ClassNotFoundException': com/android/build/gradle/tasks/ShaderCompileCustomizer> (0x000000079b3be538) thrown at [/Volumes/android/AOSP-openjdk-git/jdk8u/hotspot/src/share/vm/classfile/systemDictionary.cpp, line 210]
Event: 33.701 Thread 0x00007fab8c959000 Exception <a 'java/lang/ClassNotFoundException': com/android/build/gradle/tasks/ShaderCompile_DecoratedCustomizer> (0x000000079b3f5988) thrown at [/Volumes/android/AOSP-openjdk-git/jdk8u/hotspot/src/share/vm/classfile/systemDictionary.cpp, line 210]
Event: 33.784 Thread 0x00007fab8c959000 Exception <a 'java/lang/ClassNotFoundException': com/android/build/gradle/internal/tasks/ExtractTryWithResourcesSupportJar_DecoratedBeanInfo> (0x000000079b6909d0) thrown at [/Volumes/android/AOSP-openjdk-git/jdk8u/hotspot/src/share/vm/classfile/systemDict
Event: 33.785 Thread 0x00007fab8c959000 Exception <a 'java/lang/ClassNotFoundException': com/android/build/gradle/internal/tasks/ExtractTryWithResourcesSupportJarBeanInfo> (0x000000079b6aa520) thrown at [/Volumes/android/AOSP-openjdk-git/jdk8u/hotspot/src/share/vm/classfile/systemDictionary.cpp
Event: 33.785 Thread 0x00007fab8c959000 Exception <a 'java/lang/ClassNotFoundException': com/android/build/gradle/internal/tasks/ExtractTryWithResourcesSupportJarCustomizer> (0x000000079ba466c0) thrown at [/Volumes/android/AOSP-openjdk-git/jdk8u/hotspot/src/share/vm/classfile/systemDictionary.c
Event: 33.786 Thread 0x00007fab8c959000 Exception <a 'java/lang/ClassNotFoundException': com/android/build/gradle/internal/tasks/ExtractTryWithResourcesSupportJar_DecoratedCustomizer> (0x000000079ba73c38) thrown at [/Volumes/android/AOSP-openjdk-git/jdk8u/hotspot/src/share/vm/classfile/systemDi
Event: 42.201 Thread 0x00007fab8e0d5800 Implicit null exception at 0x0000000112e2b3ea to 0x0000000112e2b569
Event: 42.201 Thread 0x00007fab8e0d5800 Implicit null exception at 0x0000000112df8ab5 to 0x0000000112df8bd5

Events (10 events):
Event: 42.219 Thread 0x00007fab8cbc2000 Uncommon trap: trap_request=0xffffff65 fr.pc=0x0000000112cca5b4
Event: 42.219 Thread 0x00007fab8cbc2000 DEOPT PACKING pc=0x0000000112cca5b4 sp=0x0000700011689de0
Event: 42.219 Thread 0x00007fab8cbc2000 DEOPT UNPACKING pc=0x00000001110ad47a sp=0x0000700011689cb0 mode 2
Event: 42.403 Thread 0x00007fab8ca86800 DEOPT PACKING pc=0x0000000112ebeb1a sp=0x0000700011a95d90
Event: 42.403 Thread 0x00007fab8ca86800 DEOPT UNPACKING pc=0x00000001110af4c4 sp=0x0000700011a95bd0 mode 0
Event: 42.560 loading class com/android/dx/cf/attrib/AttSourceDebugExtension
Event: 42.560 loading class com/android/dx/cf/attrib/AttSourceDebugExtension done
Event: 42.564 Thread 0x00007fab8ca86800 DEOPT PACKING pc=0x0000000112ebeb1a sp=0x0000700011a95d90
Event: 42.564 Thread 0x00007fab8ca86800 DEOPT UNPACKING pc=0x00000001110af4c4 sp=0x0000700011a95bd0 mode 0
Event: 42.670 Executing VM operation: ParallelGCFailedAllocation


Dynamic libraries:
0x00000001041d3000 	/System/Library/Frameworks/Cocoa.framework/Versions/A/Cocoa
0x00000001041dc000 	/System/Library/Frameworks/Security.framework/Versions/A/Security
0x000000010468d000 	/System/Library/Frameworks/ApplicationServices.framework/Versions/A/ApplicationServices
0x0000000104692000 	/usr/lib/libz.1.dylib
0x00000001046ac000 	/usr/lib/libSystem.B.dylib
0x00000001046b4000 	/System/Library/Frameworks/CoreFoundation.framework/Versions/A/CoreFoundation
0x0000000104ded000 	/System/Library/Frameworks/Foundation.framework/Versions/C/Foundation
0x000000010548a000 	/usr/lib/libobjc.A.dylib
0x0000000105941000 	/System/Library/Frameworks/AppKit.framework/Versions/C/AppKit
0x0000000107166000 	/System/Library/Frameworks/CoreData.framework/Versions/A/CoreData
0x00000001075d6000 	/System/Library/PrivateFrameworks/RemoteViewServices.framework/Versions/A/RemoteViewServices
0x0000000107621000 	/System/Library/PrivateFrameworks/UIFoundation.framework/Versions/A/UIFoundation
0x0000000107883000 	/System/Library/PrivateFrameworks/DFRFoundation.framework/Versions/A/DFRFoundation
0x000000010789e000 	/usr/lib/libenergytrace.dylib
0x00000001078a8000 	/System/Library/PrivateFrameworks/SkyLight.framework/Versions/A/SkyLight
0x0000000107be9000 	/System/Library/Frameworks/CoreGraphics.framework/Versions/A/CoreGraphics
0x000000010839e000 	/usr/lib/libScreenReader.dylib
0x00000001083ad000 	/System/Library/Frameworks/Accelerate.framework/Versions/A/Accelerate
0x00000001083b4000 	/System/Library/Frameworks/IOSurface.framework/Versions/A/IOSurface
0x00000001083c7000 	/System/Library/Frameworks/AudioToolbox.framework/Versions/A/AudioToolbox
0x00000001086ec000 	/System/Library/Frameworks/AudioUnit.framework/Versions/A/AudioUnit
0x00000001086fc000 	/System/Library/PrivateFrameworks/DataDetectorsCore.framework/Versions/A/DataDetectorsCore
0x00000001087b7000 	/System/Library/PrivateFrameworks/DesktopServicesPriv.framework/Versions/A/DesktopServicesPriv
0x000000010895c000 	/System/Library/Frameworks/Carbon.framework/Versions/A/Frameworks/HIToolbox.framework/Versions/A/HIToolbox
0x0000000108df1000 	/usr/lib/libicucore.A.dylib
0x00000001090ed000 	/System/Library/Frameworks/QuartzCore.framework/Versions/A/QuartzCore
0x00000001093e8000 	/System/Library/Frameworks/Carbon.framework/Versions/A/Frameworks/SpeechRecognition.framework/Versions/A/SpeechRecognition
0x00000001093fb000 	/usr/lib/libauto.dylib
0x0000000109402000 	/usr/lib/libxml2.2.dylib
0x000000010952f000 	/System/Library/PrivateFrameworks/CoreUI.framework/Versions/A/CoreUI
0x0000000109841000 	/System/Library/Frameworks/CoreAudio.framework/Versions/A/CoreAudio
0x0000000109900000 	/System/Library/Frameworks/DiskArbitration.framework/Versions/A/DiskArbitration
0x0000000109917000 	/usr/lib/liblangid.dylib
0x0000000109924000 	/System/Library/PrivateFrameworks/MultitouchSupport.framework/Versions/A/MultitouchSupport
0x0000000109961000 	/System/Library/Frameworks/IOKit.framework/Versions/A/IOKit
0x0000000109a3d000 	/usr/lib/libDiagnosticMessagesClient.dylib
0x0000000109a47000 	/System/Library/Frameworks/CoreServices.framework/Versions/A/CoreServices
0x0000000109a4d000 	/System/Library/PrivateFrameworks/PerformanceAnalysis.framework/Versions/A/PerformanceAnalysis
0x0000000109adb000 	/System/Library/PrivateFrameworks/GenerationalStorage.framework/Versions/A/GenerationalStorage
0x0000000109b16000 	/System/Library/Frameworks/OpenGL.framework/Versions/A/OpenGL
0x0000000109b30000 	/System/Library/Frameworks/CoreImage.framework/Versions/A/CoreImage
0x0000000109ef7000 	/System/Library/Frameworks/CoreText.framework/Versions/A/CoreText
0x000000010a10a000 	/System/Library/Frameworks/ImageIO.framework/Versions/A/ImageIO
0x000000010a30c000 	/System/Library/PrivateFrameworks/Backup.framework/Versions/A/Backup
0x000000010a3f7000 	/usr/lib/libarchive.2.dylib
0x000000010a42e000 	/System/Library/Frameworks/CFNetwork.framework/Versions/A/CFNetwork
0x000000010ab2d000 	/System/Library/Frameworks/SystemConfiguration.framework/Versions/A/SystemConfiguration
0x000000010abd6000 	/usr/lib/libCRFSuite.dylib
0x000000010ac01000 	/usr/lib/libc++.1.dylib
0x000000010acba000 	/usr/lib/libc++abi.dylib
0x000000010acf6000 	/usr/lib/system/libcache.dylib
0x000000010ad05000 	/usr/lib/system/libcommonCrypto.dylib
0x000000010ad20000 	/usr/lib/system/libcompiler_rt.dylib
0x000000010ad3b000 	/usr/lib/system/libcopyfile.dylib
0x000000010ad4d000 	/usr/lib/system/libcorecrypto.dylib
0x000000010adf0000 	/usr/lib/system/libdispatch.dylib
0x000000010ae61000 	/usr/lib/system/libdyld.dylib
0x000000010ae72000 	/usr/lib/system/libkeymgr.dylib
0x000000010ae7b000 	/usr/lib/system/liblaunch.dylib
0x000000010ae86000 	/usr/lib/system/libmacho.dylib
0x000000010ae97000 	/usr/lib/system/libquarantine.dylib
0x000000010aea7000 	/usr/lib/system/libremovefile.dylib
0x000000010aeb0000 	/usr/lib/system/libsystem_asl.dylib
0x000000010aedb000 	/usr/lib/system/libsystem_blocks.dylib
0x000000010aee4000 	/usr/lib/system/libsystem_c.dylib
0x000000010af99000 	/usr/lib/system/libsystem_configuration.dylib
0x000000010afa6000 	/usr/lib/system/libsystem_coreservices.dylib
0x000000010afb4000 	/usr/lib/system/libsystem_coretls.dylib
0x000000010afdc000 	/usr/lib/system/libsystem_dnssd.dylib
0x000000010afee000 	/usr/lib/system/libsystem_info.dylib
0x000000010b02d000 	/usr/lib/system/libsystem_kernel.dylib
0x000000010b069000 	/usr/lib/system/libsystem_m.dylib
0x000000010b0c1000 	/usr/lib/system/libsystem_malloc.dylib
0x000000010b0f3000 	/usr/lib/system/libsystem_network.dylib
0x000000010b173000 	/usr/lib/system/libsystem_networkextension.dylib
0x000000010b188000 	/usr/lib/system/libsystem_notify.dylib
0x000000010b19c000 	/usr/lib/system/libsystem_platform.dylib
0x000000010b1b2000 	/usr/lib/system/libsystem_pthread.dylib
0x000000010b1ce000 	/usr/lib/system/libsystem_sandbox.dylib
0x000000010b1dc000 	/usr/lib/system/libsystem_secinit.dylib
0x000000010b1e3000 	/usr/lib/system/libsystem_symptoms.dylib
0x000000010b1f3000 	/usr/lib/system/libsystem_trace.dylib
0x000000010b217000 	/usr/lib/system/libunwind.dylib
0x000000010b229000 	/usr/lib/system/libxpc.dylib
0x000000010b273000 	/usr/lib/libbsm.0.dylib
0x000000010b28f000 	/usr/lib/system/libkxld.dylib
0x000000010b2a1000 	/usr/lib/libcoretls.dylib
0x000000010b2ac000 	/usr/lib/libcoretls_cfhelpers.dylib
0x000000010b2b7000 	/usr/lib/libOpenScriptingUtil.dylib
0x000000010b2c3000 	/usr/lib/libpam.2.dylib
0x000000010b2d4000 	/usr/lib/libsqlite3.dylib
0x000000010b43f000 	/usr/lib/libxar.1.dylib
0x000000010b456000 	/usr/lib/libbz2.1.0.dylib
0x000000010b46d000 	/usr/lib/liblzma.5.dylib
0x000000010b48f000 	/usr/lib/libnetwork.dylib
0x000000010b546000 	/usr/lib/libpcap.A.dylib
0x000000010b58b000 	/System/Library/Frameworks/CoreServices.framework/Versions/A/Frameworks/FSEvents.framework/Versions/A/FSEvents
0x000000010b59e000 	/System/Library/Frameworks/CoreServices.framework/Versions/A/Frameworks/CarbonCore.framework/Versions/A/CarbonCore
0x000000010b0f4000 	/System/Library/Frameworks/CoreServices.framework/Versions/A/Frameworks/Metadata.framework/Versions/A/Metadata
0x000000010ba27000 	/System/Library/Frameworks/CoreServices.framework/Versions/A/Frameworks/OSServices.framework/Versions/A/OSServices
0x000000010bad2000 	/System/Library/Frameworks/CoreServices.framework/Versions/A/Frameworks/SearchKit.framework/Versions/A/SearchKit
0x000000010bb88000 	/System/Library/Frameworks/CoreServices.framework/Versions/A/Frameworks/AE.framework/Versions/A/AE
0x000000010bc0d000 	/System/Library/Frameworks/CoreServices.framework/Versions/A/Frameworks/LaunchServices.framework/Versions/A/LaunchServices
0x000000010be6f000 	/System/Library/Frameworks/CoreServices.framework/Versions/A/Frameworks/DictionaryServices.framework/Versions/A/DictionaryServices
0x000000010becf000 	/System/Library/Frameworks/CoreServices.framework/Versions/A/Frameworks/SharedFileList.framework/Versions/A/SharedFileList
0x000000010bf4e000 	/System/Library/Frameworks/NetFS.framework/Versions/A/NetFS
0x000000010bf61000 	/System/Library/PrivateFrameworks/NetAuth.framework/Versions/A/NetAuth
0x000000010bf7f000 	/System/Library/PrivateFrameworks/login.framework/Versions/A/Frameworks/loginsupport.framework/Versions/A/loginsupport
0x000000010bf8e000 	/System/Library/PrivateFrameworks/TCC.framework/Versions/A/TCC
0x000000010bf9f000 	/usr/lib/libmecabra.dylib
0x000000010c2af000 	/System/Library/Frameworks/ApplicationServices.framework/Versions/A/Frameworks/ATS.framework/Versions/A/ATS
0x000000010c34d000 	/System/Library/Frameworks/ApplicationServices.framework/Versions/A/Frameworks/ColorSync.framework/Versions/A/ColorSync
0x000000010c445000 	/System/Library/Frameworks/ApplicationServices.framework/Versions/A/Frameworks/HIServices.framework/Versions/A/HIServices
0x000000010c4d3000 	/System/Library/Frameworks/ApplicationServices.framework/Versions/A/Frameworks/LangAnalysis.framework/Versions/A/LangAnalysis
0x000000010c4f1000 	/System/Library/Frameworks/ApplicationServices.framework/Versions/A/Frameworks/PrintCore.framework/Versions/A/PrintCore
0x000000010c56f000 	/System/Library/Frameworks/ApplicationServices.framework/Versions/A/Frameworks/QD.framework/Versions/A/QD
0x000000010c5d4000 	/System/Library/Frameworks/ApplicationServices.framework/Versions/A/Frameworks/SpeechSynthesis.framework/Versions/A/SpeechSynthesis
0x000000010c789000 	/System/Library/Frameworks/Accelerate.framework/Versions/A/Frameworks/vImage.framework/Versions/A/vImage
0x00000001041cd000 	/System/Library/Frameworks/Accelerate.framework/Versions/A/Frameworks/vecLib.framework/Versions/A/vecLib
0x000000010ce35000 	/System/Library/Frameworks/Accelerate.framework/Versions/A/Frameworks/vecLib.framework/Versions/A/libvDSP.dylib
0x000000010c5f3000 	/System/Library/Frameworks/Accelerate.framework/Versions/A/Frameworks/vecLib.framework/Versions/A/libBNNS.dylib
0x000000010c611000 	/System/Library/Frameworks/Accelerate.framework/Versions/A/Frameworks/vecLib.framework/Versions/A/libQuadrature.dylib
0x000000010c61c000 	/System/Library/Frameworks/Accelerate.framework/Versions/A/Frameworks/vecLib.framework/Versions/A/libvMisc.dylib
0x000000010cf90000 	/System/Library/Frameworks/Accelerate.framework/Versions/A/Frameworks/vecLib.framework/Versions/A/libLAPACK.dylib
0x000000010d3fc000 	/System/Library/Frameworks/Accelerate.framework/Versions/A/Frameworks/vecLib.framework/Versions/A/libBLAS.dylib
0x000000010d5e9000 	/System/Library/Frameworks/Accelerate.framework/Versions/A/Frameworks/vecLib.framework/Versions/A/libLinearAlgebra.dylib
0x000000010c6e0000 	/System/Library/Frameworks/Accelerate.framework/Versions/A/Frameworks/vecLib.framework/Versions/A/libSparseBLAS.dylib
0x000000010d608000 	/System/Library/Frameworks/ApplicationServices.framework/Versions/A/Frameworks/ATS.framework/Versions/A/Resources/libFontParser.dylib
0x000000010d7c2000 	/System/Library/Frameworks/ApplicationServices.framework/Versions/A/Frameworks/ATS.framework/Versions/A/Resources/libFontRegistry.dylib
0x000000010d83d000 	/System/Library/Frameworks/ImageIO.framework/Versions/A/Resources/libJPEG.dylib
0x000000010d869000 	/System/Library/Frameworks/ImageIO.framework/Versions/A/Resources/libTIFF.dylib
0x000000010d8c7000 	/System/Library/Frameworks/ImageIO.framework/Versions/A/Resources/libPng.dylib
0x000000010d8f9000 	/System/Library/Frameworks/ImageIO.framework/Versions/A/Resources/libGIF.dylib
0x000000010d903000 	/System/Library/Frameworks/ImageIO.framework/Versions/A/Resources/libJP2.dylib
0x0000000104de6000 	/System/Library/Frameworks/ImageIO.framework/Versions/A/Resources/libRadiance.dylib
0x000000010da1e000 	/usr/lib/libcompression.dylib
0x000000010da3c000 	/System/Library/PrivateFrameworks/AppleJPEG.framework/Versions/A/AppleJPEG
0x000000010db2a000 	/usr/lib/libcups.2.dylib
0x000000010db96000 	/System/Library/Frameworks/Kerberos.framework/Versions/A/Kerberos
0x000000010dbc9000 	/System/Library/Frameworks/GSS.framework/Versions/A/GSS
0x000000010dc1c000 	/usr/lib/libresolv.9.dylib
0x000000010dc44000 	/usr/lib/libiconv.2.dylib
0x000000010dd47000 	/System/Library/PrivateFrameworks/Heimdal.framework/Versions/A/Heimdal
0x000000010ddef000 	/usr/lib/libheimdal-asn1.dylib
0x000000010ddfb000 	/System/Library/Frameworks/OpenDirectory.framework/Versions/A/OpenDirectory
0x000000010de1b000 	/System/Library/PrivateFrameworks/CommonAuth.framework/Versions/A/CommonAuth
0x000000010de2c000 	/System/Library/Frameworks/OpenDirectory.framework/Versions/A/Frameworks/CFOpenDirectory.framework/Versions/A/CFOpenDirectory
0x000000010de67000 	/System/Library/Frameworks/SecurityFoundation.framework/Versions/A/SecurityFoundation
0x000000010df1f000 	/System/Library/PrivateFrameworks/LanguageModeling.framework/Versions/A/LanguageModeling
0x000000010e106000 	/usr/lib/libmarisa.dylib
0x000000010e129000 	/usr/lib/libChineseTokenizer.dylib
0x000000010e143000 	/usr/lib/libcmph.dylib
0x000000010e15c000 	/System/Library/PrivateFrameworks/CoreEmoji.framework/Versions/A/CoreEmoji
0x000000010e186000 	/System/Library/Frameworks/ServiceManagement.framework/Versions/A/ServiceManagement
0x000000010e191000 	/usr/lib/libxslt.1.dylib
0x000000010e1c8000 	/System/Library/Frameworks/Carbon.framework/Versions/A/Frameworks/Ink.framework/Versions/A/Ink
0x000000010e293000 	/System/Library/PrivateFrameworks/TextureIO.framework/Versions/A/TextureIO
0x000000010e378000 	/System/Library/Frameworks/Metal.framework/Versions/A/Metal
0x000000010e47e000 	/usr/lib/libate.dylib
0x00000001041d7000 	/System/Library/PrivateFrameworks/GPUCompiler.framework/libmetal_timestamp.dylib
0x000000010e581000 	/System/Library/Frameworks/OpenGL.framework/Versions/A/Libraries/libCoreFSCache.dylib
0x000000010e58a000 	/System/Library/PrivateFrameworks/IOAccelerator.framework/Versions/A/IOAccelerator
0x000000010e59c000 	/System/Library/Frameworks/CoreVideo.framework/Versions/A/CoreVideo
0x000000010e5f8000 	/usr/lib/libFosl_dynamic.dylib
0x000000010e842000 	/System/Library/PrivateFrameworks/MetalPerformanceShaders.framework/Versions/A/MetalPerformanceShaders
0x000000010e906000 	/System/Library/PrivateFrameworks/FaceCore.framework/Versions/A/FaceCore
0x000000010ef54000 	/System/Library/Frameworks/OpenCL.framework/Versions/A/OpenCL
0x000000010efbb000 	/System/Library/Frameworks/OpenGL.framework/Versions/A/Libraries/libGLU.dylib
0x000000010f00c000 	/System/Library/Frameworks/OpenGL.framework/Versions/A/Libraries/libGFXShared.dylib
0x000000010f01d000 	/System/Library/Frameworks/OpenGL.framework/Versions/A/Libraries/libGL.dylib
0x000000010f03d000 	/System/Library/Frameworks/OpenGL.framework/Versions/A/Libraries/libGLImage.dylib
0x000000010f082000 	/System/Library/Frameworks/OpenGL.framework/Versions/A/Libraries/libCVMSPluginSupport.dylib
0x000000010f08a000 	/System/Library/Frameworks/OpenGL.framework/Versions/A/Libraries/libCoreVMClient.dylib
0x000000010f096000 	/System/Library/PrivateFrameworks/CrashReporterSupport.framework/Versions/A/CrashReporterSupport
0x000000010f0b6000 	/System/Library/PrivateFrameworks/Sharing.framework/Versions/A/Sharing
0x000000010f1cb000 	/System/Library/PrivateFrameworks/IconServices.framework/Versions/A/IconServices
0x000000010f211000 	/System/Library/PrivateFrameworks/ProtocolBuffer.framework/Versions/A/ProtocolBuffer
0x000000010f244000 	/System/Library/PrivateFrameworks/Apple80211.framework/Versions/A/Apple80211
0x000000010f274000 	/System/Library/Frameworks/CoreWLAN.framework/Versions/A/CoreWLAN
0x000000010f332000 	/System/Library/PrivateFrameworks/CoreUtils.framework/Versions/A/CoreUtils
0x000000010f463000 	/System/Library/Frameworks/IOBluetooth.framework/Versions/A/IOBluetooth
0x000000010f589000 	/System/Library/PrivateFrameworks/CoreWiFi.framework/Versions/A/CoreWiFi
0x000000010f650000 	/System/Library/Frameworks/CoreBluetooth.framework/Versions/A/CoreBluetooth
0x000000010f67a000 	/System/Library/Frameworks/CoreDisplay.framework/Versions/A/CoreDisplay
0x000000010f762000 	/System/Library/PrivateFrameworks/IOPresentment.framework/Versions/A/IOPresentment
0x000000010f78f000 	/System/Library/PrivateFrameworks/DSExternalDisplay.framework/Versions/A/DSExternalDisplay
0x000000010f79a000 	/System/Library/PrivateFrameworks/DebugSymbols.framework/Versions/A/DebugSymbols
0x000000010f7f8000 	/System/Library/PrivateFrameworks/CoreSymbolication.framework/Versions/A/CoreSymbolication
0x000000010f8d9000 	/System/Library/PrivateFrameworks/Symbolication.framework/Versions/A/Symbolication
0x000000010f99d000 	/System/Library/PrivateFrameworks/AppleFSCompression.framework/Versions/A/AppleFSCompression
0x000000010f9b6000 	/System/Library/PrivateFrameworks/SpeechRecognitionCore.framework/Versions/A/SpeechRecognitionCore
0x000000010f9d2000 	/System/Library/PrivateFrameworks/ChunkingLibrary.framework/Versions/A/ChunkingLibrary
0x0000000110600000 	/Applications/Android Studio 2.app/Contents/jre/jdk/Contents/Home/jre/lib/server/libjvm.dylib
0x000000010fc69000 	/usr/lib/libstdc++.6.dylib
0x000000010fd22000 	/Applications/Android Studio 2.app/Contents/jre/jdk/Contents/Home/jre/lib/libverify.dylib
0x000000010fd2e000 	/Applications/Android Studio 2.app/Contents/jre/jdk/Contents/Home/jre/lib/libjava.dylib
0x000000010fd6a000 	/Applications/Android Studio 2.app/Contents/jre/jdk/Contents/Home/jre/lib/libzip.dylib
0x0000000126e3c000 	/Applications/Android Studio 2.app/Contents/jre/jdk/Contents/Home/jre/lib/libnet.dylib
0x0000000126f22000 	/Applications/Android Studio 2.app/Contents/jre/jdk/Contents/Home/jre/lib/libnio.dylib
0x000000010aea0000 	/Users/laki/.gradle/native/25/osx-amd64/libnative-platform.dylib
0x00000001272d1000 	/Applications/Android Studio 2.app/Contents/jre/jdk/Contents/Home/jre/lib/libmanagement.dylib

VM Arguments:
jvm_args: -Xmx2048m -Dfile.encoding=UTF-8 -Duser.country=ZA -Duser.language=en -Duser.variant 
java_command: org.gradle.launcher.daemon.bootstrap.GradleDaemon 4.4
java_class_path (initial): /Users/laki/.gradle/wrapper/dists/gradle-4.4-all/9br9xq1tocpiv8o6njlyu5op1/gradle-4.4/lib/gradle-launcher-4.4.jar
Launcher Type: SUN_STANDARD

Environment Variables:
PATH=/usr/local/bin:/usr/bin:/bin:/usr/sbin:/sbin:/opt/X11/bin
SHELL=/bin/bash
DISPLAY=/private/tmp/com.apple.launchd.ucaSEUPXt9/org.macosforge.xquartz:0

Signal Handlers:
SIGSEGV: [libjvm.dylib+0x53f567], sa_mask[0]=11111111011111110111111111111111, sa_flags=SA_ONSTACK|SA_RESTART|SA_SIGINFO
SIGBUS: [libjvm.dylib+0x53f567], sa_mask[0]=11111111011111110111111111111111, sa_flags=SA_RESTART|SA_SIGINFO
SIGFPE: [libjvm.dylib+0x437adf], sa_mask[0]=11111111011111110111111111111111, sa_flags=SA_RESTART|SA_SIGINFO
SIGPIPE: [libjvm.dylib+0x437adf], sa_mask[0]=11111111011111110111111111111111, sa_flags=SA_RESTART|SA_SIGINFO
SIGXFSZ: [libjvm.dylib+0x437adf], sa_mask[0]=11111111011111110111111111111111, sa_flags=SA_RESTART|SA_SIGINFO
SIGILL: [libjvm.dylib+0x437adf], sa_mask[0]=11111111011111110111111111111111, sa_flags=SA_RESTART|SA_SIGINFO
SIGUSR1: SIG_DFL, sa_mask[0]=00000000000000000000000000000000, sa_flags=none
SIGUSR2: [libjvm.dylib+0x438404], sa_mask[0]=00100000000000000000000000000000, sa_flags=SA_RESTART|SA_SIGINFO
SIGHUP: [libjvm.dylib+0x4365f9], sa_mask[0]=11111111011111110111111111111111, sa_flags=SA_RESTART|SA_SIGINFO
SIGINT: [libjvm.dylib+0x4365f9], sa_mask[0]=11111111011111110111111111111111, sa_flags=SA_RESTART|SA_SIGINFO
SIGTERM: [libjvm.dylib+0x4365f9], sa_mask[0]=11111111011111110111111111111111, sa_flags=SA_RESTART|SA_SIGINFO
SIGQUIT: [libjvm.dylib+0x4365f9], sa_mask[0]=11111111011111110111111111111111, sa_flags=SA_RESTART|SA_SIGINFO


---------------  S Y S T E M  ---------------

OS:Bsduname:Darwin 16.6.0 Darwin Kernel Version 16.6.0: Fri Apr 14 16:21:16 PDT 2017; root:xnu-3789.60.24~6/RELEASE_X86_64 x86_64
rlimit: STACK 8192k, CORE 0k, NPROC 709, NOFILE 10240, AS infinity
load average:3.80 3.10 2.16

CPU:total 4 (initial active 4) (2 cores per cpu, 2 threads per core) family 6 model 58 stepping 9, cmov, cx8, fxsr, mmx, sse, sse2, sse3, ssse3, sse4.1, sse4.2, popcnt, avx, aes, clmul, erms, ht, tsc, tscinvbit, tscinv

Memory: 4k page, physical 4194304k(18172k free)

/proc/meminfo:


vm_info: OpenJDK 64-Bit Server VM (25.152-b01) for bsd-amd64 JRE (1.8.0_152-release-1024-b01), built by "builder" with gcc 4.2.1 Compatible Apple LLVM 8.1.0 (clang-802.0.42)

time: Thu May 10 10:45:39 2018
elapsed time: 42 seconds (0d 0h 0m 42s)

