#
# A fatal error has been detected by the Java Runtime Environment:
#
#  SIGSEGV (0xb) at pc=0x000000010fa03269, pid=4539, tid=0x0000000000002903
#
# JRE version: OpenJDK Runtime Environment (8.0_152-b01) (build 1.8.0_152-release-1024-b01)
# Java VM: OpenJDK 64-Bit Server VM (25.152-b01 mixed mode bsd-amd64 compressed oops)
# Problematic frame:
# V  [libjvm.dylib+0x423269]
#
# Failed to write core dump. Core dumps have been disabled. To enable core dumping, try "ulimit -c unlimited" before starting Java again
#
# If you would like to submit a bug report, please visit:
#   http://bugreport.java.com/bugreport/crash.jsp
#

---------------  T H R E A D  ---------------

Current thread (0x00007ff92500b800):  GCTaskThread [stack: 0x0000700002844000,0x0000700002944000] [id=10499]

siginfo: si_signo: 11 (SIGSEGV), si_code: 0 (unknown), si_addr: 0x0000000000000000

Registers:
RAX=0x1fffffffcaf5ccbc, RBX=0x000000078088c3a0, RCX=0x0000000120c80000, RDX=0x007fffffff2bd732
RSP=0x0000700002943c00, RBP=0x0000700002943c80, RSI=0x00007ff9234135f0, RDI=0x0000000000000001
R8 =0x0000000000000811, R9 =0x000000010fdd2dfb, R10=0x0000000123ca22d0, R11=0x0000000121ca22d0
R12=0x0000000597ae65e0, R13=0x000000010fdd81c8, R14=0x0000000000000004, R15=0x000000078088c3c0
RIP=0x000000010fa03269, EFLAGS=0x0000000000010203, ERR=0x0000000000000000
  TRAPNO=0x000000000000000d

Top of Stack: (sp=0x0000700002943c00)
0x0000700002943c00:   00007ff9234135f0 000000078088c338
0x0000700002943c10:   00007ff923413630 000000000000001e
0x0000700002943c20:   000000000000001e 00000007405a35f8
0x0000700002943c30:   00000007c0e04c48 000000078088c508
0x0000700002943c40:   00007ff9234135f0 00000007c0e04c50
0x0000700002943c50:   00007ff9234135f0 00007ff9234135f0
0x0000700002943c60:   000000010fdd7680 000000010fdc1e00
0x0000700002943c70:   00007ff9234135f8 000000010fdd2df9
0x0000700002943c80:   0000700002943d00 000000010fa496ff
0x0000700002943c90:   0000700002943c01 00007ff923413630
0x0000700002943ca0:   00007ff9234136b0 000000078088c338
0x0000700002943cb0:   00007ff923413678 00007000055c7ac0
0x0000700002943cc0:   00007000055c7a58 0000700002943d58
0x0000700002943cd0:   00007ff92500b800 00007ff9234135f0
0x0000700002943ce0:   00007ff92340edb0 000000010fb82850
0x0000700002943cf0:   00007ff92340edb0 0000000000000001
0x0000700002943d00:   0000700002943dc0 000000010fa3b294
0x0000700002943d10:   0000000000000000 00007ff92340c010
0x0000700002943d20:   00007ff92340c040 00007ff92340c050
0x0000700002943d30:   00007ff92340c428 00000000000003d8
0x0000700002943d40:   000000010fd9b248 000000010fb61c00
0x0000700002943d50:   00007ff9234135f0 000000010fd96020
0x0000700002943d60:   0000700002943d00 0000700002943d40
0x0000700002943d70:   000000010fd96008 00007ff923409c00
0x0000700002943d80:   0000700002943d40 0000000000000001
0x0000700002943d90:   000000010fd96080 000000010f833900
0x0000700002943da0:   0000700002943d40 00007ff923409d00
0x0000700002943db0:   00007ff92500b800 0000000000000000
0x0000700002943dc0:   0000700002943ea0 000000010f834928
0x0000700002943dd0:   000000010fdd2f00 00007ff92500b800
0x0000700002943de0:   00007ff92340c430 00007ff92340c470
0x0000700002943df0:   00007ff92340c480 00007ff92340c558 

Instructions: (pc=0x000000010fa03269)
0x000000010fa03249:   e0 49 2b 45 00 48 c1 e8 03 48 8d 0d 8f b7 3a 00
0x000000010fa03259:   8a 09 48 d3 e8 49 8b 4d 30 48 89 c2 48 c1 ea 06
0x000000010fa03269:   48 8b 0c d1 48 0f a3 c1 0f 82 0f 01 00 00 48 8d
0x000000010fa03279:   05 7b fb 3c 00 8a 10 84 d2 74 17 48 8d 05 75 eb 

Register to memory mapping:

RAX=0x1fffffffcaf5ccbc is an unknown value
RBX=0x000000078088c3a0 is pointing into object: 0x000000078088c338
[Lcom.android.dx.dex.code.CodeAddress; 
 - klass: 'com/android/dx/dex/code/CodeAddress'[]
 - length: 30
RCX=0x0000000120c80000 is an unknown value
RDX=0x007fffffff2bd732 is an unknown value
RSP=0x0000700002943c00 is an unknown value
RBP=0x0000700002943c80 is an unknown value
RSI=0x00007ff9234135f0 is an unknown value
RDI=0x0000000000000001 is an unknown value
R8 =0x0000000000000811 is an unknown value
R9 =0x000000010fdd2dfb: AssumeMP+0 in /Applications/Android Studio 2.app/Contents/jre/jdk/Contents/Home/jre/lib/server/libjvm.dylib at 0x000000010f5e0000
R10=0x0000000123ca22d0 is an unknown value
R11=0x0000000121ca22d0 is an unknown value
R12=0x0000000597ae65e0 is an unknown value
R13=0x000000010fdd81c8: _ZN17PSParallelCompact12_mark_bitmapE+0 in /Applications/Android Studio 2.app/Contents/jre/jdk/Contents/Home/jre/lib/server/libjvm.dylib at 0x000000010f5e0000
R14=0x0000000000000004 is an unknown value
R15=0x000000078088c3c0 is an oop
[Lcom.android.dx.dex.code.CodeAddress; 
 - klass: 'com/android/dx/dex/code/CodeAddress'[]
 - length: 30


Stack: [0x0000700002844000,0x0000700002944000],  sp=0x0000700002943c00,  free space=1023k
Native frames: (J=compiled Java code, j=interpreted, Vv=VM code, C=native code)
V  [libjvm.dylib+0x423269]
V  [libjvm.dylib+0x4696ff]
V  [libjvm.dylib+0x45b294]
V  [libjvm.dylib+0x254928]
V  [libjvm.dylib+0x435709]
C  [libsystem_pthread.dylib+0x393b]  _pthread_body+0xb4
C  [libsystem_pthread.dylib+0x3887]  _pthread_body+0x0
C  [libsystem_pthread.dylib+0x308d]  thread_start+0xd


---------------  P R O C E S S  ---------------

Java Threads: ( => current thread )
  0x00007ff924607000 JavaThread "pool-8-thread-1" [_thread_blocked, id=40711, stack(0x00007000054c8000,0x00007000055c8000)]
  0x00007ff926ca5000 JavaThread "RMI TCP Connection(idle)" daemon [_thread_blocked, id=28183, stack(0x00007000053c5000,0x00007000054c5000)]
  0x00007ff9277d0000 JavaThread "pool-9-thread-4" [_thread_blocked, id=26139, stack(0x00007000052c2000,0x00007000053c2000)]
  0x00007ff9277a1800 JavaThread "pool-9-thread-3" [_thread_blocked, id=34839, stack(0x00007000051bf000,0x00007000052bf000)]
  0x00007ff92857e000 JavaThread "pool-9-thread-2" [_thread_blocked, id=28707, stack(0x00007000050bc000,0x00007000051bc000)]
  0x00007ff9274ad000 JavaThread "pool-10-thread-1" [_thread_blocked, id=38427, stack(0x0000700004fb9000,0x00007000050b9000)]
  0x00007ff9297f0000 JavaThread "pool-9-thread-1" [_thread_blocked, id=28451, stack(0x0000700004bad000,0x0000700004cad000)]
  0x00007ff927483800 JavaThread "pool-7-thread-1" [_thread_blocked, id=30231, stack(0x0000700003a7a000,0x0000700003b7a000)]
  0x00007ff9257f1800 JavaThread "RMI Reaper" [_thread_blocked, id=38159, stack(0x0000700004eb6000,0x0000700004fb6000)]
  0x00007ff926895800 JavaThread "RMI TCP Accept-0" daemon [_thread_in_native, id=36367, stack(0x0000700004db3000,0x0000700004eb3000)]
  0x00007ff926896000 JavaThread "GC Daemon" daemon [_thread_blocked, id=23059, stack(0x0000700004cb0000,0x0000700004db0000)]
  0x00007ff92ac80000 JavaThread "RMI Scheduler(0)" daemon [_thread_blocked, id=4631, stack(0x0000700004aaa000,0x0000700004baa000)]
  0x00007ff92a3d3000 JavaThread "Task worker for ':' Thread 3" [_thread_blocked, id=21779, stack(0x00007000049a7000,0x0000700004aa7000)]
  0x00007ff92af19800 JavaThread "Task worker for ':' Thread 2" [_thread_blocked, id=24851, stack(0x00007000048a4000,0x00007000049a4000)]
  0x00007ff92af18800 JavaThread "Task worker for ':'" [_thread_blocked, id=34327, stack(0x00007000047a1000,0x00007000048a1000)]
  0x00007ff9297c3000 JavaThread "Cache worker for Build Output Cleanup Cache (/Users/laki/Documents/mystuff/AndroidStudioProjects/SEAPP/.gradle/buildOutputCleanup)" [_thread_blocked, id=21531, stack(0x000070000469e000,0x000070000479e000)]
  0x00007ff926a85800 JavaThread "Cache worker for task history cache (/Users/laki/Documents/mystuff/AndroidStudioProjects/SEAPP/.gradle/4.4/taskHistory)" [_thread_blocked, id=23583, stack(0x000070000459b000,0x000070000469b000)]
  0x00007ff92a8d0800 JavaThread "Cache worker for file content cache (/Users/laki/Documents/mystuff/AndroidStudioProjects/SEAPP/.gradle/4.4/fileContent)" [_thread_blocked, id=32535, stack(0x0000700004498000,0x0000700004598000)]
  0x00007ff9286e8000 JavaThread "build operations Thread 4" [_thread_blocked, id=33559, stack(0x0000700004292000,0x0000700004392000)]
  0x00007ff928a11000 JavaThread "build operations Thread 3" [_thread_blocked, id=15895, stack(0x000070000418f000,0x000070000428f000)]
  0x00007ff9296bd000 JavaThread "build operations Thread 2" [_thread_blocked, id=35351, stack(0x000070000408c000,0x000070000418c000)]
  0x00007ff92a8d0000 JavaThread "build operations" [_thread_blocked, id=31255, stack(0x0000700003f89000,0x0000700004089000)]
  0x00007ff929250000 JavaThread "Cache worker for Artifact transforms cache (/Users/laki/.gradle/caches/transforms-1)" [_thread_blocked, id=34071, stack(0x0000700003e86000,0x0000700003f86000)]
  0x00007ff92a8cd000 JavaThread "Cache worker for file hash cache (/Users/laki/Documents/mystuff/AndroidStudioProjects/SEAPP/.gradle/4.4/fileHashes)" [_thread_blocked, id=37911, stack(0x0000700003d83000,0x0000700003e83000)]
  0x00007ff9255b2800 JavaThread "Asynchronous log dispatcher for DefaultDaemonConnection: socket connection from /127.0.0.1:51081 to /127.0.0.1:51176" [_thread_blocked, id=32271, stack(0x0000700003977000,0x0000700003a77000)]
  0x00007ff928cfa000 JavaThread "Daemon worker Thread 5" [_thread_blocked, id=32023, stack(0x0000700003874000,0x0000700003974000)]
  0x00007ff92a452800 JavaThread "Cancel handler" [_thread_blocked, id=28955, stack(0x0000700003771000,0x0000700003871000)]
  0x00007ff923f24000 JavaThread "Handler for socket connection from /127.0.0.1:51081 to /127.0.0.1:51176" [_thread_in_native, id=35603, stack(0x000070000366e000,0x000070000376e000)]
  0x00007ff925710800 JavaThread "Daemon Thread 5" [_thread_blocked, id=20771, stack(0x000070000356b000,0x000070000366b000)]
  0x00007ff929581800 JavaThread "Memory manager" [_thread_blocked, id=26883, stack(0x0000700004395000,0x0000700004495000)]
  0x00007ff92539f000 JavaThread "File lock request listener" [_thread_in_native, id=24323, stack(0x0000700003c80000,0x0000700003d80000)]
  0x00007ff923e7a800 JavaThread "Cache worker for file hash cache (/Users/laki/.gradle/caches/4.4/fileHashes)" [_thread_blocked, id=23811, stack(0x0000700003b7d000,0x0000700003c7d000)]
  0x00007ff924361000 JavaThread "Daemon periodic checks" [_thread_blocked, id=20227, stack(0x0000700003468000,0x0000700003568000)]
  0x00007ff923e01000 JavaThread "Incoming local TCP Connector on port 51081" [_thread_in_native, id=19715, stack(0x0000700003365000,0x0000700003465000)]
  0x00007ff92401a000 JavaThread "Service Thread" daemon [_thread_blocked, id=18691, stack(0x000070000315f000,0x000070000325f000)]
  0x00007ff925066000 JavaThread "C1 CompilerThread2" daemon [_thread_blocked, id=18179, stack(0x000070000305c000,0x000070000315c000)]
  0x00007ff925065000 JavaThread "C2 CompilerThread1" daemon [_thread_blocked, id=17667, stack(0x0000700002f59000,0x0000700003059000)]
  0x00007ff92505c000 JavaThread "C2 CompilerThread0" daemon [_thread_blocked, id=17155, stack(0x0000700002e56000,0x0000700002f56000)]
  0x00007ff92381b000 JavaThread "Signal Dispatcher" daemon [_thread_blocked, id=16643, stack(0x0000700002d53000,0x0000700002e53000)]
  0x00007ff923813000 JavaThread "Finalizer" daemon [_thread_blocked, id=12547, stack(0x0000700002c50000,0x0000700002d50000)]
  0x00007ff92503a000 JavaThread "Reference Handler" daemon [_thread_blocked, id=12035, stack(0x0000700002b4d000,0x0000700002c4d000)]
  0x00007ff923800800 JavaThread "main" [_thread_blocked, id=7171, stack(0x000070000253b000,0x000070000263b000)]

Other Threads:
  0x00007ff925039800 VMThread [stack: 0x0000700002a4a000,0x0000700002b4a000] [id=11523]
  0x00007ff92483b000 WatcherThread [stack: 0x0000700003262000,0x0000700003362000] [id=19203]

=>0x00007ff92500b800 (exited) GCTaskThread [stack: 0x0000700002844000,0x0000700002944000] [id=10499]

VM state:at safepoint (normal execution)

VM Mutex/Monitor currently owned by a thread:  ([mutex/lock_event])
[0x00007ff923404c00] Threads_lock - owner thread: 0x00007ff925039800
[0x00007ff923405100] Heap_lock - owner thread: 0x00007ff927483800

Heap:
 PSYoungGen      total 516096K, used 125098K [0x0000000795580000, 0x00000007c0000000, 0x00000007c0000000)
  eden space 346624K, 0% used [0x0000000795580000,0x0000000795580000,0x00000007aa800000)
  from space 169472K, 73% used [0x00000007b5a80000,0x00000007bd4aab18,0x00000007c0000000)
  to   space 176128K, 0% used [0x00000007aa800000,0x00000007aa800000,0x00000007b5400000)
 ParOldGen       total 1184256K, used 1093063K [0x0000000740000000, 0x0000000788480000, 0x0000000795580000)
  object space 1184256K, 92% used [0x0000000740000000,0x0000000782b71d40,0x0000000788480000)
 Metaspace       used 98726K, capacity 105491K, committed 106368K, reserved 1140736K
  class space    used 12830K, capacity 14306K, committed 14464K, reserved 1048576K

Card table byte_map: [0x0000000110dc0000,0x00000001111c1000] byte_map_base: 0x000000010d3c0000

Marking Bits: (ParMarkBitMap*) 0x000000010fdd81c8
 Begin Bits: [0x0000000120c80000, 0x0000000122c80000)
 End Bits:   [0x0000000122c80000, 0x0000000124c80000)

Polling page: 0x0000000103ab5000

CodeCache: size=245760Kb used=73064Kb max_used=73079Kb free=172695Kb
 bounds [0x0000000111c80000, 0x00000001164a0000, 0x0000000120c80000]
 total_blobs=20598 nmethods=19719 adapters=790
 compilation: enabled

Compilation events (10 events):
Event: 3954.939 Thread 0x00007ff92505c000 nmethod 23968% 0x0000000115e25b50 code [0x0000000115e25e60, 0x0000000115e27cf8]
Event: 3954.939 Thread 0x00007ff92505c000 25807       4       com.android.dx.ssa.back.FirstFitLocalCombiningAllocator::getLocalItemForReg (97 bytes)
Event: 3954.968 Thread 0x00007ff925066000 25809 %     3       com.android.dx.cf.direct.AnnotationParser::parseAnnotationsList @ 54 (146 bytes)
Event: 3954.971 Thread 0x00007ff925066000 nmethod 25809% 0x0000000115e21d50 code [0x0000000115e22140, 0x0000000115e24558]
Event: 3954.981 Thread 0x00007ff92505c000 nmethod 25807 0x0000000115d8c590 code [0x0000000115d8c760, 0x0000000115d8cf38]
Event: 3954.981 Thread 0x00007ff92505c000 25410 %     4       com.android.dx.rop.type.Prototype::makeParameterArray @ 32 (131 bytes)
Event: 3954.996 Thread 0x00007ff92505c000 nmethod 25410% 0x0000000115aed790 code [0x0000000115aed900, 0x0000000115aede38]
Event: 3954.996 Thread 0x00007ff92505c000 23824 %     4       com.android.dx.cf.code.LineNumberList::pcToLine @ 13 (73 bytes)
Event: 3955.006 Thread 0x00007ff92505c000 nmethod 23824% 0x0000000115c5eed0 code [0x0000000115c5f040, 0x0000000115c5f478]
Event: 3955.006 Thread 0x00007ff92505c000 25810       4       com.android.dx.rop.type.Prototype::makeParameterArray (131 bytes)

GC Heap History (10 events):
Event: 3945.953 GC heap after
Heap after GC invocations=57 (full 11):
 PSYoungGen      total 543744K, used 56017K [0x0000000795580000, 0x00000007bf380000, 0x00000007c0000000)
  eden space 417792K, 0% used [0x0000000795580000,0x0000000795580000,0x00000007aed80000)
  from space 125952K, 44% used [0x00000007b7880000,0x00000007baf34760,0x00000007bf380000)
  to   space 134144K, 0% used [0x00000007aed80000,0x00000007aed80000,0x00000007b7080000)
 ParOldGen       total 1184256K, used 926022K [0x0000000740000000, 0x0000000788480000, 0x0000000795580000)
  object space 1184256K, 78% used [0x0000000740000000,0x00000007788518a0,0x0000000788480000)
 Metaspace       used 98693K, capacity 105427K, committed 106112K, reserved 1140736K
  class space    used 12828K, capacity 14306K, committed 14464K, reserved 1048576K
}
Event: 3947.052 GC heap before
{Heap before GC invocations=58 (full 11):
 PSYoungGen      total 543744K, used 473809K [0x0000000795580000, 0x00000007bf380000, 0x00000007c0000000)
  eden space 417792K, 100% used [0x0000000795580000,0x00000007aed80000,0x00000007aed80000)
  from space 125952K, 44% used [0x00000007b7880000,0x00000007baf34760,0x00000007bf380000)
  to   space 134144K, 0% used [0x00000007aed80000,0x00000007aed80000,0x00000007b7080000)
 ParOldGen       total 1184256K, used 926022K [0x0000000740000000, 0x0000000788480000, 0x0000000795580000)
  object space 1184256K, 78% used [0x0000000740000000,0x00000007788518a0,0x0000000788480000)
 Metaspace       used 98693K, capacity 105427K, committed 106112K, reserved 1140736K
  class space    used 12828K, capacity 14306K, committed 14464K, reserved 1048576K
Event: 3947.482 GC heap after
Heap after GC invocations=58 (full 11):
 PSYoungGen      total 551936K, used 101608K [0x0000000795580000, 0x00000007c0000000, 0x00000007c0000000)
  eden space 417792K, 0% used [0x0000000795580000,0x0000000795580000,0x00000007aed80000)
  from space 134144K, 75% used [0x00000007aed80000,0x00000007b50ba2f8,0x00000007b7080000)
  to   space 139776K, 0% used [0x00000007b7780000,0x00000007b7780000,0x00000007c0000000)
 ParOldGen       total 1184256K, used 926022K [0x0000000740000000, 0x0000000788480000, 0x0000000795580000)
  object space 1184256K, 78% used [0x0000000740000000,0x00000007788518a0,0x0000000788480000)
 Metaspace       used 98693K, capacity 105427K, committed 106112K, reserved 1140736K
  class space    used 12828K, capacity 14306K, committed 14464K, reserved 1048576K
}
Event: 3948.986 GC heap before
{Heap before GC invocations=59 (full 11):
 PSYoungGen      total 551936K, used 519400K [0x0000000795580000, 0x00000007c0000000, 0x00000007c0000000)
  eden space 417792K, 100% used [0x0000000795580000,0x00000007aed80000,0x00000007aed80000)
  from space 134144K, 75% used [0x00000007aed80000,0x00000007b50ba2f8,0x00000007b7080000)
  to   space 139776K, 0% used [0x00000007b7780000,0x00000007b7780000,0x00000007c0000000)
 ParOldGen       total 1184256K, used 926022K [0x0000000740000000, 0x0000000788480000, 0x0000000795580000)
  object space 1184256K, 78% used [0x0000000740000000,0x00000007788518a0,0x0000000788480000)
 Metaspace       used 98711K, capacity 105427K, committed 106112K, reserved 1140736K
  class space    used 12829K, capacity 14306K, committed 14464K, reserved 1048576K
Event: 3949.975 GC heap after
Heap after GC invocations=59 (full 11):
 PSYoungGen      total 502784K, used 139757K [0x0000000795580000, 0x00000007c0000000, 0x00000007c0000000)
  eden space 363008K, 0% used [0x0000000795580000,0x0000000795580000,0x00000007ab800000)
  from space 139776K, 99% used [0x00000007b7780000,0x00000007bfffb520,0x00000007c0000000)
  to   space 167936K, 0% used [0x00000007ab800000,0x00000007ab800000,0x00000007b5c00000)
 ParOldGen       total 1184256K, used 952615K [0x0000000740000000, 0x0000000788480000, 0x0000000795580000)
  object space 1184256K, 80% used [0x0000000740000000,0x000000077a249ce8,0x0000000788480000)
 Metaspace       used 98711K, capacity 105427K, committed 106112K, reserved 1140736K
  class space    used 12829K, capacity 14306K, committed 14464K, reserved 1048576K
}
Event: 3951.777 GC heap before
{Heap before GC invocations=60 (full 11):
 PSYoungGen      total 502784K, used 502765K [0x0000000795580000, 0x00000007c0000000, 0x00000007c0000000)
  eden space 363008K, 100% used [0x0000000795580000,0x00000007ab800000,0x00000007ab800000)
  from space 139776K, 99% used [0x00000007b7780000,0x00000007bfffb520,0x00000007c0000000)
  to   space 167936K, 0% used [0x00000007ab800000,0x00000007ab800000,0x00000007b5c00000)
 ParOldGen       total 1184256K, used 952615K [0x0000000740000000, 0x0000000788480000, 0x0000000795580000)
  object space 1184256K, 80% used [0x0000000740000000,0x000000077a249ce8,0x0000000788480000)
 Metaspace       used 98716K, capacity 105427K, committed 106112K, reserved 1140736K
  class space    used 12829K, capacity 14306K, committed 14464K, reserved 1048576K
Event: 3953.337 GC heap after
Heap after GC invocations=60 (full 11):
 PSYoungGen      total 471552K, used 108494K [0x0000000795580000, 0x00000007c0000000, 0x00000007c0000000)
  eden space 363008K, 0% used [0x0000000795580000,0x0000000795580000,0x00000007ab800000)
  from space 108544K, 99% used [0x00000007ab800000,0x00000007b21f3890,0x00000007b2200000)
  to   space 169472K, 0% used [0x00000007b5a80000,0x00000007b5a80000,0x00000007c0000000)
 ParOldGen       total 1184256K, used 1045288K [0x0000000740000000, 0x0000000788480000, 0x0000000795580000)
  object space 1184256K, 88% used [0x0000000740000000,0x000000077fcca110,0x0000000788480000)
 Metaspace       used 98716K, capacity 105427K, committed 106112K, reserved 1140736K
  class space    used 12829K, capacity 14306K, committed 14464K, reserved 1048576K
}
Event: 3955.045 GC heap before
{Heap before GC invocations=61 (full 11):
 PSYoungGen      total 471552K, used 471502K [0x0000000795580000, 0x00000007c0000000, 0x00000007c0000000)
  eden space 363008K, 100% used [0x0000000795580000,0x00000007ab800000,0x00000007ab800000)
  from space 108544K, 99% used [0x00000007ab800000,0x00000007b21f3890,0x00000007b2200000)
  to   space 169472K, 0% used [0x00000007b5a80000,0x00000007b5a80000,0x00000007c0000000)
 ParOldGen       total 1184256K, used 1045495K [0x0000000740000000, 0x0000000788480000, 0x0000000795580000)
  object space 1184256K, 88% used [0x0000000740000000,0x000000077fcfdc20,0x0000000788480000)
 Metaspace       used 98726K, capacity 105491K, committed 106368K, reserved 1140736K
  class space    used 12830K, capacity 14306K, committed 14464K, reserved 1048576K
Event: 3956.013 GC heap after
Heap after GC invocations=61 (full 11):
 PSYoungGen      total 516096K, used 125098K [0x0000000795580000, 0x00000007c0000000, 0x00000007c0000000)
  eden space 346624K, 0% used [0x0000000795580000,0x0000000795580000,0x00000007aa800000)
  from space 169472K, 73% used [0x00000007b5a80000,0x00000007bd4aab18,0x00000007c0000000)
  to   space 176128K, 0% used [0x00000007aa800000,0x00000007aa800000,0x00000007b5400000)
 ParOldGen       total 1184256K, used 1093063K [0x0000000740000000, 0x0000000788480000, 0x0000000795580000)
  object space 1184256K, 92% used [0x0000000740000000,0x0000000782b71d40,0x0000000788480000)
 Metaspace       used 98726K, capacity 105491K, committed 106368K, reserved 1140736K
  class space    used 12830K, capacity 14306K, committed 14464K, reserved 1048576K
}
Event: 3956.013 GC heap before
{Heap before GC invocations=62 (full 12):
 PSYoungGen      total 516096K, used 125098K [0x0000000795580000, 0x00000007c0000000, 0x00000007c0000000)
  eden space 346624K, 0% used [0x0000000795580000,0x0000000795580000,0x00000007aa800000)
  from space 169472K, 73% used [0x00000007b5a80000,0x00000007bd4aab18,0x00000007c0000000)
  to   space 176128K, 0% used [0x00000007aa800000,0x00000007aa800000,0x00000007b5400000)
 ParOldGen       total 1184256K, used 1093063K [0x0000000740000000, 0x0000000788480000, 0x0000000795580000)
  object space 1184256K, 92% used [0x0000000740000000,0x0000000782b71d40,0x0000000788480000)
 Metaspace       used 98726K, capacity 105491K, committed 106368K, reserved 1140736K
  class space    used 12830K, capacity 14306K, committed 14464K, reserved 1048576K

Deoptimization events (10 events):
Event: 3946.077 Thread 0x00007ff924607000 Uncommon trap: reason=unstable_if action=reinterpret pc=0x000000011602f574 method=com.android.dx.dex.file.DexFile.internIfAppropriate(Lcom/android/dx/rop/cst/Constant;)V @ 84
Event: 3947.822 Thread 0x00007ff9297f0000 Uncommon trap: reason=unstable_if action=reinterpret pc=0x0000000115dabfa0 method=com.android.dx.rop.code.RegisterSpec.equals(ILcom/android/dx/rop/type/TypeBearer;Lcom/android/dx/rop/code/LocalItem;)Z @ 31
Event: 3948.675 Thread 0x00007ff927483800 Uncommon trap: reason=class_check action=maybe_recompile pc=0x000000011642e414 method=com.android.dx.cf.attrib.AttConstantValue.<init>(Lcom/android/dx/rop/cst/TypedConstant;)V @ 28
Event: 3948.732 Thread 0x00007ff927483800 Uncommon trap: reason=class_check action=maybe_recompile pc=0x000000011642e414 method=com.android.dx.cf.attrib.AttConstantValue.<init>(Lcom/android/dx/rop/cst/TypedConstant;)V @ 28
Event: 3950.165 Thread 0x00007ff927483800 Uncommon trap: reason=class_check action=maybe_recompile pc=0x000000011642e414 method=com.android.dx.cf.attrib.AttConstantValue.<init>(Lcom/android/dx/rop/cst/TypedConstant;)V @ 28
Event: 3950.363 Thread 0x00007ff92857e000 Uncommon trap: reason=unstable_if action=reinterpret pc=0x0000000115e10afc method=java.util.HashMap.getNode(ILjava/lang/Object;)Ljava/util/HashMap$Node; @ 84
Event: 3950.715 Thread 0x00007ff927483800 Uncommon trap: reason=class_check action=maybe_recompile pc=0x000000011642e414 method=com.android.dx.cf.attrib.AttConstantValue.<init>(Lcom/android/dx/rop/cst/TypedConstant;)V @ 28
Event: 3951.566 Thread 0x00007ff927483800 Uncommon trap: reason=unstable_if action=reinterpret pc=0x0000000112aaa63c method=com.android.dx.cf.cst.ConstantPoolParser.parse()V @ 124
Event: 3951.568 Thread 0x00007ff927483800 Uncommon trap: reason=unstable_if action=reinterpret pc=0x000000011207d814 method=com.android.dx.cf.cst.ConstantPoolParser.parse()V @ 124
Event: 3951.645 Thread 0x00007ff92857e000 Uncommon trap: reason=unstable_if action=reinterpret pc=0x00000001163ee6fc method=com.android.dx.cf.code.Merger.isPossiblyAssignableFrom(Lcom/android/dx/rop/type/TypeBearer;Lcom/android/dx/rop/type/TypeBearer;)Z @ 157

Classes redefined (0 events):
No events

Internal exceptions (10 events):
Event: 3825.710 Thread 0x00007ff92857d800 Implicit null exception at 0x00000001125b3421 to 0x00000001125b3661
Event: 3825.710 Thread 0x00007ff92857d800 Implicit null exception at 0x0000000113ad725d to 0x0000000113ad7611
Event: 3859.694 Thread 0x00007ff92af19800 Exception <a 'java/lang/NoSuchMethodError': java.lang.Object.lambda$static$0(Ljava/lang/String;)Z> (0x00000007b2e806a0) thrown at [/Volumes/android/AOSP-openjdk-git/jdk8u/hotspot/src/share/vm/interpreter/linkResolver.cpp, line 584]
Event: 3859.696 Thread 0x00007ff92af19800 Exception <a 'sun/nio/fs/UnixException'> (0x00000007b2e849d8) thrown at [/Volumes/android/AOSP-openjdk-git/jdk8u/hotspot/src/share/vm/prims/jni.cpp, line 709]
Event: 3860.681 Thread 0x00007ff92af19800 Implicit null exception at 0x00000001151782a2 to 0x000000011517b2c9
Event: 3860.681 Thread 0x00007ff92af19800 Implicit null exception at 0x000000011516e4cf to 0x000000011516e685
Event: 3860.682 Thread 0x00007ff92af19800 Implicit null exception at 0x000000011513e78c to 0x000000011513e921
Event: 3889.272 Thread 0x00007ff927483800 Implicit null exception at 0x0000000115d43286 to 0x0000000115d43419
Event: 3898.042 Thread 0x00007ff9297f0000 Implicit null exception at 0x0000000116109ce5 to 0x000000011610f1f1
Event: 3947.821 Thread 0x00007ff9297f0000 Implicit null exception at 0x0000000115dabd2b to 0x0000000115dabf91

Events (10 events):
Event: 3954.967 Thread 0x00007ff92857e000 DEOPT UNPACKING pc=0x0000000111cc74c4 sp=0x00007000051bacd0 mode 0
Event: 3954.967 Thread 0x00007ff9297f0000 DEOPT PACKING pc=0x0000000115d2a9f4 sp=0x0000700004cac150
Event: 3954.967 Thread 0x00007ff9297f0000 DEOPT UNPACKING pc=0x0000000111cc74c4 sp=0x0000700004cabe50 mode 0
Event: 3954.994 Thread 0x00007ff9277d0000 DEOPT PACKING pc=0x0000000115cb92d8 sp=0x00007000053c0ee0
Event: 3954.994 Thread 0x00007ff9277d0000 DEOPT UNPACKING pc=0x0000000111cc74c4 sp=0x00007000053c0cd0 mode 0
Event: 3955.001 Thread 0x00007ff927483800 DEOPT PACKING pc=0x0000000115ef0a5f sp=0x0000700003b78450
Event: 3955.001 Thread 0x00007ff927483800 DEOPT UNPACKING pc=0x0000000111cc74c4 sp=0x0000700003b781d0 mode 0
Event: 3955.008 Executing VM operation: ParallelGCFailedAllocation
Event: 3955.039 Executing VM operation: ParallelGCFailedAllocation done
Event: 3955.044 Executing VM operation: ParallelGCSystemGC


Dynamic libraries:
0x0000000103aad000 	/System/Library/Frameworks/Cocoa.framework/Versions/A/Cocoa
0x0000000103ab6000 	/System/Library/Frameworks/Security.framework/Versions/A/Security
0x0000000103f6b000 	/System/Library/Frameworks/ApplicationServices.framework/Versions/A/ApplicationServices
0x0000000103f72000 	/usr/lib/libz.1.dylib
0x0000000103f8c000 	/usr/lib/libSystem.B.dylib
0x0000000103f94000 	/System/Library/Frameworks/CoreFoundation.framework/Versions/A/CoreFoundation
0x00000001046cd000 	/System/Library/Frameworks/Foundation.framework/Versions/C/Foundation
0x0000000104d6d000 	/usr/lib/libobjc.A.dylib
0x0000000105223000 	/System/Library/Frameworks/AppKit.framework/Versions/C/AppKit
0x0000000106a48000 	/System/Library/Frameworks/CoreData.framework/Versions/A/CoreData
0x0000000106ebc000 	/System/Library/PrivateFrameworks/RemoteViewServices.framework/Versions/A/RemoteViewServices
0x0000000106f0d000 	/System/Library/PrivateFrameworks/UIFoundation.framework/Versions/A/UIFoundation
0x0000000107171000 	/System/Library/PrivateFrameworks/DFRFoundation.framework/Versions/A/DFRFoundation
0x000000010718f000 	/usr/lib/libenergytrace.dylib
0x0000000107198000 	/System/Library/PrivateFrameworks/SkyLight.framework/Versions/A/SkyLight
0x00000001074dc000 	/System/Library/Frameworks/CoreGraphics.framework/Versions/A/CoreGraphics
0x0000000107c91000 	/usr/lib/libScreenReader.dylib
0x0000000107ca0000 	/System/Library/Frameworks/Accelerate.framework/Versions/A/Accelerate
0x0000000107caa000 	/System/Library/Frameworks/IOSurface.framework/Versions/A/IOSurface
0x0000000107cc4000 	/System/Library/Frameworks/AudioToolbox.framework/Versions/A/AudioToolbox
0x0000000107fe8000 	/System/Library/Frameworks/AudioUnit.framework/Versions/A/AudioUnit
0x0000000107ff6000 	/System/Library/PrivateFrameworks/DataDetectorsCore.framework/Versions/A/DataDetectorsCore
0x00000001080b1000 	/System/Library/PrivateFrameworks/DesktopServicesPriv.framework/Versions/A/DesktopServicesPriv
0x0000000108259000 	/System/Library/Frameworks/Carbon.framework/Versions/A/Frameworks/HIToolbox.framework/Versions/A/HIToolbox
0x00000001086eb000 	/usr/lib/libicucore.A.dylib
0x00000001089e4000 	/System/Library/Frameworks/QuartzCore.framework/Versions/A/QuartzCore
0x0000000108cdd000 	/System/Library/Frameworks/Carbon.framework/Versions/A/Frameworks/SpeechRecognition.framework/Versions/A/SpeechRecognition
0x0000000108cf0000 	/usr/lib/libauto.dylib
0x0000000108cf7000 	/usr/lib/libxml2.2.dylib
0x0000000108e1f000 	/System/Library/PrivateFrameworks/CoreUI.framework/Versions/A/CoreUI
0x0000000109133000 	/System/Library/Frameworks/CoreAudio.framework/Versions/A/CoreAudio
0x00000001091ef000 	/System/Library/Frameworks/DiskArbitration.framework/Versions/A/DiskArbitration
0x00000001091ff000 	/usr/lib/liblangid.dylib
0x000000010920c000 	/System/Library/PrivateFrameworks/MultitouchSupport.framework/Versions/A/MultitouchSupport
0x0000000109249000 	/System/Library/Frameworks/IOKit.framework/Versions/A/IOKit
0x0000000109328000 	/usr/lib/libDiagnosticMessagesClient.dylib
0x0000000109332000 	/System/Library/Frameworks/CoreServices.framework/Versions/A/CoreServices
0x0000000109338000 	/System/Library/PrivateFrameworks/PerformanceAnalysis.framework/Versions/A/PerformanceAnalysis
0x00000001093c0000 	/System/Library/PrivateFrameworks/GenerationalStorage.framework/Versions/A/GenerationalStorage
0x00000001093fb000 	/System/Library/Frameworks/OpenGL.framework/Versions/A/OpenGL
0x0000000109414000 	/System/Library/Frameworks/CoreImage.framework/Versions/A/CoreImage
0x00000001097dc000 	/System/Library/Frameworks/CoreText.framework/Versions/A/CoreText
0x00000001099eb000 	/System/Library/Frameworks/ImageIO.framework/Versions/A/ImageIO
0x0000000109be8000 	/System/Library/PrivateFrameworks/Backup.framework/Versions/A/Backup
0x0000000109cd3000 	/usr/lib/libarchive.2.dylib
0x0000000109d0d000 	/System/Library/Frameworks/CFNetwork.framework/Versions/A/CFNetwork
0x000000010a409000 	/System/Library/Frameworks/SystemConfiguration.framework/Versions/A/SystemConfiguration
0x000000010a4b0000 	/usr/lib/libCRFSuite.dylib
0x000000010a4db000 	/usr/lib/libc++.1.dylib
0x000000010a58f000 	/usr/lib/libc++abi.dylib
0x000000010a5cb000 	/usr/lib/system/libcache.dylib
0x000000010a5d8000 	/usr/lib/system/libcommonCrypto.dylib
0x000000010a5f0000 	/usr/lib/system/libcompiler_rt.dylib
0x000000010a608000 	/usr/lib/system/libcopyfile.dylib
0x000000010a61d000 	/usr/lib/system/libcorecrypto.dylib
0x000000010a6be000 	/usr/lib/system/libdispatch.dylib
0x000000010a72f000 	/usr/lib/system/libdyld.dylib
0x000000010a73f000 	/usr/lib/system/libkeymgr.dylib
0x000000010a747000 	/usr/lib/system/liblaunch.dylib
0x000000010a754000 	/usr/lib/system/libmacho.dylib
0x000000010a760000 	/usr/lib/system/libquarantine.dylib
0x000000010a76b000 	/usr/lib/system/libremovefile.dylib
0x000000010a776000 	/usr/lib/system/libsystem_asl.dylib
0x000000010a7a0000 	/usr/lib/system/libsystem_blocks.dylib
0x000000010a7ab000 	/usr/lib/system/libsystem_c.dylib
0x000000010a863000 	/usr/lib/system/libsystem_configuration.dylib
0x000000010a874000 	/usr/lib/system/libsystem_coreservices.dylib
0x000000010a87e000 	/usr/lib/system/libsystem_coretls.dylib
0x000000010a8a3000 	/usr/lib/system/libsystem_dnssd.dylib
0x000000010a8b3000 	/usr/lib/system/libsystem_info.dylib
0x000000010a8f4000 	/usr/lib/system/libsystem_kernel.dylib
0x000000010a92e000 	/usr/lib/system/libsystem_m.dylib
0x000000010a985000 	/usr/lib/system/libsystem_malloc.dylib
0x000000010a9b5000 	/usr/lib/system/libsystem_network.dylib
0x000000010aa35000 	/usr/lib/system/libsystem_networkextension.dylib
0x000000010aa4c000 	/usr/lib/system/libsystem_notify.dylib
0x000000010aa63000 	/usr/lib/system/libsystem_platform.dylib
0x000000010aa78000 	/usr/lib/system/libsystem_pthread.dylib
0x000000010aa92000 	/usr/lib/system/libsystem_sandbox.dylib
0x000000010aaa2000 	/usr/lib/system/libsystem_secinit.dylib
0x000000010aaaa000 	/usr/lib/system/libsystem_symptoms.dylib
0x000000010aabd000 	/usr/lib/system/libsystem_trace.dylib
0x000000010aae6000 	/usr/lib/system/libunwind.dylib
0x000000010aaf7000 	/usr/lib/system/libxpc.dylib
0x000000010ab40000 	/usr/lib/libbsm.0.dylib
0x000000010ab61000 	/usr/lib/system/libkxld.dylib
0x000000010ab78000 	/usr/lib/libcoretls.dylib
0x000000010ab82000 	/usr/lib/libcoretls_cfhelpers.dylib
0x000000010ab8c000 	/usr/lib/libOpenScriptingUtil.dylib
0x000000010ab96000 	/usr/lib/libpam.2.dylib
0x000000010aba1000 	/usr/lib/libsqlite3.dylib
0x000000010ad0d000 	/usr/lib/libxar.1.dylib
0x000000010ad2b000 	/usr/lib/libbz2.1.0.dylib
0x000000010ad46000 	/usr/lib/liblzma.5.dylib
0x000000010ad6b000 	/usr/lib/libnetwork.dylib
0x000000010ae24000 	/usr/lib/libpcap.A.dylib
0x000000010ae64000 	/System/Library/Frameworks/CoreServices.framework/Versions/A/Frameworks/FSEvents.framework/Versions/A/FSEvents
0x000000010ae7b000 	/System/Library/Frameworks/CoreServices.framework/Versions/A/Frameworks/CarbonCore.framework/Versions/A/CarbonCore
0x000000010a9d1000 	/System/Library/Frameworks/CoreServices.framework/Versions/A/Frameworks/Metadata.framework/Versions/A/Metadata
0x000000010b302000 	/System/Library/Frameworks/CoreServices.framework/Versions/A/Frameworks/OSServices.framework/Versions/A/OSServices
0x000000010b3ae000 	/System/Library/Frameworks/CoreServices.framework/Versions/A/Frameworks/SearchKit.framework/Versions/A/SearchKit
0x000000010b463000 	/System/Library/Frameworks/CoreServices.framework/Versions/A/Frameworks/AE.framework/Versions/A/AE
0x000000010b4e4000 	/System/Library/Frameworks/CoreServices.framework/Versions/A/Frameworks/LaunchServices.framework/Versions/A/LaunchServices
0x000000010b747000 	/System/Library/Frameworks/CoreServices.framework/Versions/A/Frameworks/DictionaryServices.framework/Versions/A/DictionaryServices
0x000000010b7a9000 	/System/Library/Frameworks/CoreServices.framework/Versions/A/Frameworks/SharedFileList.framework/Versions/A/SharedFileList
0x000000010b828000 	/System/Library/Frameworks/NetFS.framework/Versions/A/NetFS
0x000000010b83d000 	/System/Library/PrivateFrameworks/NetAuth.framework/Versions/A/NetAuth
0x000000010b857000 	/System/Library/PrivateFrameworks/login.framework/Versions/A/Frameworks/loginsupport.framework/Versions/A/loginsupport
0x000000010b866000 	/System/Library/PrivateFrameworks/TCC.framework/Versions/A/TCC
0x000000010b877000 	/usr/lib/libmecabra.dylib
0x000000010bb87000 	/System/Library/Frameworks/ApplicationServices.framework/Versions/A/Frameworks/ATS.framework/Versions/A/ATS
0x000000010bc29000 	/System/Library/Frameworks/ApplicationServices.framework/Versions/A/Frameworks/ColorSync.framework/Versions/A/ColorSync
0x000000010bd22000 	/System/Library/Frameworks/ApplicationServices.framework/Versions/A/Frameworks/HIServices.framework/Versions/A/HIServices
0x000000010bdb0000 	/System/Library/Frameworks/ApplicationServices.framework/Versions/A/Frameworks/LangAnalysis.framework/Versions/A/LangAnalysis
0x000000010bdd0000 	/System/Library/Frameworks/ApplicationServices.framework/Versions/A/Frameworks/PrintCore.framework/Versions/A/PrintCore
0x000000010be51000 	/System/Library/Frameworks/ApplicationServices.framework/Versions/A/Frameworks/QD.framework/Versions/A/QD
0x000000010bebb000 	/System/Library/Frameworks/ApplicationServices.framework/Versions/A/Frameworks/SpeechSynthesis.framework/Versions/A/SpeechSynthesis
0x000000010bee1000 	/System/Library/Frameworks/Accelerate.framework/Versions/A/Frameworks/vImage.framework/Versions/A/vImage
0x000000010c593000 	/System/Library/Frameworks/Accelerate.framework/Versions/A/Frameworks/vecLib.framework/Versions/A/vecLib
0x000000010c59c000 	/System/Library/Frameworks/Accelerate.framework/Versions/A/Frameworks/vecLib.framework/Versions/A/libvDSP.dylib
0x000000010c6f8000 	/System/Library/Frameworks/Accelerate.framework/Versions/A/Frameworks/vecLib.framework/Versions/A/libBNNS.dylib
0x000000010c717000 	/System/Library/Frameworks/Accelerate.framework/Versions/A/Frameworks/vecLib.framework/Versions/A/libQuadrature.dylib
0x000000010c724000 	/System/Library/Frameworks/Accelerate.framework/Versions/A/Frameworks/vecLib.framework/Versions/A/libvMisc.dylib
0x000000010c7ed000 	/System/Library/Frameworks/Accelerate.framework/Versions/A/Frameworks/vecLib.framework/Versions/A/libLAPACK.dylib
0x000000010cc5e000 	/System/Library/Frameworks/Accelerate.framework/Versions/A/Frameworks/vecLib.framework/Versions/A/libBLAS.dylib
0x000000010ce4b000 	/System/Library/Frameworks/Accelerate.framework/Versions/A/Frameworks/vecLib.framework/Versions/A/libLinearAlgebra.dylib
0x000000010ce6e000 	/System/Library/Frameworks/Accelerate.framework/Versions/A/Frameworks/vecLib.framework/Versions/A/libSparseBLAS.dylib
0x000000010ce89000 	/System/Library/Frameworks/ApplicationServices.framework/Versions/A/Frameworks/ATS.framework/Versions/A/Resources/libFontParser.dylib
0x000000010d044000 	/System/Library/Frameworks/ApplicationServices.framework/Versions/A/Frameworks/ATS.framework/Versions/A/Resources/libFontRegistry.dylib
0x000000010d0c5000 	/System/Library/Frameworks/ImageIO.framework/Versions/A/Resources/libJPEG.dylib
0x000000010d0f7000 	/System/Library/Frameworks/ImageIO.framework/Versions/A/Resources/libTIFF.dylib
0x000000010d15b000 	/System/Library/Frameworks/ImageIO.framework/Versions/A/Resources/libPng.dylib
0x000000010d191000 	/System/Library/Frameworks/ImageIO.framework/Versions/A/Resources/libGIF.dylib
0x000000010d19c000 	/System/Library/Frameworks/ImageIO.framework/Versions/A/Resources/libJP2.dylib
0x000000010d2be000 	/System/Library/Frameworks/ImageIO.framework/Versions/A/Resources/libRadiance.dylib
0x000000010d2c9000 	/usr/lib/libcompression.dylib
0x000000010d2ed000 	/System/Library/PrivateFrameworks/AppleJPEG.framework/Versions/A/AppleJPEG
0x000000010d3dd000 	/usr/lib/libcups.2.dylib
0x000000010d44a000 	/System/Library/Frameworks/Kerberos.framework/Versions/A/Kerberos
0x000000010d483000 	/System/Library/Frameworks/GSS.framework/Versions/A/GSS
0x000000010d4d7000 	/usr/lib/libresolv.9.dylib
0x000000010d502000 	/usr/lib/libiconv.2.dylib
0x000000010d607000 	/System/Library/PrivateFrameworks/Heimdal.framework/Versions/A/Heimdal
0x000000010d6b4000 	/usr/lib/libheimdal-asn1.dylib
0x000000010d6c7000 	/System/Library/Frameworks/OpenDirectory.framework/Versions/A/OpenDirectory
0x000000010d6e7000 	/System/Library/PrivateFrameworks/CommonAuth.framework/Versions/A/CommonAuth
0x000000010d6fb000 	/System/Library/Frameworks/OpenDirectory.framework/Versions/A/Frameworks/CFOpenDirectory.framework/Versions/A/CFOpenDirectory
0x000000010d73b000 	/System/Library/Frameworks/SecurityFoundation.framework/Versions/A/SecurityFoundation
0x000000010d7f3000 	/System/Library/PrivateFrameworks/LanguageModeling.framework/Versions/A/LanguageModeling
0x000000010d9e0000 	/usr/lib/libmarisa.dylib
0x000000010da07000 	/usr/lib/libChineseTokenizer.dylib
0x000000010da27000 	/usr/lib/libcmph.dylib
0x000000010da40000 	/System/Library/PrivateFrameworks/CoreEmoji.framework/Versions/A/CoreEmoji
0x000000010da6a000 	/System/Library/Frameworks/ServiceManagement.framework/Versions/A/ServiceManagement
0x000000010da79000 	/usr/lib/libxslt.1.dylib
0x000000010dab7000 	/System/Library/Frameworks/Carbon.framework/Versions/A/Frameworks/Ink.framework/Versions/A/Ink
0x000000010db88000 	/System/Library/PrivateFrameworks/TextureIO.framework/Versions/A/TextureIO
0x000000010dc72000 	/System/Library/Frameworks/Metal.framework/Versions/A/Metal
0x000000010dd7d000 	/usr/lib/libate.dylib
0x000000010de87000 	/System/Library/PrivateFrameworks/GPUCompiler.framework/libmetal_timestamp.dylib
0x000000010de8f000 	/System/Library/Frameworks/OpenGL.framework/Versions/A/Libraries/libCoreFSCache.dylib
0x000000010de9c000 	/System/Library/PrivateFrameworks/IOAccelerator.framework/Versions/A/IOAccelerator
0x000000010deb4000 	/System/Library/Frameworks/CoreVideo.framework/Versions/A/CoreVideo
0x000000010df15000 	/usr/lib/libFosl_dynamic.dylib
0x000000010e162000 	/System/Library/PrivateFrameworks/MetalPerformanceShaders.framework/Versions/A/MetalPerformanceShaders
0x000000010e22c000 	/System/Library/PrivateFrameworks/FaceCore.framework/Versions/A/FaceCore
0x000000010e87c000 	/System/Library/Frameworks/OpenCL.framework/Versions/A/OpenCL
0x000000010e8e6000 	/System/Library/Frameworks/OpenGL.framework/Versions/A/Libraries/libGLU.dylib
0x000000010e93e000 	/System/Library/Frameworks/OpenGL.framework/Versions/A/Libraries/libGFXShared.dylib
0x000000010e950000 	/System/Library/Frameworks/OpenGL.framework/Versions/A/Libraries/libGL.dylib
0x000000010e977000 	/System/Library/Frameworks/OpenGL.framework/Versions/A/Libraries/libGLImage.dylib
0x000000010e9bd000 	/System/Library/Frameworks/OpenGL.framework/Versions/A/Libraries/libCVMSPluginSupport.dylib
0x000000010e9ca000 	/System/Library/Frameworks/OpenGL.framework/Versions/A/Libraries/libCoreVMClient.dylib
0x000000010e9db000 	/System/Library/PrivateFrameworks/CrashReporterSupport.framework/Versions/A/CrashReporterSupport
0x000000010e9fc000 	/System/Library/PrivateFrameworks/Sharing.framework/Versions/A/Sharing
0x000000010eb13000 	/System/Library/PrivateFrameworks/IconServices.framework/Versions/A/IconServices
0x000000010eb5a000 	/System/Library/PrivateFrameworks/ProtocolBuffer.framework/Versions/A/ProtocolBuffer
0x000000010eb90000 	/System/Library/PrivateFrameworks/Apple80211.framework/Versions/A/Apple80211
0x000000010ebc4000 	/System/Library/Frameworks/CoreWLAN.framework/Versions/A/CoreWLAN
0x000000010ec86000 	/System/Library/PrivateFrameworks/CoreUtils.framework/Versions/A/CoreUtils
0x000000010edb7000 	/System/Library/Frameworks/IOBluetooth.framework/Versions/A/IOBluetooth
0x000000010eee0000 	/System/Library/PrivateFrameworks/CoreWiFi.framework/Versions/A/CoreWiFi
0x000000010efa9000 	/System/Library/Frameworks/CoreBluetooth.framework/Versions/A/CoreBluetooth
0x000000010efd7000 	/System/Library/Frameworks/CoreDisplay.framework/Versions/A/CoreDisplay
0x000000010f0c1000 	/System/Library/PrivateFrameworks/IOPresentment.framework/Versions/A/IOPresentment
0x000000010f0f0000 	/System/Library/PrivateFrameworks/DSExternalDisplay.framework/Versions/A/DSExternalDisplay
0x000000010f100000 	/System/Library/PrivateFrameworks/DebugSymbols.framework/Versions/A/DebugSymbols
0x000000010f163000 	/System/Library/PrivateFrameworks/CoreSymbolication.framework/Versions/A/CoreSymbolication
0x000000010f244000 	/System/Library/PrivateFrameworks/Symbolication.framework/Versions/A/Symbolication
0x000000010f30a000 	/System/Library/PrivateFrameworks/AppleFSCompression.framework/Versions/A/AppleFSCompression
0x000000010f327000 	/System/Library/PrivateFrameworks/SpeechRecognitionCore.framework/Versions/A/SpeechRecognitionCore
0x000000010f349000 	/System/Library/PrivateFrameworks/ChunkingLibrary.framework/Versions/A/ChunkingLibrary
0x000000010f5e0000 	/Applications/Android Studio 2.app/Contents/jre/jdk/Contents/Home/jre/lib/server/libjvm.dylib
0x0000000110048000 	/usr/lib/libstdc++.6.dylib
0x0000000110101000 	/Applications/Android Studio 2.app/Contents/jre/jdk/Contents/Home/jre/lib/libverify.dylib
0x000000011010d000 	/Applications/Android Studio 2.app/Contents/jre/jdk/Contents/Home/jre/lib/libjava.dylib
0x0000000110149000 	/Applications/Android Studio 2.app/Contents/jre/jdk/Contents/Home/jre/lib/libzip.dylib
0x0000000126851000 	/Applications/Android Studio 2.app/Contents/jre/jdk/Contents/Home/jre/lib/libnet.dylib
0x00000001268b0000 	/Applications/Android Studio 2.app/Contents/jre/jdk/Contents/Home/jre/lib/libnio.dylib
0x000000010aadf000 	/Users/laki/.gradle/native/25/osx-amd64/libnative-platform.dylib
0x0000000126b71000 	/Applications/Android Studio 2.app/Contents/jre/jdk/Contents/Home/jre/lib/libmanagement.dylib

VM Arguments:
jvm_args: -Xmx2048m -Dfile.encoding=UTF-8 -Duser.country=ZA -Duser.language=en -Duser.variant 
java_command: org.gradle.launcher.daemon.bootstrap.GradleDaemon 4.4
java_class_path (initial): /Users/laki/.gradle/wrapper/dists/gradle-4.4-all/9br9xq1tocpiv8o6njlyu5op1/gradle-4.4/lib/gradle-launcher-4.4.jar
Launcher Type: SUN_STANDARD

Environment Variables:
PATH=/usr/local/bin:/usr/bin:/bin:/usr/sbin:/sbin:/opt/X11/bin
SHELL=/bin/bash
DISPLAY=/private/tmp/com.apple.launchd.el4kL3kIHZ/org.macosforge.xquartz:0

Signal Handlers:
SIGSEGV: [libjvm.dylib+0x53f567], sa_mask[0]=11111111011111110111111111111111, sa_flags=SA_ONSTACK|SA_RESTART|SA_SIGINFO
SIGBUS: [libjvm.dylib+0x53f567], sa_mask[0]=11111111011111110111111111111111, sa_flags=SA_RESTART|SA_SIGINFO
SIGFPE: [libjvm.dylib+0x437adf], sa_mask[0]=11111111011111110111111111111111, sa_flags=SA_RESTART|SA_SIGINFO
SIGPIPE: [libjvm.dylib+0x437adf], sa_mask[0]=11111111011111110111111111111111, sa_flags=SA_RESTART|SA_SIGINFO
SIGXFSZ: [libjvm.dylib+0x437adf], sa_mask[0]=11111111011111110111111111111111, sa_flags=SA_RESTART|SA_SIGINFO
SIGILL: [libjvm.dylib+0x437adf], sa_mask[0]=11111111011111110111111111111111, sa_flags=SA_RESTART|SA_SIGINFO
SIGUSR1: SIG_DFL, sa_mask[0]=00000000000000000000000000000000, sa_flags=none
SIGUSR2: [libjvm.dylib+0x438404], sa_mask[0]=00100000000000000000000000000000, sa_flags=SA_RESTART|SA_SIGINFO
SIGHUP: [libjvm.dylib+0x4365f9], sa_mask[0]=11111111011111110111111111111111, sa_flags=SA_RESTART|SA_SIGINFO
SIGINT: [libjvm.dylib+0x4365f9], sa_mask[0]=11111111011111110111111111111111, sa_flags=SA_RESTART|SA_SIGINFO
SIGTERM: [libjvm.dylib+0x4365f9], sa_mask[0]=11111111011111110111111111111111, sa_flags=SA_RESTART|SA_SIGINFO
SIGQUIT: [libjvm.dylib+0x4365f9], sa_mask[0]=11111111011111110111111111111111, sa_flags=SA_RESTART|SA_SIGINFO


---------------  S Y S T E M  ---------------

OS:Bsduname:Darwin 16.6.0 Darwin Kernel Version 16.6.0: Fri Apr 14 16:21:16 PDT 2017; root:xnu-3789.60.24~6/RELEASE_X86_64 x86_64
rlimit: STACK 8192k, CORE 0k, NPROC 709, NOFILE 10240, AS infinity
load average:8.93 4.74 3.29

CPU:total 4 (initial active 4) (2 cores per cpu, 2 threads per core) family 6 model 58 stepping 9, cmov, cx8, fxsr, mmx, sse, sse2, sse3, ssse3, sse4.1, sse4.2, popcnt, avx, aes, clmul, erms, ht, tsc, tscinvbit, tscinv

Memory: 4k page, physical 4194304k(27228k free)

/proc/meminfo:


vm_info: OpenJDK 64-Bit Server VM (25.152-b01) for bsd-amd64 JRE (1.8.0_152-release-1024-b01), built by "builder" with gcc 4.2.1 Compatible Apple LLVM 8.1.0 (clang-802.0.42)

time: Tue May  8 18:09:34 2018
elapsed time: 3957 seconds (0d 1h 5m 57s)

