#
# A fatal error has been detected by the Java Runtime Environment:
#
#  SIGSEGV (0xb) at pc=0x000000010f7d9373, pid=489, tid=0x0000000000004303
#
# JRE version: OpenJDK Runtime Environment (8.0_152-b01) (build 1.8.0_152-release-1024-b01)
# Java VM: OpenJDK 64-Bit Server VM (25.152-b01 mixed mode bsd-amd64 compressed oops)
# Problematic frame:
# V  [libjvm.dylib+0x14c373]  IndexSet::insert(unsigned int)+0x19
#
# Failed to write core dump. Core dumps have been disabled. To enable core dumping, try "ulimit -c unlimited" before starting Java again
#
# If you would like to submit a bug report, please visit:
#   http://bugreport.java.com/bugreport/crash.jsp
#

---------------  T H R E A D  ---------------

Current thread (0x00007feebd039800):  JavaThread "C2 CompilerThread0" daemon [_thread_in_native, id=17155, stack(0x0000700010ad3000,0x0000700010bd3000)]

siginfo: si_signo: 11 (SIGSEGV), si_code: 1 (SEGV_MAPERR), si_addr: 0x0000000000000020

Registers:
RAX=0x0000000000000004, RBX=0x0000000000000415, RCX=0x0000000000000000, RDX=0x0000000000000bec
RSP=0x0000700010bcf9e0, RBP=0x0000700010bcf9f0, RSI=0x0000000000000415, RDI=0x00000001288bb430
R8 =0x0000000000000000, R9 =0x0000000000000800, R10=0x000000010fe6ea28, R11=0xffffffff00000000
R12=0x0000700010bcfbb0, R13=0x0000700010bd12b8, R14=0x00000001288bb430, R15=0x0000700010bcfa00
RIP=0x000000010f7d9373, EFLAGS=0x0000000000010202, ERR=0x0000000000000004
  TRAPNO=0x000000000000000e

Top of Stack: (sp=0x0000700010bcf9e0)
0x0000700010bcf9e0:   0000000000000415 0000700010bcfbb0
0x0000700010bcf9f0:   0000700010bcfa50 000000010f9150c6
0x0000700010bcfa00:   00000bee00000009 00007fee00000008
0x0000700010bcfa10:   000000010de803f0 000000000000000c
0x0000700010bcfa20:   000000012886cd40 000070000000000c
0x0000700010bcfa30:   000000012886cd30 0000700010bcfc20
0x0000700010bcfa40:   0000700010bcfbf0 0000700010bcfb28
0x0000700010bcfa50:   0000700010bcfc80 000000010f7d6b60
0x0000700010bcfa60:   000000010aa88000 000000000000ab10
0x0000700010bcfa70:   0000700010bcfaa0 000000010aa6a282
0x0000700010bcfa80:   000000000000ab10 000000010fe6bffc
0x0000700010bcfa90:   0000700010bcfb10 000000000000000c
0x0000700010bcfaa0:   0000700010bcfac0 000000010aa69200
0x0000700010bcfab0:   0000000000000000 000000010fe6bffc
0x0000700010bcfac0:   0000700010bcfb00 000000010fabf926
0x0000700010bcfad0:   0000000000000000 000000000000ab10
0x0000700010bcfae0:   00007feec15af800 0000700010bd12b8
0x0000700010bcfaf0:   00007feec1230000 000000000000ab10
0x0000700010bcfb00:   0000700010bcfb50 000000010f725931
0x0000700010bcfb10:   0000000000000000 0000000000000000
0x0000700010bcfb20:   0000000000000000 000000000000000a
0x0000700010bcfb30:   0000700010bd2078 00000001272d6010
0x0000700010bcfb40:   0000000127df2010 00007feebc1f1210
0x0000700010bcfb50:   00007feebc1f4cd0 00007feec060a210
0x0000700010bcfb60:   0000700010bd13e8 0000700010bd13c8
0x0000700010bcfb70:   0000700000000bed 0000700010bcfbf0
0x0000700010bcfb80:   0000700000000002 00007feebbd4b650
0x0000700010bcfb90:   00007feebbd4b650 00007feebbd4b660
0x0000700010bcfba0:   00007feebbd4ba38 00000000000003d8
0x0000700010bcfbb0:   000070000000000c 0000700010bd2078
0x0000700010bcfbc0:   0000000128844010 000000010fe6ea00
0x0000700010bcfbd0:   0000000127274010 0000700000000bed 

Instructions: (pc=0x000000010f7d9373)
0x000000010f7d9353:   e9 f1 fd ff ff 90 90 55 48 89 e5 41 56 53 89 f3
0x000000010f7d9363:   49 89 fe 85 db 74 49 89 d8 c1 e8 08 49 8b 4e 08
0x000000010f7d9373:   48 8b 04 c1 48 3b 05 7a e0 5e 00 75 0a 4c 89 f7
0x000000010f7d9383:   89 de e8 d8 00 14 00 89 de c1 ee 05 83 e6 07 ba 

Register to memory mapping:

RAX=0x0000000000000004 is an unknown value
RBX=0x0000000000000415 is an unknown value
RCX=0x0000000000000000 is an unknown value
RDX=0x0000000000000bec is an unknown value
RSP=0x0000700010bcf9e0 is pointing into the stack for thread: 0x00007feebd039800
RBP=0x0000700010bcf9f0 is pointing into the stack for thread: 0x00007feebd039800
RSI=0x0000000000000415 is an unknown value
RDI=0x00000001288bb430 is an unknown value
R8 =0x0000000000000000 is an unknown value
R9 =0x0000000000000800 is an unknown value
R10=0x000000010fe6ea28: _ZL8tc_mutex+0x20 in /Applications/Android Studio 2.app/Contents/jre/jdk/Contents/Home/jre/lib/server/libjvm.dylib at 0x000000010f68d000
R11=0xffffffff00000000 is an unknown value
R12=0x0000700010bcfbb0 is pointing into the stack for thread: 0x00007feebd039800
R13=0x0000700010bd12b8 is pointing into the stack for thread: 0x00007feebd039800
R14=0x00000001288bb430 is an unknown value
R15=0x0000700010bcfa00 is pointing into the stack for thread: 0x00007feebd039800


Stack: [0x0000700010ad3000,0x0000700010bd3000],  sp=0x0000700010bcf9e0,  free space=1010k
Native frames: (J=compiled Java code, j=interpreted, Vv=VM code, C=native code)
V  [libjvm.dylib+0x14c373]  IndexSet::insert(unsigned int)+0x19
V  [libjvm.dylib+0x2880c6]  PhaseIFG::SquareUp()+0x4a
V  [libjvm.dylib+0x149b60]  PhaseChaitin::Register_Allocate()+0x194
V  [libjvm.dylib+0x1969a0]  Compile::Code_Gen()+0x14e
V  [libjvm.dylib+0x195388]  Compile::Compile(ciEnv*, C2Compiler*, ciMethod*, int, bool, bool, bool)+0x9fa
V  [libjvm.dylib+0x13b9da]  C2Compiler::compile_method(ciEnv*, ciMethod*, int)+0xa4
V  [libjvm.dylib+0x1a067a]  CompileBroker::invoke_compiler_on_method(CompileTask*)+0x564
V  [libjvm.dylib+0x19fc78]  CompileBroker::compiler_thread_loop()+0x270
V  [libjvm.dylib+0x505e88]  JavaThread::thread_main_inner()+0x82
V  [libjvm.dylib+0x505d4d]  JavaThread::run()+0x199
V  [libjvm.dylib+0x435709]  java_start(Thread*)+0xfa
C  [libsystem_pthread.dylib+0x393b]  _pthread_body+0xb4
C  [libsystem_pthread.dylib+0x3887]  _pthread_body+0x0
C  [libsystem_pthread.dylib+0x308d]  thread_start+0xd
C  0x0000000000000000


Current CompileTask:
C2:  86548 12922   !   4       com.android.dx.cf.code.BytecodeArray::parseInstruction (2796 bytes)


---------------  P R O C E S S  ---------------

Java Threads: ( => current thread )
  0x00007feec005f800 JavaThread "pool-3-thread-1" [_thread_in_Java, id=33539, stack(0x0000700012d39000,0x0000700012e39000)]
  0x00007feec1f93800 JavaThread "pool-4-thread-4" [_thread_blocked, id=33027, stack(0x0000700012c36000,0x0000700012d36000)]
  0x00007feec1170000 JavaThread "pool-4-thread-3" [_thread_blocked, id=32515, stack(0x0000700012b33000,0x0000700012c33000)]
  0x00007feebde50800 JavaThread "pool-4-thread-2" [_thread_blocked, id=32003, stack(0x0000700012a30000,0x0000700012b30000)]
  0x00007feec1110000 JavaThread "pool-5-thread-1" [_thread_blocked, id=31491, stack(0x000070001292d000,0x0000700012a2d000)]
  0x00007feebdcdc000 JavaThread "pool-4-thread-1" [_thread_blocked, id=30979, stack(0x000070001282a000,0x000070001292a000)]
  0x00007feebd91b000 JavaThread "pool-2-thread-1" [_thread_in_native, id=30467, stack(0x0000700012727000,0x0000700012827000)]
  0x00007feec24ea800 JavaThread "Task worker for ':' Thread 3" [_thread_blocked, id=29955, stack(0x0000700012624000,0x0000700012724000)]
  0x00007feebd85a000 JavaThread "Task worker for ':' Thread 2" [_thread_blocked, id=29443, stack(0x0000700012521000,0x0000700012621000)]
  0x00007feec1472800 JavaThread "Task worker for ':'" [_thread_blocked, id=28931, stack(0x000070001241e000,0x000070001251e000)]
  0x00007feebd2c5000 JavaThread "Cache worker for Build Output Cleanup Cache (/Users/laki/Documents/mystuff/AndroidStudioProjects/SEAPP/.gradle/buildOutputCleanup)" [_thread_blocked, id=28419, stack(0x000070001231b000,0x000070001241b000)]
  0x00007feec11ec000 JavaThread "Cache worker for task history cache (/Users/laki/Documents/mystuff/AndroidStudioProjects/SEAPP/.gradle/4.4/taskHistory)" [_thread_blocked, id=27907, stack(0x0000700012218000,0x0000700012318000)]
  0x00007feec2458800 JavaThread "Cache worker for file content cache (/Users/laki/Documents/mystuff/AndroidStudioProjects/SEAPP/.gradle/4.4/fileContent)" [_thread_blocked, id=5127, stack(0x0000700012115000,0x0000700012215000)]
  0x00007feec2012000 JavaThread "Memory manager" [_thread_blocked, id=4103, stack(0x0000700012012000,0x0000700012112000)]
  0x00007feebf153800 JavaThread "build operations Thread 4" [_thread_blocked, id=27395, stack(0x0000700011f0f000,0x000070001200f000)]
  0x00007feebdce0000 JavaThread "build operations Thread 3" [_thread_blocked, id=26883, stack(0x0000700011e0c000,0x0000700011f0c000)]
  0x00007feec06c3000 JavaThread "build operations Thread 2" [_thread_blocked, id=26371, stack(0x0000700011d09000,0x0000700011e09000)]
  0x00007feec12c0800 JavaThread "build operations" [_thread_blocked, id=25859, stack(0x0000700011c06000,0x0000700011d06000)]
  0x00007feebcff7000 JavaThread "Cache worker for Artifact transforms cache (/Users/laki/.gradle/caches/transforms-1)" [_thread_blocked, id=25347, stack(0x0000700011b03000,0x0000700011c03000)]
  0x00007feebcbf6800 JavaThread "Cache worker for file hash cache (/Users/laki/Documents/mystuff/AndroidStudioProjects/SEAPP/.gradle/4.4/fileHashes)" [_thread_blocked, id=24835, stack(0x0000700011a00000,0x0000700011b00000)]
  0x00007feebe052800 JavaThread "File lock request listener" [_thread_in_native, id=24323, stack(0x00007000118fd000,0x00007000119fd000)]
  0x00007feebc319800 JavaThread "Cache worker for file hash cache (/Users/laki/.gradle/caches/4.4/fileHashes)" [_thread_blocked, id=23811, stack(0x00007000117fa000,0x00007000118fa000)]
  0x00007feebe039000 JavaThread "Asynchronous log dispatcher for DefaultDaemonConnection: socket connection from /127.0.0.1:49157 to /127.0.0.1:49158" [_thread_blocked, id=22787, stack(0x00007000115f4000,0x00007000116f4000)]
  0x00007feebc30b000 JavaThread "Daemon worker" [_thread_blocked, id=22275, stack(0x00007000114f1000,0x00007000115f1000)]
  0x00007feebc9c3800 JavaThread "Cancel handler" [_thread_blocked, id=21763, stack(0x00007000113ee000,0x00007000114ee000)]
  0x00007feebc2d1000 JavaThread "Handler for socket connection from /127.0.0.1:49157 to /127.0.0.1:49158" [_thread_in_native, id=21251, stack(0x00007000112eb000,0x00007000113eb000)]
  0x00007feebc2f0800 JavaThread "Daemon" [_thread_blocked, id=20739, stack(0x00007000111e8000,0x00007000112e8000)]
  0x00007feebe01d800 JavaThread "Daemon periodic checks" [_thread_blocked, id=20227, stack(0x00007000110e5000,0x00007000111e5000)]
  0x00007feebe017000 JavaThread "Incoming local TCP Connector on port 49157" [_thread_in_native, id=19715, stack(0x0000700010fe2000,0x00007000110e2000)]
  0x00007feebd043800 JavaThread "Service Thread" daemon [_thread_blocked, id=18691, stack(0x0000700010ddc000,0x0000700010edc000)]
  0x00007feebd03b000 JavaThread "C1 CompilerThread2" daemon [_thread_blocked, id=18179, stack(0x0000700010cd9000,0x0000700010dd9000)]
  0x00007feebd021800 JavaThread "C2 CompilerThread1" daemon [_thread_in_native, id=17667, stack(0x0000700010bd6000,0x0000700010cd6000)]
=>0x00007feebd039800 JavaThread "C2 CompilerThread0" daemon [_thread_in_native, id=17155, stack(0x0000700010ad3000,0x0000700010bd3000)]
  0x00007feebd051800 JavaThread "Signal Dispatcher" daemon [_thread_blocked, id=16643, stack(0x00007000109d0000,0x0000700010ad0000)]
  0x00007feebd021000 JavaThread "Finalizer" daemon [_thread_blocked, id=12547, stack(0x00007000108cd000,0x00007000109cd000)]
  0x00007feebc002800 JavaThread "Reference Handler" daemon [_thread_blocked, id=12035, stack(0x00007000107ca000,0x00007000108ca000)]
  0x00007feebc003800 JavaThread "main" [_thread_blocked, id=7171, stack(0x00007000101b8000,0x00007000102b8000)]

Other Threads:
  0x00007feebd01e800 VMThread [stack: 0x00007000106c7000,0x00007000107c7000] [id=11523]
  0x00007feebd044800 WatcherThread [stack: 0x0000700010edf000,0x0000700010fdf000] [id=19203]

VM state:not at safepoint (normal execution)

VM Mutex/Monitor currently owned by a thread: None

Heap:
 PSYoungGen      total 465920K, used 90213K [0x0000000795580000, 0x00000007c0000000, 0x00000007c0000000)
  eden space 232960K, 26% used [0x0000000795580000,0x0000000799281690,0x00000007a3900000)
  from space 232960K, 11% used [0x00000007b1c80000,0x00000007b3798000,0x00000007c0000000)
  to   space 232960K, 0% used [0x00000007a3900000,0x00000007a3900000,0x00000007b1c80000)
 ParOldGen       total 1398272K, used 1177196K [0x0000000740000000, 0x0000000795580000, 0x0000000795580000)
  object space 1398272K, 84% used [0x0000000740000000,0x0000000787d9b380,0x0000000795580000)
 Metaspace       used 68471K, capacity 71134K, committed 71424K, reserved 1110016K
  class space    used 9220K, capacity 9877K, committed 9984K, reserved 1048576K

Card table byte_map: [0x00000001201c0000,0x00000001205c1000] byte_map_base: 0x000000011c7c0000

Marking Bits: (ParMarkBitMap*) 0x000000010fe851c8
 Begin Bits: [0x00000001205c1000, 0x00000001225c1000)
 End Bits:   [0x00000001225c1000, 0x00000001245c1000)

Polling page: 0x000000010405c000

CodeCache: size=245760Kb used=38048Kb max_used=38048Kb free=207711Kb
 bounds [0x0000000110e00000, 0x0000000113360000, 0x000000011fe00000]
 total_blobs=11357 nmethods=10558 adapters=712
 compilation: enabled

Compilation events (10 events):
Event: 86.324 Thread 0x00007feebd03b000 12949       2       com.android.dx.util.ByteArrayAnnotatedOutput::writeShort (64 bytes)
Event: 86.325 Thread 0x00007feebd03b000 nmethod 12949 0x0000000112b288d0 code [0x0000000112b28a60, 0x0000000112b28d18]
Event: 86.325 Thread 0x00007feebd03b000 12950       2       com.android.dx.dex.file.MemberIdItem::writeTo (231 bytes)
Event: 86.327 Thread 0x00007feebd03b000 nmethod 12950 0x0000000113319890 code [0x0000000113319cc0, 0x000000011331b5a8]
Event: 86.327 Thread 0x00007feebd03b000 12951       2       com.android.dx.dex.file.FieldIdItem::getTypoidIdx (17 bytes)
Event: 86.328 Thread 0x00007feebd03b000 nmethod 12951 0x0000000112b28310 code [0x0000000112b284a0, 0x0000000112b286b8]
Event: 86.406 Thread 0x00007feebd03b000 12953       2       com.android.dx.dex.file.ProtoIdsSection::indexOf (49 bytes)
Event: 86.406 Thread 0x00007feebd03b000 nmethod 12953 0x0000000113318f10 code [0x00000001133190e0, 0x0000000113319568]
Event: 86.406 Thread 0x00007feebd03b000 12952       2       com.android.dx.dex.file.MethodIdItem::getTypoidIdx (17 bytes)
Event: 86.407 Thread 0x00007feebd03b000 nmethod 12952 0x00000001132c9310 code [0x00000001132c9480, 0x00000001132c9648]

GC Heap History (10 events):
Event: 74.116 GC heap before
{Heap before GC invocations=48 (full 9):
 PSYoungGen      total 424448K, used 424439K [0x0000000795580000, 0x00000007c0000000, 0x00000007c0000000)
  eden space 232960K, 100% used [0x0000000795580000,0x00000007a3900000,0x00000007a3900000)
  from space 191488K, 99% used [0x00000007b4500000,0x00000007bfffdf10,0x00000007c0000000)
  to   space 232960K, 0% used [0x00000007a3900000,0x00000007a3900000,0x00000007b1c80000)
 ParOldGen       total 1203712K, used 986725K [0x0000000740000000, 0x0000000789780000, 0x0000000795580000)
  object space 1203712K, 81% used [0x0000000740000000,0x000000077c399458,0x0000000789780000)
 Metaspace       used 68346K, capacity 71064K, committed 71424K, reserved 1110016K
  class space    used 9215K, capacity 9876K, committed 9984K, reserved 1048576K
Event: 74.583 GC heap after
Heap after GC invocations=48 (full 9):
 PSYoungGen      total 465920K, used 159058K [0x0000000795580000, 0x00000007c0000000, 0x00000007c0000000)
  eden space 232960K, 0% used [0x0000000795580000,0x0000000795580000,0x00000007a3900000)
  from space 232960K, 68% used [0x00000007a3900000,0x00000007ad454a00,0x00000007b1c80000)
  to   space 232960K, 0% used [0x00000007b1c80000,0x00000007b1c80000,0x00000007c0000000)
 ParOldGen       total 1203712K, used 1065916K [0x0000000740000000, 0x0000000789780000, 0x0000000795580000)
  object space 1203712K, 88% used [0x0000000740000000,0x00000007810ef260,0x0000000789780000)
 Metaspace       used 68346K, capacity 71064K, committed 71424K, reserved 1110016K
  class space    used 9215K, capacity 9876K, committed 9984K, reserved 1048576K
}
Event: 75.185 GC heap before
{Heap before GC invocations=49 (full 9):
 PSYoungGen      total 465920K, used 392018K [0x0000000795580000, 0x00000007c0000000, 0x00000007c0000000)
  eden space 232960K, 100% used [0x0000000795580000,0x00000007a3900000,0x00000007a3900000)
  from space 232960K, 68% used [0x00000007a3900000,0x00000007ad454a00,0x00000007b1c80000)
  to   space 232960K, 0% used [0x00000007b1c80000,0x00000007b1c80000,0x00000007c0000000)
 ParOldGen       total 1203712K, used 1065916K [0x0000000740000000, 0x0000000789780000, 0x0000000795580000)
  object space 1203712K, 88% used [0x0000000740000000,0x00000007810ef260,0x0000000789780000)
 Metaspace       used 68346K, capacity 71064K, committed 71424K, reserved 1110016K
  class space    used 9215K, capacity 9876K, committed 9984K, reserved 1048576K
Event: 75.529 GC heap after
Heap after GC invocations=49 (full 9):
 PSYoungGen      total 465920K, used 127364K [0x0000000795580000, 0x00000007c0000000, 0x00000007c0000000)
  eden space 232960K, 0% used [0x0000000795580000,0x0000000795580000,0x00000007a3900000)
  from space 232960K, 54% used [0x00000007b1c80000,0x00000007b98e11d0,0x00000007c0000000)
  to   space 232960K, 0% used [0x00000007a3900000,0x00000007a3900000,0x00000007b1c80000)
 ParOldGen       total 1203712K, used 1131196K [0x0000000740000000, 0x0000000789780000, 0x0000000795580000)
  object space 1203712K, 93% used [0x0000000740000000,0x00000007850af1a0,0x0000000789780000)
 Metaspace       used 68346K, capacity 71064K, committed 71424K, reserved 1110016K
  class space    used 9215K, capacity 9876K, committed 9984K, reserved 1048576K
}
Event: 75.529 GC heap before
{Heap before GC invocations=50 (full 10):
 PSYoungGen      total 465920K, used 127364K [0x0000000795580000, 0x00000007c0000000, 0x00000007c0000000)
  eden space 232960K, 0% used [0x0000000795580000,0x0000000795580000,0x00000007a3900000)
  from space 232960K, 54% used [0x00000007b1c80000,0x00000007b98e11d0,0x00000007c0000000)
  to   space 232960K, 0% used [0x00000007a3900000,0x00000007a3900000,0x00000007b1c80000)
 ParOldGen       total 1203712K, used 1131196K [0x0000000740000000, 0x0000000789780000, 0x0000000795580000)
  object space 1203712K, 93% used [0x0000000740000000,0x00000007850af1a0,0x0000000789780000)
 Metaspace       used 68346K, capacity 71064K, committed 71424K, reserved 1110016K
  class space    used 9215K, capacity 9876K, committed 9984K, reserved 1048576K
Event: 82.780 GC heap after
Heap after GC invocations=50 (full 10):
 PSYoungGen      total 465920K, used 0K [0x0000000795580000, 0x00000007c0000000, 0x00000007c0000000)
  eden space 232960K, 0% used [0x0000000795580000,0x0000000795580000,0x00000007a3900000)
  from space 232960K, 0% used [0x00000007b1c80000,0x00000007b1c80000,0x00000007c0000000)
  to   space 232960K, 0% used [0x00000007a3900000,0x00000007a3900000,0x00000007b1c80000)
 ParOldGen       total 1398272K, used 1125526K [0x0000000740000000, 0x0000000795580000, 0x0000000795580000)
  object space 1398272K, 80% used [0x0000000740000000,0x0000000784b25b50,0x0000000795580000)
 Metaspace       used 68346K, capacity 71064K, committed 71424K, reserved 1110016K
  class space    used 9215K, capacity 9876K, committed 9984K, reserved 1048576K
}
Event: 84.987 GC heap before
{Heap before GC invocations=51 (full 10):
 PSYoungGen      total 465920K, used 232960K [0x0000000795580000, 0x00000007c0000000, 0x00000007c0000000)
  eden space 232960K, 100% used [0x0000000795580000,0x00000007a3900000,0x00000007a3900000)
  from space 232960K, 0% used [0x00000007b1c80000,0x00000007b1c80000,0x00000007c0000000)
  to   space 232960K, 0% used [0x00000007a3900000,0x00000007a3900000,0x00000007b1c80000)
 ParOldGen       total 1398272K, used 1125526K [0x0000000740000000, 0x0000000795580000, 0x0000000795580000)
  object space 1398272K, 80% used [0x0000000740000000,0x0000000784b25b50,0x0000000795580000)
 Metaspace       used 68412K, capacity 71070K, committed 71424K, reserved 1110016K
  class space    used 9218K, capacity 9877K, committed 9984K, reserved 1048576K
Event: 85.247 GC heap after
Heap after GC invocations=51 (full 10):
 PSYoungGen      total 465920K, used 51566K [0x0000000795580000, 0x00000007c0000000, 0x00000007c0000000)
  eden space 232960K, 0% used [0x0000000795580000,0x0000000795580000,0x00000007a3900000)
  from space 232960K, 22% used [0x00000007a3900000,0x00000007a6b5bb58,0x00000007b1c80000)
  to   space 232960K, 0% used [0x00000007b1c80000,0x00000007b1c80000,0x00000007c0000000)
 ParOldGen       total 1398272K, used 1125534K [0x0000000740000000, 0x0000000795580000, 0x0000000795580000)
  object space 1398272K, 80% used [0x0000000740000000,0x0000000784b27b50,0x0000000795580000)
 Metaspace       used 68412K, capacity 71070K, committed 71424K, reserved 1110016K
  class space    used 9218K, capacity 9877K, committed 9984K, reserved 1048576K
}
Event: 85.966 GC heap before
{Heap before GC invocations=52 (full 10):
 PSYoungGen      total 465920K, used 284526K [0x0000000795580000, 0x00000007c0000000, 0x00000007c0000000)
  eden space 232960K, 100% used [0x0000000795580000,0x00000007a3900000,0x00000007a3900000)
  from space 232960K, 22% used [0x00000007a3900000,0x00000007a6b5bb58,0x00000007b1c80000)
  to   space 232960K, 0% used [0x00000007b1c80000,0x00000007b1c80000,0x00000007c0000000)
 ParOldGen       total 1398272K, used 1125534K [0x0000000740000000, 0x0000000795580000, 0x0000000795580000)
  object space 1398272K, 80% used [0x0000000740000000,0x0000000784b27b50,0x0000000795580000)
 Metaspace       used 68444K, capacity 71134K, committed 71424K, reserved 1110016K
  class space    used 9219K, capacity 9877K, committed 9984K, reserved 1048576K
Event: 86.152 GC heap after
Heap after GC invocations=52 (full 10):
 PSYoungGen      total 465920K, used 27744K [0x0000000795580000, 0x00000007c0000000, 0x00000007c0000000)
  eden space 232960K, 0% used [0x0000000795580000,0x0000000795580000,0x00000007a3900000)
  from space 232960K, 11% used [0x00000007b1c80000,0x00000007b3798000,0x00000007c0000000)
  to   space 232960K, 0% used [0x00000007a3900000,0x00000007a3900000,0x00000007b1c80000)
 ParOldGen       total 1398272K, used 1177196K [0x0000000740000000, 0x0000000795580000, 0x0000000795580000)
  object space 1398272K, 84% used [0x0000000740000000,0x0000000787d9b380,0x0000000795580000)
 Metaspace       used 68444K, capacity 71134K, committed 71424K, reserved 1110016K
  class space    used 9219K, capacity 9877K, committed 9984K, reserved 1048576K
}

Deoptimization events (10 events):
Event: 84.243 Thread 0x00007feebdcdc000 Uncommon trap: reason=unstable_if action=reinterpret pc=0x0000000112831fa8 method=com.android.dx.ssa.SsaRenamer$BlockRenamer.addMapping(ILcom/android/dx/rop/code/RegisterSpec;)V @ 120
Event: 84.337 Thread 0x00007feec005f800 Uncommon trap: reason=unstable_if action=reinterpret pc=0x0000000112de8abc method=com.android.dx.rop.code.RegisterSpecSet.equals(Ljava/lang/Object;)Z @ 30
Event: 84.574 Thread 0x00007feec1f93800 Uncommon trap: reason=class_check action=maybe_recompile pc=0x0000000112f6c384 method=com.android.dx.cf.code.BytecodeArray.parseInstruction(ILcom/android/dx/cf/code/BytecodeArray$Visitor;)I @ 2062
Event: 84.664 Thread 0x00007feec1170000 Uncommon trap: reason=class_check action=maybe_recompile pc=0x0000000112f6c384 method=com.android.dx.cf.code.BytecodeArray.parseInstruction(ILcom/android/dx/cf/code/BytecodeArray$Visitor;)I @ 2062
Event: 84.675 Thread 0x00007feebdcdc000 Uncommon trap: reason=class_check action=maybe_recompile pc=0x0000000112f6c384 method=com.android.dx.cf.code.BytecodeArray.parseInstruction(ILcom/android/dx/cf/code/BytecodeArray$Visitor;)I @ 2062
Event: 84.681 Thread 0x00007feebdcdc000 Uncommon trap: reason=class_check action=maybe_recompile pc=0x0000000112f6c384 method=com.android.dx.cf.code.BytecodeArray.parseInstruction(ILcom/android/dx/cf/code/BytecodeArray$Visitor;)I @ 2062
Event: 85.529 Thread 0x00007feec005f800 Uncommon trap: reason=unstable_if action=reinterpret pc=0x000000011296a9dc method=java.lang.Long.numberOfTrailingZeros(J)I @ 3
Event: 85.934 Thread 0x00007feec1f93800 Uncommon trap: reason=class_check action=maybe_recompile pc=0x000000011333a6c4 method=com.android.dx.cf.code.BytecodeArray.parseInstruction(ILcom/android/dx/cf/code/BytecodeArray$Visitor;)I @ 1258
Event: 85.934 Thread 0x00007feec1f93800 Uncommon trap: reason=class_check action=maybe_recompile pc=0x000000011333a6c4 method=com.android.dx.cf.code.BytecodeArray.parseInstruction(ILcom/android/dx/cf/code/BytecodeArray$Visitor;)I @ 1258
Event: 86.220 Thread 0x00007feec1f93800 Uncommon trap: reason=unstable_if action=reinterpret pc=0x0000000112fd6b88 method=com.android.dx.rop.code.RegisterSpecSet.put(Lcom/android/dx/rop/code/RegisterSpec;)V @ 62

Classes redefined (0 events):
No events

Internal exceptions (10 events):
Event: 28.388 Thread 0x00007feec1f93800 Implicit null exception at 0x000000011293d633 to 0x000000011293f899
Event: 28.634 Thread 0x00007feebdcdc000 Implicit null exception at 0x00000001129db8c7 to 0x00000001129ddee5
Event: 40.844 Thread 0x00007feebd91b000 Implicit null exception at 0x00000001119eb285 to 0x00000001119eb909
Event: 68.801 Thread 0x00007feebde50800 Implicit null exception at 0x00000001121cf230 to 0x00000001121d1035
Event: 69.631 Thread 0x00007feebdcdc000 Implicit null exception at 0x0000000112b366a6 to 0x0000000112b3692d
Event: 69.760 Thread 0x00007feebd91b000 Implicit null exception at 0x00000001131c02cc to 0x00000001131c4645
Event: 69.760 Thread 0x00007feec1170000 Implicit null exception at 0x00000001131c02cc to 0x00000001131c4645
Event: 69.789 Thread 0x00007feec1f93800 Implicit null exception at 0x0000000112a7f520 to 0x0000000112a80281
Event: 70.050 Thread 0x00007feebd91b000 Implicit null exception at 0x00000001131d7957 to 0x00000001131d9171
Event: 71.005 Thread 0x00007feebd91b000 Implicit null exception at 0x00000001131ec3c3 to 0x00000001131ee51d

Events (10 events):
Event: 86.211 Thread 0x00007feebde50800 DEOPT UNPACKING pc=0x0000000110e474c4 sp=0x0000700012b2ede0 mode 0
Event: 86.220 Thread 0x00007feec1f93800 Uncommon trap: trap_request=0xffffff65 fr.pc=0x0000000112fd6b88
Event: 86.220 Thread 0x00007feec1f93800 DEOPT PACKING pc=0x0000000112fd6b88 sp=0x0000700012d350c0
Event: 86.220 Thread 0x00007feec1f93800 DEOPT UNPACKING pc=0x0000000110e4547a sp=0x0000700012d35070 mode 2
Event: 86.232 loading class com/android/dex/DexFormat
Event: 86.232 loading class com/android/dex/DexFormat done
Event: 86.249 Thread 0x00007feec1f93800 DEOPT PACKING pc=0x00000001129e7aae sp=0x0000700012d34fe0
Event: 86.249 Thread 0x00007feec1f93800 DEOPT UNPACKING pc=0x0000000110e474c4 sp=0x0000700012d34de0 mode 0
Event: 86.301 Thread 0x00007feec1f93800 DEOPT PACKING pc=0x00000001129e7aae sp=0x0000700012d34fe0
Event: 86.301 Thread 0x00007feec1f93800 DEOPT UNPACKING pc=0x0000000110e474c4 sp=0x0000700012d34de0 mode 0


Dynamic libraries:
0x0000000103ba5000 	/System/Library/Frameworks/Cocoa.framework/Versions/A/Cocoa
0x0000000103bac000 	/System/Library/Frameworks/Security.framework/Versions/A/Security
0x000000010405d000 	/System/Library/Frameworks/ApplicationServices.framework/Versions/A/ApplicationServices
0x0000000104067000 	/usr/lib/libz.1.dylib
0x000000010407f000 	/usr/lib/libSystem.B.dylib
0x0000000104087000 	/System/Library/Frameworks/CoreFoundation.framework/Versions/A/CoreFoundation
0x00000001047ba000 	/System/Library/Frameworks/Foundation.framework/Versions/C/Foundation
0x0000000104e57000 	/usr/lib/libobjc.A.dylib
0x000000010530d000 	/System/Library/Frameworks/AppKit.framework/Versions/C/AppKit
0x0000000106b33000 	/System/Library/Frameworks/CoreData.framework/Versions/A/CoreData
0x0000000106fa7000 	/System/Library/PrivateFrameworks/RemoteViewServices.framework/Versions/A/RemoteViewServices
0x0000000106ff5000 	/System/Library/PrivateFrameworks/UIFoundation.framework/Versions/A/UIFoundation
0x0000000107254000 	/System/Library/PrivateFrameworks/DFRFoundation.framework/Versions/A/DFRFoundation
0x0000000107271000 	/usr/lib/libenergytrace.dylib
0x000000010727d000 	/System/Library/PrivateFrameworks/SkyLight.framework/Versions/A/SkyLight
0x00000001075bd000 	/System/Library/Frameworks/CoreGraphics.framework/Versions/A/CoreGraphics
0x0000000107d73000 	/usr/lib/libScreenReader.dylib
0x0000000107d83000 	/System/Library/Frameworks/Accelerate.framework/Versions/A/Accelerate
0x0000000107d88000 	/System/Library/Frameworks/IOSurface.framework/Versions/A/IOSurface
0x0000000107da1000 	/System/Library/Frameworks/AudioToolbox.framework/Versions/A/AudioToolbox
0x00000001080c1000 	/System/Library/Frameworks/AudioUnit.framework/Versions/A/AudioUnit
0x00000001080d3000 	/System/Library/PrivateFrameworks/DataDetectorsCore.framework/Versions/A/DataDetectorsCore
0x000000010818d000 	/System/Library/PrivateFrameworks/DesktopServicesPriv.framework/Versions/A/DesktopServicesPriv
0x0000000108333000 	/System/Library/Frameworks/Carbon.framework/Versions/A/Frameworks/HIToolbox.framework/Versions/A/HIToolbox
0x00000001087c5000 	/usr/lib/libicucore.A.dylib
0x0000000108aba000 	/System/Library/Frameworks/QuartzCore.framework/Versions/A/QuartzCore
0x0000000108db6000 	/System/Library/Frameworks/Carbon.framework/Versions/A/Frameworks/SpeechRecognition.framework/Versions/A/SpeechRecognition
0x0000000108dcd000 	/usr/lib/libauto.dylib
0x0000000108dd5000 	/usr/lib/libxml2.2.dylib
0x0000000108efd000 	/System/Library/PrivateFrameworks/CoreUI.framework/Versions/A/CoreUI
0x000000010920c000 	/System/Library/Frameworks/CoreAudio.framework/Versions/A/CoreAudio
0x00000001092c8000 	/System/Library/Frameworks/DiskArbitration.framework/Versions/A/DiskArbitration
0x00000001092da000 	/usr/lib/liblangid.dylib
0x00000001092e1000 	/System/Library/PrivateFrameworks/MultitouchSupport.framework/Versions/A/MultitouchSupport
0x000000010931e000 	/System/Library/Frameworks/IOKit.framework/Versions/A/IOKit
0x00000001093f9000 	/usr/lib/libDiagnosticMessagesClient.dylib
0x0000000109407000 	/System/Library/Frameworks/CoreServices.framework/Versions/A/CoreServices
0x000000010940d000 	/System/Library/PrivateFrameworks/PerformanceAnalysis.framework/Versions/A/PerformanceAnalysis
0x0000000109496000 	/System/Library/PrivateFrameworks/GenerationalStorage.framework/Versions/A/GenerationalStorage
0x00000001094cf000 	/System/Library/Frameworks/OpenGL.framework/Versions/A/OpenGL
0x00000001094e8000 	/System/Library/Frameworks/CoreImage.framework/Versions/A/CoreImage
0x00000001098b3000 	/System/Library/Frameworks/CoreText.framework/Versions/A/CoreText
0x0000000109ac3000 	/System/Library/Frameworks/ImageIO.framework/Versions/A/ImageIO
0x0000000109cc0000 	/System/Library/PrivateFrameworks/Backup.framework/Versions/A/Backup
0x0000000109da7000 	/usr/lib/libarchive.2.dylib
0x0000000109de2000 	/System/Library/Frameworks/CFNetwork.framework/Versions/A/CFNetwork
0x000000010a4dd000 	/System/Library/Frameworks/SystemConfiguration.framework/Versions/A/SystemConfiguration
0x000000010a584000 	/usr/lib/libCRFSuite.dylib
0x000000010a5b1000 	/usr/lib/libc++.1.dylib
0x000000010a666000 	/usr/lib/libc++abi.dylib
0x000000010a6a6000 	/usr/lib/system/libcache.dylib
0x000000010a6b6000 	/usr/lib/system/libcommonCrypto.dylib
0x000000010a6d3000 	/usr/lib/system/libcompiler_rt.dylib
0x000000010a6e8000 	/usr/lib/system/libcopyfile.dylib
0x000000010a6fc000 	/usr/lib/system/libcorecrypto.dylib
0x000000010a79c000 	/usr/lib/system/libdispatch.dylib
0x000000010a80b000 	/usr/lib/system/libdyld.dylib
0x000000010a81a000 	/usr/lib/system/libkeymgr.dylib
0x000000010a822000 	/usr/lib/system/liblaunch.dylib
0x000000010a82e000 	/usr/lib/system/libmacho.dylib
0x000000010a83e000 	/usr/lib/system/libquarantine.dylib
0x000000010a847000 	/usr/lib/system/libremovefile.dylib
0x000000010a84f000 	/usr/lib/system/libsystem_asl.dylib
0x000000010a87a000 	/usr/lib/system/libsystem_blocks.dylib
0x000000010a886000 	/usr/lib/system/libsystem_c.dylib
0x000000010a942000 	/usr/lib/system/libsystem_configuration.dylib
0x000000010a94e000 	/usr/lib/system/libsystem_coreservices.dylib
0x000000010a957000 	/usr/lib/system/libsystem_coretls.dylib
0x000000010a97e000 	/usr/lib/system/libsystem_dnssd.dylib
0x000000010a98a000 	/usr/lib/system/libsystem_info.dylib
0x000000010a9ce000 	/usr/lib/system/libsystem_kernel.dylib
0x000000010aa0d000 	/usr/lib/system/libsystem_m.dylib
0x000000010aa68000 	/usr/lib/system/libsystem_malloc.dylib
0x000000010aa99000 	/usr/lib/system/libsystem_network.dylib
0x000000010ab15000 	/usr/lib/system/libsystem_networkextension.dylib
0x000000010ab2f000 	/usr/lib/system/libsystem_notify.dylib
0x000000010ab46000 	/usr/lib/system/libsystem_platform.dylib
0x000000010ab5b000 	/usr/lib/system/libsystem_pthread.dylib
0x000000010ab77000 	/usr/lib/system/libsystem_sandbox.dylib
0x000000010ab83000 	/usr/lib/system/libsystem_secinit.dylib
0x000000010ab8e000 	/usr/lib/system/libsystem_symptoms.dylib
0x000000010ab9e000 	/usr/lib/system/libsystem_trace.dylib
0x000000010abc5000 	/usr/lib/system/libunwind.dylib
0x000000010abd3000 	/usr/lib/system/libxpc.dylib
0x000000010ac21000 	/usr/lib/libbsm.0.dylib
0x000000010ac40000 	/usr/lib/system/libkxld.dylib
0x000000010ac53000 	/usr/lib/libcoretls.dylib
0x000000010ac5f000 	/usr/lib/libcoretls_cfhelpers.dylib
0x000000010ac6b000 	/usr/lib/libOpenScriptingUtil.dylib
0x000000010ac70000 	/usr/lib/libpam.2.dylib
0x000000010ac7e000 	/usr/lib/libsqlite3.dylib
0x000000010adea000 	/usr/lib/libxar.1.dylib
0x000000010ae06000 	/usr/lib/libbz2.1.0.dylib
0x000000010ae1a000 	/usr/lib/liblzma.5.dylib
0x000000010ae3e000 	/usr/lib/libnetwork.dylib
0x000000010aefa000 	/usr/lib/libpcap.A.dylib
0x000000010af3a000 	/System/Library/Frameworks/CoreServices.framework/Versions/A/Frameworks/FSEvents.framework/Versions/A/FSEvents
0x000000010af4f000 	/System/Library/Frameworks/CoreServices.framework/Versions/A/Frameworks/CarbonCore.framework/Versions/A/CarbonCore
0x000000010aaa8000 	/System/Library/Frameworks/CoreServices.framework/Versions/A/Frameworks/Metadata.framework/Versions/A/Metadata
0x000000010b3d6000 	/System/Library/Frameworks/CoreServices.framework/Versions/A/Frameworks/OSServices.framework/Versions/A/OSServices
0x000000010b483000 	/System/Library/Frameworks/CoreServices.framework/Versions/A/Frameworks/SearchKit.framework/Versions/A/SearchKit
0x000000010b53b000 	/System/Library/Frameworks/CoreServices.framework/Versions/A/Frameworks/AE.framework/Versions/A/AE
0x000000010b5c2000 	/System/Library/Frameworks/CoreServices.framework/Versions/A/Frameworks/LaunchServices.framework/Versions/A/LaunchServices
0x000000010b828000 	/System/Library/Frameworks/CoreServices.framework/Versions/A/Frameworks/DictionaryServices.framework/Versions/A/DictionaryServices
0x000000010b88e000 	/System/Library/Frameworks/CoreServices.framework/Versions/A/Frameworks/SharedFileList.framework/Versions/A/SharedFileList
0x000000010b906000 	/System/Library/Frameworks/NetFS.framework/Versions/A/NetFS
0x000000010b91c000 	/System/Library/PrivateFrameworks/NetAuth.framework/Versions/A/NetAuth
0x000000010b937000 	/System/Library/PrivateFrameworks/login.framework/Versions/A/Frameworks/loginsupport.framework/Versions/A/loginsupport
0x000000010b941000 	/System/Library/PrivateFrameworks/TCC.framework/Versions/A/TCC
0x000000010b956000 	/usr/lib/libmecabra.dylib
0x000000010bc66000 	/System/Library/Frameworks/ApplicationServices.framework/Versions/A/Frameworks/ATS.framework/Versions/A/ATS
0x000000010bd06000 	/System/Library/Frameworks/ApplicationServices.framework/Versions/A/Frameworks/ColorSync.framework/Versions/A/ColorSync
0x000000010be00000 	/System/Library/Frameworks/ApplicationServices.framework/Versions/A/Frameworks/HIServices.framework/Versions/A/HIServices
0x000000010be8c000 	/System/Library/Frameworks/ApplicationServices.framework/Versions/A/Frameworks/LangAnalysis.framework/Versions/A/LangAnalysis
0x000000010beac000 	/System/Library/Frameworks/ApplicationServices.framework/Versions/A/Frameworks/PrintCore.framework/Versions/A/PrintCore
0x000000010bf29000 	/System/Library/Frameworks/ApplicationServices.framework/Versions/A/Frameworks/QD.framework/Versions/A/QD
0x000000010bf90000 	/System/Library/Frameworks/ApplicationServices.framework/Versions/A/Frameworks/SpeechSynthesis.framework/Versions/A/SpeechSynthesis
0x000000010bfaf000 	/System/Library/Frameworks/Accelerate.framework/Versions/A/Frameworks/vImage.framework/Versions/A/vImage
0x000000010c65c000 	/System/Library/Frameworks/Accelerate.framework/Versions/A/Frameworks/vecLib.framework/Versions/A/vecLib
0x000000010c660000 	/System/Library/Frameworks/Accelerate.framework/Versions/A/Frameworks/vecLib.framework/Versions/A/libvDSP.dylib
0x000000010c7c1000 	/System/Library/Frameworks/Accelerate.framework/Versions/A/Frameworks/vecLib.framework/Versions/A/libBNNS.dylib
0x000000010c7e3000 	/System/Library/Frameworks/Accelerate.framework/Versions/A/Frameworks/vecLib.framework/Versions/A/libQuadrature.dylib
0x000000010c7f3000 	/System/Library/Frameworks/Accelerate.framework/Versions/A/Frameworks/vecLib.framework/Versions/A/libvMisc.dylib
0x000000010c8b7000 	/System/Library/Frameworks/Accelerate.framework/Versions/A/Frameworks/vecLib.framework/Versions/A/libLAPACK.dylib
0x000000010cd23000 	/System/Library/Frameworks/Accelerate.framework/Versions/A/Frameworks/vecLib.framework/Versions/A/libBLAS.dylib
0x000000010cf15000 	/System/Library/Frameworks/Accelerate.framework/Versions/A/Frameworks/vecLib.framework/Versions/A/libLinearAlgebra.dylib
0x000000010cf3b000 	/System/Library/Frameworks/Accelerate.framework/Versions/A/Frameworks/vecLib.framework/Versions/A/libSparseBLAS.dylib
0x000000010cf56000 	/System/Library/Frameworks/ApplicationServices.framework/Versions/A/Frameworks/ATS.framework/Versions/A/Resources/libFontParser.dylib
0x000000010d114000 	/System/Library/Frameworks/ApplicationServices.framework/Versions/A/Frameworks/ATS.framework/Versions/A/Resources/libFontRegistry.dylib
0x000000010d191000 	/System/Library/Frameworks/ImageIO.framework/Versions/A/Resources/libJPEG.dylib
0x000000010d1be000 	/System/Library/Frameworks/ImageIO.framework/Versions/A/Resources/libTIFF.dylib
0x000000010d21f000 	/System/Library/Frameworks/ImageIO.framework/Versions/A/Resources/libPng.dylib
0x000000010d256000 	/System/Library/Frameworks/ImageIO.framework/Versions/A/Resources/libGIF.dylib
0x000000010d263000 	/System/Library/Frameworks/ImageIO.framework/Versions/A/Resources/libJP2.dylib
0x000000010d382000 	/System/Library/Frameworks/ImageIO.framework/Versions/A/Resources/libRadiance.dylib
0x000000010d38a000 	/usr/lib/libcompression.dylib
0x000000010d3ad000 	/System/Library/PrivateFrameworks/AppleJPEG.framework/Versions/A/AppleJPEG
0x000000010d49e000 	/usr/lib/libcups.2.dylib
0x000000010d50a000 	/System/Library/Frameworks/Kerberos.framework/Versions/A/Kerberos
0x000000010d53d000 	/System/Library/Frameworks/GSS.framework/Versions/A/GSS
0x000000010d591000 	/usr/lib/libresolv.9.dylib
0x000000010d5c0000 	/usr/lib/libiconv.2.dylib
0x000000010d6c3000 	/System/Library/PrivateFrameworks/Heimdal.framework/Versions/A/Heimdal
0x000000010d76b000 	/usr/lib/libheimdal-asn1.dylib
0x000000010d77b000 	/System/Library/Frameworks/OpenDirectory.framework/Versions/A/OpenDirectory
0x000000010d7a0000 	/System/Library/PrivateFrameworks/CommonAuth.framework/Versions/A/CommonAuth
0x000000010d7b2000 	/System/Library/Frameworks/OpenDirectory.framework/Versions/A/Frameworks/CFOpenDirectory.framework/Versions/A/CFOpenDirectory
0x000000010d7ed000 	/System/Library/Frameworks/SecurityFoundation.framework/Versions/A/SecurityFoundation
0x000000010d8a8000 	/System/Library/PrivateFrameworks/LanguageModeling.framework/Versions/A/LanguageModeling
0x000000010da92000 	/usr/lib/libmarisa.dylib
0x000000010daba000 	/usr/lib/libChineseTokenizer.dylib
0x000000010dada000 	/usr/lib/libcmph.dylib
0x000000010daf7000 	/System/Library/PrivateFrameworks/CoreEmoji.framework/Versions/A/CoreEmoji
0x000000010db23000 	/System/Library/Frameworks/ServiceManagement.framework/Versions/A/ServiceManagement
0x000000010db33000 	/usr/lib/libxslt.1.dylib
0x000000010db6e000 	/System/Library/Frameworks/Carbon.framework/Versions/A/Frameworks/Ink.framework/Versions/A/Ink
0x000000010dc3a000 	/System/Library/PrivateFrameworks/TextureIO.framework/Versions/A/TextureIO
0x000000010dd26000 	/System/Library/Frameworks/Metal.framework/Versions/A/Metal
0x000000010de2d000 	/usr/lib/libate.dylib
0x000000010df30000 	/System/Library/PrivateFrameworks/GPUCompiler.framework/libmetal_timestamp.dylib
0x000000010df34000 	/System/Library/Frameworks/OpenGL.framework/Versions/A/Libraries/libCoreFSCache.dylib
0x000000010df44000 	/System/Library/PrivateFrameworks/IOAccelerator.framework/Versions/A/IOAccelerator
0x000000010df59000 	/System/Library/Frameworks/CoreVideo.framework/Versions/A/CoreVideo
0x000000010dfbb000 	/usr/lib/libFosl_dynamic.dylib
0x000000010e20b000 	/System/Library/PrivateFrameworks/MetalPerformanceShaders.framework/Versions/A/MetalPerformanceShaders
0x000000010e2cf000 	/System/Library/PrivateFrameworks/FaceCore.framework/Versions/A/FaceCore
0x000000010e923000 	/System/Library/Frameworks/OpenCL.framework/Versions/A/OpenCL
0x000000010e98d000 	/System/Library/Frameworks/OpenGL.framework/Versions/A/Libraries/libGLU.dylib
0x000000010e9e4000 	/System/Library/Frameworks/OpenGL.framework/Versions/A/Libraries/libGFXShared.dylib
0x000000010e9f8000 	/System/Library/Frameworks/OpenGL.framework/Versions/A/Libraries/libGL.dylib
0x000000010ea1b000 	/System/Library/Frameworks/OpenGL.framework/Versions/A/Libraries/libGLImage.dylib
0x000000010ea61000 	/System/Library/Frameworks/OpenGL.framework/Versions/A/Libraries/libCVMSPluginSupport.dylib
0x000000010ea69000 	/System/Library/Frameworks/OpenGL.framework/Versions/A/Libraries/libCoreVMClient.dylib
0x000000010ea75000 	/System/Library/PrivateFrameworks/CrashReporterSupport.framework/Versions/A/CrashReporterSupport
0x000000010ea98000 	/System/Library/PrivateFrameworks/Sharing.framework/Versions/A/Sharing
0x000000010ebb3000 	/System/Library/PrivateFrameworks/IconServices.framework/Versions/A/IconServices
0x000000010ebfb000 	/System/Library/PrivateFrameworks/ProtocolBuffer.framework/Versions/A/ProtocolBuffer
0x000000010ec30000 	/System/Library/PrivateFrameworks/Apple80211.framework/Versions/A/Apple80211
0x000000010ec62000 	/System/Library/Frameworks/CoreWLAN.framework/Versions/A/CoreWLAN
0x000000010ed24000 	/System/Library/PrivateFrameworks/CoreUtils.framework/Versions/A/CoreUtils
0x000000010ee5a000 	/System/Library/Frameworks/IOBluetooth.framework/Versions/A/IOBluetooth
0x000000010ef83000 	/System/Library/PrivateFrameworks/CoreWiFi.framework/Versions/A/CoreWiFi
0x000000010f04f000 	/System/Library/Frameworks/CoreBluetooth.framework/Versions/A/CoreBluetooth
0x000000010f07e000 	/System/Library/Frameworks/CoreDisplay.framework/Versions/A/CoreDisplay
0x000000010f168000 	/System/Library/PrivateFrameworks/IOPresentment.framework/Versions/A/IOPresentment
0x000000010f199000 	/System/Library/PrivateFrameworks/DSExternalDisplay.framework/Versions/A/DSExternalDisplay
0x000000010f1aa000 	/System/Library/PrivateFrameworks/DebugSymbols.framework/Versions/A/DebugSymbols
0x000000010f20d000 	/System/Library/PrivateFrameworks/CoreSymbolication.framework/Versions/A/CoreSymbolication
0x000000010f2f0000 	/System/Library/PrivateFrameworks/Symbolication.framework/Versions/A/Symbolication
0x000000010f3ba000 	/System/Library/PrivateFrameworks/AppleFSCompression.framework/Versions/A/AppleFSCompression
0x000000010f3d9000 	/System/Library/PrivateFrameworks/SpeechRecognitionCore.framework/Versions/A/SpeechRecognitionCore
0x000000010f3f6000 	/System/Library/PrivateFrameworks/ChunkingLibrary.framework/Versions/A/ChunkingLibrary
0x000000010f68d000 	/Applications/Android Studio 2.app/Contents/jre/jdk/Contents/Home/jre/lib/server/libjvm.dylib
0x00000001100f5000 	/usr/lib/libstdc++.6.dylib
0x00000001101ae000 	/Applications/Android Studio 2.app/Contents/jre/jdk/Contents/Home/jre/lib/libverify.dylib
0x00000001101ba000 	/Applications/Android Studio 2.app/Contents/jre/jdk/Contents/Home/jre/lib/libjava.dylib
0x00000001101f6000 	/Applications/Android Studio 2.app/Contents/jre/jdk/Contents/Home/jre/lib/libzip.dylib
0x0000000126927000 	/Applications/Android Studio 2.app/Contents/jre/jdk/Contents/Home/jre/lib/libnet.dylib
0x0000000126986000 	/Applications/Android Studio 2.app/Contents/jre/jdk/Contents/Home/jre/lib/libnio.dylib
0x000000010a87f000 	/Users/laki/.gradle/native/25/osx-amd64/libnative-platform.dylib
0x0000000126d90000 	/Applications/Android Studio 2.app/Contents/jre/jdk/Contents/Home/jre/lib/libmanagement.dylib

VM Arguments:
jvm_args: -Xmx2048m -Dfile.encoding=UTF-8 -Duser.country=ZA -Duser.language=en -Duser.variant 
java_command: org.gradle.launcher.daemon.bootstrap.GradleDaemon 4.4
java_class_path (initial): /Users/laki/.gradle/wrapper/dists/gradle-4.4-all/9br9xq1tocpiv8o6njlyu5op1/gradle-4.4/lib/gradle-launcher-4.4.jar
Launcher Type: SUN_STANDARD

Environment Variables:
PATH=/usr/local/bin:/usr/bin:/bin:/usr/sbin:/sbin:/opt/X11/bin
SHELL=/bin/bash
DISPLAY=/private/tmp/com.apple.launchd.9LnCf5T7CF/org.macosforge.xquartz:0

Signal Handlers:
SIGSEGV: [libjvm.dylib+0x53f567], sa_mask[0]=11111111011111110111111111111111, sa_flags=SA_ONSTACK|SA_RESTART|SA_SIGINFO
SIGBUS: [libjvm.dylib+0x53f567], sa_mask[0]=11111111011111110111111111111111, sa_flags=SA_RESTART|SA_SIGINFO
SIGFPE: [libjvm.dylib+0x437adf], sa_mask[0]=11111111011111110111111111111111, sa_flags=SA_RESTART|SA_SIGINFO
SIGPIPE: [libjvm.dylib+0x437adf], sa_mask[0]=11111111011111110111111111111111, sa_flags=SA_RESTART|SA_SIGINFO
SIGXFSZ: [libjvm.dylib+0x437adf], sa_mask[0]=11111111011111110111111111111111, sa_flags=SA_RESTART|SA_SIGINFO
SIGILL: [libjvm.dylib+0x437adf], sa_mask[0]=11111111011111110111111111111111, sa_flags=SA_RESTART|SA_SIGINFO
SIGUSR1: SIG_DFL, sa_mask[0]=00000000000000000000000000000000, sa_flags=none
SIGUSR2: [libjvm.dylib+0x438404], sa_mask[0]=00100000000000000000000000000000, sa_flags=SA_RESTART|SA_SIGINFO
SIGHUP: [libjvm.dylib+0x4365f9], sa_mask[0]=11111111011111110111111111111111, sa_flags=SA_RESTART|SA_SIGINFO
SIGINT: [libjvm.dylib+0x4365f9], sa_mask[0]=11111111011111110111111111111111, sa_flags=SA_RESTART|SA_SIGINFO
SIGTERM: [libjvm.dylib+0x4365f9], sa_mask[0]=11111111011111110111111111111111, sa_flags=SA_RESTART|SA_SIGINFO
SIGQUIT: [libjvm.dylib+0x4365f9], sa_mask[0]=11111111011111110111111111111111, sa_flags=SA_RESTART|SA_SIGINFO


---------------  S Y S T E M  ---------------

OS:Bsduname:Darwin 16.6.0 Darwin Kernel Version 16.6.0: Fri Apr 14 16:21:16 PDT 2017; root:xnu-3789.60.24~6/RELEASE_X86_64 x86_64
rlimit: STACK 8192k, CORE 0k, NPROC 709, NOFILE 10240, AS infinity
load average:5.70 3.89 2.33

CPU:total 4 (initial active 4) (2 cores per cpu, 2 threads per core) family 6 model 58 stepping 9, cmov, cx8, fxsr, mmx, sse, sse2, sse3, ssse3, sse4.1, sse4.2, popcnt, avx, aes, clmul, erms, ht, tsc, tscinvbit, tscinv

Memory: 4k page, physical 4194304k(22936k free)

/proc/meminfo:


vm_info: OpenJDK 64-Bit Server VM (25.152-b01) for bsd-amd64 JRE (1.8.0_152-release-1024-b01), built by "builder" with gcc 4.2.1 Compatible Apple LLVM 8.1.0 (clang-802.0.42)

time: Tue May  8 18:40:16 2018
elapsed time: 86 seconds (0d 0h 1m 26s)

