#
# A fatal error has been detected by the Java Runtime Environment:
#
#  SIGBUS (0xa) at pc=0x000000010ce7a9de, pid=502, tid=0x0000000000002d03
#
# JRE version: OpenJDK Runtime Environment (8.0_152-b01) (build 1.8.0_152-release-1024-b01)
# Java VM: OpenJDK 64-Bit Server VM (25.152-b01 mixed mode bsd-amd64 compressed oops)
# Problematic frame:
# V  [libjvm.dylib+0x47a9de]  DiscoveredListIterator::load_ptrs()+0x26
#
# Failed to write core dump. Core dumps have been disabled. To enable core dumping, try "ulimit -c unlimited" before starting Java again
#
# If you would like to submit a bug report, please visit:
#   http://bugreport.java.com/bugreport/crash.jsp
#

---------------  T H R E A D  ---------------

Current thread (0x00007fc936006000):  VMThread [stack: 0x0000700007a24000,0x0000700007b24000] [id=11523]

siginfo: si_signo: 10 (SIGBUS), si_code: 2 (BUS_ADRERR), si_addr: 0x000000078950dd98

Registers:
RAX=0x000000078950dd80, RBX=0x0000700007b23668, RCX=0x000000078950dd98, RDX=0x000000010d1f2d01
RSP=0x0000700007b23650, RBP=0x0000700007b23650, RSI=0x0000000799d81cd8, RDI=0x0000700007b23668
R8 =0x000000010d1e1df0, R9 =0x000000010d1f2df8, R10=0x00000000000002c5, R11=0x000000010d1f2d00
R12=0x00007fc934e07430, R13=0x00007fc934e07478, R14=0x000000010d1f2df8, R15=0x0000000000000000
RIP=0x000000010ce7a9de, EFLAGS=0x0000000000010202, ERR=0x0000000000000004
  TRAPNO=0x000000000000000e

Top of Stack: (sp=0x0000700007b23650)
0x0000700007b23650:   0000700007b236d0 000000010ce7ad10
0x0000700007b23660:   0000000000000000 00007fc934e07478
0x0000700007b23670:   000000079950dd98 000000079950dd80
0x0000700007b23680:   000000078950dd80 000000078950dd98
0x0000700007b23690:   000000078950dd80 000000079950dd8c
0x0000700007b236a0:   0000000799d81cd8 0000700007b239b8
0x0000700007b236b0:   000000010d1f8508 0000000000000003
0x0000700007b236c0:   00007fc934e07300 0000000000000b11
0x0000700007b236d0:   0000700007b23760 000000010ce7a441
0x0000700007b236e0:   000000010d1f83e8 0000000000000007
0x0000700007b236f0:   0000700007b23730 000000010cc54b7d
0x0000700007b23700:   000000010d1ce678 000000010cfa4a60
0x0000700007b23710:   0000700000000002 00007fc934e07430
0x0000700007b23720:   0000700007b239b8 000000010d1f8508
0x0000700007b23730:   0000000000000000 0000000000000000
0x0000700007b23740:   0000000000000000 000000010d1f8508
0x0000700007b23750:   0000700007b239b8 00007fc934e07300
0x0000700007b23760:   0000700007b23810 000000010ce7a13f
0x0000700007b23770:   0000700007b23990 0000000000000000
0x0000700007b23780:   0000700007b238b8 0000000000000000
0x0000700007b23790:   00000000000001a2 0000000000000007
0x0000700007b237a0:   0000700007b237e0 000000010cfa4a60
0x0000700007b237b0:   000000010d1c0000 000000010d1f83e8
0x0000700007b237c0:   000000014916ce40 000000010d1f8508
0x0000700007b237d0:   0000000000000000 0000700007b23990
0x0000700007b237e0:   0000000007b23820 0000700007b238b8
0x0000700007b237f0:   00007fc934f03870 000000010d1f83e8
0x0000700007b23800:   0000000000000000 00007fc939071910
0x0000700007b23810:   0000700007b23b00 000000010ce753dd
0x0000700007b23820:   000000010d1f83e8 0000000000000007
0x0000700007b23830:   0000700008bd2a18 0000700008bd0100
0x0000700007b23840:   0000000000000000 0000000000000000 

Instructions: (pc=0x000000010ce7a9de)
0x000000010ce7a9be:   47 18 48 8d 0d 01 8e 37 00 48 63 09 48 01 c1 48
0x000000010ce7a9ce:   89 4f 20 48 8d 15 20 84 37 00 8a 12 84 d2 74 1a
0x000000010ce7a9de:   8b 31 48 85 f6 74 18 4c 8d 05 04 74 36 00 41 8a
0x000000010ce7a9ee:   48 08 48 d3 e6 49 03 30 eb 07 48 8b 31 eb 02 31 

Register to memory mapping:

RAX=0x000000078950dd80 is an unallocated location in the heap
RBX=0x0000700007b23668 is an unknown value
RCX=0x000000078950dd98 is an unallocated location in the heap
RDX=0x000000010d1f2d01: CONST_G1RecordHRRSEvents+0 in /Applications/Android Studio 2.app/Contents/jre/jdk/Contents/Home/jre/lib/server/libjvm.dylib at 0x000000010ca00000
RSP=0x0000700007b23650 is an unknown value
RBP=0x0000700007b23650 is an unknown value
RSI=0x0000000799d81cd8 is an oop
java.util.zip.ZipFile 
 - klass: 'java/util/zip/ZipFile'
RDI=0x0000700007b23668 is an unknown value
R8 =0x000000010d1e1df0: _ZN8Universe11_narrow_oopE+0 in /Applications/Android Studio 2.app/Contents/jre/jdk/Contents/Home/jre/lib/server/libjvm.dylib at 0x000000010ca00000
R9 =0x000000010d1f2df8: UseCompressedOops+0 in /Applications/Android Studio 2.app/Contents/jre/jdk/Contents/Home/jre/lib/server/libjvm.dylib at 0x000000010ca00000
R10=0x00000000000002c5 is an unknown value
R11=0x000000010d1f2d00: CONST_G1RecordHRRSOops+0 in /Applications/Android Studio 2.app/Contents/jre/jdk/Contents/Home/jre/lib/server/libjvm.dylib at 0x000000010ca00000
R12=0x00007fc934e07430 is an unknown value
R13=0x00007fc934e07478 is an unknown value
R14=0x000000010d1f2df8: UseCompressedOops+0 in /Applications/Android Studio 2.app/Contents/jre/jdk/Contents/Home/jre/lib/server/libjvm.dylib at 0x000000010ca00000
R15=0x0000000000000000 is an unknown value


Stack: [0x0000700007a24000,0x0000700007b24000],  sp=0x0000700007b23650,  free space=1021k
Native frames: (J=compiled Java code, j=interpreted, Vv=VM code, C=native code)
V  [libjvm.dylib+0x47a9de]  DiscoveredListIterator::load_ptrs()+0x26
V  [libjvm.dylib+0x47ad10]  ReferenceProcessor::pp2_work(DiscoveredList&, BoolObjectClosure*, OopClosure*)+0x7e
V  [libjvm.dylib+0x47a441]  ReferenceProcessor::process_discovered_reflist(DiscoveredList*, ReferencePolicy*, bool, BoolObjectClosure*, OopClosure*, VoidClosure*, AbstractRefProcTaskExecutor*)+0x1ff
V  [libjvm.dylib+0x47a13f]  ReferenceProcessor::process_discovered_references(BoolObjectClosure*, OopClosure*, VoidClosure*, AbstractRefProcTaskExecutor*, GCTimer*, GCId)+0x14f
V  [libjvm.dylib+0x4753dd]  PSScavenge::invoke_no_policy()+0x9bf
V  [libjvm.dylib+0x47495c]  PSScavenge::invoke()+0x34
V  [libjvm.dylib+0x44a68e]  ParallelScavengeHeap::failed_mem_allocate(unsigned long)+0x28
V  [libjvm.dylib+0x54002d]  VM_ParallelGCFailedAllocation::doit()+0x4b
V  [libjvm.dylib+0x54f99e]  VM_Operation::evaluate()+0x46
V  [libjvm.dylib+0x54f33a]  VMThread::evaluate_operation(VM_Operation*)+0x146
V  [libjvm.dylib+0x54ed62]  VMThread::loop()+0xc0
V  [libjvm.dylib+0x54eb97]  VMThread::run()+0x73
V  [libjvm.dylib+0x435709]  java_start(Thread*)+0xfa
C  [libsystem_pthread.dylib+0x393b]  _pthread_body+0xb4
C  [libsystem_pthread.dylib+0x3887]  _pthread_body+0x0
C  [libsystem_pthread.dylib+0x308d]  thread_start+0xd

VM_Operation (0x0000700008bd09d0): ParallelGCFailedAllocation, mode: safepoint, requested by thread 0x00007fc935166800


---------------  P R O C E S S  ---------------

Java Threads: ( => current thread )
  0x00007fc9351b1800 JavaThread "RMI RenewClean-[localhost:49208,org.jetbrains.kotlin.daemon.common.LoopbackNetworkInterface$ClientLoopbackSocketFactory@6cb90055]" daemon [_thread_blocked, id=23811, stack(0x0000700008bda000,0x0000700008cda000)]
  0x00007fc935166800 JavaThread "RMI TCP Connection(2)-127.0.0.1" daemon [_thread_blocked, id=23299, stack(0x0000700008ad7000,0x0000700008bd7000)]
  0x00007fc936a60000 JavaThread "RMI Scheduler(0)" daemon [_thread_blocked, id=22787, stack(0x00007000089d4000,0x0000700008ad4000)]
  0x00007fc936a7d000 JavaThread "RMI TCP Connection(1)-127.0.0.1" daemon [_thread_in_native, id=22275, stack(0x00007000088d1000,0x00007000089d1000)]
  0x00007fc936800800 JavaThread "DestroyJavaVM" [_thread_blocked, id=7171, stack(0x0000700007515000,0x0000700007615000)]
  0x00007fc93517e000 JavaThread "GC Daemon" daemon [_thread_blocked, id=21763, stack(0x00007000087ce000,0x00007000088ce000)]
  0x00007fc9360a7000 JavaThread "RMI Reaper" [_thread_blocked, id=21251, stack(0x00007000086cb000,0x00007000087cb000)]
  0x00007fc9360a6000 JavaThread "Timer-0" daemon [_thread_blocked, id=20227, stack(0x00007000084c5000,0x00007000085c5000)]
  0x00007fc9369a3000 JavaThread "RMI TCP Accept-17676" daemon [_thread_in_native, id=19715, stack(0x00007000083c2000,0x00007000084c2000)]
  0x00007fc93600f800 JavaThread "Service Thread" daemon [_thread_blocked, id=18691, stack(0x00007000081bc000,0x00007000082bc000)]
  0x00007fc93600c800 JavaThread "C1 CompilerThread2" daemon [_thread_blocked, id=18179, stack(0x00007000080b9000,0x00007000081b9000)]
  0x00007fc93600c000 JavaThread "C2 CompilerThread1" daemon [_thread_blocked, id=17667, stack(0x0000700007fb6000,0x00007000080b6000)]
  0x00007fc93600a000 JavaThread "C2 CompilerThread0" daemon [_thread_blocked, id=17155, stack(0x0000700007eb3000,0x0000700007fb3000)]
  0x00007fc935011000 JavaThread "Signal Dispatcher" daemon [_thread_blocked, id=16643, stack(0x0000700007db0000,0x0000700007eb0000)]
  0x00007fc936009000 JavaThread "Finalizer" daemon [_thread_blocked, id=12547, stack(0x0000700007c2a000,0x0000700007d2a000)]
  0x00007fc93500d800 JavaThread "Reference Handler" daemon [_thread_blocked, id=12035, stack(0x0000700007b27000,0x0000700007c27000)]

Other Threads:
=>0x00007fc936006000 VMThread [stack: 0x0000700007a24000,0x0000700007b24000] [id=11523]
  0x00007fc936009800 WatcherThread [stack: 0x00007000082bf000,0x00007000083bf000] [id=19203]

VM state:at safepoint (normal execution)

VM Mutex/Monitor currently owned by a thread:  ([mutex/lock_event])
[0x00007fc934e05830] Threads_lock - owner thread: 0x00007fc936006000
[0x00007fc934e05d30] Heap_lock - owner thread: 0x00007fc935166800

Heap:
 PSYoungGen      total 62464K, used 62135K [0x0000000795580000, 0x000000079a400000, 0x00000007c0000000)
  eden space 55296K, 100% used [0x0000000795580000,0x0000000798b80000,0x0000000798b80000)
  from space 7168K, 95% used [0x0000000799d00000,0x000000079a3adfe8,0x000000079a400000)
  to   space 8192K, 99% used [0x0000000799400000,0x0000000799bfec68,0x0000000799c00000)
 ParOldGen       total 33280K, used 7879K [0x0000000740000000, 0x0000000742080000, 0x0000000795580000)
  object space 33280K, 23% used [0x0000000740000000,0x00000007407b1f50,0x0000000742080000)
 Metaspace       used 31991K, capacity 32398K, committed 32944K, reserved 1077248K
  class space    used 4045K, capacity 4173K, committed 4272K, reserved 1048576K

Card table byte_map: [0x000000011c828000,0x000000011cc29000] byte_map_base: 0x0000000118e28000

Marking Bits: (ParMarkBitMap*) 0x000000010d1f81c8
 Begin Bits: [0x000000011ced4000, 0x000000011eed4000)
 End Bits:   [0x000000011eed4000, 0x0000000120ed4000)

Polling page: 0x00000001009fe000

CodeCache: size=245760Kb used=6422Kb max_used=6422Kb free=239337Kb
 bounds [0x000000010d468000, 0x000000010dab8000, 0x000000011c468000]
 total_blobs=2580 nmethods=2137 adapters=357
 compilation: enabled

Compilation events (10 events):
Event: 5.407 Thread 0x00007fc93600c800 2141       3       org.jetbrains.kotlin.container.SingletonDescriptor::setState (12 bytes)
Event: 5.407 Thread 0x00007fc93600c800 nmethod 2141 0x000000010daaf990 code [0x000000010daafb00, 0x000000010daafd68]
Event: 5.407 Thread 0x00007fc93600c800 2142       3       kotlin.collections.ArraysKt___ArraysKt::toList (52 bytes)
Event: 5.408 Thread 0x00007fc93600c800 nmethod 2142 0x000000010daafe50 code [0x000000010dab00a0, 0x000000010dab0b98]
Event: 5.408 Thread 0x00007fc93600c800 2143       3       java.lang.reflect.Executable::getGenericParameterTypes (20 bytes)
Event: 5.408 Thread 0x00007fc93600c800 nmethod 2143 0x000000010dab1250 code [0x000000010dab1400, 0x000000010dab1878]
Event: 5.408 Thread 0x00007fc93600c800 2145       1       org.jetbrains.kotlin.container.SetterInfo::component1 (5 bytes)
Event: 5.408 Thread 0x00007fc93600c800 nmethod 2145 0x000000010dab1990 code [0x000000010dab1ae0, 0x000000010dab1bf0]
Event: 5.486 Thread 0x00007fc93600c800 2146       3       java.lang.Character::codePointAt (51 bytes)
Event: 5.486 Thread 0x00007fc93600c800 nmethod 2146 0x000000010dab24d0 code [0x000000010dab2680, 0x000000010dab2d28]

GC Heap History (10 events):
Event: 2.772 GC heap after
Heap after GC invocations=3 (full 0):
 PSYoungGen      total 18944K, used 2560K [0x0000000795580000, 0x0000000797a80000, 0x00000007c0000000)
  eden space 16384K, 0% used [0x0000000795580000,0x0000000795580000,0x0000000796580000)
  from space 2560K, 100% used [0x0000000796580000,0x0000000796800000,0x0000000796800000)
  to   space 2560K, 0% used [0x0000000797800000,0x0000000797800000,0x0000000797a80000)
 ParOldGen       total 44032K, used 7666K [0x0000000740000000, 0x0000000742b00000, 0x0000000795580000)
  object space 44032K, 17% used [0x0000000740000000,0x000000074077c958,0x0000000742b00000)
 Metaspace       used 15429K, capacity 15698K, committed 16000K, reserved 1062912K
  class space    used 1809K, capacity 1887K, committed 1920K, reserved 1048576K
}
Event: 3.040 GC heap before
{Heap before GC invocations=4 (full 0):
 PSYoungGen      total 18944K, used 18944K [0x0000000795580000, 0x0000000797a80000, 0x00000007c0000000)
  eden space 16384K, 100% used [0x0000000795580000,0x0000000796580000,0x0000000796580000)
  from space 2560K, 100% used [0x0000000796580000,0x0000000796800000,0x0000000796800000)
  to   space 2560K, 0% used [0x0000000797800000,0x0000000797800000,0x0000000797a80000)
 ParOldGen       total 44032K, used 7666K [0x0000000740000000, 0x0000000742b00000, 0x0000000795580000)
  object space 44032K, 17% used [0x0000000740000000,0x000000074077c958,0x0000000742b00000)
 Metaspace       used 18929K, capacity 19178K, committed 19584K, reserved 1067008K
  class space    used 2253K, capacity 2343K, committed 2432K, reserved 1048576K
Event: 3.055 GC heap after
Heap after GC invocations=4 (full 0):
 PSYoungGen      total 35328K, used 2560K [0x0000000795580000, 0x0000000797a80000, 0x00000007c0000000)
  eden space 32768K, 0% used [0x0000000795580000,0x0000000795580000,0x0000000797580000)
  from space 2560K, 100% used [0x0000000797800000,0x0000000797a80000,0x0000000797a80000)
  to   space 2560K, 0% used [0x0000000797580000,0x0000000797580000,0x0000000797800000)
 ParOldGen       total 44032K, used 11282K [0x0000000740000000, 0x0000000742b00000, 0x0000000795580000)
  object space 44032K, 25% used [0x0000000740000000,0x0000000740b04be0,0x0000000742b00000)
 Metaspace       used 18929K, capacity 19178K, committed 19584K, reserved 1067008K
  class space    used 2253K, capacity 2343K, committed 2432K, reserved 1048576K
}
Event: 3.235 GC heap before
{Heap before GC invocations=5 (full 0):
 PSYoungGen      total 35328K, used 11432K [0x0000000795580000, 0x0000000797a80000, 0x00000007c0000000)
  eden space 32768K, 27% used [0x0000000795580000,0x0000000795e2a1d0,0x0000000797580000)
  from space 2560K, 100% used [0x0000000797800000,0x0000000797a80000,0x0000000797a80000)
  to   space 2560K, 0% used [0x0000000797580000,0x0000000797580000,0x0000000797800000)
 ParOldGen       total 44032K, used 11282K [0x0000000740000000, 0x0000000742b00000, 0x0000000795580000)
  object space 44032K, 25% used [0x0000000740000000,0x0000000740b04be0,0x0000000742b00000)
 Metaspace       used 20669K, capacity 20970K, committed 21296K, reserved 1069056K
  class space    used 2487K, capacity 2581K, committed 2608K, reserved 1048576K
Event: 3.242 GC heap after
Heap after GC invocations=5 (full 0):
 PSYoungGen      total 35328K, used 2528K [0x0000000795580000, 0x000000079a480000, 0x00000007c0000000)
  eden space 32768K, 0% used [0x0000000795580000,0x0000000795580000,0x0000000797580000)
  from space 2560K, 98% used [0x0000000797580000,0x00000007977f8040,0x0000000797800000)
  to   space 7680K, 0% used [0x0000000799d00000,0x0000000799d00000,0x000000079a480000)
 ParOldGen       total 44032K, used 13098K [0x0000000740000000, 0x0000000742b00000, 0x0000000795580000)
  object space 44032K, 29% used [0x0000000740000000,0x0000000740ccaa40,0x0000000742b00000)
 Metaspace       used 20669K, capacity 20970K, committed 21296K, reserved 1069056K
  class space    used 2487K, capacity 2581K, committed 2608K, reserved 1048576K
}
Event: 3.242 GC heap before
{Heap before GC invocations=6 (full 1):
 PSYoungGen      total 35328K, used 2528K [0x0000000795580000, 0x000000079a480000, 0x00000007c0000000)
  eden space 32768K, 0% used [0x0000000795580000,0x0000000795580000,0x0000000797580000)
  from space 2560K, 98% used [0x0000000797580000,0x00000007977f8040,0x0000000797800000)
  to   space 7680K, 0% used [0x0000000799d00000,0x0000000799d00000,0x000000079a480000)
 ParOldGen       total 44032K, used 13098K [0x0000000740000000, 0x0000000742b00000, 0x0000000795580000)
  object space 44032K, 29% used [0x0000000740000000,0x0000000740ccaa40,0x0000000742b00000)
 Metaspace       used 20669K, capacity 20970K, committed 21296K, reserved 1069056K
  class space    used 2487K, capacity 2581K, committed 2608K, reserved 1048576K
Event: 3.276 GC heap after
Heap after GC invocations=6 (full 1):
 PSYoungGen      total 35328K, used 0K [0x0000000795580000, 0x000000079a480000, 0x00000007c0000000)
  eden space 32768K, 0% used [0x0000000795580000,0x0000000795580000,0x0000000797580000)
  from space 2560K, 0% used [0x0000000797580000,0x0000000797580000,0x0000000797800000)
  to   space 7680K, 0% used [0x0000000799d00000,0x0000000799d00000,0x000000079a480000)
 ParOldGen       total 33280K, used 6607K [0x0000000740000000, 0x0000000742080000, 0x0000000795580000)
  object space 33280K, 19% used [0x0000000740000000,0x0000000740673f50,0x0000000742080000)
 Metaspace       used 20669K, capacity 20970K, committed 21296K, reserved 1069056K
  class space    used 2487K, capacity 2581K, committed 2608K, reserved 1048576K
}
Event: 4.130 GC heap before
{Heap before GC invocations=7 (full 1):
 PSYoungGen      total 35328K, used 32768K [0x0000000795580000, 0x000000079a480000, 0x00000007c0000000)
  eden space 32768K, 100% used [0x0000000795580000,0x0000000797580000,0x0000000797580000)
  from space 2560K, 0% used [0x0000000797580000,0x0000000797580000,0x0000000797800000)
  to   space 7680K, 0% used [0x0000000799d00000,0x0000000799d00000,0x000000079a480000)
 ParOldGen       total 33280K, used 6607K [0x0000000740000000, 0x0000000742080000, 0x0000000795580000)
  object space 33280K, 19% used [0x0000000740000000,0x0000000740673f50,0x0000000742080000)
 Metaspace       used 24554K, capacity 24876K, committed 25392K, reserved 1071104K
  class space    used 3128K, capacity 3260K, committed 3376K, reserved 1048576K
Event: 4.140 GC heap after
Heap after GC invocations=7 (full 1):
 PSYoungGen      total 62464K, used 6839K [0x0000000795580000, 0x000000079a400000, 0x00000007c0000000)
  eden space 55296K, 0% used [0x0000000795580000,0x0000000795580000,0x0000000798b80000)
  from space 7168K, 95% used [0x0000000799d00000,0x000000079a3adfe8,0x000000079a400000)
  to   space 8192K, 0% used [0x0000000799400000,0x0000000799400000,0x0000000799c00000)
 ParOldGen       total 33280K, used 6615K [0x0000000740000000, 0x0000000742080000, 0x0000000795580000)
  object space 33280K, 19% used [0x0000000740000000,0x0000000740675f50,0x0000000742080000)
 Metaspace       used 24554K, capacity 24876K, committed 25392K, reserved 1071104K
  class space    used 3128K, capacity 3260K, committed 3376K, reserved 1048576K
}
Event: 5.495 GC heap before
{Heap before GC invocations=8 (full 1):
 PSYoungGen      total 62464K, used 62135K [0x0000000795580000, 0x000000079a400000, 0x00000007c0000000)
  eden space 55296K, 100% used [0x0000000795580000,0x0000000798b80000,0x0000000798b80000)
  from space 7168K, 95% used [0x0000000799d00000,0x000000079a3adfe8,0x000000079a400000)
  to   space 8192K, 0% used [0x0000000799400000,0x0000000799400000,0x0000000799c00000)
 ParOldGen       total 33280K, used 6615K [0x0000000740000000, 0x0000000742080000, 0x0000000795580000)
  object space 33280K, 19% used [0x0000000740000000,0x0000000740675f50,0x0000000742080000)
 Metaspace       used 31991K, capacity 32398K, committed 32944K, reserved 1077248K
  class space    used 4045K, capacity 4173K, committed 4272K, reserved 1048576K

Deoptimization events (10 events):
Event: 3.301 Thread 0x00007fc935166800 Uncommon trap: reason=range_check action=make_not_entrant pc=0x000000010d826248 method=sun.reflect.generics.parser.SignatureParser.current()C @ 34
Event: 3.499 Thread 0x00007fc935166800 Uncommon trap: reason=bimorphic action=maybe_recompile pc=0x000000010d70b8d4 method=java.io.FilterInputStream.read([B)I @ 5
Event: 4.119 Thread 0x00007fc935166800 Uncommon trap: reason=unstable_if action=reinterpret pc=0x000000010d93c5fc method=org.jetbrains.kotlin.com.intellij.openapi.vfs.impl.ZipEntryMap.isTheOne(Lorg/jetbrains/kotlin/com/intellij/openapi/vfs/impl/ArchiveHandler$EntryInfo;Ljava/lang/CharSequence;
Event: 4.119 Thread 0x00007fc935166800 Uncommon trap: reason=unstable_if action=reinterpret pc=0x000000010d93e704 method=org.jetbrains.kotlin.com.intellij.openapi.vfs.impl.ZipEntryMap.isTheOne(Lorg/jetbrains/kotlin/com/intellij/openapi/vfs/impl/ArchiveHandler$EntryInfo;Ljava/lang/CharSequence;
Event: 4.148 Thread 0x00007fc935166800 Uncommon trap: reason=unstable_if action=reinterpret pc=0x000000010d938f40 method=org.jetbrains.kotlin.com.intellij.openapi.vfs.impl.ZipEntryMap.isTheOne(Lorg/jetbrains/kotlin/com/intellij/openapi/vfs/impl/ArchiveHandler$EntryInfo;Ljava/lang/CharSequence;
Event: 4.201 Thread 0x00007fc935166800 Uncommon trap: reason=unstable_if action=reinterpret pc=0x000000010d938524 method=org.jetbrains.kotlin.com.intellij.openapi.vfs.impl.ZipEntryMap.put(Ljava/lang/String;Lorg/jetbrains/kotlin/com/intellij/openapi/vfs/impl/ArchiveHandler$EntryInfo;)Lorg/jetbr
Event: 4.958 Thread 0x00007fc935166800 Uncommon trap: reason=unstable_if action=reinterpret pc=0x000000010d9da8a8 method=org.jetbrains.kotlin.protobuf.CodedInputStream.isAtEnd()Z @ 16
Event: 5.003 Thread 0x00007fc935166800 Uncommon trap: reason=unstable_if action=reinterpret pc=0x000000010d915c80 method=java.lang.String.startsWith(Ljava/lang/String;I)Z @ 25
Event: 5.003 Thread 0x00007fc935166800 Uncommon trap: reason=unstable_if action=reinterpret pc=0x000000010d5f0a80 method=java.lang.String.startsWith(Ljava/lang/String;I)Z @ 25
Event: 5.087 Thread 0x00007fc935166800 Uncommon trap: reason=unstable_if action=reinterpret pc=0x000000010d950570 method=org.jetbrains.kotlin.com.intellij.util.SmartList.get(I)Ljava/lang/Object; @ 56

Classes redefined (0 events):
No events

Internal exceptions (10 events):
Event: 1.605 Thread 0x00007fc935166800 Exception <a 'java/lang/NoSuchMethodError': <clinit>> (0x00000007964ca368) thrown at [/Volumes/android/AOSP-openjdk-git/jdk8u/hotspot/src/share/vm/prims/jni.cpp, line 1613]
Event: 1.610 Thread 0x00007fc9351b1800 Exception <a 'java/lang/InterruptedException'> (0x00000007964ea060) thrown at [/Volumes/android/AOSP-openjdk-git/jdk8u/hotspot/src/share/vm/runtime/objectMonitor.cpp, line 1684]
Event: 2.477 Thread 0x00007fc935166800 Exception <a 'java/lang/ArrayIndexOutOfBoundsException'> (0x0000000795a35ea0) thrown at [/Volumes/android/AOSP-openjdk-git/jdk8u/hotspot/src/share/vm/runtime/sharedRuntime.cpp, line 605]
Event: 3.005 Thread 0x00007fc935166800 Implicit null exception at 0x000000010d7d4d6f to 0x000000010d7d4dd9
Event: 3.104 Thread 0x00007fc935166800 Exception <a 'java/lang/NoSuchMethodError': java.lang.Object.lambda$comparing$77a9974f$1(Ljava/util/function/Function;Ljava/lang/Object;Ljava/lang/Object;)I> (0x000000079589b5a8) thrown at [/Volumes/android/AOSP-openjdk-git/jdk8u/hotspot/src/share/vm/inte
Event: 3.301 Thread 0x00007fc935166800 Exception <a 'java/lang/ArrayIndexOutOfBoundsException': 60> (0x000000079562e468) thrown at [/Volumes/android/AOSP-openjdk-git/jdk8u/hotspot/src/share/vm/interpreter/interpreterRuntime.cpp, line 366]
Event: 3.308 Thread 0x00007fc935166800 Exception <a 'java/lang/ArrayIndexOutOfBoundsException'> (0x000000079565b150) thrown at [/Volumes/android/AOSP-openjdk-git/jdk8u/hotspot/src/share/vm/runtime/sharedRuntime.cpp, line 605]
Event: 3.454 Thread 0x00007fc935166800 Exception <a 'java/lang/NoSuchMethodError': java.lang.Object.lambda$static$0(I)[Lorg/jetbrains/kotlin/com/intellij/openapi/editor/event/DocumentListener;> (0x0000000795e60c50) thrown at [/Volumes/android/AOSP-openjdk-git/jdk8u/hotspot/src/share/vm/interpr
Event: 3.485 Thread 0x00007fc935166800 Exception <a 'java/lang/NoSuchMethodError': java.lang.Object.lambda$static$0(I)[Lorg/jetbrains/kotlin/com/intellij/psi/PsiAnnotation;> (0x0000000796052eb8) thrown at [/Volumes/android/AOSP-openjdk-git/jdk8u/hotspot/src/share/vm/interpreter/linkResolver.cp
Event: 3.831 Thread 0x00007fc935166800 Exception <a 'java/lang/NoClassDefFoundError': com/sun/jna/Pointer> (0x000000079673cd68) thrown at [/Volumes/android/AOSP-openjdk-git/jdk8u/hotspot/src/share/vm/classfile/systemDictionary.cpp, line 199]

Events (10 events):
Event: 5.490 loading class org/jetbrains/kotlin/parsing/KotlinParsing$1 done
Event: 5.490 loading class org/jetbrains/kotlin/parsing/Consumer
Event: 5.490 loading class org/jetbrains/kotlin/parsing/Consumer done
Event: 5.492 loading class org/jetbrains/kotlin/parsing/TokenStreamPredicate
Event: 5.492 loading class org/jetbrains/kotlin/parsing/TokenStreamPredicate done
Event: 5.492 loading class org/jetbrains/kotlin/parsing/TokenStreamPattern
Event: 5.492 loading class org/jetbrains/kotlin/parsing/TokenStreamPattern done
Event: 5.495 loading class org/jetbrains/kotlin/com/google/common/collect/ImmutableMap
Event: 5.495 loading class org/jetbrains/kotlin/com/google/common/collect/ImmutableMap done
Event: 5.495 Executing VM operation: ParallelGCFailedAllocation


Dynamic libraries:
0x0000000100547000 	/System/Library/Frameworks/Cocoa.framework/Versions/A/Cocoa
0x000000010054c000 	/System/Library/Frameworks/Security.framework/Versions/A/Security
0x0000000100a01000 	/System/Library/Frameworks/ApplicationServices.framework/Versions/A/ApplicationServices
0x0000000100a07000 	/usr/lib/libz.1.dylib
0x0000000100a25000 	/usr/lib/libSystem.B.dylib
0x0000000100a2e000 	/System/Library/Frameworks/CoreFoundation.framework/Versions/A/CoreFoundation
0x0000000101165000 	/System/Library/Frameworks/Foundation.framework/Versions/C/Foundation
0x0000000101803000 	/usr/lib/libobjc.A.dylib
0x0000000101cb8000 	/System/Library/Frameworks/AppKit.framework/Versions/C/AppKit
0x00000001034e1000 	/System/Library/Frameworks/CoreData.framework/Versions/A/CoreData
0x0000000103955000 	/System/Library/PrivateFrameworks/RemoteViewServices.framework/Versions/A/RemoteViewServices
0x00000001039a6000 	/System/Library/PrivateFrameworks/UIFoundation.framework/Versions/A/UIFoundation
0x0000000103c09000 	/System/Library/PrivateFrameworks/DFRFoundation.framework/Versions/A/DFRFoundation
0x0000000103c26000 	/usr/lib/libenergytrace.dylib
0x0000000103c31000 	/System/Library/PrivateFrameworks/SkyLight.framework/Versions/A/SkyLight
0x0000000103f74000 	/System/Library/Frameworks/CoreGraphics.framework/Versions/A/CoreGraphics
0x0000000104727000 	/usr/lib/libScreenReader.dylib
0x0000000104738000 	/System/Library/Frameworks/Accelerate.framework/Versions/A/Accelerate
0x000000010473f000 	/System/Library/Frameworks/IOSurface.framework/Versions/A/IOSurface
0x0000000104757000 	/System/Library/Frameworks/AudioToolbox.framework/Versions/A/AudioToolbox
0x0000000104a7c000 	/System/Library/Frameworks/AudioUnit.framework/Versions/A/AudioUnit
0x0000000104a8d000 	/System/Library/PrivateFrameworks/DataDetectorsCore.framework/Versions/A/DataDetectorsCore
0x0000000104b47000 	/System/Library/PrivateFrameworks/DesktopServicesPriv.framework/Versions/A/DesktopServicesPriv
0x0000000104cf1000 	/System/Library/Frameworks/Carbon.framework/Versions/A/Frameworks/HIToolbox.framework/Versions/A/HIToolbox
0x0000000105186000 	/usr/lib/libicucore.A.dylib
0x000000010547f000 	/System/Library/Frameworks/QuartzCore.framework/Versions/A/QuartzCore
0x000000010577d000 	/System/Library/Frameworks/Carbon.framework/Versions/A/Frameworks/SpeechRecognition.framework/Versions/A/SpeechRecognition
0x0000000105791000 	/usr/lib/libauto.dylib
0x0000000105798000 	/usr/lib/libxml2.2.dylib
0x00000001058c2000 	/System/Library/PrivateFrameworks/CoreUI.framework/Versions/A/CoreUI
0x0000000105bd5000 	/System/Library/Frameworks/CoreAudio.framework/Versions/A/CoreAudio
0x0000000105c90000 	/System/Library/Frameworks/DiskArbitration.framework/Versions/A/DiskArbitration
0x0000000105ca6000 	/usr/lib/liblangid.dylib
0x0000000105cb1000 	/System/Library/PrivateFrameworks/MultitouchSupport.framework/Versions/A/MultitouchSupport
0x0000000105cf1000 	/System/Library/Frameworks/IOKit.framework/Versions/A/IOKit
0x0000000105dcd000 	/usr/lib/libDiagnosticMessagesClient.dylib
0x0000000105dd5000 	/System/Library/Frameworks/CoreServices.framework/Versions/A/CoreServices
0x0000000105dda000 	/System/Library/PrivateFrameworks/PerformanceAnalysis.framework/Versions/A/PerformanceAnalysis
0x0000000105e67000 	/System/Library/PrivateFrameworks/GenerationalStorage.framework/Versions/A/GenerationalStorage
0x0000000105e9d000 	/System/Library/Frameworks/OpenGL.framework/Versions/A/OpenGL
0x0000000105ebb000 	/System/Library/Frameworks/CoreImage.framework/Versions/A/CoreImage
0x000000010627f000 	/System/Library/Frameworks/CoreText.framework/Versions/A/CoreText
0x0000000106493000 	/System/Library/Frameworks/ImageIO.framework/Versions/A/ImageIO
0x0000000106693000 	/System/Library/PrivateFrameworks/Backup.framework/Versions/A/Backup
0x0000000106780000 	/usr/lib/libarchive.2.dylib
0x00000001067b8000 	/System/Library/Frameworks/CFNetwork.framework/Versions/A/CFNetwork
0x0000000106eb9000 	/System/Library/Frameworks/SystemConfiguration.framework/Versions/A/SystemConfiguration
0x0000000106f67000 	/usr/lib/libCRFSuite.dylib
0x0000000106f91000 	/usr/lib/libc++.1.dylib
0x000000010704b000 	/usr/lib/libc++abi.dylib
0x0000000107089000 	/usr/lib/system/libcache.dylib
0x0000000107095000 	/usr/lib/system/libcommonCrypto.dylib
0x00000001070b0000 	/usr/lib/system/libcompiler_rt.dylib
0x00000001070c8000 	/usr/lib/system/libcopyfile.dylib
0x00000001070d9000 	/usr/lib/system/libcorecrypto.dylib
0x0000000107179000 	/usr/lib/system/libdispatch.dylib
0x00000001071e4000 	/usr/lib/system/libdyld.dylib
0x00000001071f3000 	/usr/lib/system/libkeymgr.dylib
0x00000001071ff000 	/usr/lib/system/liblaunch.dylib
0x000000010720e000 	/usr/lib/system/libmacho.dylib
0x000000010721c000 	/usr/lib/system/libquarantine.dylib
0x0000000107226000 	/usr/lib/system/libremovefile.dylib
0x0000000107232000 	/usr/lib/system/libsystem_asl.dylib
0x000000010725f000 	/usr/lib/system/libsystem_blocks.dylib
0x000000010726a000 	/usr/lib/system/libsystem_c.dylib
0x0000000107324000 	/usr/lib/system/libsystem_configuration.dylib
0x0000000107336000 	/usr/lib/system/libsystem_coreservices.dylib
0x000000010733f000 	/usr/lib/system/libsystem_coretls.dylib
0x0000000107365000 	/usr/lib/system/libsystem_dnssd.dylib
0x0000000107371000 	/usr/lib/system/libsystem_info.dylib
0x00000001073b4000 	/usr/lib/system/libsystem_kernel.dylib
0x00000001073f0000 	/usr/lib/system/libsystem_m.dylib
0x0000000107446000 	/usr/lib/system/libsystem_malloc.dylib
0x0000000107478000 	/usr/lib/system/libsystem_network.dylib
0x00000001074f8000 	/usr/lib/system/libsystem_networkextension.dylib
0x0000000107514000 	/usr/lib/system/libsystem_notify.dylib
0x0000000107529000 	/usr/lib/system/libsystem_platform.dylib
0x000000010753b000 	/usr/lib/system/libsystem_pthread.dylib
0x0000000107553000 	/usr/lib/system/libsystem_sandbox.dylib
0x0000000107562000 	/usr/lib/system/libsystem_secinit.dylib
0x000000010756a000 	/usr/lib/system/libsystem_symptoms.dylib
0x000000010757f000 	/usr/lib/system/libsystem_trace.dylib
0x00000001075a3000 	/usr/lib/system/libunwind.dylib
0x00000001075b2000 	/usr/lib/system/libxpc.dylib
0x00000001075fc000 	/usr/lib/libbsm.0.dylib
0x000000010761b000 	/usr/lib/system/libkxld.dylib
0x000000010762d000 	/usr/lib/libcoretls.dylib
0x000000010763d000 	/usr/lib/libcoretls_cfhelpers.dylib
0x0000000107648000 	/usr/lib/libOpenScriptingUtil.dylib
0x0000000107651000 	/usr/lib/libpam.2.dylib
0x000000010765b000 	/usr/lib/libsqlite3.dylib
0x00000001077c1000 	/usr/lib/libxar.1.dylib
0x00000001077d9000 	/usr/lib/libbz2.1.0.dylib
0x00000001077f4000 	/usr/lib/liblzma.5.dylib
0x000000010781a000 	/usr/lib/libnetwork.dylib
0x00000001078d0000 	/usr/lib/libpcap.A.dylib
0x0000000107914000 	/System/Library/Frameworks/CoreServices.framework/Versions/A/Frameworks/FSEvents.framework/Versions/A/FSEvents
0x0000000107926000 	/System/Library/Frameworks/CoreServices.framework/Versions/A/Frameworks/CarbonCore.framework/Versions/A/CarbonCore
0x000000010747a000 	/System/Library/Frameworks/CoreServices.framework/Versions/A/Frameworks/Metadata.framework/Versions/A/Metadata
0x0000000107dac000 	/System/Library/Frameworks/CoreServices.framework/Versions/A/Frameworks/OSServices.framework/Versions/A/OSServices
0x0000000107e55000 	/System/Library/Frameworks/CoreServices.framework/Versions/A/Frameworks/SearchKit.framework/Versions/A/SearchKit
0x0000000107f0d000 	/System/Library/Frameworks/CoreServices.framework/Versions/A/Frameworks/AE.framework/Versions/A/AE
0x0000000107f8f000 	/System/Library/Frameworks/CoreServices.framework/Versions/A/Frameworks/LaunchServices.framework/Versions/A/LaunchServices
0x00000001081f2000 	/System/Library/Frameworks/CoreServices.framework/Versions/A/Frameworks/DictionaryServices.framework/Versions/A/DictionaryServices
0x0000000108252000 	/System/Library/Frameworks/CoreServices.framework/Versions/A/Frameworks/SharedFileList.framework/Versions/A/SharedFileList
0x00000001082d1000 	/System/Library/Frameworks/NetFS.framework/Versions/A/NetFS
0x00000001082e4000 	/System/Library/PrivateFrameworks/NetAuth.framework/Versions/A/NetAuth
0x00000001082fc000 	/System/Library/PrivateFrameworks/login.framework/Versions/A/Frameworks/loginsupport.framework/Versions/A/loginsupport
0x0000000108306000 	/System/Library/PrivateFrameworks/TCC.framework/Versions/A/TCC
0x000000010831b000 	/usr/lib/libmecabra.dylib
0x000000010862c000 	/System/Library/Frameworks/ApplicationServices.framework/Versions/A/Frameworks/ATS.framework/Versions/A/ATS
0x00000001086cc000 	/System/Library/Frameworks/ApplicationServices.framework/Versions/A/Frameworks/ColorSync.framework/Versions/A/ColorSync
0x00000001087c3000 	/System/Library/Frameworks/ApplicationServices.framework/Versions/A/Frameworks/HIServices.framework/Versions/A/HIServices
0x0000000108851000 	/System/Library/Frameworks/ApplicationServices.framework/Versions/A/Frameworks/LangAnalysis.framework/Versions/A/LangAnalysis
0x0000000108870000 	/System/Library/Frameworks/ApplicationServices.framework/Versions/A/Frameworks/PrintCore.framework/Versions/A/PrintCore
0x00000001088ee000 	/System/Library/Frameworks/ApplicationServices.framework/Versions/A/Frameworks/QD.framework/Versions/A/QD
0x0000000108952000 	/System/Library/Frameworks/ApplicationServices.framework/Versions/A/Frameworks/SpeechSynthesis.framework/Versions/A/SpeechSynthesis
0x0000000108977000 	/System/Library/Frameworks/Accelerate.framework/Versions/A/Frameworks/vImage.framework/Versions/A/vImage
0x0000000109025000 	/System/Library/Frameworks/Accelerate.framework/Versions/A/Frameworks/vecLib.framework/Versions/A/vecLib
0x0000000109029000 	/System/Library/Frameworks/Accelerate.framework/Versions/A/Frameworks/vecLib.framework/Versions/A/libvDSP.dylib
0x0000000109184000 	/System/Library/Frameworks/Accelerate.framework/Versions/A/Frameworks/vecLib.framework/Versions/A/libBNNS.dylib
0x00000001091a4000 	/System/Library/Frameworks/Accelerate.framework/Versions/A/Frameworks/vecLib.framework/Versions/A/libQuadrature.dylib
0x00000001091b1000 	/System/Library/Frameworks/Accelerate.framework/Versions/A/Frameworks/vecLib.framework/Versions/A/libvMisc.dylib
0x000000010927a000 	/System/Library/Frameworks/Accelerate.framework/Versions/A/Frameworks/vecLib.framework/Versions/A/libLAPACK.dylib
0x00000001096ed000 	/System/Library/Frameworks/Accelerate.framework/Versions/A/Frameworks/vecLib.framework/Versions/A/libBLAS.dylib
0x00000001098e0000 	/System/Library/Frameworks/Accelerate.framework/Versions/A/Frameworks/vecLib.framework/Versions/A/libLinearAlgebra.dylib
0x0000000109905000 	/System/Library/Frameworks/Accelerate.framework/Versions/A/Frameworks/vecLib.framework/Versions/A/libSparseBLAS.dylib
0x0000000109925000 	/System/Library/Frameworks/ApplicationServices.framework/Versions/A/Frameworks/ATS.framework/Versions/A/Resources/libFontParser.dylib
0x0000000109ae1000 	/System/Library/Frameworks/ApplicationServices.framework/Versions/A/Frameworks/ATS.framework/Versions/A/Resources/libFontRegistry.dylib
0x0000000109b63000 	/System/Library/Frameworks/ImageIO.framework/Versions/A/Resources/libJPEG.dylib
0x0000000109b92000 	/System/Library/Frameworks/ImageIO.framework/Versions/A/Resources/libTIFF.dylib
0x0000000109bf3000 	/System/Library/Frameworks/ImageIO.framework/Versions/A/Resources/libPng.dylib
0x0000000109c2a000 	/System/Library/Frameworks/ImageIO.framework/Versions/A/Resources/libGIF.dylib
0x0000000109c3b000 	/System/Library/Frameworks/ImageIO.framework/Versions/A/Resources/libJP2.dylib
0x0000000109d57000 	/System/Library/Frameworks/ImageIO.framework/Versions/A/Resources/libRadiance.dylib
0x0000000109d61000 	/usr/lib/libcompression.dylib
0x0000000109d83000 	/System/Library/PrivateFrameworks/AppleJPEG.framework/Versions/A/AppleJPEG
0x0000000109e75000 	/usr/lib/libcups.2.dylib
0x0000000109ee5000 	/System/Library/Frameworks/Kerberos.framework/Versions/A/Kerberos
0x0000000109f1e000 	/System/Library/Frameworks/GSS.framework/Versions/A/GSS
0x0000000109f75000 	/usr/lib/libresolv.9.dylib
0x0000000109f9e000 	/usr/lib/libiconv.2.dylib
0x000000010a0a7000 	/System/Library/PrivateFrameworks/Heimdal.framework/Versions/A/Heimdal
0x000000010a14f000 	/usr/lib/libheimdal-asn1.dylib
0x000000010a15d000 	/System/Library/Frameworks/OpenDirectory.framework/Versions/A/OpenDirectory
0x000000010a184000 	/System/Library/PrivateFrameworks/CommonAuth.framework/Versions/A/CommonAuth
0x000000010a19b000 	/System/Library/Frameworks/OpenDirectory.framework/Versions/A/Frameworks/CFOpenDirectory.framework/Versions/A/CFOpenDirectory
0x000000010a1db000 	/System/Library/Frameworks/SecurityFoundation.framework/Versions/A/SecurityFoundation
0x000000010a299000 	/System/Library/PrivateFrameworks/LanguageModeling.framework/Versions/A/LanguageModeling
0x000000010a486000 	/usr/lib/libmarisa.dylib
0x000000010a4af000 	/usr/lib/libChineseTokenizer.dylib
0x000000010a4cc000 	/usr/lib/libcmph.dylib
0x000000010a4e9000 	/System/Library/PrivateFrameworks/CoreEmoji.framework/Versions/A/CoreEmoji
0x000000010a513000 	/System/Library/Frameworks/ServiceManagement.framework/Versions/A/ServiceManagement
0x000000010a51e000 	/usr/lib/libxslt.1.dylib
0x000000010a60c000 	/System/Library/Frameworks/Carbon.framework/Versions/A/Frameworks/Ink.framework/Versions/A/Ink
0x000000010a6d7000 	/System/Library/PrivateFrameworks/TextureIO.framework/Versions/A/TextureIO
0x000000010a7bc000 	/System/Library/Frameworks/Metal.framework/Versions/A/Metal
0x000000010a8c2000 	/usr/lib/libate.dylib
0x0000000100540000 	/System/Library/PrivateFrameworks/GPUCompiler.framework/libmetal_timestamp.dylib
0x000000010a555000 	/System/Library/Frameworks/OpenGL.framework/Versions/A/Libraries/libCoreFSCache.dylib
0x000000010a55e000 	/System/Library/PrivateFrameworks/IOAccelerator.framework/Versions/A/IOAccelerator
0x000000010a9c5000 	/System/Library/Frameworks/CoreVideo.framework/Versions/A/CoreVideo
0x000000010aa21000 	/usr/lib/libFosl_dynamic.dylib
0x000000010ac6b000 	/System/Library/PrivateFrameworks/MetalPerformanceShaders.framework/Versions/A/MetalPerformanceShaders
0x000000010ad2f000 	/System/Library/PrivateFrameworks/FaceCore.framework/Versions/A/FaceCore
0x000000010b37d000 	/System/Library/Frameworks/OpenCL.framework/Versions/A/OpenCL
0x000000010b3e4000 	/System/Library/Frameworks/OpenGL.framework/Versions/A/Libraries/libGLU.dylib
0x000000010a570000 	/System/Library/Frameworks/OpenGL.framework/Versions/A/Libraries/libGFXShared.dylib
0x000000010b435000 	/System/Library/Frameworks/OpenGL.framework/Versions/A/Libraries/libGL.dylib
0x000000010b455000 	/System/Library/Frameworks/OpenGL.framework/Versions/A/Libraries/libGLImage.dylib
0x000000010b49a000 	/System/Library/Frameworks/OpenGL.framework/Versions/A/Libraries/libCVMSPluginSupport.dylib
0x000000010b4a2000 	/System/Library/Frameworks/OpenGL.framework/Versions/A/Libraries/libCoreVMClient.dylib
0x000000010b4ae000 	/System/Library/PrivateFrameworks/CrashReporterSupport.framework/Versions/A/CrashReporterSupport
0x000000010b4ce000 	/System/Library/PrivateFrameworks/Sharing.framework/Versions/A/Sharing
0x000000010b5e3000 	/System/Library/PrivateFrameworks/IconServices.framework/Versions/A/IconServices
0x000000010b629000 	/System/Library/PrivateFrameworks/ProtocolBuffer.framework/Versions/A/ProtocolBuffer
0x000000010b65c000 	/System/Library/PrivateFrameworks/Apple80211.framework/Versions/A/Apple80211
0x000000010b68c000 	/System/Library/Frameworks/CoreWLAN.framework/Versions/A/CoreWLAN
0x000000010b74a000 	/System/Library/PrivateFrameworks/CoreUtils.framework/Versions/A/CoreUtils
0x000000010b87b000 	/System/Library/Frameworks/IOBluetooth.framework/Versions/A/IOBluetooth
0x000000010b9a1000 	/System/Library/PrivateFrameworks/CoreWiFi.framework/Versions/A/CoreWiFi
0x000000010ba68000 	/System/Library/Frameworks/CoreBluetooth.framework/Versions/A/CoreBluetooth
0x000000010ba92000 	/System/Library/Frameworks/CoreDisplay.framework/Versions/A/CoreDisplay
0x000000010bb7a000 	/System/Library/PrivateFrameworks/IOPresentment.framework/Versions/A/IOPresentment
0x000000010bba7000 	/System/Library/PrivateFrameworks/DSExternalDisplay.framework/Versions/A/DSExternalDisplay
0x000000010bbb2000 	/System/Library/PrivateFrameworks/DebugSymbols.framework/Versions/A/DebugSymbols
0x000000010bc10000 	/System/Library/PrivateFrameworks/CoreSymbolication.framework/Versions/A/CoreSymbolication
0x000000010bcf1000 	/System/Library/PrivateFrameworks/Symbolication.framework/Versions/A/Symbolication
0x000000010bdb5000 	/System/Library/PrivateFrameworks/AppleFSCompression.framework/Versions/A/AppleFSCompression
0x000000010bdce000 	/System/Library/PrivateFrameworks/SpeechRecognitionCore.framework/Versions/A/SpeechRecognitionCore
0x000000010bdea000 	/System/Library/PrivateFrameworks/ChunkingLibrary.framework/Versions/A/ChunkingLibrary
0x000000010ca00000 	/Applications/Android Studio 2.app/Contents/jre/jdk/Contents/Home/jre/lib/server/libjvm.dylib
0x000000010c081000 	/usr/lib/libstdc++.6.dylib
0x000000010c13a000 	/Applications/Android Studio 2.app/Contents/jre/jdk/Contents/Home/jre/lib/libverify.dylib
0x000000010c146000 	/Applications/Android Studio 2.app/Contents/jre/jdk/Contents/Home/jre/lib/libjava.dylib
0x000000010c182000 	/Applications/Android Studio 2.app/Contents/jre/jdk/Contents/Home/jre/lib/libzip.dylib
0x000000010c1f3000 	/Applications/Android Studio 2.app/Contents/jre/jdk/Contents/Home/jre/lib/libmanagement.dylib
0x0000000122fdd000 	/Applications/Android Studio 2.app/Contents/jre/jdk/Contents/Home/jre/lib/libnio.dylib
0x0000000122fed000 	/Applications/Android Studio 2.app/Contents/jre/jdk/Contents/Home/jre/lib/./libnet.dylib

VM Arguments:
jvm_args: -Djava.awt.headless=true -Djava.rmi.server.hostname=localhost -Xmx2048m -Dkotlin.environment.keepalive 
java_command: org.jetbrains.kotlin.daemon.KotlinCompileDaemon --daemon-runFilesPath /Users/laki/Library/Application Support/kotlin/daemon --daemon-autoshutdownIdleSeconds=7200 --daemon-compilerClasspath /Users/laki/.gradle/caches/modules-2/files-2.1/org.jetbrains.kotlin/kotlin-compiler-embeddable/1.2.41/e439cfdc216b070ebd454da892447f5dca96a934/kotlin-compiler-embeddable-1.2.41.jar:/Users/laki/.gradle/caches/modules-2/files-2.1/org.jetbrains.kotlin/kotlin-stdlib/1.2.41/7e34f009642702250bccd9e5255866f408962a05/kotlin-stdlib-1.2.41.jar:/Users/laki/.gradle/caches/modules-2/files-2.1/org.jetbrains.kotlin/kotlin-script-runtime/1.2.41/e291b12913910c260ce878f9a76c84203cf710a1/kotlin-script-runtime-1.2.41.jar:/Users/laki/.gradle/caches/modules-2/files-2.1/org.jetbrains.kotlin/kotlin-reflect/1.2.41/e4d6728a4fa55dbfb510aeea25c072c7c51d94/kotlin-reflect-1.2.41.jar:/Applications/Android Studio 2.app/Contents/jre/jdk/Contents/Home/lib/tools.jar
java_class_path (initial): /Users/laki/.gradle/caches/modules-2/files-2.1/org.jetbrains.kotlin/kotlin-compiler-embeddable/1.2.41/e439cfdc216b070ebd454da892447f5dca96a934/kotlin-compiler-embeddable-1.2.41.jar:/Users/laki/.gradle/caches/modules-2/files-2.1/org.jetbrains.kotlin/kotlin-stdlib/1.2.41/7e34f009642702250bccd9e5255866f408962a05/kotlin-stdlib-1.2.41.jar:/Users/laki/.gradle/caches/modules-2/files-2.1/org.jetbrains.kotlin/kotlin-script-runtime/1.2.41/e291b12913910c260ce878f9a76c84203cf710a1/kotlin-script-runtime-1.2.41.jar:/Users/laki/.gradle/caches/modules-2/files-2.1/org.jetbrains.kotlin/kotlin-reflect/1.2.41/e4d6728a4fa55dbfb510aeea25c072c7c51d94/kotlin-reflect-1.2.41.jar:/Applications/Android Studio 2.app/Contents/jre/jdk/Contents/Home/lib/tools.jar
Launcher Type: SUN_STANDARD

Environment Variables:
PATH=/usr/local/bin:/usr/bin:/bin:/usr/sbin:/sbin:/opt/X11/bin
SHELL=/bin/bash
DISPLAY=/private/tmp/com.apple.launchd.bNJXh9HqCu/org.macosforge.xquartz:0

Signal Handlers:
SIGSEGV: [libjvm.dylib+0x53f567], sa_mask[0]=11111111011111110111111111111111, sa_flags=SA_ONSTACK|SA_RESTART|SA_SIGINFO
SIGBUS: [libjvm.dylib+0x53f567], sa_mask[0]=11111111011111110111111111111111, sa_flags=SA_RESTART|SA_SIGINFO
SIGFPE: [libjvm.dylib+0x437adf], sa_mask[0]=11111111011111110111111111111111, sa_flags=SA_RESTART|SA_SIGINFO
SIGPIPE: [libjvm.dylib+0x437adf], sa_mask[0]=11111111011111110111111111111111, sa_flags=SA_RESTART|SA_SIGINFO
SIGXFSZ: [libjvm.dylib+0x437adf], sa_mask[0]=11111111011111110111111111111111, sa_flags=SA_RESTART|SA_SIGINFO
SIGILL: [libjvm.dylib+0x437adf], sa_mask[0]=11111111011111110111111111111111, sa_flags=SA_RESTART|SA_SIGINFO
SIGUSR1: SIG_DFL, sa_mask[0]=00000000000000000000000000000000, sa_flags=none
SIGUSR2: [libjvm.dylib+0x438404], sa_mask[0]=00100000000000000000000000000000, sa_flags=SA_RESTART|SA_SIGINFO
SIGHUP: [libjvm.dylib+0x4365f9], sa_mask[0]=11111111011111110111111111111111, sa_flags=SA_RESTART|SA_SIGINFO
SIGINT: [libjvm.dylib+0x4365f9], sa_mask[0]=11111111011111110111111111111111, sa_flags=SA_RESTART|SA_SIGINFO
SIGTERM: [libjvm.dylib+0x4365f9], sa_mask[0]=11111111011111110111111111111111, sa_flags=SA_RESTART|SA_SIGINFO
SIGQUIT: [libjvm.dylib+0x4365f9], sa_mask[0]=11111111011111110111111111111111, sa_flags=SA_RESTART|SA_SIGINFO


---------------  S Y S T E M  ---------------

OS:Bsduname:Darwin 16.6.0 Darwin Kernel Version 16.6.0: Fri Apr 14 16:21:16 PDT 2017; root:xnu-3789.60.24~6/RELEASE_X86_64 x86_64
rlimit: STACK 8192k, CORE 0k, NPROC 709, NOFILE 10240, AS infinity
load average:2.84 2.20 1.32

CPU:total 4 (initial active 4) (2 cores per cpu, 2 threads per core) family 6 model 58 stepping 9, cmov, cx8, fxsr, mmx, sse, sse2, sse3, ssse3, sse4.1, sse4.2, popcnt, avx, aes, clmul, erms, ht, tsc, tscinvbit, tscinv

Memory: 4k page, physical 4194304k(16788k free)

/proc/meminfo:


vm_info: OpenJDK 64-Bit Server VM (25.152-b01) for bsd-amd64 JRE (1.8.0_152-release-1024-b01), built by "builder" with gcc 4.2.1 Compatible Apple LLVM 8.1.0 (clang-802.0.42)

time: Fri May  4 16:08:10 2018
elapsed time: 5 seconds (0d 0h 0m 5s)

