#
# A fatal error has been detected by the Java Runtime Environment:
#
#  SIGSEGV (0xb) at pc=0x000000010e6696f9, pid=537, tid=0x0000000000002603
#
# JRE version: OpenJDK Runtime Environment (8.0_152-b01) (build 1.8.0_152-release-1024-b01)
# Java VM: OpenJDK 64-Bit Server VM (25.152-b01 mixed mode bsd-amd64 compressed oops)
# Problematic frame:
# V  [libjvm.dylib+0x4696f9]  ParCompactionManager::follow_marking_stacks()+0x13f
#
# Failed to write core dump. Core dumps have been disabled. To enable core dumping, try "ulimit -c unlimited" before starting Java again
#
# If you would like to submit a bug report, please visit:
#   http://bugreport.java.com/bugreport/crash.jsp
#

---------------  T H R E A D  ---------------

Current thread (0x00007f997b817000):  GCTaskThread [stack: 0x00007000045b3000,0x00007000046b3000] [id=9731]

siginfo: si_signo: 11 (SIGSEGV), si_code: 1 (SEGV_MAPERR), si_addr: 0x000000649d209b51

Registers:
RAX=0x000000649d209a31, RBX=0x00007f997b415de0, RCX=0x0000000000002003, RDX=0x0000000743c81a60
RSP=0x00007000046b2c70, RBP=0x00007000046b2ce0, RSI=0x00007f997b415de0, RDI=0x00000007401e8078
R8 =0x0000000000000079, R9 =0x000000010e9f2dfb, R10=0x00000001208b3068, R11=0x000000011e8b3068
R12=0x000000010e9f7680, R13=0x000000010e9e1e00, R14=0x00007f997b415de8, R15=0x000000010e9f2df9
RIP=0x000000010e6696f9, EFLAGS=0x0000000000010206, ERR=0x0000000000000004
  TRAPNO=0x000000000000000e

Top of Stack: (sp=0x00007000046b2c70)
0x00007000046b2c70:   00007000046b2ca0 00007f997b415e20
0x00007000046b2c80:   00007f997b415ea0 0000000743c81a60
0x00007000046b2c90:   00007f997b415e68 00007000046b2d88
0x00007000046b2ca0:   00007000046b2ce0 000000010e4f9ac0
0x00007000046b2cb0:   00007f997b414670 00007f997b601910
0x00007000046b2cc0:   00007000046b2d88 000000010e7a286a
0x00007000046b2cd0:   00007f997b415de0 0000000000000001
0x00007000046b2ce0:   00007000046b2dc0 000000010e65b443
0x00007000046b2cf0:   00007000046b2d60 000000010900f4ce
0x00007000046b2d00:   0000000000000000 00007f9900000000
0x00007000046b2d10:   0000000000000000 00007f997b410068
0x00007000046b2d20:   0000000000000000 0000000000000000
0x00007000046b2d30:   00007f9900000000 00007f997b410068
0x00007000046b2d40:   00007f997b601910 000000010e781c32
0x00007000046b2d50:   00007f997b410028 0000000000000001
0x00007000046b2d60:   00007000046b2d90 000000010e637a51
0x00007000046b2d70:   000000010e9bb278 00007f997b40d100
0x00007000046b2d80:   00007000046b2d88 000000010e9bb248
0x00007000046b2d90:   00007000046b2d00 00007f997b415de0
0x00007000046b2da0:   00007f997b817000 00007f997b601910
0x00007000046b2db0:   0000000000000000 0000000000000001
0x00007000046b2dc0:   00007000046b2ea0 000000010e454928
0x00007000046b2dd0:   000000010e9f2f00 00007f997b817000
0x00007000046b2de0:   00007f997b40e8a0 00007f997b40e8e0
0x00007000046b2df0:   00007f997b40e8f0 00007f997b40e9c8
0x00007000046b2e00:   00000000000000d8 00007f997b40eae0
0x00007000046b2e10:   00007f997b817000 00007f997b40e8a0
0x00007000046b2e20:   00007f997b40e8e0 00007f997b40e8f0
0x00007000046b2e30:   00007f997b40e9c8 00000000000000d8
0x00007000046b2e40:   00007000046b2dd8 00007f997b40e480
0x00007000046b2e50:   00007f997b40e4b0 00007f997b40e4c0
0x00007000046b2e60:   00007f997b40e898 00000000000003d8 

Instructions: (pc=0x000000010e6696f9)
0x000000010e6696d9:   41 80 3f 00 74 10 41 8a 4d 08 8b 7a 08 48 d3 e7
0x000000010e6696e9:   49 03 7d 00 eb 04 48 8b 7a 08 48 8b 07 48 89 de
0x000000010e6696f9:   ff 90 20 01 00 00 8b 43 08 89 c1 2b 4b 10 f7 c1
0x000000010e669709:   ff ff 01 00 0f 85 61 ff ff ff 31 c0 48 89 45 c8 

Register to memory mapping:

RAX=0x000000649d209a31 is an unknown value
RBX=0x00007f997b415de0 is an unknown value
RCX=0x0000000000002003 is an unknown value
RDX=