#
# A fatal error has been detected by the Java Runtime Environment:
#
#  SIGSEGV (0xb) at pc=0x0000000118259207, pid=745, tid=0x0000000000004503
#
# JRE version: OpenJDK Runtime Environment (8.0_152-b01) (build 1.8.0_152-release-1024-b01)
# Java VM: OpenJDK 64-Bit Server VM (25.152-b01 mixed mode bsd-amd64 compressed oops)
# Problematic frame:
# V  [libjvm.dylib+0x259207]
#
# Failed to write core dump. Core dumps have been disabled. To enable core dumping, try "ulimit -c unlimited" before starting Java again
#
# If you would like to submit a bug report, please visit:
#   http://bugreport.java.com/bugreport/crash.jsp
#

---------------  T H R E A D  ---------------

Current thread (0x00007fe444054800):  JavaThread "C2 CompilerThread1" daemon [_thread_in_native, id=17667, stack(0x00007000022c2000,0x00007000023c2000)]

siginfo: si_signo: 11 (SIGSEGV), si_code: 1 (SEGV_MAPERR), si_addr: 0x00007fe66c3fbdd0

Registers:
RAX=0x00007fe447eb5e10, RBX=0x00007fe4448a8bc0, RCX=0x00007fe4448a8bc0, RDX=0x00000000448a8bf8
RSP=0x00007000023bead0, RBP=0x00007000023beb00, RSI=0x00007000023bebd0, RDI=0x000000000224545f
R8 =0x0000000000000000, R9 =0x0000000f00000000, R10=0x0000000800000000, R11=0xfffffffffee707c0
R12=0x00007fe4468a8d98, R13=0x00007fe4468a8da0, R14=0x00000000000000dc, R15=0x00007000023beb10
RIP=0x0000000118259207, EFLAGS=0x0000000000010287, ERR=0x0000000000000004
  TRAPNO=0x000000000000000e

Top of Stack: (sp=0x00007000023bead0)
0x00007000023bead0:   00007fe4468a8d38 00007fe444897cd8
0x00007000023beae0:   0000000000000000 0000000000000003
0x00007000023beaf0:   00007000023beb10 00007000023c03e8
0x00007000023beb00:   00007000023beb90 0000000118259d0e
0x00007000023beb10:   00007000023bebd0 00007000023bec18
0x00007000023beb20:   00007000023c03e8 00007fe447ca6a28
0x00007000023beb30:   00007fe447eb5e10 00007fe4482d3520
0x00007000023beb40:   00007000023c0440 00007fe447eb5e01
0x00007000023beb50:   00007000023c03e8 00007fe447ca67e0
0x00007000023beb60:   00007fe443fe7fb8 00007fe4482df410
0x00007000023beb70:   00000001187e1a48 0000000000000ff7
0x00007000023beb80:   00007000023c03e8 00007fe4482df410
0x00007000023beb90:   00007000023bec60 0000000118259f6f
0x00007000023beba0:   0000000000000000 00007fe44351ea60
0x00007000023bebb0:   00007fe4447c7c00 00007fe4447ca490
0x00007000023bebc0:   00007fe4447cfbe8 000000000010f2d0
0x00007000023bebd0:   00000001187be498 00007fe44351ea60
0x00007000023bebe0:   0000700000000100 00007fe4482df450
0x00007000023bebf0:   0000000000000104 0000000000000002
0x00007000023bec00:   00007000023bec60 000000011825a3a6
0x00007000023bec10:   00007fe44778ffe8 00007fe44351ea60
0x00007000023bec20:   00007fe400001000 00007fe447c44010
0x00007000023bec30:   00007fe400000090 00007000023c03e8
0x00007000023bec40:   00007000023c1210 00007000023c1168
0x00007000023bec50:   00007000023c03e8 00007000023bf920
0x00007000023bec60:   00007000023bec80 000000011825a1e2
0x00007000023bec70:   00007fe44351ea60 00007000023c1078
0x00007000023bec80:   00007000023c0490 0000000118196931
0x00007000023bec90:   0000000000000000 00000001187b7da0
0x00007000023beca0:   0000000000000006 00007000023c1078
0x00007000023becb0:   00007fe44351ea60 00007fe44351ea60
0x00007000023becc0:   0000000000002000 00007fe446dd6210 

Instructions: (pc=0x0000000118259207)
0x00000001182591e7:   d0 4c 21 c8 4c 39 d0 48 89 d9 75 0a 48 8b 43 08
0x00000001182591f7:   48 8b 08 8b 51 28 49 8b 47 10 89 d2 48 8b 40 68
0x0000000118259207:   48 8b 04 d0 44 39 70 68 72 31 75 0c 0f b7 41 2c
0x0000000118259217:   83 e0 0f 83 f8 0c 74 23 48 89 df e8 df 7b 1c 00 

Register to memory mapping:

RAX=0x00007fe447eb5e10 is an unknown value
RBX=0x00007fe4448a8bc0 is an unknown value
RCX=0x00007fe4448a8bc0 is an unknown value
RDX=0x00000000448a8bf8 is an unknown value
RSP=0x00007000023bead0 is pointing into the stack for thread: 0x00007fe444054800
RBP=0x00007000023beb00 is pointing into the stack for thread: 0x00007fe444054800
RSI=0x00007000023bebd0 is pointing into the stack for thread: 0x00007fe444054800
RDI=0x000000000224545f is an unknown value
R8 =0x0000000000000000 is an unknown value
R9 =0x0000000f00000000 is an unknown value
R10=0x0000000800000000 is an unknown value
R11=0xfffffffffee707c0 is an unknown value
R12=0x00007fe4468a8d98 is an unknown value
R13=0x00007fe4468a8da0 is an unknown value
R14=0x00000000000000dc is an unknown value
R15=0x00007000023beb10 is pointing into the stack for thread: 0x00007fe444054800


Stack: [0x00007000022c2000,0x00007000023c2000],  sp=0x00007000023bead0,  free space=1010k
Native frames: (J=compiled Java code, j=interpreted, Vv=VM code, C=native code)
V  [libjvm.dylib+0x259207]
V  [libjvm.dylib+0x259d0e]
V  [libjvm.dylib+0x259f6f]
V  [libjvm.dylib+0x25a1e2]
V  [libjvm.dylib+0x196931]
V  [libjvm.dylib+0x195388]
V  [libjvm.dylib+0x13b9da]
V  [libjvm.dylib+0x1a067a]
V  [libjvm.dylib+0x19fc78]
V  [libjvm.dylib+0x505e88]
V  [libjvm.dylib+0x505d4d]
V  [libjvm.dylib+0x435709]
C  [libsystem_pthread.dylib+0x393b]  _pthread_body+0xb4
C  [libsystem_pthread.dylib+0x3887]  _pthread_body+0x0
C  [libsystem_pthread.dylib+0x308d]  thread_start+0xd
C  0x0000000000000000


Current CompileTask:
C2:  30974 11154       4       org.jetbrains.kotlin.com.intellij.lang.impl.PsiBuilderImpl::bind (293 bytes)


---------------  P R O C E S S  ---------------

Java Threads: ( => current thread )
  0x00007fe446a36000 JavaThread "RMI RenewClean-[localhost:49231,org.jetbrains.kotlin.daemon.common.LoopbackNetworkInterface$ClientLoopbackSocketFactory@1cfcd54a]" daemon [_thread_blocked, id=20743, stack(0x0000700002fe9000,0x00007000030e9000)]
  0x00007fe4442b2800 JavaThread "RMI TCP Connection(4)-127.0.0.1" daemon [_thread_in_native, id=23815, stack(0x0000700002ee6000,0x0000700002fe6000)]
  0x00007fe446b18000 JavaThread "RMI TCP Connection(3)-127.0.0.1" daemon [_thread_in_native, id=4359, stack(0x000070000171b000,0x000070000181b000)]
  0x00007fe444110800 JavaThread "RMI TCP Connection(2)-127.0.0.1" daemon [_thread_in_native, id=23299, stack(0x0000700002de3000,0x0000700002ee3000)]
  0x00007fe443a7c000 JavaThread "RMI Scheduler(0)" daemon [_thread_blocked, id=22787, stack(0x0000700002ce0000,0x0000700002de0000)]
  0x00007fe444006800 JavaThread "RMI TCP Connection(1)-127.0.0.1" daemon [_thread_in_native, id=22275, stack(0x0000700002bdd000,0x0000700002cdd000)]
  0x00007fe44503f800 JavaThread "DestroyJavaVM" [_thread_blocked, id=6915, stack(0x0000700001821000,0x0000700001921000)]
  0x00007fe4439cb800 JavaThread "GC Daemon" daemon [_thread_blocked, id=21763, stack(0x0000700002ada000,0x0000700002bda000)]
  0x00007fe443a6b800 JavaThread "RMI Reaper" [_thread_blocked, id=21251, stack(0x00007000029d7000,0x0000700002ad7000)]
  0x00007fe4440e6000 JavaThread "Timer-0" daemon [_thread_blocked, id=20227, stack(0x00007000027d1000,0x00007000028d1000)]
  0x00007fe44410b000 JavaThread "RMI TCP Accept-17208" daemon [_thread_in_native, id=19715, stack(0x00007000026ce000,0x00007000027ce000)]
  0x00007fe443803000 JavaThread "Service Thread" daemon [_thread_blocked, id=18691, stack(0x00007000024c8000,0x00007000025c8000)]
  0x00007fe444055000 JavaThread "C1 CompilerThread2" daemon [_thread_blocked, id=18179, stack(0x00007000023c5000,0x00007000024c5000)]
=>0x00007fe444054800 JavaThread "C2 CompilerThread1" daemon [_thread_in_native, id=17667, stack(0x00007000022c2000,0x00007000023c2000)]
  0x00007fe443816000 JavaThread "C2 CompilerThread0" daemon [_thread_blocked, id=17155, stack(0x00007000021bf000,0x00007000022bf000)]
  0x00007fe444063800 JavaThread "Signal Dispatcher" daemon [_thread_blocked, id=16643, stack(0x00007000020bc000,0x00007000021bc000)]
  0x00007fe44380e800 JavaThread "Finalizer" daemon [_thread_blocked, id=12291, stack(0x0000700001f36000,0x0000700002036000)]
  0x00007fe44403a000 JavaThread "Reference Handler" daemon [_thread_blocked, id=11779, stack(0x0000700001e33000,0x0000700001f33000)]

Other Threads:
  0x00007fe444037800 VMThread [stack: 0x0000700001d30000,0x0000700001e30000] [id=11267]
  0x00007fe444056000 WatcherThread [stack: 0x00007000025cb000,0x00007000026cb000] [id=19203]

VM state:not at safepoint (normal execution)

VM Mutex/Monitor currently owned by a thread: None

Heap:
 PSYoungGen      total 211968K, used 11847K [0x0000000795580000, 0x00000007a8e80000, 0x00000007c0000000)
  eden space 160256K, 7% used [0x0000000795580000,0x0000000796111ca8,0x000000079f200000)
  from space 51712K, 0% used [0x000000079f200000,0x000000079f200000,0x00000007a2480000)
  to   space 56832K, 0% used [0x00000007a5700000,0x00000007a5700000,0x00000007a8e80000)
 ParOldGen       total 120832K, used 34825K [0x0000000740000000, 0x0000000747600000, 0x0000000795580000)
  object space 120832K, 28% used [0x0000000740000000,0x0000000742202450,0x0000000747600000)
 Metaspace       used 67839K, capacity 69423K, committed 69632K, reserved 1110016K
  class space    used 8249K, capacity 8621K, committed 8704K, reserved 1048576K

Card table byte_map: [0x0000000127e28000,0x0000000128229000] byte_map_base: 0x0000000124428000

Marking Bits: (ParMarkBitMap*) 0x00000001187f81c8
 Begin Bits: [0x00000001284d4000, 0x000000012a4d4000)
 End Bits:   [0x000000012a4d4000, 0x000000012c4d4000)

Polling page: 0x000000010c249000

CodeCache: size=245760Kb used=29102Kb max_used=30249Kb free=216657Kb
 bounds [0x0000000118a68000, 0x000000011a838000, 0x0000000127a68000]
 total_blobs=9778 nmethods=9226 adapters=465
 compilation: enabled

Compilation events (10 events):
Event: 30.746 Thread 0x00007fe444055000 11198       3       java.util.zip.Inflater::finalize (5 bytes)
Event: 30.747 Thread 0x00007fe444055000 nmethod 11198 0x0000000119b4dc90 code [0x0000000119b4de00, 0x0000000119b4dfa8]
Event: 30.750 Thread 0x00007fe444055000 11199   !   3       java.io.ObjectOutputStream::writeObject0 (619 bytes)
Event: 30.758 Thread 0x00007fe444055000 nmethod 11199 0x000000011a239f50 code [0x000000011a23a540, 0x000000011a23de58]
Event: 30.758 Thread 0x00007fe444055000 11200       3       java.io.ObjectOutputStream$ReplaceTable::lookup (24 bytes)
Event: 30.759 Thread 0x00007fe444055000 nmethod 11200 0x000000011a1da710 code [0x000000011a1da880, 0x000000011a1daac8]
Event: 30.760 Thread 0x00007fe444055000 11201       3       org.jetbrains.kotlin.com.intellij.psi.impl.source.FileTrees::derefStub (11 bytes)
Event: 30.761 Thread 0x00007fe444055000 nmethod 11201 0x000000011a0de5d0 code [0x000000011a0de760, 0x000000011a0deb28]
Event: 30.786 Thread 0x00007fe443816000 nmethod 11196 0x00000001198bf9d0 code [0x00000001198bfc40, 0x00000001198c0f88]
Event: 30.786 Thread 0x00007fe443816000 11197       4       org.jetbrains.kotlin.com.intellij.lang.java.parser.JavaParserUtil$TrailingWhitespacesAndCommentsBinder::getEdgePosition (95 bytes)

GC Heap History (10 events):
Event: 24.339 GC heap before
{Heap before GC invocations=22 (full 4):
 PSYoungGen      total 141824K, used 117760K [0x0000000795580000, 0x00000007a4480000, 0x00000007c0000000)
  eden space 117760K, 100% used [0x0000000795580000,0x000000079c880000,0x000000079c880000)
  from space 24064K, 0% used [0x000000079c880000,0x000000079c880000,0x000000079e000000)
  to   space 39936K, 0% used [0x00000007a1d80000,0x00000007a1d80000,0x00000007a4480000)
 ParOldGen       total 138240K, used 73856K [0x0000000740000000, 0x0000000748700000, 0x0000000795580000)
  object space 138240K, 53% used [0x0000000740000000,0x0000000744820098,0x0000000748700000)
 Metaspace       used 61119K, capacity 62175K, committed 62464K, reserved 1103872K
  class space    used 7420K, capacity 7671K, committed 7680K, reserved 1048576K
Event: 24.370 GC heap after
Heap after GC invocations=22 (full 4):
 PSYoungGen      total 161280K, used 17133K [0x0000000795580000, 0x00000007a2e80000, 0x00000007c0000000)
  eden space 143872K, 0% used [0x0000000795580000,0x0000000795580000,0x000000079e200000)
  from space 17408K, 98% used [0x00000007a1d80000,0x00000007a2e3b598,0x00000007a2e80000)
  to   space 37888K, 0% used [0x000000079e480000,0x000000079e480000,0x00000007a0980000)
 ParOldGen       total 138240K, used 73864K [0x0000000740000000, 0x0000000748700000, 0x0000000795580000)
  object space 138240K, 53% used [0x0000000740000000,0x0000000744822098,0x0000000748700000)
 Metaspace       used 61119K, capacity 62175K, committed 62464K, reserved 1103872K
  class space    used 7420K, capacity 7671K, committed 7680K, reserved 1048576K
}
Event: 26.671 GC heap before
{Heap before GC invocations=23 (full 4):
 PSYoungGen      total 161280K, used 161005K [0x0000000795580000, 0x00000007a2e80000, 0x00000007c0000000)
  eden space 143872K, 100% used [0x0000000795580000,0x000000079e200000,0x000000079e200000)
  from space 17408K, 98% used [0x00000007a1d80000,0x00000007a2e3b598,0x00000007a2e80000)
  to   space 37888K, 0% used [0x000000079e480000,0x000000079e480000,0x00000007a0980000)
 ParOldGen       total 138240K, used 73864K [0x0000000740000000, 0x0000000748700000, 0x0000000795580000)
  object space 138240K, 53% used [0x0000000740000000,0x0000000744822098,0x0000000748700000)
 Metaspace       used 67408K, capacity 68917K, committed 69120K, reserved 1110016K
  class space    used 8230K, capacity 8590K, committed 8704K, reserved 1048576K
Event: 26.727 GC heap after
Heap after GC invocations=23 (full 4):
 PSYoungGen      total 184320K, used 7526K [0x0000000795580000, 0x00000007a4880000, 0x00000007c0000000)
  eden space 146432K, 0% used [0x0000000795580000,0x0000000795580000,0x000000079e480000)
  from space 37888K, 19% used [0x000000079e480000,0x000000079ebd98a8,0x00000007a0980000)
  to   space 36864K, 0% used [0x00000007a2480000,0x00000007a2480000,0x00000007a4880000)
 ParOldGen       total 138240K, used 86338K [0x0000000740000000, 0x0000000748700000, 0x0000000795580000)
  object space 138240K, 62% used [0x0000000740000000,0x0000000745450940,0x0000000748700000)
 Metaspace       used 67408K, capacity 68917K, committed 69120K, reserved 1110016K
  class space    used 8230K, capacity 8590K, committed 8704K, reserved 1048576K
}
Event: 27.482 GC heap before
{Heap before GC invocations=24 (full 4):
 PSYoungGen      total 184320K, used 153958K [0x0000000795580000, 0x00000007a4880000, 0x00000007c0000000)
  eden space 146432K, 100% used [0x0000000795580000,0x000000079e480000,0x000000079e480000)
  from space 37888K, 19% used [0x000000079e480000,0x000000079ebd98a8,0x00000007a0980000)
  to   space 36864K, 0% used [0x00000007a2480000,0x00000007a2480000,0x00000007a4880000)
 ParOldGen       total 138240K, used 86338K [0x0000000740000000, 0x0000000748700000, 0x0000000795580000)
  object space 138240K, 62% used [0x0000000740000000,0x0000000745450940,0x0000000748700000)
 Metaspace       used 67461K, capacity 68981K, committed 69120K, reserved 1110016K
  class space    used 8230K, capacity 8590K, committed 8704K, reserved 1048576K
Event: 27.560 GC heap after
Heap after GC invocations=24 (full 4):
 PSYoungGen      total 197120K, used 36839K [0x0000000795580000, 0x00000007a6f80000, 0x00000007c0000000)
  eden space 160256K, 0% used [0x0000000795580000,0x0000000795580000,0x000000079f200000)
  from space 36864K, 99% used [0x00000007a2480000,0x00000007a4879df0,0x00000007a4880000)
  to   space 51712K, 0% used [0x000000079f200000,0x000000079f200000,0x00000007a2480000)
 ParOldGen       total 138240K, used 108877K [0x0000000740000000, 0x0000000748700000, 0x0000000795580000)
  object space 138240K, 78% used [0x0000000740000000,0x0000000746a53430,0x0000000748700000)
 Metaspace       used 67461K, capacity 68981K, committed 69120K, reserved 1110016K
  class space    used 8230K, capacity 8590K, committed 8704K, reserved 1048576K
}
Event: 30.171 GC heap before
{Heap before GC invocations=25 (full 4):
 PSYoungGen      total 197120K, used 197095K [0x0000000795580000, 0x00000007a6f80000, 0x00000007c0000000)
  eden space 160256K, 100% used [0x0000000795580000,0x000000079f200000,0x000000079f200000)
  from space 36864K, 99% used [0x00000007a2480000,0x00000007a4879df0,0x00000007a4880000)
  to   space 51712K, 0% used [0x000000079f200000,0x000000079f200000,0x00000007a2480000)
 ParOldGen       total 138240K, used 108877K [0x0000000740000000, 0x0000000748700000, 0x0000000795580000)
  object space 138240K, 78% used [0x0000000740000000,0x0000000746a53430,0x0000000748700000)
 Metaspace       used 67829K, capacity 69359K, committed 69632K, reserved 1110016K
  class space    used 8249K, capacity 8621K, committed 8704K, reserved 1048576K
Event: 30.489 GC heap after
Heap after GC invocations=25 (full 4):
 PSYoungGen      total 211968K, used 41571K [0x0000000795580000, 0x00000007a8e80000, 0x00000007c0000000)
  eden space 160256K, 0% used [0x0000000795580000,0x0000000795580000,0x000000079f200000)
  from space 51712K, 80% used [0x000000079f200000,0x00000007a1a98e50,0x00000007a2480000)
  to   space 56832K, 0% used [0x00000007a5700000,0x00000007a5700000,0x00000007a8e80000)
 ParOldGen       total 145408K, used 145393K [0x0000000740000000, 0x0000000748e00000, 0x0000000795580000)
  object space 145408K, 99% used [0x0000000740000000,0x0000000748dfc680,0x0000000748e00000)
 Metaspace       used 67829K, capacity 69359K, committed 69632K, reserved 1110016K
  class space    used 8249K, capacity 8621K, committed 8704K, reserved 1048576K
}
Event: 30.489 GC heap before
{Heap before GC invocations=26 (full 5):
 PSYoungGen      total 211968K, used 41571K [0x0000000795580000, 0x00000007a8e80000, 0x00000007c0000000)
  eden space 160256K, 0% used [0x0000000795580000,0x0000000795580000,0x000000079f200000)
  from space 51712K, 80% used [0x000000079f200000,0x00000007a1a98e50,0x00000007a2480000)
  to   space 56832K, 0% used [0x00000007a5700000,0x00000007a5700000,0x00000007a8e80000)
 ParOldGen       total 145408K, used 145393K [0x0000000740000000, 0x0000000748e00000, 0x0000000795580000)
  object space 145408K, 99% used [0x0000000740000000,0x0000000748dfc680,0x0000000748e00000)
 Metaspace       used 67829K, capacity 69359K, committed 69632K, reserved 1110016K
  class space    used 8249K, capacity 8621K, committed 8704K, reserved 1048576K
Event: 30.746 GC heap after
Heap after GC invocations=26 (full 5):
 PSYoungGen      total 211968K, used 0K [0x0000000795580000, 0x00000007a8e80000, 0x00000007c0000000)
  eden space 160256K, 0% used [0x0000000795580000,0x0000000795580000,0x000000079f200000)
  from space 51712K, 0% used [0x000000079f200000,0x000000079f200000,0x00000007a2480000)
  to   space 56832K, 0% used [0x00000007a5700000,0x00000007a5700000,0x00000007a8e80000)
 ParOldGen       total 120832K, used 34825K [0x0000000740000000, 0x0000000747600000, 0x0000000795580000)
  object space 120832K, 28% used [0x0000000740000000,0x0000000742202450,0x0000000747600000)
 Metaspace       used 67829K, capacity 69359K, committed 69632K, reserved 1110016K
  class space    used 8249K, capacity 8621K, committed 8704K, reserved 1048576K
}

Deoptimization events (10 events):
Event: 28.882 Thread 0x00007fe446b18000 Uncommon trap: reason=class_check action=maybe_recompile pc=0x0000000118b83d38 method=org.jetbrains.kotlin.parsing.AbstractKotlinParsing.tt()Lorg/jetbrains/kotlin/com/intellij/psi/tree/IElementType; @ 4
Event: 29.750 Thread 0x00007fe4442b2800 Uncommon trap: reason=class_check action=maybe_recompile pc=0x00000001197ca264 method=java.io.DataInputStream.readChar()C @ 4
Event: 29.750 Thread 0x00007fe4442b2800 Uncommon trap: reason=class_check action=maybe_recompile pc=0x00000001197ca264 method=java.io.DataInputStream.readChar()C @ 4
Event: 29.750 Thread 0x00007fe4442b2800 Uncommon trap: reason=class_check action=maybe_recompile pc=0x00000001197ca264 method=java.io.DataInputStream.readChar()C @ 4
Event: 29.750 Thread 0x00007fe4442b2800 Uncommon trap: reason=class_check action=maybe_recompile pc=0x00000001197ca264 method=java.io.DataInputStream.readChar()C @ 4
Event: 29.996 Thread 0x00007fe4442b2800 Uncommon trap: reason=class_check action=maybe_recompile pc=0x00000001195cd2f0 method=java.lang.StringCoding.decode(Ljava/nio/charset/Charset;[BII)[C @ 1
Event: 30.003 Thread 0x00007fe4442b2800 Uncommon trap: reason=class_check action=maybe_recompile pc=0x00000001195cd2f0 method=java.lang.StringCoding.decode(Ljava/nio/charset/Charset;[BII)[C @ 1
Event: 30.019 Thread 0x00007fe4442b2800 Uncommon trap: reason=class_check action=maybe_recompile pc=0x00000001195cd2f0 method=java.lang.StringCoding.decode(Ljava/nio/charset/Charset;[BII)[C @ 1
Event: 30.035 Thread 0x00007fe4442b2800 Uncommon trap: reason=class_check action=maybe_recompile pc=0x00000001195cd2f0 method=java.lang.StringCoding.decode(Ljava/nio/charset/Charset;[BII)[C @ 1
Event: 30.048 Thread 0x00007fe4442b2800 Uncommon trap: reason=class_check action=maybe_recompile pc=0x00000001195d0ab4 method=java.lang.StringCoding.decode(Ljava/nio/charset/Charset;[BII)[C @ 1

Classes redefined (0 events):
No events

Internal exceptions (10 events):
Event: 15.095 Thread 0x00007fe444110800 Exception <a 'java/lang/NoSuchMethodError': java.lang.Object.lambda$static$0(Lorg/jetbrains/kotlin/descriptors/ValueParameterDescriptor;Lorg/jetbrains/kotlin/codegen/ExpressionCodegen;)Lorg/jetbrains/kotlin/codegen/StackValue;> (0x000000079a61d830) thrown
Event: 16.572 Thread 0x00007fe444110800 Exception <a 'java/lang/NoSuchMethodError': <clinit>> (0x00000007978da7f0) thrown at [/Volumes/android/AOSP-openjdk-git/jdk8u/hotspot/src/share/vm/prims/jni.cpp, line 1613]
Event: 17.518 Thread 0x00007fe4476ab000 Exception <a 'java/lang/InterruptedException'> (0x0000000797d0c0e8) thrown at [/Volumes/android/AOSP-openjdk-git/jdk8u/hotspot/src/share/vm/runtime/objectMonitor.cpp, line 1684]
Event: 17.520 Thread 0x00007fe446b18000 Implicit null exception at 0x0000000119a0f8da to 0x0000000119a101c1
Event: 22.956 Thread 0x00007fe446b18000 Exception <a 'java/lang/NoSuchMethodError': java.lang.Object.lambda$andThen$1(Ljava/util/function/Function;Ljava/lang/Object;)Ljava/lang/Object;> (0x0000000799eddf20) thrown at [/Volumes/android/AOSP-openjdk-git/jdk8u/hotspot/src/share/vm/interpreter/link
Event: 23.441 Thread 0x00007fe446b18000 Exception <a 'java/lang/NoSuchMethodError': java.lang.Object.lambda$thenComparing$36697e65$1(Ljava/util/Comparator;Ljava/lang/Object;Ljava/lang/Object;)I> (0x000000079b5dcdd8) thrown at [/Volumes/android/AOSP-openjdk-git/jdk8u/hotspot/src/share/vm/interpr
Event: 23.496 Thread 0x00007fe446b18000 Exception <a 'java/lang/NoSuchMethodError': java.lang.Object.lambda$comparing$ea9a8b3a$1(Ljava/util/Comparator;Ljava/util/function/Function;Ljava/lang/Object;Ljava/lang/Object;)I> (0x000000079b666df0) thrown at [/Volumes/android/AOSP-openjdk-git/jdk8u/hot
Event: 26.578 Thread 0x00007fe446b18000 Implicit null exception at 0x0000000119fe7b10 to 0x0000000119fe7fd5
Event: 26.742 Thread 0x00007fe446b18000 Implicit null exception at 0x000000011a2d3059 to 0x000000011a2d3361
Event: 29.760 Thread 0x00007fe446a36000 Exception <a 'java/lang/InterruptedException'> (0x000000079d1f6c70) thrown at [/Volumes/android/AOSP-openjdk-git/jdk8u/hotspot/src/share/vm/runtime/objectMonitor.cpp, line 1684]

Events (10 events):
Event: 30.746 Executing VM operation: ParallelGCFailedAllocation done
Event: 30.746 Thread 0x00007fe4442b2800 DEOPT PACKING pc=0x00000001193c0abc sp=0x0000700002fe2680
Event: 30.746 Thread 0x00007fe4442b2800 DEOPT UNPACKING pc=0x0000000118aaf4c4 sp=0x0000700002fe23f8 mode 0
Event: 30.747 Executing VM operation: RevokeBias
Event: 30.747 Executing VM operation: RevokeBias done
Event: 30.747 Executing VM operation: RevokeBias
Event: 30.747 Executing VM operation: RevokeBias done
Event: 30.752 Executing VM operation: RevokeBias
Event: 30.752 Executing VM operation: RevokeBias done
Event: 30.752 Thread 0x00007fe4476ab000 Thread exited: 0x00007fe4476ab000


Dynamic libraries:
0x000000010bd57000 	/System/Library/Frameworks/Cocoa.framework/Versions/A/Cocoa
0x000000010bd5c000 	/System/Library/Frameworks/Security.framework/Versions/A/Security
0x000000010c20c000 	/System/Library/Frameworks/ApplicationServices.framework/Versions/A/ApplicationServices
0x000000010c211000 	/usr/lib/libz.1.dylib
0x000000010c22e000 	/usr/lib/libSystem.B.dylib
0x000000010c2d5000 	/System/Library/Frameworks/CoreFoundation.framework/Versions/A/CoreFoundation
0x000000010ca07000 	/System/Library/Frameworks/Foundation.framework/Versions/C/Foundation
0x000000010d0a4000 	/usr/lib/libobjc.A.dylib
0x000000010d557000 	/System/Library/Frameworks/AppKit.framework/Versions/C/AppKit
0x000000010ed7a000 	/System/Library/Frameworks/CoreData.framework/Versions/A/CoreData
0x000000010f1e9000 	/System/Library/PrivateFrameworks/RemoteViewServices.framework/Versions/A/RemoteViewServices
0x000000010f234000 	/System/Library/PrivateFrameworks/UIFoundation.framework/Versions/A/UIFoundation
0x000000010f491000 	/System/Library/PrivateFrameworks/DFRFoundation.framework/Versions/A/DFRFoundation
0x000000010bd52000 	/usr/lib/libenergytrace.dylib
0x000000010f4ab000 	/System/Library/PrivateFrameworks/SkyLight.framework/Versions/A/SkyLight
0x000000010f7e9000 	/System/Library/Frameworks/CoreGraphics.framework/Versions/A/CoreGraphics
0x000000010c235000 	/usr/lib/libScreenReader.dylib
0x000000010c228000 	/System/Library/Frameworks/Accelerate.framework/Versions/A/Accelerate
0x000000010ff98000 	/System/Library/Frameworks/IOSurface.framework/Versions/A/IOSurface
0x000000010ffab000 	/System/Library/Frameworks/AudioToolbox.framework/Versions/A/AudioToolbox
0x00000001102cb000 	/System/Library/Frameworks/AudioUnit.framework/Versions/A/AudioUnit
0x00000001102d6000 	/System/Library/PrivateFrameworks/DataDetectorsCore.framework/Versions/A/DataDetectorsCore
0x000000011038c000 	/System/Library/PrivateFrameworks/DesktopServicesPriv.framework/Versions/A/DesktopServicesPriv
0x000000011052f000 	/System/Library/Frameworks/Carbon.framework/Versions/A/Frameworks/HIToolbox.framework/Versions/A/HIToolbox
0x00000001109c1000 	/usr/lib/libicucore.A.dylib
0x0000000110cb6000 	/System/Library/Frameworks/QuartzCore.framework/Versions/A/QuartzCore
0x0000000110faf000 	/System/Library/Frameworks/Carbon.framework/Versions/A/Frameworks/SpeechRecognition.framework/Versions/A/SpeechRecognition
0x000000010c241000 	/usr/lib/libauto.dylib
0x0000000110fbf000 	/usr/lib/libxml2.2.dylib
0x00000001110e7000 	/System/Library/PrivateFrameworks/CoreUI.framework/Versions/A/CoreUI
0x00000001113f5000 	/System/Library/Frameworks/CoreAudio.framework/Versions/A/CoreAudio
0x00000001114ad000 	/System/Library/Frameworks/DiskArbitration.framework/Versions/A/DiskArbitration
0x00000001114bd000 	/usr/lib/liblangid.dylib
0x00000001114c3000 	/System/Library/PrivateFrameworks/MultitouchSupport.framework/Versions/A/MultitouchSupport
0x00000001114ff000 	/System/Library/Frameworks/IOKit.framework/Versions/A/IOKit
0x00000001115d9000 	/usr/lib/libDiagnosticMessagesClient.dylib
0x00000001115e0000 	/System/Library/Frameworks/CoreServices.framework/Versions/A/CoreServices
0x00000001115e5000 	/System/Library/PrivateFrameworks/PerformanceAnalysis.framework/Versions/A/PerformanceAnalysis
0x000000011166d000 	/System/Library/PrivateFrameworks/GenerationalStorage.framework/Versions/A/GenerationalStorage
0x00000001116a2000 	/System/Library/Frameworks/OpenGL.framework/Versions/A/OpenGL
0x00000001116ba000 	/System/Library/Frameworks/CoreImage.framework/Versions/A/CoreImage
0x0000000111a7e000 	/System/Library/Frameworks/CoreText.framework/Versions/A/CoreText
0x0000000111c8d000 	/System/Library/Frameworks/ImageIO.framework/Versions/A/ImageIO
0x0000000111e89000 	/System/Library/PrivateFrameworks/Backup.framework/Versions/A/Backup
0x0000000111f6f000 	/usr/lib/libarchive.2.dylib
0x0000000111fa5000 	/System/Library/Frameworks/CFNetwork.framework/Versions/A/CFNetwork
0x00000001126a0000 	/System/Library/Frameworks/SystemConfiguration.framework/Versions/A/SystemConfiguration
0x0000000112747000 	/usr/lib/libCRFSuite.dylib
0x000000011276d000 	/usr/lib/libc++.1.dylib
0x0000000112821000 	/usr/lib/libc++abi.dylib
0x000000011285b000 	/usr/lib/system/libcache.dylib
0x0000000112865000 	/usr/lib/system/libcommonCrypto.dylib
0x000000011287d000 	/usr/lib/system/libcompiler_rt.dylib
0x0000000112892000 	/usr/lib/system/libcopyfile.dylib
0x00000001128a1000 	/usr/lib/system/libcorecrypto.dylib
0x0000000112940000 	/usr/lib/system/libdispatch.dylib
0x00000001129ab000 	/usr/lib/system/libdyld.dylib
0x00000001129b9000 	/usr/lib/system/libkeymgr.dylib
0x00000001129be000 	/usr/lib/system/liblaunch.dylib
0x00000001129c6000 	/usr/lib/system/libmacho.dylib
0x00000001129d2000 	/usr/lib/system/libquarantine.dylib
0x00000001129db000 	/usr/lib/system/libremovefile.dylib
0x00000001129e2000 	/usr/lib/system/libsystem_asl.dylib
0x0000000112a08000 	/usr/lib/system/libsystem_blocks.dylib
0x0000000112a0d000 	/usr/lib/system/libsystem_c.dylib
0x0000000112ac2000 	/usr/lib/system/libsystem_configuration.dylib
0x0000000112acd000 	/usr/lib/system/libsystem_coreservices.dylib
0x0000000112ad6000 	/usr/lib/system/libsystem_coretls.dylib
0x0000000112afa000 	/usr/lib/system/libsystem_dnssd.dylib
0x0000000112b06000 	/usr/lib/system/libsystem_info.dylib
0x0000000112b45000 	/usr/lib/system/libsystem_kernel.dylib
0x0000000112b7f000 	/usr/lib/system/libsystem_m.dylib
0x0000000112bd3000 	/usr/lib/system/libsystem_malloc.dylib
0x0000000112bfe000 	/usr/lib/system/libsystem_network.dylib
0x0000000112c7a000 	/usr/lib/system/libsystem_networkextension.dylib
0x0000000112c8f000 	/usr/lib/system/libsystem_notify.dylib
0x0000000112ca0000 	/usr/lib/system/libsystem_platform.dylib
0x0000000112cb1000 	/usr/lib/system/libsystem_pthread.dylib
0x0000000112cc8000 	/usr/lib/system/libsystem_sandbox.dylib
0x0000000112cd2000 	/usr/lib/system/libsystem_secinit.dylib
0x0000000112cd9000 	/usr/lib/system/libsystem_symptoms.dylib
0x0000000112ce7000 	/usr/lib/system/libsystem_trace.dylib
0x0000000112d09000 	/usr/lib/system/libunwind.dylib
0x0000000112d16000 	/usr/lib/system/libxpc.dylib
0x0000000112d5f000 	/usr/lib/libbsm.0.dylib
0x0000000112d79000 	/usr/lib/system/libkxld.dylib
0x0000000112d8b000 	/usr/lib/libcoretls.dylib
0x0000000112d94000 	/usr/lib/libcoretls_cfhelpers.dylib
0x0000000112d9b000 	/usr/lib/libOpenScriptingUtil.dylib
0x0000000112da0000 	/usr/lib/libpam.2.dylib
0x0000000112daa000 	/usr/lib/libsqlite3.dylib
0x0000000112f10000 	/usr/lib/libxar.1.dylib
0x0000000112f27000 	/usr/lib/libbz2.1.0.dylib
0x0000000112f3b000 	/usr/lib/liblzma.5.dylib
0x0000000112f5d000 	/usr/lib/libnetwork.dylib
0x0000000113012000 	/usr/lib/libpcap.A.dylib
0x0000000113051000 	/System/Library/Frameworks/CoreServices.framework/Versions/A/Frameworks/FSEvents.framework/Versions/A/FSEvents
0x0000000113061000 	/System/Library/Frameworks/CoreServices.framework/Versions/A/Frameworks/CarbonCore.framework/Versions/A/CarbonCore
0x0000000112bb3000 	/System/Library/Frameworks/CoreServices.framework/Versions/A/Frameworks/Metadata.framework/Versions/A/Metadata
0x00000001134e0000 	/System/Library/Frameworks/CoreServices.framework/Versions/A/Frameworks/OSServices.framework/Versions/A/OSServices
0x0000000113589000 	/System/Library/Frameworks/CoreServices.framework/Versions/A/Frameworks/SearchKit.framework/Versions/A/SearchKit
0x000000011363d000 	/System/Library/Frameworks/CoreServices.framework/Versions/A/Frameworks/AE.framework/Versions/A/AE
0x00000001136bd000 	/System/Library/Frameworks/CoreServices.framework/Versions/A/Frameworks/LaunchServices.framework/Versions/A/LaunchServices
0x000000011391d000 	/System/Library/Frameworks/CoreServices.framework/Versions/A/Frameworks/DictionaryServices.framework/Versions/A/DictionaryServices
0x000000011397c000 	/System/Library/Frameworks/CoreServices.framework/Versions/A/Frameworks/SharedFileList.framework/Versions/A/SharedFileList
0x00000001139f4000 	/System/Library/Frameworks/NetFS.framework/Versions/A/NetFS
0x0000000113a05000 	/System/Library/PrivateFrameworks/NetAuth.framework/Versions/A/NetAuth
0x0000000113a1d000 	/System/Library/PrivateFrameworks/login.framework/Versions/A/Frameworks/loginsupport.framework/Versions/A/loginsupport
0x0000000113a25000 	/System/Library/PrivateFrameworks/TCC.framework/Versions/A/TCC
0x0000000113a34000 	/usr/lib/libmecabra.dylib
0x0000000113d40000 	/System/Library/Frameworks/ApplicationServices.framework/Versions/A/Frameworks/ATS.framework/Versions/A/ATS
0x0000000113ddc000 	/System/Library/Frameworks/ApplicationServices.framework/Versions/A/Frameworks/ColorSync.framework/Versions/A/ColorSync
0x0000000113ed3000 	/System/Library/Frameworks/ApplicationServices.framework/Versions/A/Frameworks/HIServices.framework/Versions/A/HIServices
0x0000000113f5c000 	/System/Library/Frameworks/ApplicationServices.framework/Versions/A/Frameworks/LangAnalysis.framework/Versions/A/LangAnalysis
0x0000000113f7a000 	/System/Library/Frameworks/ApplicationServices.framework/Versions/A/Frameworks/PrintCore.framework/Versions/A/PrintCore
0x0000000113ff5000 	/System/Library/Frameworks/ApplicationServices.framework/Versions/A/Frameworks/QD.framework/Versions/A/QD
0x0000000114058000 	/System/Library/Frameworks/ApplicationServices.framework/Versions/A/Frameworks/SpeechSynthesis.framework/Versions/A/SpeechSynthesis
0x0000000114077000 	/System/Library/Frameworks/Accelerate.framework/Versions/A/Frameworks/vImage.framework/Versions/A/vImage
0x0000000114723000 	/System/Library/Frameworks/Accelerate.framework/Versions/A/Frameworks/vecLib.framework/Versions/A/vecLib
0x0000000114727000 	/System/Library/Frameworks/Accelerate.framework/Versions/A/Frameworks/vecLib.framework/Versions/A/libvDSP.dylib
0x0000000114882000 	/System/Library/Frameworks/Accelerate.framework/Versions/A/Frameworks/vecLib.framework/Versions/A/libBNNS.dylib
0x00000001148a0000 	/System/Library/Frameworks/Accelerate.framework/Versions/A/Frameworks/vecLib.framework/Versions/A/libQuadrature.dylib
0x00000001148ab000 	/System/Library/Frameworks/Accelerate.framework/Versions/A/Frameworks/vecLib.framework/Versions/A/libvMisc.dylib
0x000000011496f000 	/System/Library/Frameworks/Accelerate.framework/Versions/A/Frameworks/vecLib.framework/Versions/A/libLAPACK.dylib
0x0000000114ddb000 	/System/Library/Frameworks/Accelerate.framework/Versions/A/Frameworks/vecLib.framework/Versions/A/libBLAS.dylib
0x0000000114fc8000 	/System/Library/Frameworks/Accelerate.framework/Versions/A/Frameworks/vecLib.framework/Versions/A/libLinearAlgebra.dylib
0x0000000114fe7000 	/System/Library/Frameworks/Accelerate.framework/Versions/A/Frameworks/vecLib.framework/Versions/A/libSparseBLAS.dylib
0x0000000115002000 	/System/Library/Frameworks/ApplicationServices.framework/Versions/A/Frameworks/ATS.framework/Versions/A/Resources/libFontParser.dylib
0x00000001151bc000 	/System/Library/Frameworks/ApplicationServices.framework/Versions/A/Frameworks/ATS.framework/Versions/A/Resources/libFontRegistry.dylib
0x0000000115237000 	/System/Library/Frameworks/ImageIO.framework/Versions/A/Resources/libJPEG.dylib
0x0000000115263000 	/System/Library/Frameworks/ImageIO.framework/Versions/A/Resources/libTIFF.dylib
0x00000001152c1000 	/System/Library/Frameworks/ImageIO.framework/Versions/A/Resources/libPng.dylib
0x00000001152f3000 	/System/Library/Frameworks/ImageIO.framework/Versions/A/Resources/libGIF.dylib
0x00000001152fd000 	/System/Library/Frameworks/ImageIO.framework/Versions/A/Resources/libJP2.dylib
0x0000000115418000 	/System/Library/Frameworks/ImageIO.framework/Versions/A/Resources/libRadiance.dylib
0x000000011541f000 	/usr/lib/libcompression.dylib
0x000000011543d000 	/System/Library/PrivateFrameworks/AppleJPEG.framework/Versions/A/AppleJPEG
0x000000011552b000 	/usr/lib/libcups.2.dylib
0x0000000115597000 	/System/Library/Frameworks/Kerberos.framework/Versions/A/Kerberos
0x00000001155ca000 	/System/Library/Frameworks/GSS.framework/Versions/A/GSS
0x000000011561d000 	/usr/lib/libresolv.9.dylib
0x0000000115645000 	/usr/lib/libiconv.2.dylib
0x0000000115748000 	/System/Library/PrivateFrameworks/Heimdal.framework/Versions/A/Heimdal
0x00000001157f0000 	/usr/lib/libheimdal-asn1.dylib
0x00000001157fc000 	/System/Library/Frameworks/OpenDirectory.framework/Versions/A/OpenDirectory
0x000000011581c000 	/System/Library/PrivateFrameworks/CommonAuth.framework/Versions/A/CommonAuth
0x000000011582d000 	/System/Library/Frameworks/OpenDirectory.framework/Versions/A/Frameworks/CFOpenDirectory.framework/Versions/A/CFOpenDirectory
0x0000000115868000 	/System/Library/Frameworks/SecurityFoundation.framework/Versions/A/SecurityFoundation
0x0000000115920000 	/System/Library/PrivateFrameworks/LanguageModeling.framework/Versions/A/LanguageModeling
0x0000000115b07000 	/usr/lib/libmarisa.dylib
0x0000000115b2a000 	/usr/lib/libChineseTokenizer.dylib
0x0000000115b44000 	/usr/lib/libcmph.dylib
0x0000000115b5d000 	/System/Library/PrivateFrameworks/CoreEmoji.framework/Versions/A/CoreEmoji
0x0000000115b87000 	/System/Library/Frameworks/ServiceManagement.framework/Versions/A/ServiceManagement
0x0000000115b92000 	/usr/lib/libxslt.1.dylib
0x0000000115bc9000 	/System/Library/Frameworks/Carbon.framework/Versions/A/Frameworks/Ink.framework/Versions/A/Ink
0x0000000115c94000 	/System/Library/PrivateFrameworks/TextureIO.framework/Versions/A/TextureIO
0x0000000115d79000 	/System/Library/Frameworks/Metal.framework/Versions/A/Metal
0x0000000115e7f000 	/usr/lib/libate.dylib
0x0000000115f82000 	/System/Library/PrivateFrameworks/GPUCompiler.framework/libmetal_timestamp.dylib
0x0000000115f86000 	/System/Library/Frameworks/OpenGL.framework/Versions/A/Libraries/libCoreFSCache.dylib
0x0000000115f8f000 	/System/Library/PrivateFrameworks/IOAccelerator.framework/Versions/A/IOAccelerator
0x0000000115fa1000 	/System/Library/Frameworks/CoreVideo.framework/Versions/A/CoreVideo
0x0000000115ffd000 	/usr/lib/libFosl_dynamic.dylib
0x0000000116247000 	/System/Library/PrivateFrameworks/MetalPerformanceShaders.framework/Versions/A/MetalPerformanceShaders
0x000000011630b000 	/System/Library/PrivateFrameworks/FaceCore.framework/Versions/A/FaceCore
0x0000000116959000 	/System/Library/Frameworks/OpenCL.framework/Versions/A/OpenCL
0x00000001169c0000 	/System/Library/Frameworks/OpenGL.framework/Versions/A/Libraries/libGLU.dylib
0x0000000116a11000 	/System/Library/Frameworks/OpenGL.framework/Versions/A/Libraries/libGFXShared.dylib
0x0000000116a22000 	/System/Library/Frameworks/OpenGL.framework/Versions/A/Libraries/libGL.dylib
0x0000000116a42000 	/System/Library/Frameworks/OpenGL.framework/Versions/A/Libraries/libGLImage.dylib
0x0000000116a87000 	/System/Library/Frameworks/OpenGL.framework/Versions/A/Libraries/libCVMSPluginSupport.dylib
0x0000000116a8f000 	/System/Library/Frameworks/OpenGL.framework/Versions/A/Libraries/libCoreVMClient.dylib
0x0000000116a9b000 	/System/Library/PrivateFrameworks/CrashReporterSupport.framework/Versions/A/CrashReporterSupport
0x0000000116abb000 	/System/Library/PrivateFrameworks/Sharing.framework/Versions/A/Sharing
0x0000000116bd0000 	/System/Library/PrivateFrameworks/IconServices.framework/Versions/A/IconServices
0x0000000116c16000 	/System/Library/PrivateFrameworks/ProtocolBuffer.framework/Versions/A/ProtocolBuffer
0x0000000116c49000 	/System/Library/PrivateFrameworks/Apple80211.framework/Versions/A/Apple80211
0x0000000116c79000 	/System/Library/Frameworks/CoreWLAN.framework/Versions/A/CoreWLAN
0x0000000116d37000 	/System/Library/PrivateFrameworks/CoreUtils.framework/Versions/A/CoreUtils
0x0000000116e68000 	/System/Library/Frameworks/IOBluetooth.framework/Versions/A/IOBluetooth
0x0000000116f8e000 	/System/Library/PrivateFrameworks/CoreWiFi.framework/Versions/A/CoreWiFi
0x0000000117055000 	/System/Library/Frameworks/CoreBluetooth.framework/Versions/A/CoreBluetooth
0x000000011707f000 	/System/Library/Frameworks/CoreDisplay.framework/Versions/A/CoreDisplay
0x0000000117167000 	/System/Library/PrivateFrameworks/IOPresentment.framework/Versions/A/IOPresentment
0x0000000117194000 	/System/Library/PrivateFrameworks/DSExternalDisplay.framework/Versions/A/DSExternalDisplay
0x000000011719f000 	/System/Library/PrivateFrameworks/DebugSymbols.framework/Versions/A/DebugSymbols
0x00000001171fd000 	/System/Library/PrivateFrameworks/CoreSymbolication.framework/Versions/A/CoreSymbolication
0x00000001172de000 	/System/Library/PrivateFrameworks/Symbolication.framework/Versions/A/Symbolication
0x00000001173a2000 	/System/Library/PrivateFrameworks/AppleFSCompression.framework/Versions/A/AppleFSCompression
0x00000001173bb000 	/System/Library/PrivateFrameworks/SpeechRecognitionCore.framework/Versions/A/SpeechRecognitionCore
0x00000001173d7000 	/System/Library/PrivateFrameworks/ChunkingLibrary.framework/Versions/A/ChunkingLibrary
0x0000000118000000 	/Applications/Android Studio 2.app/Contents/jre/jdk/Contents/Home/jre/lib/server/libjvm.dylib
0x000000011766e000 	/usr/lib/libstdc++.6.dylib
0x0000000117727000 	/Applications/Android Studio 2.app/Contents/jre/jdk/Contents/Home/jre/lib/libverify.dylib
0x0000000117733000 	/Applications/Android Studio 2.app/Contents/jre/jdk/Contents/Home/jre/lib/libjava.dylib
0x0000000117770000 	/Applications/Android Studio 2.app/Contents/jre/jdk/Contents/Home/jre/lib/libzip.dylib
0x000000012e5cd000 	/Applications/Android Studio 2.app/Contents/jre/jdk/Contents/Home/jre/lib/libmanagement.dylib
0x000000012e5d7000 	/Applications/Android Studio 2.app/Contents/jre/jdk/Contents/Home/jre/lib/libnio.dylib
0x000000012e5e7000 	/Applications/Android Studio 2.app/Contents/jre/jdk/Contents/Home/jre/lib/./libnet.dylib

VM Arguments:
jvm_args: -Djava.awt.headless=true -Djava.rmi.server.hostname=localhost -Xmx2048m -Dkotlin.environment.keepalive 
java_command: org.jetbrains.kotlin.daemon.KotlinCompileDaemon --daemon-runFilesPath /Users/laki/Library/Application Support/kotlin/daemon --daemon-autoshutdownIdleSeconds=7200 --daemon-compilerClasspath /Users/laki/.gradle/caches/modules-2/files-2.1/org.jetbrains.kotlin/kotlin-compiler-embeddable/1.2.41/e439cfdc216b070ebd454da892447f5dca96a934/kotlin-compiler-embeddable-1.2.41.jar:/Users/laki/.gradle/caches/modules-2/files-2.1/org.jetbrains.kotlin/kotlin-stdlib/1.2.41/7e34f009642702250bccd9e5255866f408962a05/kotlin-stdlib-1.2.41.jar:/Users/laki/.gradle/caches/modules-2/files-2.1/org.jetbrains.kotlin/kotlin-script-runtime/1.2.41/e291b12913910c260ce878f9a76c84203cf710a1/kotlin-script-runtime-1.2.41.jar:/Users/laki/.gradle/caches/modules-2/files-2.1/org.jetbrains.kotlin/kotlin-reflect/1.2.41/e4d6728a4fa55dbfb510aeea25c072c7c51d94/kotlin-reflect-1.2.41.jar:/Applications/Android Studio 2.app/Contents/jre/jdk/Contents/Home/lib/tools.jar
java_class_path (initial): /Users/laki/.gradle/caches/modules-2/files-2.1/org.jetbrains.kotlin/kotlin-compiler-embeddable/1.2.41/e439cfdc216b070ebd454da892447f5dca96a934/kotlin-compiler-embeddable-1.2.41.jar:/Users/laki/.gradle/caches/modules-2/files-2.1/org.jetbrains.kotlin/kotlin-stdlib/1.2.41/7e34f009642702250bccd9e5255866f408962a05/kotlin-stdlib-1.2.41.jar:/Users/laki/.gradle/caches/modules-2/files-2.1/org.jetbrains.kotlin/kotlin-script-runtime/1.2.41/e291b12913910c260ce878f9a76c84203cf710a1/kotlin-script-runtime-1.2.41.jar:/Users/laki/.gradle/caches/modules-2/files-2.1/org.jetbrains.kotlin/kotlin-reflect/1.2.41/e4d6728a4fa55dbfb510aeea25c072c7c51d94/kotlin-reflect-1.2.41.jar:/Applications/Android Studio 2.app/Contents/jre/jdk/Contents/Home/lib/tools.jar
Launcher Type: SUN_STANDARD

Environment Variables:
PATH=/usr/local/bin:/usr/bin:/bin:/usr/sbin:/sbin:/opt/X11/bin
SHELL=/bin/bash
DISPLAY=/private/tmp/com.apple.launchd.NOtIPNqTwr/org.macosforge.xquartz:0

Signal Handlers:
SIGSEGV: [libjvm.dylib+0x53f567], sa_mask[0]=11111111011111110111111111111111, sa_flags=SA_ONSTACK|SA_RESTART|SA_SIGINFO
SIGBUS: [libjvm.dylib+0x53f567], sa_mask[0]=11111111011111110111111111111111, sa_flags=SA_RESTART|SA_SIGINFO
SIGFPE: [libjvm.dylib+0x437adf], sa_mask[0]=11111111011111110111111111111111, sa_flags=SA_RESTART|SA_SIGINFO
SIGPIPE: [libjvm.dylib+0x437adf], sa_mask[0]=11111111011111110111111111111111, sa_flags=SA_RESTART|SA_SIGINFO
SIGXFSZ: [libjvm.dylib+0x437adf], sa_mask[0]=11111111011111110111111111111111, sa_flags=SA_RESTART|SA_SIGINFO
SIGILL: [libjvm.dylib+0x437adf], sa_mask[0]=11111111011111110111111111111111, sa_flags=SA_RESTART|SA_SIGINFO
SIGUSR1: SIG_DFL, sa_mask[0]=00000000000000000000000000000000, sa_flags=none
SIGUSR2: [libjvm.dylib+0x438404], sa_mask[0]=00100000000000000000000000000000, sa_flags=SA_RESTART|SA_SIGINFO
SIGHUP: [libjvm.dylib+0x4365f9], sa_mask[0]=11111111011111110111111111111111, sa_flags=SA_RESTART|SA_SIGINFO
SIGINT: [libjvm.dylib+0x4365f9], sa_mask[0]=11111111011111110111111111111111, sa_flags=SA_RESTART|SA_SIGINFO
SIGTERM: [libjvm.dylib+0x4365f9], sa_mask[0]=11111111011111110111111111111111, sa_flags=SA_RESTART|SA_SIGINFO
SIGQUIT: [libjvm.dylib+0x4365f9], sa_mask[0]=11111111011111110111111111111111, sa_flags=SA_RESTART|SA_SIGINFO


---------------  S Y S T E M  ---------------

OS:Bsduname:Darwin 16.6.0 Darwin Kernel Version 16.6.0: Fri Apr 14 16:21:16 PDT 2017; root:xnu-3789.60.24~6/RELEASE_X86_64 x86_64
rlimit: STACK 8192k, CORE 0k, NPROC 709, NOFILE 10240, AS infinity
load average:2.99 2.34 2.10

CPU:total 4 (initial active 4) (2 cores per cpu, 2 threads per core) family 6 model 58 stepping 9, cmov, cx8, fxsr, mmx, sse, sse2, sse3, ssse3, sse4.1, sse4.2, popcnt, avx, aes, clmul, erms, ht, tsc, tscinvbit, tscinv

Memory: 4k page, physical 4194304k(28364k free)

/proc/meminfo:


vm_info: OpenJDK 64-Bit Server VM (25.152-b01) for bsd-amd64 JRE (1.8.0_152-release-1024-b01), built by "builder" with gcc 4.2.1 Compatible Apple LLVM 8.1.0 (clang-802.0.42)

time: Mon May  7 11:17:36 2018
elapsed time: 31 seconds (0d 0h 0m 31s)

