#
# A fatal error has been detected by the Java Runtime Environment:
#
#  Internal Error (signature.cpp:350), pid=3042, tid=0x0000000000004503
#  Error: ShouldNotReachHere()
#
# JRE version: OpenJDK Runtime Environment (8.0_152-b01) (build 1.8.0_152-release-1024-b01)
# Java VM: OpenJDK 64-Bit Server VM (25.152-b01 mixed mode bsd-amd64 compressed oops)
# Failed to write core dump. Core dumps have been disabled. To enable core dumping, try "ulimit -c unlimited" before starting Java again
#
# If you would like to submit a bug report, please visit:
#   http://bugreport.java.com/bugreport/crash.jsp
#

---------------  T H R E A D  ---------------

Current thread (0x00007fdb2603d000):  JavaThread "C2 CompilerThread1" daemon [_thread_in_vm, id=17667, stack(0x0000700010043000,0x0000700010143000)]

Stack: [0x0000700010043000,0x0000700010143000],  sp=0x0000700010140530,  free space=1013k
Native frames: (J=compiled Java code, j=interpreted, Vv=VM code, C=native code)
V  [libjvm.dylib+0x53ea8d]  VMError::report_and_die()+0x3cb
V  [libjvm.dylib+0x1cd762]  report_vm_error(char const*, int, char const*, char const*)+0x54
V  [libjvm.dylib+0x4a925d]  SignatureStream::next_non_primitive(int)+0x12d
V  [libjvm.dylib+0x16021b]  ciSignature::ciSignature(ciKlass*, constantPoolHandle, ciSymbol*)+0xe7
V  [libjvm.dylib+0x155d37]  ciMethod::ciMethod(methodHandle, ciInstanceKlass*)+0x2ff
V  [libjvm.dylib+0x15ee7d]  ciObjectFactory::create_new_metadata(Metadata*)+0x295
V  [libjvm.dylib+0x15e5ff]  ciObjectFactory::get_metadata(Metadata*)+0x4d
V  [libjvm.dylib+0x14fcd8]  ciEnv::get_method_by_index_impl(constantPoolHandle, int, Bytecodes::Code, ciInstanceKlass*)+0x338
V  [libjvm.dylib+0x14fe2e]  ciEnv::get_method_by_index(constantPoolHandle, int, Bytecodes::Code, ciInstanceKlass*)+0x8e
V  [libjvm.dylib+0x1618d5]  ciBytecodeStream::get_method(bool&, ciSignature**)+0xef
V  [libjvm.dylib+0x16496a]  ciTypeFlow::StateVector::do_invoke(ciBytecodeStream*, bool)+0x32
V  [libjvm.dylib+0x164fd3]  ciTypeFlow::StateVector::apply_one_bytecode(ciBytecodeStream*)+0x295
V  [libjvm.dylib+0x16414b]  ciTypeFlow::flow_block(ciTypeFlow::Block*, ciTypeFlow::StateVector*, ciTypeFlow::JsrSet*)+0x113
V  [libjvm.dylib+0x1675a3]  ciTypeFlow::df_flow_types(ciTypeFlow::Block*, bool, ciTypeFlow::StateVector*, ciTypeFlow::JsrSet*)+0x23d
V  [libjvm.dylib+0x1677af]  ciTypeFlow::flow_types()+0xf7
V  [libjvm.dylib+0x167ab2]  ciTypeFlow::do_flow()+0xe
V  [libjvm.dylib+0x1567f1]  ciMethod::get_flow_analysis()+0x6f
V  [libjvm.dylib+0xd0094]  InlineTree::check_can_parse(ciMethod*)+0x36
V  [libjvm.dylib+0xd01bc]  InlineTree::ok_to_inline(ciMethod*, JVMState*, ciCallProfile&, WarmCallInfo*, bool&)+0x50
V  [libjvm.dylib+0x219814]  Compile::call_generator(ciMethod*, int, bool, JVMState*, bool, float, ciKlass*, bool, bool)+0x58c
V  [libjvm.dylib+0x219f4d]  Parse::do_call()+0x325
V  [libjvm.dylib+0x44e814]  Parse::do_one_block()+0xf8
V  [libjvm.dylib+0x44de06]  Parse::do_all_blocks()+0x274
V  [libjvm.dylib+0x44cba3]  Parse::Parse(JVMState*, ciMethod*, float)+0x5c3
V  [libjvm.dylib+0x13bf92]  ParseGenerator::generate(JVMState*)+0x78
V  [libjvm.dylib+0x219fda]  Parse::do_call()+0x3b2
V  [libjvm.dylib+0x44e814]  Parse::do_one_block()+0xf8
V  [libjvm.dylib+0x44de06]  Parse::do_all_blocks()+0x274
V  [libjvm.dylib+0x44cba3]  Parse::Parse(JVMState*, ciMethod*, float)+0x5c3
V  [libjvm.dylib+0x13bf92]  ParseGenerator::generate(JVMState*)+0x78
V  [libjvm.dylib+0x1950e3]  Compile::Compile(ciEnv*, C2Compiler*, ciMethod*, int, bool, bool, bool)+0x755
V  [libjvm.dylib+0x13b9da]  C2Compiler::compile_method(ciEnv*, ciMethod*, int)+0xa4
V  [libjvm.dylib+0x1a067a]  CompileBroker::invoke_compiler_on_method(CompileTask*)+0x564
V  [libjvm.dylib+0x19fc78]  CompileBroker::compiler_thread_loop()+0x270
V  [libjvm.dylib+0x505e88]  JavaThread::thread_main_inner()+0x82
V  [libjvm.dylib+0x505d4d]  JavaThread::run()+0x199
V  [libjvm.dylib+0x435709]  java_start(Thread*)+0xfa
C  [libsystem_pthread.dylib+0x393b]  _pthread_body+0xb4
C  [libsystem_pthread.dylib+0x3887]  _pthread_body+0x0
C  [libsystem_pthread.dylib+0x308d]  thread_start+0xd
C  0x0000000000000000


Current CompileTask:
C2:14268465 34263       4       org.jetbrains.kotlin.load.java.lazy.ContextKt::computeNewDefaultTypeQualifiers (326 bytes)


---------------  P R O C E S S  ---------------

Java Threads: ( => current thread )
  0x00007fdb28f21800 JavaThread "RMI RenewClean-[localhost:51759,org.jetbrains.kotlin.daemon.common.LoopbackNetworkInterface$ClientLoopbackSocketFactory@5af50cb2]" daemon [_thread_blocked, id=22303, stack(0x0000700010c67000,0x0000700010d67000)]
  0x00007fdb293be000 JavaThread "RMI TCP Connection(48)-127.0.0.1" daemon [_thread_in_native, id=24339, stack(0x000070001095e000,0x0000700010a5e000)]
  0x00007fdb2ba3f800 JavaThread "RMI TCP Connection(47)-127.0.0.1" daemon [_thread_in_native, id=23847, stack(0x0000700010655000,0x0000700010755000)]
  0x00007fdb29adf800 JavaThread "RMI RenewClean-[localhost:51494,org.jetbrains.kotlin.daemon.common.LoopbackNetworkInterface$ClientLoopbackSocketFactory@7383178f]" daemon [_thread_blocked, id=15903, stack(0x0000700010b64000,0x0000700010c64000)]
  0x00007fdb26ebd800 JavaThread "RMI RenewClean-[localhost:51494,org.jetbrains.kotlin.daemon.common.LoopbackNetworkInterface$ClientLoopbackSocketFactory@222640a0]" daemon [_thread_blocked, id=4891, stack(0x0000700010f70000,0x0000700011070000)]
  0x00007fdb26886000 JavaThread "RMI Scheduler(0)" daemon [_thread_blocked, id=22787, stack(0x0000700010a61000,0x0000700010b61000)]
  0x00007fdb25145800 JavaThread "DestroyJavaVM" [_thread_blocked, id=7171, stack(0x000070000f625000,0x000070000f725000)]
  0x00007fdb260d2800 JavaThread "GC Daemon" daemon [_thread_blocked, id=21763, stack(0x000070001085b000,0x000070001095b000)]
  0x00007fdb25095000 JavaThread "RMI Reaper" [_thread_blocked, id=21251, stack(0x0000700010758000,0x0000700010858000)]
  0x00007fdb26149000 JavaThread "Timer-0" daemon [_thread_blocked, id=20227, stack(0x0000700010552000,0x0000700010652000)]
  0x00007fdb2695d800 JavaThread "RMI TCP Accept-17218" daemon [_thread_in_native, id=19715, stack(0x000070001044f000,0x000070001054f000)]
  0x00007fdb26047000 JavaThread "Service Thread" daemon [_thread_blocked, id=18691, stack(0x0000700010249000,0x0000700010349000)]
  0x00007fdb2603e000 JavaThread "C1 CompilerThread2" daemon [_thread_blocked, id=18179, stack(0x0000700010146000,0x0000700010246000)]
=>0x00007fdb2603d000 JavaThread "C2 CompilerThread1" daemon [_thread_in_vm, id=17667, stack(0x0000700010043000,0x0000700010143000)]
  0x00007fdb26819800 JavaThread "C2 CompilerThread0" daemon [_thread_blocked, id=17155, stack(0x000070000ff40000,0x0000700010040000)]
  0x00007fdb26000800 JavaThread "Signal Dispatcher" daemon [_thread_blocked, id=16643, stack(0x000070000fe3d000,0x000070000ff3d000)]
  0x00007fdb26818000 JavaThread "Finalizer" daemon [_thread_blocked, id=12547, stack(0x000070000fd3a000,0x000070000fe3a000)]
  0x00007fdb26029800 JavaThread "Reference Handler" daemon [_thread_blocked, id=12035, stack(0x000070000fc37000,0x000070000fd37000)]

Other Threads:
  0x00007fdb25828000 VMThread [stack: 0x000070000fb34000,0x000070000fc34000] [id=11523]
  0x00007fdb26052800 WatcherThread [stack: 0x000070001034c000,0x000070001044c000] [id=19203]

VM state:not at safepoint (normal execution)

VM Mutex/Monitor currently owned by a thread: None

Heap:
 PSYoungGen      total 468480K, used 90012K [0x0000000795580000, 0x00000007bfa80000, 0x00000007c0000000)
  eden space 441344K, 14% used [0x0000000795580000,0x0000000799306008,0x00000007b0480000)
  from space 27136K, 99% used [0x00000007b0480000,0x00000007b1ee1178,0x00000007b1f00000)
  to   space 125952K, 0% used [0x00000007b7f80000,0x00000007b7f80000,0x00000007bfa80000)
 ParOldGen       total 314368K, used 120162K [0x0000000740000000, 0x0000000753300000, 0x0000000795580000)
  object space 314368K, 38% used [0x0000000740000000,0x0000000747558858,0x0000000753300000)
 Metaspace       used 87302K, capacity 89759K, committed 102104K, reserved 1138688K
  class space    used 9690K, capacity 10213K, committed 12544K, reserved 1048576K

Card table byte_map: [0x000000011c2ca000,0x000000011c6cb000] byte_map_base: 0x00000001188ca000

Marking Bits: (ParMarkBitMap*) 0x000000010c38c1c8
 Begin Bits: [0x000000011c976000, 0x000000011e976000)
 End Bits:   [0x000000011e976000, 0x0000000120976000)

Polling page: 0x00000001014d3000

CodeCache: size=245760Kb used=86804Kb max_used=88690Kb free=158955Kb
 bounds [0x000000010cf0a000, 0x00000001126ba000, 0x000000011bf0a000]
 total_blobs=22337 nmethods=21753 adapters=492
 compilation: enabled

Compilation events (10 events):
Event: 14267.774 Thread 0x00007fdb26819800 nmethod 34258 0x0000000110568c50 code [0x0000000110568da0, 0x0000000110568e68]
Event: 14267.787 Thread 0x00007fdb2603d000 34259       4       org.jetbrains.kotlin.load.java.lazy.descriptors.LazyJavaPackageScope::resolveKotlinBinaryClass (77 bytes)
Event: 14267.796 Thread 0x00007fdb2603d000 nmethod 34259 0x000000010e669b10 code [0x000000010e669ce0, 0x000000010e66a088]
Event: 14267.895 Thread 0x00007fdb26819800 34260       4       org.jetbrains.kotlin.metadata.jvm.JvmProtoBuf$JvmPropertySignature::getSerializedSize (117 bytes)
Event: 14267.898 Thread 0x00007fdb2603d000 34261       4       org.jetbrains.kotlin.protobuf.GeneratedMessageLite$ExtendableMessage::getExtension (32 bytes)
Event: 14267.911 Thread 0x00007fdb26819800 nmethod 34260 0x000000010e05da50 code [0x000000010e05dc00, 0x000000010e05e5f8]
Event: 14267.911 Thread 0x00007fdb26819800 34262   !   4       org.jetbrains.kotlin.protobuf.AbstractParser::parsePartialDelimitedFrom (58 bytes)
Event: 14267.921 Thread 0x00007fdb2603d000 nmethod 34261 0x000000011033d410 code [0x000000011033d620, 0x000000011033de38]
Event: 14267.923 Thread 0x00007fdb26819800 nmethod 34262 0x000000010dc36150 code [0x000000010dc36300, 0x000000010dc36bb8]
Event: 14268.024 Thread 0x00007fdb2603d000 34263       4       org.jetbrains.kotlin.load.java.lazy.ContextKt::computeNewDefaultTypeQualifiers (326 bytes)

GC Heap History (10 events):
Event: 11363.534 GC heap before
{Heap before GC invocations=47 (full 11):
 PSYoungGen      total 556544K, used 495194K [0x0000000795580000, 0x00000007bf480000, 0x00000007c0000000)
  eden space 431104K, 100% used [0x0000000795580000,0x00000007afa80000,0x00000007afa80000)
  from space 125440K, 51% used [0x00000007afa80000,0x00000007b39169b0,0x00000007b7500000)
  to   space 122368K, 0% used [0x00000007b7d00000,0x00000007b7d00000,0x00000007bf480000)
 ParOldGen       total 304128K, used 106149K [0x0000000740000000, 0x0000000752900000, 0x0000000795580000)
  object space 304128K, 34% used [0x0000000740000000,0x00000007467a9648,0x0000000752900000)
 Metaspace       used 97677K, capacity 100655K, committed 101592K, reserved 1138688K
  class space    used 11124K, capacity 11795K, committed 12544K, reserved 1048576K
Event: 11364.124 GC heap after
Heap after GC invocations=47 (full 11):
 PSYoungGen      total 559104K, used 87595K [0x0000000795580000, 0x00000007c0000000, 0x00000007c0000000)
  eden space 436736K, 0% used [0x0000000795580000,0x0000000795580000,0x00000007b0000000)
  from space 122368K, 71% used [0x00000007b7d00000,0x00000007bd28afe0,0x00000007bf480000)
  to   space 128000K, 0% used [0x00000007b0000000,0x00000007b0000000,0x00000007b7d00000)
 ParOldGen       total 304128K, used 157701K [0x0000000740000000, 0x0000000752900000, 0x0000000795580000)
  object space 304128K, 51% used [0x0000000740000000,0x0000000749a015f8,0x0000000752900000)
 Metaspace       used 97677K, capacity 100655K, committed 101592K, reserved 1138688K
  class space    used 11124K, capacity 11795K, committed 12544K, reserved 1048576K
}
Event: 11372.840 GC heap before
{Heap before GC invocations=48 (full 11):
 PSYoungGen      total 559104K, used 524331K [0x0000000795580000, 0x00000007c0000000, 0x00000007c0000000)
  eden space 436736K, 100% used [0x0000000795580000,0x00000007b0000000,0x00000007b0000000)
  from space 122368K, 71% used [0x00000007b7d00000,0x00000007bd28afe0,0x00000007bf480000)
  to   space 128000K, 0% used [0x00000007b0000000,0x00000007b0000000,0x00000007b7d00000)
 ParOldGen       total 304128K, used 157701K [0x0000000740000000, 0x0000000752900000, 0x0000000795580000)
  object space 304128K, 51% used [0x0000000740000000,0x0000000749a015f8,0x0000000752900000)
 Metaspace       used 98227K, capacity 101287K, committed 102104K, reserved 1138688K
  class space    used 11173K, capacity 11869K, committed 12544K, reserved 1048576K
Event: 11375.461 GC heap after
Heap after GC invocations=48 (full 11):
 PSYoungGen      total 564736K, used 79798K [0x0000000795580000, 0x00000007c0000000, 0x00000007c0000000)
  eden space 436736K, 0% used [0x0000000795580000,0x0000000795580000,0x00000007b0000000)
  from space 128000K, 62% used [0x00000007b0000000,0x00000007b4ded9c0,0x00000007b7d00000)
  to   space 129024K, 0% used [0x00000007b8200000,0x00000007b8200000,0x00000007c0000000)
 ParOldGen       total 304128K, used 236177K [0x0000000740000000, 0x0000000752900000, 0x0000000795580000)
  object space 304128K, 77% used [0x0000000740000000,0x000000074e6a4580,0x0000000752900000)
 Metaspace       used 98227K, capacity 101287K, committed 102104K, reserved 1138688K
  class space    used 11173K, capacity 11869K, committed 12544K, reserved 1048576K
}
Event: 11375.477 GC heap before
{Heap before GC invocations=49 (full 12):
 PSYoungGen      total 564736K, used 79798K [0x0000000795580000, 0x00000007c0000000, 0x00000007c0000000)
  eden space 436736K, 0% used [0x0000000795580000,0x0000000795580000,0x00000007b0000000)
  from space 128000K, 62% used [0x00000007b0000000,0x00000007b4ded9c0,0x00000007b7d00000)
  to   space 129024K, 0% used [0x00000007b8200000,0x00000007b8200000,0x00000007c0000000)
 ParOldGen       total 304128K, used 236177K [0x0000000740000000, 0x0000000752900000, 0x0000000795580000)
  object space 304128K, 77% used [0x0000000740000000,0x000000074e6a4580,0x0000000752900000)
 Metaspace       used 98227K, capacity 101287K, committed 102104K, reserved 1138688K
  class space    used 11173K, capacity 11869K, committed 12544K, reserved 1048576K
Event: 11378.709 GC heap after
Heap after GC invocations=49 (full 12):
 PSYoungGen      total 564736K, used 0K [0x0000000795580000, 0x00000007c0000000, 0x00000007c0000000)
  eden space 436736K, 0% used [0x0000000795580000,0x0000000795580000,0x00000007b0000000)
  from space 128000K, 0% used [0x00000007b0000000,0x00000007b0000000,0x00000007b7d00000)
  to   space 129024K, 0% used [0x00000007b8200000,0x00000007b8200000,0x00000007c0000000)
 ParOldGen       total 314368K, used 100178K [0x0000000740000000, 0x0000000753300000, 0x0000000795580000)
  object space 314368K, 31% used [0x0000000740000000,0x00000007461d4818,0x0000000753300000)
 Metaspace       used 86252K, capacity 88607K, committed 102104K, reserved 1138688K
  class space    used 9610K, capacity 10121K, committed 12544K, reserved 1048576K
}
Event: 11388.287 GC heap before
{Heap before GC invocations=50 (full 12):
 PSYoungGen      total 564736K, used 436736K [0x0000000795580000, 0x00000007c0000000, 0x00000007c0000000)
  eden space 436736K, 100% used [0x0000000795580000,0x00000007b0000000,0x00000007b0000000)
  from space 128000K, 0% used [0x00000007b0000000,0x00000007b0000000,0x00000007b7d00000)
  to   space 129024K, 0% used [0x00000007b8200000,0x00000007b8200000,0x00000007c0000000)
 ParOldGen       total 314368K, used 100178K [0x0000000740000000, 0x0000000753300000, 0x0000000795580000)
  object space 314368K, 31% used [0x0000000740000000,0x00000007461d4818,0x0000000753300000)
 Metaspace       used 86584K, capacity 88889K, committed 102104K, reserved 1138688K
  class space    used 9623K, capacity 10124K, committed 12544K, reserved 1048576K
Event: 11388.411 GC heap after
Heap after GC invocations=50 (full 12):
 PSYoungGen      total 570368K, used 23487K [0x0000000795580000, 0x00000007c0000000, 0x00000007c0000000)
  eden space 441344K, 0% used [0x0000000795580000,0x0000000795580000,0x00000007b0480000)
  from space 129024K, 18% used [0x00000007b8200000,0x00000007b98efc10,0x00000007c0000000)
  to   space 128512K, 0% used [0x00000007b0480000,0x00000007b0480000,0x00000007b8200000)
 ParOldGen       total 314368K, used 100186K [0x0000000740000000, 0x0000000753300000, 0x0000000795580000)
  object space 314368K, 31% used [0x0000000740000000,0x00000007461d6818,0x0000000753300000)
 Metaspace       used 86584K, capacity 88889K, committed 102104K, reserved 1138688K
  class space    used 9623K, capacity 10124K, committed 12544K, reserved 1048576K
}
Event: 14262.789 GC heap before
{Heap before GC invocations=51 (full 12):
 PSYoungGen      total 570368K, used 464831K [0x0000000795580000, 0x00000007c0000000, 0x00000007c0000000)
  eden space 441344K, 100% used [0x0000000795580000,0x00000007b0480000,0x00000007b0480000)
  from space 129024K, 18% used [0x00000007b8200000,0x00000007b98efc10,0x00000007c0000000)
  to   space 128512K, 0% used [0x00000007b0480000,0x00000007b0480000,0x00000007b8200000)
 ParOldGen       total 314368K, used 100186K [0x0000000740000000, 0x0000000753300000, 0x0000000795580000)
  object space 314368K, 31% used [0x0000000740000000,0x00000007461d6818,0x0000000753300000)
 Metaspace       used 87295K, capacity 89759K, committed 102104K, reserved 1138688K
  class space    used 9690K, capacity 10213K, committed 12544K, reserved 1048576K
Event: 14264.615 GC heap after
Heap after GC invocations=51 (full 12):
 PSYoungGen      total 468480K, used 27012K [0x0000000795580000, 0x00000007bfa80000, 0x00000007c0000000)
  eden space 441344K, 0% used [0x0000000795580000,0x0000000795580000,0x00000007b0480000)
  from space 27136K, 99% used [0x00000007b0480000,0x00000007b1ee1178,0x00000007b1f00000)
  to   space 125952K, 0% used [0x00000007b7f80000,0x00000007b7f80000,0x00000007bfa80000)
 ParOldGen       total 314368K, used 120162K [0x0000000740000000, 0x0000000753300000, 0x0000000795580000)
  object space 314368K, 38% used [0x0000000740000000,0x0000000747558858,0x0000000753300000)
 Metaspace       used 87295K, capacity 89759K, committed 102104K, reserved 1138688K
  class space    used 9690K, capacity 10213K, committed 12544K, reserved 1048576K
}

Deoptimization events (10 events):
Event: 12524.299 Thread 0x00007fdb29674800 Uncommon trap: reason=class_check action=maybe_recompile pc=0x00000001118e9274 method=org.jetbrains.kotlin.serialization.DescriptorSerializer.type$serialization(Lorg/jetbrains/kotlin/types/KotlinType;)Lorg/jetbrains/kotlin/metadata/ProtoBuf$Type$Builder; 
Event: 12524.630 Thread 0x00007fdb29674800 Uncommon trap: reason=class_check action=maybe_recompile pc=0x000000010f3cc084 method=org.jetbrains.kotlin.codegen.ExpressionCodegen.visitSimpleNameExpression(Lorg/jetbrains/kotlin/psi/KtSimpleNameExpression;Lorg/jetbrains/kotlin/codegen/StackValue;)Lorg/
Event: 12524.662 Thread 0x00007fdb29674800 Uncommon trap: reason=class_check action=maybe_recompile pc=0x000000010f3cc084 method=org.jetbrains.kotlin.codegen.ExpressionCodegen.visitSimpleNameExpression(Lorg/jetbrains/kotlin/psi/KtSimpleNameExpression;Lorg/jetbrains/kotlin/codegen/StackValue;)Lorg/
Event: 12524.667 Thread 0x00007fdb29674800 Uncommon trap: reason=class_check action=maybe_recompile pc=0x000000010f3cc084 method=org.jetbrains.kotlin.codegen.ExpressionCodegen.visitSimpleNameExpression(Lorg/jetbrains/kotlin/psi/KtSimpleNameExpression;Lorg/jetbrains/kotlin/codegen/StackValue;)Lorg/
Event: 12602.882 Thread 0x00007fdb26149000 Uncommon trap: reason=unstable_if action=reinterpret pc=0x000000010e4db1f0 method=org.jetbrains.kotlin.daemon.CompileServiceImpl$state$1.cleanDeadClients()Z @ 96
Event: 12603.505 Thread 0x00007fdb26149000 Uncommon trap: reason=unstable_if action=reinterpret pc=0x00000001110e444c method=org.jetbrains.kotlin.daemon.CompileServiceImpl.periodicAndAfterSessionCheck()V @ 34
Event: 14262.631 Thread 0x00007fdb293be000 Uncommon trap: reason=null_assert action=make_not_entrant pc=0x000000010f1e19b4 method=org.jetbrains.kotlin.com.google.common.collect.HashMultimap.createCollection()Ljava/util/Set; @ 7
Event: 14264.630 Thread 0x00007fdb293be000 Uncommon trap: reason=null_assert action=make_not_entrant pc=0x000000010f311c34 method=org.jetbrains.kotlin.com.google.common.collect.HashMultimap.createCollection()Ljava/util/Set; @ 7
Event: 14264.849 Thread 0x00007fdb293be000 Uncommon trap: reason=null_assert action=make_not_entrant pc=0x00000001101e8474 method=org.jetbrains.kotlin.com.google.common.collect.HashMultimap.createCollection()Ljava/util/Set; @ 7
Event: 14264.851 Thread 0x00007fdb293be000 Uncommon trap: reason=null_assert action=make_not_entrant pc=0x0000000110446f74 method=org.jetbrains.kotlin.com.google.common.collect.HashMultimap.createCollection()Ljava/util/Set; @ 7

Classes redefined (0 events):
No events

Internal exceptions (10 events):
Event: 13334.130 Thread 0x00007fdb29adf800 Exception <a 'java/net/ConnectException'> (0x00000007a6089968) thrown at [/Volumes/android/AOSP-openjdk-git/jdk8u/hotspot/src/share/vm/prims/jni.cpp, line 709]
Event: 13334.143 Thread 0x00007fdb29adf800 Exception <a 'java/net/ConnectException'> (0x00000007a608a298) thrown at [/Volumes/android/AOSP-openjdk-git/jdk8u/hotspot/src/share/vm/prims/jni.cpp, line 709]
Event: 13334.157 Thread 0x00007fdb29adf800 Exception <a 'java/net/ConnectException'> (0x00000007a608abc8) thrown at [/Volumes/android/AOSP-openjdk-git/jdk8u/hotspot/src/share/vm/prims/jni.cpp, line 709]
Event: 13377.594 Thread 0x00007fdb26ebd800 Exception <a 'java/net/ConnectException'> (0x00000007a5463468) thrown at [/Volumes/android/AOSP-openjdk-git/jdk8u/hotspot/src/share/vm/prims/jni.cpp, line 709]
Event: 13377.605 Thread 0x00007fdb26ebd800 Exception <a 'java/net/ConnectException'> (0x00000007a5463d98) thrown at [/Volumes/android/AOSP-openjdk-git/jdk8u/hotspot/src/share/vm/prims/jni.cpp, line 709]
Event: 13377.617 Thread 0x00007fdb26ebd800 Exception <a 'java/net/ConnectException'> (0x00000007a54646c8) thrown at [/Volumes/android/AOSP-openjdk-git/jdk8u/hotspot/src/share/vm/prims/jni.cpp, line 709]
Event: 14254.535 Thread 0x00007fdb28f21800 Exception <a 'java/lang/InterruptedException'> (0x00000007ab10b268) thrown at [/Volumes/android/AOSP-openjdk-git/jdk8u/hotspot/src/share/vm/runtime/objectMonitor.cpp, line 1684]
Event: 14264.616 Thread 0x00007fdb29adf800 Exception <a 'java/net/ConnectException'> (0x0000000795742e10) thrown at [/Volumes/android/AOSP-openjdk-git/jdk8u/hotspot/src/share/vm/prims/jni.cpp, line 709]
Event: 14264.627 Thread 0x00007fdb29adf800 Exception <a 'java/net/ConnectException'> (0x0000000795743740) thrown at [/Volumes/android/AOSP-openjdk-git/jdk8u/hotspot/src/share/vm/prims/jni.cpp, line 709]
Event: 14264.639 Thread 0x00007fdb29adf800 Exception <a 'java/net/ConnectException'> (0x0000000795744070) thrown at [/Volumes/android/AOSP-openjdk-git/jdk8u/hotspot/src/share/vm/prims/jni.cpp, line 709]

Events (10 events):
Event: 14264.615 Executing VM operation: ParallelGCFailedAllocation done
Event: 14264.630 Thread 0x00007fdb293be000 Uncommon trap: trap_request=0xffffffec fr.pc=0x000000010f311c34
Event: 14264.630 Thread 0x00007fdb293be000 DEOPT PACKING pc=0x000000010f311c34 sp=0x0000700010a5a6c0
Event: 14264.630 Thread 0x00007fdb293be000 DEOPT UNPACKING pc=0x000000010cf4f47a sp=0x0000700010a5a678 mode 2
Event: 14264.849 Thread 0x00007fdb293be000 Uncommon trap: trap_request=0xffffffec fr.pc=0x00000001101e8474
Event: 14264.849 Thread 0x00007fdb293be000 DEOPT PACKING pc=0x00000001101e8474 sp=0x0000700010a5a730
Event: 14264.849 Thread 0x00007fdb293be000 DEOPT UNPACKING pc=0x000000010cf4f47a sp=0x0000700010a5a688 mode 2
Event: 14264.851 Thread 0x00007fdb293be000 Uncommon trap: trap_request=0xffffffec fr.pc=0x0000000110446f74
Event: 14264.851 Thread 0x00007fdb293be000 DEOPT PACKING pc=0x0000000110446f74 sp=0x0000700010a5a6c0
Event: 14264.851 Thread 0x00007fdb293be000 DEOPT UNPACKING pc=0x000000010cf4f47a sp=0x0000700010a5a678 mode 2


Dynamic libraries:
0x0000000100221000 	/System/Library/Frameworks/Cocoa.framework/Versions/A/Cocoa
0x0000000100229000 	/System/Library/Frameworks/Security.framework/Versions/A/Security
0x00000001006d9000 	/System/Library/Frameworks/ApplicationServices.framework/Versions/A/ApplicationServices
0x00000001006dd000 	/usr/lib/libz.1.dylib
0x00000001006f7000 	/usr/lib/libSystem.B.dylib
0x00000001006ff000 	/System/Library/Frameworks/CoreFoundation.framework/Versions/A/CoreFoundation
0x0000000100e31000 	/System/Library/Frameworks/Foundation.framework/Versions/C/Foundation
0x00000001014d4000 	/usr/lib/libobjc.A.dylib
0x000000010198c000 	/System/Library/Frameworks/AppKit.framework/Versions/C/AppKit
0x00000001031b0000 	/System/Library/Frameworks/CoreData.framework/Versions/A/CoreData
0x0000000103622000 	/System/Library/PrivateFrameworks/RemoteViewServices.framework/Versions/A/RemoteViewServices
0x000000010366d000 	/System/Library/PrivateFrameworks/UIFoundation.framework/Versions/A/UIFoundation
0x00000001038cf000 	/System/Library/PrivateFrameworks/DFRFoundation.framework/Versions/A/DFRFoundation
0x00000001038eb000 	/usr/lib/libenergytrace.dylib
0x00000001038f1000 	/System/Library/PrivateFrameworks/SkyLight.framework/Versions/A/SkyLight
0x0000000103c31000 	/System/Library/Frameworks/CoreGraphics.framework/Versions/A/CoreGraphics
0x00000001043e5000 	/usr/lib/libScreenReader.dylib
0x00000001043f3000 	/System/Library/Frameworks/Accelerate.framework/Versions/A/Accelerate
0x00000001043f7000 	/System/Library/Frameworks/IOSurface.framework/Versions/A/IOSurface
0x000000010440f000 	/System/Library/Frameworks/AudioToolbox.framework/Versions/A/AudioToolbox
0x0000000104734000 	/System/Library/Frameworks/AudioUnit.framework/Versions/A/AudioUnit
0x0000000104740000 	/System/Library/PrivateFrameworks/DataDetectorsCore.framework/Versions/A/DataDetectorsCore
0x00000001047fb000 	/System/Library/PrivateFrameworks/DesktopServicesPriv.framework/Versions/A/DesktopServicesPriv
0x00000001049a0000 	/System/Library/Frameworks/Carbon.framework/Versions/A/Frameworks/HIToolbox.framework/Versions/A/HIToolbox
0x0000000104e39000 	/usr/lib/libicucore.A.dylib
0x0000000105133000 	/System/Library/Frameworks/QuartzCore.framework/Versions/A/QuartzCore
0x0000000105432000 	/System/Library/Frameworks/Carbon.framework/Versions/A/Frameworks/SpeechRecognition.framework/Versions/A/SpeechRecognition
0x0000000105444000 	/usr/lib/libauto.dylib
0x000000010544e000 	/usr/lib/libxml2.2.dylib
0x000000010557b000 	/System/Library/PrivateFrameworks/CoreUI.framework/Versions/A/CoreUI
0x0000000105890000 	/System/Library/Frameworks/CoreAudio.framework/Versions/A/CoreAudio
0x0000000105949000 	/System/Library/Frameworks/DiskArbitration.framework/Versions/A/DiskArbitration
0x0000000105959000 	/usr/lib/liblangid.dylib
0x000000010595f000 	/System/Library/PrivateFrameworks/MultitouchSupport.framework/Versions/A/MultitouchSupport
0x00000001059a1000 	/System/Library/Frameworks/IOKit.framework/Versions/A/IOKit
0x0000000105a7d000 	/usr/lib/libDiagnosticMessagesClient.dylib
0x0000000105a87000 	/System/Library/Frameworks/CoreServices.framework/Versions/A/CoreServices
0x0000000105a90000 	/System/Library/PrivateFrameworks/PerformanceAnalysis.framework/Versions/A/PerformanceAnalysis
0x0000000105b1a000 	/System/Library/PrivateFrameworks/GenerationalStorage.framework/Versions/A/GenerationalStorage
0x0000000105b4f000 	/System/Library/Frameworks/OpenGL.framework/Versions/A/OpenGL
0x0000000105b6c000 	/System/Library/Frameworks/CoreImage.framework/Versions/A/CoreImage
0x0000000105f33000 	/System/Library/Frameworks/CoreText.framework/Versions/A/CoreText
0x0000000106144000 	/System/Library/Frameworks/ImageIO.framework/Versions/A/ImageIO
0x0000000106344000 	/System/Library/PrivateFrameworks/Backup.framework/Versions/A/Backup
0x000000010642f000 	/usr/lib/libarchive.2.dylib
0x0000000106465000 	/System/Library/Frameworks/CFNetwork.framework/Versions/A/CFNetwork
0x0000000106beb000 	/System/Library/Frameworks/SystemConfiguration.framework/Versions/A/SystemConfiguration
0x0000000106c92000 	/usr/lib/libCRFSuite.dylib
0x0000000106cb8000 	/usr/lib/libc++.1.dylib
0x0000000106d6c000 	/usr/lib/libc++abi.dylib
0x0000000106da6000 	/usr/lib/system/libcache.dylib
0x0000000106db0000 	/usr/lib/system/libcommonCrypto.dylib
0x0000000106dc8000 	/usr/lib/system/libcompiler_rt.dylib
0x0000000106ddd000 	/usr/lib/system/libcopyfile.dylib
0x0000000106dec000 	/usr/lib/system/libcorecrypto.dylib
0x0000000106e8b000 	/usr/lib/system/libdispatch.dylib
0x0000000106ef6000 	/usr/lib/system/libdyld.dylib
0x00000001014ce000 	/usr/lib/system/libkeymgr.dylib
0x0000000106f04000 	/usr/lib/system/liblaunch.dylib
0x0000000106f0c000 	/usr/lib/system/libmacho.dylib
0x0000000106f18000 	/usr/lib/system/libquarantine.dylib
0x0000000104e32000 	/usr/lib/system/libremovefile.dylib
0x0000000106f21000 	/usr/lib/system/libsystem_asl.dylib
0x0000000101987000 	/usr/lib/system/libsystem_blocks.dylib
0x0000000106f47000 	/usr/lib/system/libsystem_c.dylib
0x0000000106ffc000 	/usr/lib/system/libsystem_configuration.dylib
0x0000000107007000 	/usr/lib/system/libsystem_coreservices.dylib
0x0000000107010000 	/usr/lib/system/libsystem_coretls.dylib
0x0000000107034000 	/usr/lib/system/libsystem_dnssd.dylib
0x0000000107040000 	/usr/lib/system/libsystem_info.dylib
0x000000010707f000 	/usr/lib/system/libsystem_kernel.dylib
0x00000001070b9000 	/usr/lib/system/libsystem_m.dylib
0x000000010710d000 	/usr/lib/system/libsystem_malloc.dylib
0x0000000107138000 	/usr/lib/system/libsystem_network.dylib
0x00000001071b4000 	/usr/lib/system/libsystem_networkextension.dylib
0x00000001071c9000 	/usr/lib/system/libsystem_notify.dylib
0x00000001071da000 	/usr/lib/system/libsystem_platform.dylib
0x00000001071eb000 	/usr/lib/system/libsystem_pthread.dylib
0x0000000107202000 	/usr/lib/system/libsystem_sandbox.dylib
0x0000000105889000 	/usr/lib/system/libsystem_secinit.dylib
0x000000010720c000 	/usr/lib/system/libsystem_symptoms.dylib
0x000000010721a000 	/usr/lib/system/libsystem_trace.dylib
0x000000010723c000 	/usr/lib/system/libunwind.dylib
0x0000000107249000 	/usr/lib/system/libxpc.dylib
0x0000000107292000 	/usr/lib/libbsm.0.dylib
0x00000001072ac000 	/usr/lib/system/libkxld.dylib
0x00000001072be000 	/usr/lib/libcoretls.dylib
0x00000001072c7000 	/usr/lib/libcoretls_cfhelpers.dylib
0x00000001038ca000 	/usr/lib/libOpenScriptingUtil.dylib
0x00000001072ce000 	/usr/lib/libpam.2.dylib
0x00000001072d8000 	/usr/lib/libsqlite3.dylib
0x000000010743e000 	/usr/lib/libxar.1.dylib
0x0000000107455000 	/usr/lib/libbz2.1.0.dylib
0x0000000107469000 	/usr/lib/liblzma.5.dylib
0x000000010748b000 	/usr/lib/libnetwork.dylib
0x0000000107540000 	/usr/lib/libpcap.A.dylib
0x000000010757f000 	/System/Library/Frameworks/CoreServices.framework/Versions/A/Frameworks/FSEvents.framework/Versions/A/FSEvents
0x000000010758f000 	/System/Library/Frameworks/CoreServices.framework/Versions/A/Frameworks/CarbonCore.framework/Versions/A/CarbonCore
0x00000001070e1000 	/System/Library/Frameworks/CoreServices.framework/Versions/A/Frameworks/Metadata.framework/Versions/A/Metadata
0x0000000107a0e000 	/System/Library/Frameworks/CoreServices.framework/Versions/A/Frameworks/OSServices.framework/Versions/A/OSServices
0x0000000107ab7000 	/System/Library/Frameworks/CoreServices.framework/Versions/A/Frameworks/SearchKit.framework/Versions/A/SearchKit
0x0000000107b6b000 	/System/Library/Frameworks/CoreServices.framework/Versions/A/Frameworks/AE.framework/Versions/A/AE
0x0000000107beb000 	/System/Library/Frameworks/CoreServices.framework/Versions/A/Frameworks/LaunchServices.framework/Versions/A/LaunchServices
0x0000000107e4b000 	/System/Library/Frameworks/CoreServices.framework/Versions/A/Frameworks/DictionaryServices.framework/Versions/A/DictionaryServices
0x0000000107eaa000 	/System/Library/Frameworks/CoreServices.framework/Versions/A/Frameworks/SharedFileList.framework/Versions/A/SharedFileList
0x0000000107f22000 	/System/Library/Frameworks/NetFS.framework/Versions/A/NetFS
0x0000000107f33000 	/System/Library/PrivateFrameworks/NetAuth.framework/Versions/A/NetAuth
0x0000000107f4b000 	/System/Library/PrivateFrameworks/login.framework/Versions/A/Frameworks/loginsupport.framework/Versions/A/loginsupport
0x0000000107f53000 	/System/Library/PrivateFrameworks/TCC.framework/Versions/A/TCC
0x0000000107f62000 	/usr/lib/libmecabra.dylib
0x000000010826e000 	/System/Library/Frameworks/ApplicationServices.framework/Versions/A/Frameworks/ATS.framework/Versions/A/ATS
0x000000010830a000 	/System/Library/Frameworks/ApplicationServices.framework/Versions/A/Frameworks/ColorSync.framework/Versions/A/ColorSync
0x0000000108401000 	/System/Library/Frameworks/ApplicationServices.framework/Versions/A/Frameworks/HIServices.framework/Versions/A/HIServices
0x000000010848a000 	/System/Library/Frameworks/ApplicationServices.framework/Versions/A/Frameworks/LangAnalysis.framework/Versions/A/LangAnalysis
0x00000001084a8000 	/System/Library/Frameworks/ApplicationServices.framework/Versions/A/Frameworks/PrintCore.framework/Versions/A/PrintCore
0x0000000108523000 	/System/Library/Frameworks/ApplicationServices.framework/Versions/A/Frameworks/QD.framework/Versions/A/QD
0x0000000108586000 	/System/Library/Frameworks/ApplicationServices.framework/Versions/A/Frameworks/SpeechSynthesis.framework/Versions/A/SpeechSynthesis
0x00000001085a5000 	/System/Library/Frameworks/Accelerate.framework/Versions/A/Frameworks/vImage.framework/Versions/A/vImage
0x0000000100225000 	/System/Library/Frameworks/Accelerate.framework/Versions/A/Frameworks/vecLib.framework/Versions/A/vecLib
0x0000000108c51000 	/System/Library/Frameworks/Accelerate.framework/Versions/A/Frameworks/vecLib.framework/Versions/A/libvDSP.dylib
0x0000000108dac000 	/System/Library/Frameworks/Accelerate.framework/Versions/A/Frameworks/vecLib.framework/Versions/A/libBNNS.dylib
0x0000000108dca000 	/System/Library/Frameworks/Accelerate.framework/Versions/A/Frameworks/vecLib.framework/Versions/A/libQuadrature.dylib
0x0000000108dd5000 	/System/Library/Frameworks/Accelerate.framework/Versions/A/Frameworks/vecLib.framework/Versions/A/libvMisc.dylib
0x0000000108e99000 	/System/Library/Frameworks/Accelerate.framework/Versions/A/Frameworks/vecLib.framework/Versions/A/libLAPACK.dylib
0x0000000109305000 	/System/Library/Frameworks/Accelerate.framework/Versions/A/Frameworks/vecLib.framework/Versions/A/libBLAS.dylib
0x00000001094f2000 	/System/Library/Frameworks/Accelerate.framework/Versions/A/Frameworks/vecLib.framework/Versions/A/libLinearAlgebra.dylib
0x0000000109511000 	/System/Library/Frameworks/Accelerate.framework/Versions/A/Frameworks/vecLib.framework/Versions/A/libSparseBLAS.dylib
0x000000010952c000 	/System/Library/Frameworks/ApplicationServices.framework/Versions/A/Frameworks/ATS.framework/Versions/A/Resources/libFontParser.dylib
0x00000001096e6000 	/System/Library/Frameworks/ApplicationServices.framework/Versions/A/Frameworks/ATS.framework/Versions/A/Resources/libFontRegistry.dylib
0x0000000109761000 	/System/Library/Frameworks/ImageIO.framework/Versions/A/Resources/libJPEG.dylib
0x000000010978d000 	/System/Library/Frameworks/ImageIO.framework/Versions/A/Resources/libTIFF.dylib
0x00000001097eb000 	/System/Library/Frameworks/ImageIO.framework/Versions/A/Resources/libPng.dylib
0x000000010981d000 	/System/Library/Frameworks/ImageIO.framework/Versions/A/Resources/libGIF.dylib
0x0000000109827000 	/System/Library/Frameworks/ImageIO.framework/Versions/A/Resources/libJP2.dylib
0x0000000109942000 	/System/Library/Frameworks/ImageIO.framework/Versions/A/Resources/libRadiance.dylib
0x0000000109949000 	/usr/lib/libcompression.dylib
0x0000000109967000 	/System/Library/PrivateFrameworks/AppleJPEG.framework/Versions/A/AppleJPEG
0x0000000109a55000 	/usr/lib/libcups.2.dylib
0x0000000109ac1000 	/System/Library/Frameworks/Kerberos.framework/Versions/A/Kerberos
0x0000000109af4000 	/System/Library/Frameworks/GSS.framework/Versions/A/GSS
0x0000000109b47000 	/usr/lib/libresolv.9.dylib
0x0000000109b6f000 	/usr/lib/libiconv.2.dylib
0x0000000109c72000 	/System/Library/PrivateFrameworks/Heimdal.framework/Versions/A/Heimdal
0x0000000109d1a000 	/usr/lib/libheimdal-asn1.dylib
0x0000000109d26000 	/System/Library/Frameworks/OpenDirectory.framework/Versions/A/OpenDirectory
0x0000000109d46000 	/System/Library/PrivateFrameworks/CommonAuth.framework/Versions/A/CommonAuth
0x0000000109d57000 	/System/Library/Frameworks/OpenDirectory.framework/Versions/A/Frameworks/CFOpenDirectory.framework/Versions/A/CFOpenDirectory
0x0000000109d92000 	/System/Library/Frameworks/SecurityFoundation.framework/Versions/A/SecurityFoundation
0x0000000109e4a000 	/System/Library/PrivateFrameworks/LanguageModeling.framework/Versions/A/LanguageModeling
0x000000010a031000 	/usr/lib/libmarisa.dylib
0x000000010a054000 	/usr/lib/libChineseTokenizer.dylib
0x000000010a06e000 	/usr/lib/libcmph.dylib
0x000000010a087000 	/System/Library/PrivateFrameworks/CoreEmoji.framework/Versions/A/CoreEmoji
0x000000010a0b1000 	/System/Library/Frameworks/ServiceManagement.framework/Versions/A/ServiceManagement
0x000000010a0bc000 	/usr/lib/libxslt.1.dylib
0x000000010a0f3000 	/System/Library/Frameworks/Carbon.framework/Versions/A/Frameworks/Ink.framework/Versions/A/Ink
0x000000010a1be000 	/System/Library/PrivateFrameworks/TextureIO.framework/Versions/A/TextureIO
0x000000010a2a3000 	/System/Library/Frameworks/Metal.framework/Versions/A/Metal
0x000000010a3a9000 	/usr/lib/libate.dylib
0x00000001043e0000 	/System/Library/PrivateFrameworks/GPUCompiler.framework/libmetal_timestamp.dylib
0x000000010a4ac000 	/System/Library/Frameworks/OpenGL.framework/Versions/A/Libraries/libCoreFSCache.dylib
0x000000010a4b5000 	/System/Library/PrivateFrameworks/IOAccelerator.framework/Versions/A/IOAccelerator
0x000000010a4c7000 	/System/Library/Frameworks/CoreVideo.framework/Versions/A/CoreVideo
0x000000010a523000 	/usr/lib/libFosl_dynamic.dylib
0x000000010a76d000 	/System/Library/PrivateFrameworks/MetalPerformanceShaders.framework/Versions/A/MetalPerformanceShaders
0x000000010a831000 	/System/Library/PrivateFrameworks/FaceCore.framework/Versions/A/FaceCore
0x000000010ae7f000 	/System/Library/Frameworks/OpenCL.framework/Versions/A/OpenCL
0x000000010aee6000 	/System/Library/Frameworks/OpenGL.framework/Versions/A/Libraries/libGLU.dylib
0x000000010af37000 	/System/Library/Frameworks/OpenGL.framework/Versions/A/Libraries/libGFXShared.dylib
0x000000010af48000 	/System/Library/Frameworks/OpenGL.framework/Versions/A/Libraries/libGL.dylib
0x000000010af68000 	/System/Library/Frameworks/OpenGL.framework/Versions/A/Libraries/libGLImage.dylib
0x000000010afad000 	/System/Library/Frameworks/OpenGL.framework/Versions/A/Libraries/libCVMSPluginSupport.dylib
0x000000010afb5000 	/System/Library/Frameworks/OpenGL.framework/Versions/A/Libraries/libCoreVMClient.dylib
0x000000010afc1000 	/System/Library/PrivateFrameworks/CrashReporterSupport.framework/Versions/A/CrashReporterSupport
0x000000010afe1000 	/System/Library/PrivateFrameworks/Sharing.framework/Versions/A/Sharing
0x000000010b0f6000 	/System/Library/PrivateFrameworks/IconServices.framework/Versions/A/IconServices
0x000000010b13c000 	/System/Library/PrivateFrameworks/ProtocolBuffer.framework/Versions/A/ProtocolBuffer
0x000000010b16f000 	/System/Library/PrivateFrameworks/Apple80211.framework/Versions/A/Apple80211
0x000000010b19f000 	/System/Library/Frameworks/CoreWLAN.framework/Versions/A/CoreWLAN
0x000000010b25d000 	/System/Library/PrivateFrameworks/CoreUtils.framework/Versions/A/CoreUtils
0x000000010b38e000 	/System/Library/Frameworks/IOBluetooth.framework/Versions/A/IOBluetooth
0x000000010b4b4000 	/System/Library/PrivateFrameworks/CoreWiFi.framework/Versions/A/CoreWiFi
0x000000010b57b000 	/System/Library/Frameworks/CoreBluetooth.framework/Versions/A/CoreBluetooth
0x000000010b5a5000 	/System/Library/Frameworks/CoreDisplay.framework/Versions/A/CoreDisplay
0x000000010b68d000 	/System/Library/PrivateFrameworks/IOPresentment.framework/Versions/A/IOPresentment
0x000000010b6ba000 	/System/Library/PrivateFrameworks/DSExternalDisplay.framework/Versions/A/DSExternalDisplay
0x000000010b6c5000 	/System/Library/PrivateFrameworks/DebugSymbols.framework/Versions/A/DebugSymbols
0x000000010b723000 	/System/Library/PrivateFrameworks/CoreSymbolication.framework/Versions/A/CoreSymbolication
0x000000010b804000 	/System/Library/PrivateFrameworks/Symbolication.framework/Versions/A/Symbolication
0x000000010b8c8000 	/System/Library/PrivateFrameworks/AppleFSCompression.framework/Versions/A/AppleFSCompression
0x000000010b8e1000 	/System/Library/PrivateFrameworks/SpeechRecognitionCore.framework/Versions/A/SpeechRecognitionCore
0x000000010b8fd000 	/System/Library/PrivateFrameworks/ChunkingLibrary.framework/Versions/A/ChunkingLibrary
0x000000010bb94000 	/Applications/Android Studio 2.app/Contents/jre/jdk/Contents/Home/jre/lib/server/libjvm.dylib
0x000000010ce00000 	/usr/lib/libstdc++.6.dylib
0x000000010ceb9000 	/Applications/Android Studio 2.app/Contents/jre/jdk/Contents/Home/jre/lib/libverify.dylib
0x000000010cec5000 	/Applications/Android Studio 2.app/Contents/jre/jdk/Contents/Home/jre/lib/libjava.dylib
0x000000010cf01000 	/Applications/Android Studio 2.app/Contents/jre/jdk/Contents/Home/jre/lib/libzip.dylib
0x0000000122ae7000 	/Applications/Android Studio 2.app/Contents/jre/jdk/Contents/Home/jre/lib/libmanagement.dylib
0x0000000122af1000 	/Applications/Android Studio 2.app/Contents/jre/jdk/Contents/Home/jre/lib/libnio.dylib
0x0000000122b01000 	/Applications/Android Studio 2.app/Contents/jre/jdk/Contents/Home/jre/lib/./libnet.dylib

VM Arguments:
jvm_args: -Djava.awt.headless=true -Djava.rmi.server.hostname=localhost -Xmx2048m -Dkotlin.environment.keepalive 
java_command: org.jetbrains.kotlin.daemon.KotlinCompileDaemon --daemon-runFilesPath /Users/laki/Library/Application Support/kotlin/daemon --daemon-autoshutdownIdleSeconds=7200 --daemon-compilerClasspath /Users/laki/.gradle/caches/modules-2/files-2.1/org.jetbrains.kotlin/kotlin-compiler-embeddable/1.2.41/e439cfdc216b070ebd454da892447f5dca96a934/kotlin-compiler-embeddable-1.2.41.jar:/Users/laki/.gradle/caches/modules-2/files-2.1/org.jetbrains.kotlin/kotlin-stdlib/1.2.41/7e34f009642702250bccd9e5255866f408962a05/kotlin-stdlib-1.2.41.jar:/Users/laki/.gradle/caches/modules-2/files-2.1/org.jetbrains.kotlin/kotlin-script-runtime/1.2.41/e291b12913910c260ce878f9a76c84203cf710a1/kotlin-script-runtime-1.2.41.jar:/Users/laki/.gradle/caches/modules-2/files-2.1/org.jetbrains.kotlin/kotlin-reflect/1.2.41/e4d6728a4fa55dbfb510aeea25c072c7c51d94/kotlin-reflect-1.2.41.jar:/Applications/Android Studio 2.app/Contents/jre/jdk/Contents/Home/lib/tools.jar
java_class_path (initial): /Users/laki/.gradle/caches/modules-2/files-2.1/org.jetbrains.kotlin/kotlin-compiler-embeddable/1.2.41/e439cfdc216b070ebd454da892447f5dca96a934/kotlin-compiler-embeddable-1.2.41.jar:/Users/laki/.gradle/caches/modules-2/files-2.1/org.jetbrains.kotlin/kotlin-stdlib/1.2.41/7e34f009642702250bccd9e5255866f408962a05/kotlin-stdlib-1.2.41.jar:/Users/laki/.gradle/caches/modules-2/files-2.1/org.jetbrains.kotlin/kotlin-script-runtime/1.2.41/e291b12913910c260ce878f9a76c84203cf710a1/kotlin-script-runtime-1.2.41.jar:/Users/laki/.gradle/caches/modules-2/files-2.1/org.jetbrains.kotlin/kotlin-reflect/1.2.41/e4d6728a4fa55dbfb510aeea25c072c7c51d94/kotlin-reflect-1.2.41.jar:/Applications/Android Studio 2.app/Contents/jre/jdk/Contents/Home/lib/tools.jar
Launcher Type: SUN_STANDARD

Environment Variables:
PATH=/usr/local/bin:/usr/bin:/bin:/usr/sbin:/sbin:/opt/X11/bin
SHELL=/bin/bash
DISPLAY=/private/tmp/com.apple.launchd.VJlkO4PwW6/org.macosforge.xquartz:0

Signal Handlers:
SIGSEGV: [libjvm.dylib+0x53f567], sa_mask[0]=11111111011111110111111111111111, sa_flags=SA_ONSTACK|SA_RESTART|SA_SIGINFO
SIGBUS: [libjvm.dylib+0x53f567], sa_mask[0]=11111111011111110111111111111111, sa_flags=SA_RESTART|SA_SIGINFO
SIGFPE: [libjvm.dylib+0x437adf], sa_mask[0]=11111111011111110111111111111111, sa_flags=SA_RESTART|SA_SIGINFO
SIGPIPE: [libjvm.dylib+0x437adf], sa_mask[0]=11111111011111110111111111111111, sa_flags=SA_RESTART|SA_SIGINFO
SIGXFSZ: [libjvm.dylib+0x437adf], sa_mask[0]=11111111011111110111111111111111, sa_flags=SA_RESTART|SA_SIGINFO
SIGILL: [libjvm.dylib+0x437adf], sa_mask[0]=11111111011111110111111111111111, sa_flags=SA_RESTART|SA_SIGINFO
SIGUSR1: SIG_DFL, sa_mask[0]=00000000000000000000000000000000, sa_flags=none
SIGUSR2: [libjvm.dylib+0x438404], sa_mask[0]=00100000000000000000000000000000, sa_flags=SA_RESTART|SA_SIGINFO
SIGHUP: [libjvm.dylib+0x4365f9], sa_mask[0]=11111111011111110111111111111111, sa_flags=SA_RESTART|SA_SIGINFO
SIGINT: [libjvm.dylib+0x4365f9], sa_mask[0]=11111111011111110111111111111111, sa_flags=SA_RESTART|SA_SIGINFO
SIGTERM: [libjvm.dylib+0x4365f9], sa_mask[0]=11111111011111110111111111111111, sa_flags=SA_RESTART|SA_SIGINFO
SIGQUIT: [libjvm.dylib+0x4365f9], sa_mask[0]=11111111011111110111111111111111, sa_flags=SA_RESTART|SA_SIGINFO


---------------  S Y S T E M  ---------------

OS:Bsduname:Darwin 16.6.0 Darwin Kernel Version 16.6.0: Fri Apr 14 16:21:16 PDT 2017; root:xnu-3789.60.24~6/RELEASE_X86_64 x86_64
rlimit: STACK 8192k, CORE 0k, NPROC 709, NOFILE 10240, AS infinity
load average:2.49 2.27 2.05

CPU:total 4 (initial active 4) (2 cores per cpu, 2 threads per core) family 6 model 58 stepping 9, cmov, cx8, fxsr, mmx, sse, sse2, sse3, ssse3, sse4.1, sse4.2, popcnt, avx, aes, clmul, erms, ht, tsc, tscinvbit, tscinv

Memory: 4k page, physical 4194304k(38808k free)

/proc/meminfo:


vm_info: OpenJDK 64-Bit Server VM (25.152-b01) for bsd-amd64 JRE (1.8.0_152-release-1024-b01), built by "builder" with gcc 4.2.1 Compatible Apple LLVM 8.1.0 (clang-802.0.42)

time: Wed May  9 12:26:21 2018
elapsed time: 14268 seconds (0d 3h 57m 48s)

