#
# A fatal error has been detected by the Java Runtime Environment:
#
#  SIGSEGV (0xb) at pc=0x000000010edf9247, pid=9995, tid=0x0000000000002d03
#
# JRE version: OpenJDK Runtime Environment (8.0_152-b01) (build 1.8.0_152-release-1024-b01)
# Java VM: OpenJDK 64-Bit Server VM (25.152-b01 mixed mode bsd-amd64 compressed oops)
# Problematic frame:
# V  [libjvm.dylib+0x476247]  oopDesc* PSPromotionManager::copy_to_survivor_space<false>(oopDesc*)+0x87
#
# Failed to write core dump. Core dumps have been disabled. To enable core dumping, try "ulimit -c unlimited" before starting Java again
#
# If you would like to submit a bug report, please visit:
#   http://bugreport.java.com/bugreport/crash.jsp
#

---------------  T H R E A D  ---------------

Current thread (0x00007fdc5301c000):  VMThread [stack: 0x0000700003a46000,0x0000700003b46000] [id=11523]

siginfo: si_signo: 11 (SIGSEGV), si_code: 1 (SEGV_MAPERR), si_addr: 0x00000005c0000770

Registers:
RAX=0x000000010f175d01, RBX=0x00000007bc110a8d, RCX=0x0000000000000003, RDX=0x000000010f164e00
RSP=0x0000700003b45500, RBP=0x0000700003b45570, RSI=0x00000007beeb31a8, RDI=0x00000005c0000768
R8 =0x0000000000000000, R9 =0x000000010f175dfb, R10=0x00007fdc52708a78, R11=0xfffffffffd2648d0
R12=0x000000010f175dfb, R13=0x0000000000000001, R14=0x00007fdc5301bb00, R15=0x00000007beeb31a8
RIP=0x000000010edf9247, EFLAGS=0x0000000000010202, ERR=0x0000000000000004
  TRAPNO=0x000000000000000e

Top of Stack: (sp=0x0000700003b45500)
0x0000700003b45500:   0000700003b45570 000000010ec1b067
0x0000700003b45510:   00000007bc118bc0 0000000000000400
0x0000700003b45520:   0000700003b45550 00007fdc5301bb28
0x0000700003b45530:   00000007c0040990 00007fdc5301bb00
0x0000700003b45540:   0000000000000042 00000007bc110a8d
0x0000700003b45550:   000000010f175dfb 00007fdc5301bb00
0x0000700003b45560:   00000007bc110a8c 000000010f164df0
0x0000700003b45570:   0000700003b455a0 000000010edf6cfe
0x0000700003b45580:   00000007bc110a8d 000000010f17a680
0x0000700003b45590:   00007fdc5301bb60 00007fdc5301bb98
0x0000700003b455a0:   0000700003b455f0 000000010edf6ac0
0x0000700003b455b0:   0000000100000000 00000007bc110a8d
0x0000700003b455c0:   0100000000000007 0000700003b45990
0x0000700003b455d0:   0000000000000000 0000000000000000
0x0000700003b455e0:   000000010f175df8 0000700003b45648
0x0000700003b455f0:   0000700003b45610 000000010edf9a1b
0x0000700003b45600:   000000010f163e00 0000000000000000
0x0000700003b45610:   0000700003b456d0 000000010edfe068
0x0000700003b45620:   00007fdc527116f0 00007fdc538d1000
0x0000700003b45630:   00007fdc538d10d0 00007fdc538d8fe8
0x0000700003b45640:   00000000000083b0 00007fdc5270edb0
0x0000700003b45650:   00000007bfba0220 00000007bfba0208
0x0000700003b45660:   0000000000000000 00000007bfba0220
0x0000700003b45670:   00000007bfba0208 00000007bfba0214
0x0000700003b45680:   00000007beee44f8 0000700003b459b8
0x0000700003b45690:   000000010f17b508 0000700003b45990
0x0000700003b456a0:   000000010f17b508 0000000000000002
0x0000700003b456b0:   00007fdc5270edb0 000000010f17b508
0x0000700003b456c0:   0000700003b459b8 00000000000001d7
0x0000700003b456d0:   0000700003b45760 000000010edfd49a
0x0000700003b456e0:   000000010f17b3e8 0000000000000000
0x0000700003b456f0:   0000700003b45730 000000010ebd7b7d 

Instructions: (pc=0x000000010edf9247)
0x000000010edf9227:   8a 00 84 c0 74 16 48 8d 15 cc bb 36 00 8a 4a 08
0x000000010edf9237:   41 8b 7f 08 48 d3 e7 48 03 3a eb 04 49 8b 7f 08
0x000000010edf9247:   44 8b 67 08 45 85 e4 7e 0c 41 f6 c4 01 75 08 41
0x000000010edf9257:   c1 fc 03 eb 54 78 11 48 8b 07 4c 89 fe ff 90 e8 

Register to memory mapping:

RAX=0x000000010f175d01: CONST_G1RecordHRRSEvents+0 in /Applications/Android Studio 2.app/Contents/jre/jdk/Contents/Home/jre/lib/server/libjvm.dylib at 0x000000010e983000
RBX=0x00000007bc110a8d is pointing into object: 0x00000007bc110a70
java.util.zip.ZipFile$ZipFileInflaterInputStream 
 - klass: 'java/util/zip/ZipFile$ZipFileInflaterInputStream'
RCX=0x0000000000000003 is an unknown value
RDX=0x000000010f164e00: _ZN8Universe13_narrow_klassE+0 in /Applications/Android Studio 2.app/Contents/jre/jdk/Contents/Home/jre/lib/server/libjvm.dylib at 0x000000010e983000
RSP=0x0000700003b45500 is an unknown value
RBP=0x0000700003b45570 is an unknown value
RSI=0x00000007beeb31a8 is an oop

[error occurred during error reporting (printing register info), id 0xb]

Stack: [0x0000700003a46000,0x0000700003b46000],  sp=0x0000700003b45500,  free space=1021k
Native frames: (J=compiled Java code, j=interpreted, Vv=VM code, C=native code)
V  [libjvm.dylib+0x476247]  oopDesc* PSPromotionManager::copy_to_survivor_space<false>(oopDesc*)+0x87
V  [libjvm.dylib+0x473cfe]  PSPromotionManager::process_popped_location_depth(StarTask)+0x106
V  [libjvm.dylib+0x473ac0]  PSPromotionManager::drain_stacks_depth(bool)+0x11e
V  [libjvm.dylib+0x476a1b]  PSEvacuateFollowersClosure::do_void()+0x17
V  [libjvm.dylib+0x47b068]  ReferenceProcessor::process_phase3(DiscoveredList&, bool, BoolObjectClosure*, OopClosure*, VoidClosure*)+0x16a
V  [libjvm.dylib+0x47a49a]  ReferenceProcessor::process_discovered_reflist(DiscoveredList*, ReferencePolicy*, bool, BoolObjectClosure*, OopClosure*, VoidClosure*, AbstractRefProcTaskExecutor*)+0x258
V  [libjvm.dylib+0x47a13f]  ReferenceProcessor::process_discovered_references(BoolObjectClosure*, OopClosure*, VoidClosure*, AbstractRefProcTaskExecutor*, GCTimer*, GCId)+0x14f
V  [libjvm.dylib+0x4753dd]  PSScavenge::invoke_no_policy()+0x9bf
V  [libjvm.dylib+0x47495c]  PSScavenge::invoke()+0x34
V  [libjvm.dylib+0x44a68e]  ParallelScavengeHeap::failed_mem_allocate(unsigned long)+0x28
V  [libjvm.dylib+0x54002d]  VM_ParallelGCFailedAllocation::doit()+0x4b
V  [libjvm.dylib+0x54f99e]  VM_Operation::evaluate()+0x46
V  [libjvm.dylib+0x54f33a]  VMThread::evaluate_operation(VM_Operation*)+0x146
V  [libjvm.dylib+0x54ed62]  VMThread::loop()+0xc0
V  [libjvm.dylib+0x54eb97]  VMThread::run()+0x73
V  [libjvm.dylib+0x435709]  java_start(Thread*)+0xfa
C  [libsystem_pthread.dylib+0x393b]  _pthread_body+0xb4
C  [libsystem_pthread.dylib+0x3887]  _pthread_body+0x0
C  [libsystem_pthread.dylib+0x308d]  thread_start+0xd

VM_Operation (0x00007000036364f0): ParallelGCFailedAllocation, mode: safepoint, requested by thread 0x00007fdc53004000


---------------  P R O C E S S  ---------------

Java Threads: ( => current thread )
  0x00007fdc54025000 JavaThread "Service Thread" daemon [_thread_blocked, id=18435, stack(0x000070000415b000,0x000070000425b000)]
  0x00007fdc5303b000 JavaThread "C1 CompilerThread2" daemon [_thread_blocked, id=17923, stack(0x0000700004058000,0x0000700004158000)]
  0x00007fdc53826000 JavaThread "C2 CompilerThread1" daemon [_thread_blocked, id=17411, stack(0x0000700003f55000,0x0000700004055000)]
  0x00007fdc54024800 JavaThread "C2 CompilerThread0" daemon [_thread_blocked, id=16899, stack(0x0000700003e52000,0x0000700003f52000)]
  0x00007fdc5281d000 JavaThread "Signal Dispatcher" daemon [_thread_blocked, id=16387, stack(0x0000700003d4f000,0x0000700003e4f000)]
  0x00007fdc5282e800 JavaThread "Finalizer" daemon [_thread_blocked, id=12547, stack(0x0000700003c4c000,0x0000700003d4c000)]
  0x00007fdc5380a800 JavaThread "Reference Handler" daemon [_thread_blocked, id=12035, stack(0x0000700003b49000,0x0000700003c49000)]
  0x00007fdc53004000 JavaThread "main" [_thread_blocked, id=7171, stack(0x0000700003537000,0x0000700003637000)]

Other Threads:
=>0x00007fdc5301c000 VMThread [stack: 0x0000700003a46000,0x0000700003b46000] [id=11523]
  0x00007fdc54042000 WatcherThread [stack: 0x000070000425e000,0x000070000435e000] [id=18947]

VM state:at safepoint (normal execution)

VM Mutex/Monitor currently owned by a thread:  ([mutex/lock_event])
[0x00007fdc527023b0] Threads_lock - owner thread: 0x00007fdc5301c000
[0x00007fdc527028b0] Heap_lock - owner thread: 0x00007fdc53004000

Heap:
 PSYoungGen      total 18944K, used 16384K [0x00000007beb00000, 0x00000007c0000000, 0x00000007c0000000)
  eden space 16384K, 100% used [0x00000007beb00000,0x00000007bfb00000,0x00000007bfb00000)
  from space 2560K, 0% used [0x00000007bfd80000,0x00000007bfd80000,0x00000007c0000000)
  to   space 2560K, 99% used [0x00000007bfb00000,0x00000007bfd7f3d0,0x00000007bfd80000)
 ParOldGen       total 44032K, used 1135K [0x00000007bc000000, 0x00000007beb00000, 0x00000007beb00000)
  object space 44032K, 2% used [0x00000007bc000000,0x00000007bc11bf50,0x00000007beb00000)
 Metaspace       used 6410K, capacity 6560K, committed 6784K, reserved 1056768K
  class space    used 759K, capacity 824K, committed 896K, reserved 1048576K

Card table byte_map: [0x00000001100b6000,0x00000001100d7000] byte_map_base: 0x000000010c2d6000

Marking Bits: (ParMarkBitMap*) 0x000000010f17b1c8
 Begin Bits: [0x00000001100ed000, 0x00000001101ed000)
 End Bits:   [0x00000001101ed000, 0x00000001102ed000)

Polling page: 0x0000000103303000

CodeCache: size=245760Kb used=2195Kb max_used=2206Kb free=243565Kb
 bounds [0x0000000110b5c000, 0x0000000110dcc000, 0x000000011fb5c000]
 total_blobs=859 nmethods=548 adapters=226
 compilation: enabled

Compilation events (10 events):
Event: 1.701 Thread 0x00007fdc53826000 nmethod 539 0x0000000110d82150 code [0x0000000110d82360, 0x0000000110d82e70]
Event: 1.701 Thread 0x00007fdc53826000  545       4       java.util.HashMap::containsKey (18 bytes)
Event: 1.701 Thread 0x00007fdc54024800 nmethod 543 0x0000000110d713d0 code [0x0000000110d71520, 0x0000000110d71638]
Event: 1.714 Thread 0x00007fdc53826000 nmethod 545 0x0000000110d836d0 code [0x0000000110d83860, 0x0000000110d83cb8]
Event: 1.737 Thread 0x00007fdc54024800  546       4       java.util.zip.ZipEntry::setExtra0 (360 bytes)
Event: 1.738 Thread 0x00007fdc54024800 nmethod 546 0x0000000110d6f150 code [0x0000000110d6f2a0, 0x0000000110d6f358]
Event: 1.740 Thread 0x00007fdc53826000  548       4       com.google.common.collect.TransformedIterator::next (14 bytes)
Event: 1.741 Thread 0x00007fdc54024800  547       4       com.google.common.collect.TransformedIterator::hasNext (10 bytes)
Event: 1.751 Thread 0x00007fdc54024800 nmethod 547 0x0000000110d84010 code [0x0000000110d84180, 0x0000000110d844d8]
Event: 1.753 Thread 0x00007fdc53826000 nmethod 548 0x0000000110d7ef50 code [0x0000000110d7f0c0, 0x0000000110d7f228]

GC Heap History (1 events):
Event: 1.795 GC heap before
{Heap before GC invocations=1 (full 0):
 PSYoungGen      total 18944K, used 16384K [0x00000007beb00000, 0x00000007c0000000, 0x00000007c0000000)
  eden space 16384K, 100% used [0x00000007beb00000,0x00000007bfb00000,0x00000007bfb00000)
  from space 2560K, 0% used [0x00000007bfd80000,0x00000007bfd80000,0x00000007c0000000)
  to   space 2560K, 0% used [0x00000007bfb00000,0x00000007bfb00000,0x00000007bfd80000)
 ParOldGen       total 44032K, used 0K [0x00000007bc000000, 0x00000007beb00000, 0x00000007beb00000)
  object space 44032K, 0% used [0x00000007bc000000,0x00000007bc000000,0x00000007beb00000)
 Metaspace       used 6410K, capacity 6560K, committed 6784K, reserved 1056768K
  class space    used 759K, capacity 824K, committed 896K, reserved 1048576K

Deoptimization events (9 events):
Event: 0.930 Thread 0x00007fdc53004000 Uncommon trap: reason=range_check action=make_not_entrant pc=0x0000000110cbbec8 method=sun.reflect.generics.parser.SignatureParser.current()C @ 34
Event: 1.420 Thread 0x00007fdc53004000 Uncommon trap: reason=unstable_if action=reinterpret pc=0x0000000110d32834 method=java.lang.String.startsWith(Ljava/lang/String;I)Z @ 25
Event: 1.678 Thread 0x00007fdc53004000 Uncommon trap: reason=unstable_if action=reinterpret pc=0x0000000110d70abc method=java.util.zip.ZipFile$ZipEntryIterator.hasNext()Z @ 25
Event: 1.678 Thread 0x00007fdc53004000 Uncommon trap: reason=unstable_if action=reinterpret pc=0x0000000110d78890 method=java.util.zip.ZipCoder.decoder()Ljava/nio/charset/CharsetDecoder; @ 4
Event: 1.678 Thread 0x00007fdc53004000 Uncommon trap: reason=unstable_if action=reinterpret pc=0x0000000110d58478 method=java.util.zip.ZipEntry.setExtra0([BZ)V @ 1
Event: 1.683 Thread 0x00007fdc53004000 Uncommon trap: reason=unstable_if action=reinterpret pc=0x0000000110d6d690 method=java.util.zip.ZipFile$ZipEntryIterator.hasNext()Z @ 25
Event: 1.683 Thread 0x00007fdc53004000 Uncommon trap: reason=unstable_if action=reinterpret pc=0x0000000110d76234 method=java.util.zip.ZipCoder.decoder()Ljava/nio/charset/CharsetDecoder; @ 4
Event: 1.685 Thread 0x00007fdc53004000 Uncommon trap: reason=unstable_if action=reinterpret pc=0x0000000110d6ee38 method=java.util.zip.ZipFile$ZipEntryIterator.hasNext()Z @ 25
Event: 1.685 Thread 0x00007fdc53004000 Uncommon trap: reason=unstable_if action=reinterpret pc=0x0000000110d7b254 method=java.util.zip.ZipCoder.decoder()Ljava/nio/charset/CharsetDecoder; @ 4

Classes redefined (0 events):
No events

Internal exceptions (10 events):
Event: 0.128 Thread 0x00007fdc53004000 Exception <a 'java/lang/NoSuchMethodError': Method sun.misc.Unsafe.prefetchRead(Ljava/lang/Object;J)V name or signature does not match> (0x00000007beb07f90) thrown at [/Volumes/android/AOSP-openjdk-git/jdk8u/hotspot/src/share/vm/prims/jni.cpp, line 4011]
Event: 0.931 Thread 0x00007fdc53004000 Exception <a 'java/lang/ArrayIndexOutOfBoundsException': 18> (0x00000007bef288c0) thrown at [/Volumes/android/AOSP-openjdk-git/jdk8u/hotspot/src/share/vm/interpreter/interpreterRuntime.cpp, line 366]
Event: 0.931 Thread 0x00007fdc53004000 Exception <a 'java/lang/ArrayIndexOutOfBoundsException': 67> (0x00000007bef297c8) thrown at [/Volumes/android/AOSP-openjdk-git/jdk8u/hotspot/src/share/vm/interpreter/interpreterRuntime.cpp, line 366]
Event: 1.080 Thread 0x00007fdc53004000 Exception <a 'java/lang/NoSuchFieldError': method resolution failed> (0x00000007bf1a6388) thrown at [/Volumes/android/AOSP-openjdk-git/jdk8u/hotspot/src/share/vm/prims/methodHandles.cpp, line 1167]
Event: 1.168 Thread 0x00007fdc53004000 Exception <a 'java/lang/NoSuchFieldError': method resolution failed> (0x00000007bf1b3708) thrown at [/Volumes/android/AOSP-openjdk-git/jdk8u/hotspot/src/share/vm/prims/methodHandles.cpp, line 1167]
Event: 1.203 Thread 0x00007fdc53004000 Exception <a 'sun/nio/fs/UnixException'> (0x00000007bf226f50) thrown at [/Volumes/android/AOSP-openjdk-git/jdk8u/hotspot/src/share/vm/prims/jni.cpp, line 709]
Event: 1.204 Thread 0x00007fdc53004000 Exception <a 'sun/nio/fs/UnixException'> (0x00000007bf227720) thrown at [/Volumes/android/AOSP-openjdk-git/jdk8u/hotspot/src/share/vm/prims/jni.cpp, line 709]
Event: 1.204 Thread 0x00007fdc53004000 Exception <a 'sun/nio/fs/UnixException'> (0x00000007bf227d60) thrown at [/Volumes/android/AOSP-openjdk-git/jdk8u/hotspot/src/share/vm/prims/jni.cpp, line 709]
Event: 1.204 Thread 0x00007fdc53004000 Exception <a 'sun/nio/fs/UnixException'> (0x00000007bf228360) thrown at [/Volumes/android/AOSP-openjdk-git/jdk8u/hotspot/src/share/vm/prims/jni.cpp, line 709]
Event: 1.204 Thread 0x00007fdc53004000 Exception <a 'sun/nio/fs/UnixException'> (0x00000007bf228940) thrown at [/Volumes/android/AOSP-openjdk-git/jdk8u/hotspot/src/share/vm/prims/jni.cpp, line 709]

Events (10 events):
Event: 1.683 Thread 0x00007fdc53004000 Uncommon trap: trap_request=0xffffff65 fr.pc=0x0000000110d76234
Event: 1.683 Thread 0x00007fdc53004000 DEOPT PACKING pc=0x0000000110d76234 sp=0x0000700003636690
Event: 1.683 Thread 0x00007fdc53004000 DEOPT UNPACKING pc=0x0000000110ba147a sp=0x0000700003636398 mode 2
Event: 1.685 Thread 0x00007fdc53004000 Uncommon trap: trap_request=0xffffff65 fr.pc=0x0000000110d6ee38
Event: 1.685 Thread 0x00007fdc53004000 DEOPT PACKING pc=0x0000000110d6ee38 sp=0x00007000036366a0
Event: 1.685 Thread 0x00007fdc53004000 DEOPT UNPACKING pc=0x0000000110ba147a sp=0x0000700003636600 mode 2
Event: 1.685 Thread 0x00007fdc53004000 Uncommon trap: trap_request=0xffffff65 fr.pc=0x0000000110d7b254
Event: 1.685 Thread 0x00007fdc53004000 DEOPT PACKING pc=0x0000000110d7b254 sp=0x0000700003636650
Event: 1.685 Thread 0x00007fdc53004000 DEOPT UNPACKING pc=0x0000000110ba147a sp=0x00007000036363b0 mode 2
Event: 1.795 Executing VM operation: ParallelGCFailedAllocation


Dynamic libraries:
0x0000000102e4f000 	/System/Library/Frameworks/Cocoa.framework/Versions/A/Cocoa
0x0000000102e55000 	/System/Library/Frameworks/Security.framework/Versions/A/Security
0x0000000103307000 	/System/Library/Frameworks/ApplicationServices.framework/Versions/A/ApplicationServices
0x0000000103312000 	/usr/lib/libz.1.dylib
0x0000000103330000 	/usr/lib/libSystem.B.dylib
0x000000010333a000 	/System/Library/Frameworks/CoreFoundation.framework/Versions/A/CoreFoundation
0x0000000103a71000 	/System/Library/Frameworks/Foundation.framework/Versions/C/Foundation
0x0000000104113000 	/usr/lib/libobjc.A.dylib
0x00000001045cc000 	/System/Library/Frameworks/AppKit.framework/Versions/C/AppKit
0x0000000105df1000 	/System/Library/Frameworks/CoreData.framework/Versions/A/CoreData
0x0000000106266000 	/System/Library/PrivateFrameworks/RemoteViewServices.framework/Versions/A/RemoteViewServices
0x00000001062b4000 	/System/Library/PrivateFrameworks/UIFoundation.framework/Versions/A/UIFoundation
0x0000000106516000 	/System/Library/PrivateFrameworks/DFRFoundation.framework/Versions/A/DFRFoundation
0x0000000106533000 	/usr/lib/libenergytrace.dylib
0x000000010653f000 	/System/Library/PrivateFrameworks/SkyLight.framework/Versions/A/SkyLight
0x0000000106882000 	/System/Library/Frameworks/CoreGraphics.framework/Versions/A/CoreGraphics
0x0000000107033000 	/usr/lib/libScreenReader.dylib
0x0000000107043000 	/System/Library/Frameworks/Accelerate.framework/Versions/A/Accelerate
0x000000010704b000 	/System/Library/Frameworks/IOSurface.framework/Versions/A/IOSurface
0x000000010705e000 	/System/Library/Frameworks/AudioToolbox.framework/Versions/A/AudioToolbox
0x0000000107385000 	/System/Library/Frameworks/AudioUnit.framework/Versions/A/AudioUnit
0x0000000107390000 	/System/Library/PrivateFrameworks/DataDetectorsCore.framework/Versions/A/DataDetectorsCore
0x0000000107448000 	/System/Library/PrivateFrameworks/DesktopServicesPriv.framework/Versions/A/DesktopServicesPriv
0x00000001075f0000 	/System/Library/Frameworks/Carbon.framework/Versions/A/Frameworks/HIToolbox.framework/Versions/A/HIToolbox
0x0000000107a83000 	/usr/lib/libicucore.A.dylib
0x0000000107d7d000 	/System/Library/Frameworks/QuartzCore.framework/Versions/A/QuartzCore
0x0000000108077000 	/System/Library/Frameworks/Carbon.framework/Versions/A/Frameworks/SpeechRecognition.framework/Versions/A/SpeechRecognition
0x000000010808b000 	/usr/lib/libauto.dylib
0x0000000108092000 	/usr/lib/libxml2.2.dylib
0x00000001081bb000 	/System/Library/PrivateFrameworks/CoreUI.framework/Versions/A/CoreUI
0x00000001084c9000 	/System/Library/Frameworks/CoreAudio.framework/Versions/A/CoreAudio
0x0000000108587000 	/System/Library/Frameworks/DiskArbitration.framework/Versions/A/DiskArbitration
0x000000010859a000 	/usr/lib/liblangid.dylib
0x00000001085a1000 	/System/Library/PrivateFrameworks/MultitouchSupport.framework/Versions/A/MultitouchSupport
0x00000001085e4000 	/System/Library/Frameworks/IOKit.framework/Versions/A/IOKit
0x00000001086be000 	/usr/lib/libDiagnosticMessagesClient.dylib
0x00000001086cc000 	/System/Library/Frameworks/CoreServices.framework/Versions/A/CoreServices
0x00000001086d5000 	/System/Library/PrivateFrameworks/PerformanceAnalysis.framework/Versions/A/PerformanceAnalysis
0x0000000108764000 	/System/Library/PrivateFrameworks/GenerationalStorage.framework/Versions/A/GenerationalStorage
0x000000010879e000 	/System/Library/Frameworks/OpenGL.framework/Versions/A/OpenGL
0x00000001087bd000 	/System/Library/Frameworks/CoreImage.framework/Versions/A/CoreImage
0x0000000108b88000 	/System/Library/Frameworks/CoreText.framework/Versions/A/CoreText
0x0000000108d9c000 	/System/Library/Frameworks/ImageIO.framework/Versions/A/ImageIO
0x0000000108f9e000 	/System/Library/PrivateFrameworks/Backup.framework/Versions/A/Backup
0x0000000109086000 	/usr/lib/libarchive.2.dylib
0x00000001090be000 	/System/Library/Frameworks/CFNetwork.framework/Versions/A/CFNetwork
0x00000001097bc000 	/System/Library/Frameworks/SystemConfiguration.framework/Versions/A/SystemConfiguration
0x0000000109864000 	/usr/lib/libCRFSuite.dylib
0x0000000109890000 	/usr/lib/libc++.1.dylib
0x0000000109944000 	/usr/lib/libc++abi.dylib
0x0000000109983000 	/usr/lib/system/libcache.dylib
0x0000000109990000 	/usr/lib/system/libcommonCrypto.dylib
0x00000001099aa000 	/usr/lib/system/libcompiler_rt.dylib
0x00000001099c6000 	/usr/lib/system/libcopyfile.dylib
0x00000001099da000 	/usr/lib/system/libcorecrypto.dylib
0x0000000109a7f000 	/usr/lib/system/libdispatch.dylib
0x0000000109aeb000 	/usr/lib/system/libdyld.dylib
0x0000000109afb000 	/usr/lib/system/libkeymgr.dylib
0x0000000109b00000 	/usr/lib/system/liblaunch.dylib
0x0000000109b0c000 	/usr/lib/system/libmacho.dylib
0x0000000109b1d000 	/usr/lib/system/libquarantine.dylib
0x0000000109b2b000 	/usr/lib/system/libremovefile.dylib
0x0000000109b34000 	/usr/lib/system/libsystem_asl.dylib
0x0000000109b61000 	/usr/lib/system/libsystem_blocks.dylib
0x0000000109b66000 	/usr/lib/system/libsystem_c.dylib
0x0000000109c20000 	/usr/lib/system/libsystem_configuration.dylib
0x0000000109c2d000 	/usr/lib/system/libsystem_coreservices.dylib
0x0000000109c3a000 	/usr/lib/system/libsystem_coretls.dylib
0x0000000109c61000 	/usr/lib/system/libsystem_dnssd.dylib
0x0000000109c74000 	/usr/lib/system/libsystem_info.dylib
0x0000000109cb3000 	/usr/lib/system/libsystem_kernel.dylib
0x0000000109ced000 	/usr/lib/system/libsystem_m.dylib
0x0000000109d43000 	/usr/lib/system/libsystem_malloc.dylib
0x0000000109d71000 	/usr/lib/system/libsystem_network.dylib
0x0000000109df0000 	/usr/lib/system/libsystem_networkextension.dylib
0x0000000109e07000 	/usr/lib/system/libsystem_notify.dylib
0x0000000109e19000 	/usr/lib/system/libsystem_platform.dylib
0x0000000109e31000 	/usr/lib/system/libsystem_pthread.dylib
0x0000000109e48000 	/usr/lib/system/libsystem_sandbox.dylib
0x0000000109e56000 	/usr/lib/system/libsystem_secinit.dylib
0x0000000109e61000 	/usr/lib/system/libsystem_symptoms.dylib
0x0000000109e71000 	/usr/lib/system/libsystem_trace.dylib
0x0000000109e97000 	/usr/lib/system/libunwind.dylib
0x0000000109ea8000 	/usr/lib/system/libxpc.dylib
0x0000000109ef5000 	/usr/lib/libbsm.0.dylib
0x0000000109f12000 	/usr/lib/system/libkxld.dylib
0x0000000109f25000 	/usr/lib/libcoretls.dylib
0x0000000109f31000 	/usr/lib/libcoretls_cfhelpers.dylib
0x0000000109f3e000 	/usr/lib/libOpenScriptingUtil.dylib
0x0000000109f49000 	/usr/lib/libpam.2.dylib
0x0000000109f58000 	/usr/lib/libsqlite3.dylib
0x000000010a0c2000 	/usr/lib/libxar.1.dylib
0x000000010a0de000 	/usr/lib/libbz2.1.0.dylib
0x000000010a0f7000 	/usr/lib/liblzma.5.dylib
0x000000010a120000 	/usr/lib/libnetwork.dylib
0x000000010a1db000 	/usr/lib/libpcap.A.dylib
0x000000010a21d000 	/System/Library/Frameworks/CoreServices.framework/Versions/A/Frameworks/FSEvents.framework/Versions/A/FSEvents
0x000000010a234000 	/System/Library/Frameworks/CoreServices.framework/Versions/A/Frameworks/CarbonCore.framework/Versions/A/CarbonCore
0x0000000109d87000 	/System/Library/Frameworks/CoreServices.framework/Versions/A/Frameworks/Metadata.framework/Versions/A/Metadata
0x000000010a6b8000 	/System/Library/Frameworks/CoreServices.framework/Versions/A/Frameworks/OSServices.framework/Versions/A/OSServices
0x000000010a761000 	/System/Library/Frameworks/CoreServices.framework/Versions/A/Frameworks/SearchKit.framework/Versions/A/SearchKit
0x000000010a817000 	/System/Library/Frameworks/CoreServices.framework/Versions/A/Frameworks/AE.framework/Versions/A/AE
0x000000010a89a000 	/System/Library/Frameworks/CoreServices.framework/Versions/A/Frameworks/LaunchServices.framework/Versions/A/LaunchServices
0x000000010aafe000 	/System/Library/Frameworks/CoreServices.framework/Versions/A/Frameworks/DictionaryServices.framework/Versions/A/DictionaryServices
0x000000010ab5f000 	/System/Library/Frameworks/CoreServices.framework/Versions/A/Frameworks/SharedFileList.framework/Versions/A/SharedFileList
0x000000010abdb000 	/System/Library/Frameworks/NetFS.framework/Versions/A/NetFS
0x000000010abef000 	/System/Library/PrivateFrameworks/NetAuth.framework/Versions/A/NetAuth
0x000000010ac0a000 	/System/Library/PrivateFrameworks/login.framework/Versions/A/Frameworks/loginsupport.framework/Versions/A/loginsupport
0x000000010ac17000 	/System/Library/PrivateFrameworks/TCC.framework/Versions/A/TCC
0x000000010ac29000 	/usr/lib/libmecabra.dylib
0x000000010af36000 	/System/Library/Frameworks/ApplicationServices.framework/Versions/A/Frameworks/ATS.framework/Versions/A/ATS
0x000000010afd6000 	/System/Library/Frameworks/ApplicationServices.framework/Versions/A/Frameworks/ColorSync.framework/Versions/A/ColorSync
0x000000010b0d3000 	/System/Library/Frameworks/ApplicationServices.framework/Versions/A/Frameworks/HIServices.framework/Versions/A/HIServices
0x000000010b160000 	/System/Library/Frameworks/ApplicationServices.framework/Versions/A/Frameworks/LangAnalysis.framework/Versions/A/LangAnalysis
0x000000010b181000 	/System/Library/Frameworks/ApplicationServices.framework/Versions/A/Frameworks/PrintCore.framework/Versions/A/PrintCore
0x000000010b200000 	/System/Library/Frameworks/ApplicationServices.framework/Versions/A/Frameworks/QD.framework/Versions/A/QD
0x000000010b268000 	/System/Library/Frameworks/ApplicationServices.framework/Versions/A/Frameworks/SpeechSynthesis.framework/Versions/A/SpeechSynthesis
0x000000010b289000 	/System/Library/Frameworks/Accelerate.framework/Versions/A/Frameworks/vImage.framework/Versions/A/vImage
0x000000010b93b000 	/System/Library/Frameworks/Accelerate.framework/Versions/A/Frameworks/vecLib.framework/Versions/A/vecLib
0x000000010b941000 	/System/Library/Frameworks/Accelerate.framework/Versions/A/Frameworks/vecLib.framework/Versions/A/libvDSP.dylib
0x000000010ba9c000 	/System/Library/Frameworks/Accelerate.framework/Versions/A/Frameworks/vecLib.framework/Versions/A/libBNNS.dylib
0x000000010babc000 	/System/Library/Frameworks/Accelerate.framework/Versions/A/Frameworks/vecLib.framework/Versions/A/libQuadrature.dylib
0x000000010bac7000 	/System/Library/Frameworks/Accelerate.framework/Versions/A/Frameworks/vecLib.framework/Versions/A/libvMisc.dylib
0x000000010bb8b000 	/System/Library/Frameworks/Accelerate.framework/Versions/A/Frameworks/vecLib.framework/Versions/A/libLAPACK.dylib
0x000000010bff7000 	/System/Library/Frameworks/Accelerate.framework/Versions/A/Frameworks/vecLib.framework/Versions/A/libBLAS.dylib
0x000000010c1eb000 	/System/Library/Frameworks/Accelerate.framework/Versions/A/Frameworks/vecLib.framework/Versions/A/libLinearAlgebra.dylib
0x000000010c20d000 	/System/Library/Frameworks/Accelerate.framework/Versions/A/Frameworks/vecLib.framework/Versions/A/libSparseBLAS.dylib
0x000000010c22d000 	/System/Library/Frameworks/ApplicationServices.framework/Versions/A/Frameworks/ATS.framework/Versions/A/Resources/libFontParser.dylib
0x000000010c3e9000 	/System/Library/Frameworks/ApplicationServices.framework/Versions/A/Frameworks/ATS.framework/Versions/A/Resources/libFontRegistry.dylib
0x000000010c469000 	/System/Library/Frameworks/ImageIO.framework/Versions/A/Resources/libJPEG.dylib
0x000000010c49b000 	/System/Library/Frameworks/ImageIO.framework/Versions/A/Resources/libTIFF.dylib
0x000000010c4fe000 	/System/Library/Frameworks/ImageIO.framework/Versions/A/Resources/libPng.dylib
0x000000010c531000 	/System/Library/Frameworks/ImageIO.framework/Versions/A/Resources/libGIF.dylib
0x000000010c53f000 	/System/Library/Frameworks/ImageIO.framework/Versions/A/Resources/libJP2.dylib
0x000000010c65b000 	/System/Library/Frameworks/ImageIO.framework/Versions/A/Resources/libRadiance.dylib
0x000000010c662000 	/usr/lib/libcompression.dylib
0x000000010c680000 	/System/Library/PrivateFrameworks/AppleJPEG.framework/Versions/A/AppleJPEG
0x000000010c775000 	/usr/lib/libcups.2.dylib
0x000000010c7e5000 	/System/Library/Frameworks/Kerberos.framework/Versions/A/Kerberos
0x000000010c81b000 	/System/Library/Frameworks/GSS.framework/Versions/A/GSS
0x000000010c874000 	/usr/lib/libresolv.9.dylib
0x000000010c8a0000 	/usr/lib/libiconv.2.dylib
0x000000010c9a9000 	/System/Library/PrivateFrameworks/Heimdal.framework/Versions/A/Heimdal
0x000000010ca55000 	/usr/lib/libheimdal-asn1.dylib
0x000000010ca67000 	/System/Library/Frameworks/OpenDirectory.framework/Versions/A/OpenDirectory
0x000000010ca8c000 	/System/Library/PrivateFrameworks/CommonAuth.framework/Versions/A/CommonAuth
0x000000010caa1000 	/System/Library/Frameworks/OpenDirectory.framework/Versions/A/Frameworks/CFOpenDirectory.framework/Versions/A/CFOpenDirectory
0x000000010cae3000 	/System/Library/Frameworks/SecurityFoundation.framework/Versions/A/SecurityFoundation
0x000000010cba1000 	/System/Library/PrivateFrameworks/LanguageModeling.framework/Versions/A/LanguageModeling
0x000000010cd89000 	/usr/lib/libmarisa.dylib
0x000000010cdb3000 	/usr/lib/libChineseTokenizer.dylib
0x000000010cdcf000 	/usr/lib/libcmph.dylib
0x000000010cdec000 	/System/Library/PrivateFrameworks/CoreEmoji.framework/Versions/A/CoreEmoji
0x000000010ce1b000 	/System/Library/Frameworks/ServiceManagement.framework/Versions/A/ServiceManagement
0x000000010ce2b000 	/usr/lib/libxslt.1.dylib
0x000000010ce68000 	/System/Library/Frameworks/Carbon.framework/Versions/A/Frameworks/Ink.framework/Versions/A/Ink
0x000000010cf33000 	/System/Library/PrivateFrameworks/TextureIO.framework/Versions/A/TextureIO
0x000000010d01d000 	/System/Library/Frameworks/Metal.framework/Versions/A/Metal
0x000000010d126000 	/usr/lib/libate.dylib
0x000000010d22b000 	/System/Library/PrivateFrameworks/GPUCompiler.framework/libmetal_timestamp.dylib
0x000000010d231000 	/System/Library/Frameworks/OpenGL.framework/Versions/A/Libraries/libCoreFSCache.dylib
0x000000010d240000 	/System/Library/PrivateFrameworks/IOAccelerator.framework/Versions/A/IOAccelerator
0x000000010d253000 	/System/Library/Frameworks/CoreVideo.framework/Versions/A/CoreVideo
0x000000010d2b0000 	/usr/lib/libFosl_dynamic.dylib
0x000000010d4fd000 	/System/Library/PrivateFrameworks/MetalPerformanceShaders.framework/Versions/A/MetalPerformanceShaders
0x000000010d5c8000 	/System/Library/PrivateFrameworks/FaceCore.framework/Versions/A/FaceCore
0x000000010dc1b000 	/System/Library/Frameworks/OpenCL.framework/Versions/A/OpenCL
0x000000010dc85000 	/System/Library/Frameworks/OpenGL.framework/Versions/A/Libraries/libGLU.dylib
0x000000010dcdd000 	/System/Library/Frameworks/OpenGL.framework/Versions/A/Libraries/libGFXShared.dylib
0x000000010dcf5000 	/System/Library/Frameworks/OpenGL.framework/Versions/A/Libraries/libGL.dylib
0x000000010dd16000 	/System/Library/Frameworks/OpenGL.framework/Versions/A/Libraries/libGLImage.dylib
0x000000010dd5c000 	/System/Library/Frameworks/OpenGL.framework/Versions/A/Libraries/libCVMSPluginSupport.dylib
0x000000010dd6a000 	/System/Library/Frameworks/OpenGL.framework/Versions/A/Libraries/libCoreVMClient.dylib
0x000000010dd77000 	/System/Library/PrivateFrameworks/CrashReporterSupport.framework/Versions/A/CrashReporterSupport
0x000000010dd97000 	/System/Library/PrivateFrameworks/Sharing.framework/Versions/A/Sharing
0x000000010deb1000 	/System/Library/PrivateFrameworks/IconServices.framework/Versions/A/IconServices
0x000000010def7000 	/System/Library/PrivateFrameworks/ProtocolBuffer.framework/Versions/A/ProtocolBuffer
0x000000010df30000 	/System/Library/PrivateFrameworks/Apple80211.framework/Versions/A/Apple80211
0x000000010df62000 	/System/Library/Frameworks/CoreWLAN.framework/Versions/A/CoreWLAN
0x000000010e026000 	/System/Library/PrivateFrameworks/CoreUtils.framework/Versions/A/CoreUtils
0x000000010e15c000 	/System/Library/Frameworks/IOBluetooth.framework/Versions/A/IOBluetooth
0x000000010e285000 	/System/Library/PrivateFrameworks/CoreWiFi.framework/Versions/A/CoreWiFi
0x000000010e34c000 	/System/Library/Frameworks/CoreBluetooth.framework/Versions/A/CoreBluetooth
0x000000010e378000 	/System/Library/Frameworks/CoreDisplay.framework/Versions/A/CoreDisplay
0x000000010e460000 	/System/Library/PrivateFrameworks/IOPresentment.framework/Versions/A/IOPresentment
0x000000010e492000 	/System/Library/PrivateFrameworks/DSExternalDisplay.framework/Versions/A/DSExternalDisplay
0x000000010e4a0000 	/System/Library/PrivateFrameworks/DebugSymbols.framework/Versions/A/DebugSymbols
0x000000010e503000 	/System/Library/PrivateFrameworks/CoreSymbolication.framework/Versions/A/CoreSymbolication
0x000000010e5e7000 	/System/Library/PrivateFrameworks/Symbolication.framework/Versions/A/Symbolication
0x000000010e6b1000 	/System/Library/PrivateFrameworks/AppleFSCompression.framework/Versions/A/AppleFSCompression
0x000000010e6ca000 	/System/Library/PrivateFrameworks/SpeechRecognitionCore.framework/Versions/A/SpeechRecognitionCore
0x000000010e6ec000 	/System/Library/PrivateFrameworks/ChunkingLibrary.framework/Versions/A/ChunkingLibrary
0x000000010e983000 	/Applications/Android Studio 2.app/Contents/jre/jdk/Contents/Home/jre/lib/server/libjvm.dylib
0x000000010fc00000 	/usr/lib/libstdc++.6.dylib
0x000000010f3eb000 	/Applications/Android Studio 2.app/Contents/jre/jdk/Contents/Home/jre/lib/libverify.dylib
0x000000010fcb9000 	/Applications/Android Studio 2.app/Contents/jre/jdk/Contents/Home/jre/lib/libjava.dylib
0x000000010fced000 	/Applications/Android Studio 2.app/Contents/jre/jdk/Contents/Home/jre/lib/libzip.dylib
0x0000000120e31000 	/Applications/Android Studio 2.app/Contents/jre/jdk/Contents/Home/jre/lib/libnio.dylib
0x0000000120e41000 	/Applications/Android Studio 2.app/Contents/jre/jdk/Contents/Home/jre/lib/./libnet.dylib

VM Arguments:
jvm_args: -Djava.awt.headless=true -Xmx64M -Dfile.encoding=UTF-8 -Duser.country=ZA -Duser.language=en -Duser.variant 
java_command: com.google.devtools.build.android.desugar.Desugar --input /Users/laki/Documents/mystuff/AndroidStudioProjects/SEAPP/app/build/intermediates/transforms/stackFramesFixer/debug/114.jar --output /Users/laki/Documents/mystuff/AndroidStudioProjects/SEAPP/app/build/intermediates/transforms/desugar/debug/121.jar --input /Users/laki/Documents/mystuff/AndroidStudioProjects/SEAPP/app/build/intermediates/transforms/stackFramesFixer/debug/101.jar --output /Users/laki/Documents/mystuff/AndroidStudioProjects/SEAPP/app/build/intermediates/transforms/desugar/debug/108.jar --input /Users/laki/Documents/mystuff/AndroidStudioProjects/SEAPP/app/build/intermediates/transforms/stackFramesFixer/debug/122.jar --output /Users/laki/Documents/mystuff/AndroidStudioProjects/SEAPP/app/build/intermediates/transforms/desugar/debug/129.jar --input /Users/laki/Documents/mystuff/AndroidStudioProjects/SEAPP/app/build/intermediates/transforms/stackFramesFixer/debug/91.jar --output /Users/laki/Documents/mystuff/AndroidStudioProjects/SEAPP/app/build/intermediates/transforms/desugar/debug/98.jar --input /Users/laki/Documents/mystuff/AndroidStudioProjects/SEAPP/app/build/intermediates/transforms/stackFramesFixer/debug/105.jar --output /Users/laki/Documents/mystuff/AndroidStudioProjects/SEAPP/app/build/intermediates/transforms/desugar/debug/112.jar --input /Users/laki/Documents/mystuff/AndroidStudioProjects/SEAPP/app/build/intermediates/transforms/stackFramesFixer/debug/32.jar --output /Users/laki/Documents/mystuff/AndroidStudioProjects/SEAPP/app/build/intermediates/transforms/desugar/debug/39.jar --input /Users/laki/Documents/mystuff/AndroidStudioProjects/SEAPP/app/build/intermediates/transforms/stackFramesFixer/debug/67.jar --output /Users/laki/Documents/mystuff/AndroidStudioProjects/SEAPP/app/build/intermediates/transforms/desugar/debug/74.jar --input /Users/laki/Documents/mystuff/AndroidStudioProjects/SEAPP/app/build/intermediates/transforms/stackFramesFixer/debug/82.jar --output /Users/l
java_class_path (initial): /var/folders/k6/v2rh4l851pg12n6hr0gd288w0000gp/T/desugar_deploy.jar4150630830844832267
Launcher Type: SUN_STANDARD

Environment Variables:
PATH=/usr/local/bin:/usr/bin:/bin:/usr/sbin:/sbin:/opt/X11/bin
SHELL=/bin/bash
DISPLAY=/private/tmp/com.apple.launchd.B11tSB7I60/org.macosforge.xquartz:0

Signal Handlers:
SIGSEGV: [libjvm.dylib+0x53f567], sa_mask[0]=11111111011111110111111111111111, sa_flags=SA_ONSTACK|SA_RESTART|SA_SIGINFO
SIGBUS: [libjvm.dylib+0x53f567], sa_mask[0]=11111111011111110111111111111111, sa_flags=SA_RESTART|SA_SIGINFO
SIGFPE: [libjvm.dylib+0x437adf], sa_mask[0]=11111111011111110111111111111111, sa_flags=SA_RESTART|SA_SIGINFO
SIGPIPE: [libjvm.dylib+0x437adf], sa_mask[0]=11111111011111110111111111111111, sa_flags=SA_RESTART|SA_SIGINFO
SIGXFSZ: [libjvm.dylib+0x437adf], sa_mask[0]=11111111011111110111111111111111, sa_flags=SA_RESTART|SA_SIGINFO
SIGILL: [libjvm.dylib+0x437adf], sa_mask[0]=11111111011111110111111111111111, sa_flags=SA_RESTART|SA_SIGINFO
SIGUSR1: SIG_DFL, sa_mask[0]=00000000000000000000000000000000, sa_flags=none
SIGUSR2: [libjvm.dylib+0x438404], sa_mask[0]=00100000000000000000000000000000, sa_flags=SA_RESTART|SA_SIGINFO
SIGHUP: [libjvm.dylib+0x4365f9], sa_mask[0]=11111111011111110111111111111111, sa_flags=SA_RESTART|SA_SIGINFO
SIGINT: [libjvm.dylib+0x4365f9], sa_mask[0]=11111111011111110111111111111111, sa_flags=SA_RESTART|SA_SIGINFO
SIGTERM: [libjvm.dylib+0x4365f9], sa_mask[0]=11111111011111110111111111111111, sa_flags=SA_RESTART|SA_SIGINFO
SIGQUIT: [libjvm.dylib+0x4365f9], sa_mask[0]=11111111011111110111111111111111, sa_flags=SA_RESTART|SA_SIGINFO


---------------  S Y S T E M  ---------------

OS:Bsduname:Darwin 16.6.0 Darwin Kernel Version 16.6.0: Fri Apr 14 16:21:16 PDT 2017; root:xnu-3789.60.24~6/RELEASE_X86_64 x86_64
rlimit: STACK 8192k, CORE 0k, NPROC 709, NOFILE 10240, AS infinity
load average:4.75 3.27 3.01

CPU:total 4 (initial active 4) (2 cores per cpu, 2 threads per core) family 6 model 58 stepping 9, cmov, cx8, fxsr, mmx, sse, sse2, sse3, ssse3, sse4.1, sse4.2, popcnt, avx, aes, clmul, erms, ht, tsc, tscinvbit, tscinv

Memory: 4k page, physical 4194304k(34236k free)

/proc/meminfo:


vm_info: OpenJDK 64-Bit Server VM (25.152-b01) for bsd-amd64 JRE (1.8.0_152-release-1024-b01), built by "builder" with gcc 4.2.1 Compatible Apple LLVM 8.1.0 (clang-802.0.42)

time: Sun May  6 22:46:16 2018
elapsed time: 1 seconds (0d 0h 0m 1s)

