#
# A fatal error has been detected by the Java Runtime Environment:
#
#  SIGSEGV (0xb) at pc=0x0000000111306cea, pid=461, tid=0x0000000000004503
#
# JRE version: OpenJDK Runtime Environment (8.0_152-b01) (build 1.8.0_152-release-1024-b01)
# Java VM: OpenJDK 64-Bit Server VM (25.152-b01 mixed mode bsd-amd64 compressed oops)
# Problematic frame:
# V  [libjvm.dylib+0x4d8cea]
#
# Failed to write core dump. Core dumps have been disabled. To enable core dumping, try "ulimit -c unlimited" before starting Java again
#
# If you would like to submit a bug report, please visit:
#   http://bugreport.java.com/bugreport/crash.jsp
#

---------------  T H R E A D  ---------------

Current thread (0x00007f806684f000):  JavaThread "C2 CompilerThread1" daemon [_thread_in_native, id=17667, stack(0x0000700001f93000,0x0000700002093000)]

siginfo: si_signo: 11 (SIGSEGV), si_code: 1 (SEGV_MAPERR), si_addr: 0x00007f8026717e12

Registers:
RAX=0x00007f80669f31a0, RBX=0x0000000000000395, RCX=0x0000000000000573, RDX=0x0000000000000001
RSP=0x0000700002092a60, RBP=0x0000700002092a60, RSI=0x00000001116256f0, RDI=0x00007f8026717e10
R8 =0x0000000000000001, R9 =0x000000010c119a50, R10=0x0000000000000006, R11=0x0000000111620dfb
R12=0x00007f806684f000, R13=0x00007f80664570e0, R14=0x00007f8066712600, R15=0x000000011160fa48
RIP=0x0000000111306cea, EFLAGS=0x0000000000010287, ERR=0x0000000000000004
  TRAPNO=0x000000000000000e

Top of Stack: (sp=0x0000700002092a60)
0x0000700002092a60:   0000700002092a80 0000000110f8c706
0x0000700002092a70:   0000700002092af8 00007f806684f000
0x0000700002092a80:   0000700002092ac0 0000000110f7bae1
0x0000700002092a90:   0000700002092ac0 000000011133d2db
0x0000700002092aa0:   00000001127b46b0 00007f806684f000
0x0000700002092ab0:   00007f8067728cc0 00000000000005dd
0x0000700002092ac0:   0000700002092cf0 0000000110fce8da
0x0000700002092ad0:   0000000000000001 00000000beefb7b5
0x0000700002092ae0:   00000001c034ad9f 00000001126d2600
0x0000700002092af0:   0000700002092c50 0000700002092b00
0x0000700002092b00:   0000000100000006 00007f80667125f0
0x0000700002092b10:   00007f8068808000 00007f8068809af0
0x0000700002092b20:   00007f806880ffe8 00000000000e7f50
0x0000700002092b30:   00000001000005dd 00007f8066712600
0x0000700002092b40:   00007f8066426320 00007f8066426370
0x0000700002092b50:   00007f806865b300 0000000000000000
0x0000700002092b60:   0000700000000000 000000010000127f
0x0000700002092b70:   00007f80664570e0 0000000000000000
0x0000700002092b80:   0000000000000000 0000000000000000
0x0000700002092b90:   0000000000000000 000000010c000000
0x0000700002092ba0:   00007f8067728b20 00007f8067728be0
0x0000700002092bb0:   0000000000000000 0000000000000000
0x0000700002092bc0:   0000000000000000 0000000000000000
0x0000700002092bd0:   0000000000000000 00007f8066426240
0x0000700002092be0:   00007f8066426270 00007f8066426280
0x0000700002092bf0:   00007f8066426658 00000000000003d8
0x0000700002092c00:   00007f806684f000 0000000110ec3f00
0x0000700002092c10:   0000000000000000 0000000000000000
0x0000700002092c20:   00007f80666098b0 0000000000000000
0x0000700002092c30:   0000000000000000 00007f8066717e10
0x0000700002092c40:   0000000121d3c078 00007f806684f000
0x0000700002092c50:   00000000beefb7b5 00000001b3c80a07 

Instructions: (pc=0x0000000111306cea)
0x0000000111306cca:   41 5f 5d c3 55 48 89 e5 66 83 7f 02 00 78 0a 48
0x0000000111306cda:   83 c7 02 5d e9 d7 4b be ff 5d c3 90 55 48 89 e5
0x0000000111306cea:   66 83 7f 02 00 78 0a 48 83 c7 02 5d e9 f9 4b be
0x0000000111306cfa:   ff 5d c3 90 55 48 89 e5 41 56 53 49 89 f6 48 89 

Register to memory mapping:

RAX=0x00007f80669f31a0 is an unknown value
RBX=0x0000000000000395 is an unknown value
RCX=0x0000000000000573 is an unknown value
RDX=0x0000000000000001 is an unknown value
RSP=0x0000700002092a60 is pointing into the stack for thread: 0x00007f806684f000
RBP=0x0000700002092a60 is pointing into the stack for thread: 0x00007f806684f000
RSI=0x00000001116256f0: _ZN2os3Bsd12_max_abstimeE+0 in /Applications/Android Studio 2.app/Contents/jre/jdk/Contents/Home/jre/lib/server/libjvm.dylib at 0x0000000110e2e000
RDI=0x00007f8026717e10 is an unknown value
R8 =0x0000000000000001 is an unknown value
R9 =0x000000010c119a50: __vfprintf+0x4699 in /usr/lib/system/libsystem_c.dylib at 0x000000010c0cf000
R10=0x0000000000000006 is an unknown value
R11=0x0000000111620dfb: AssumeMP+0 in /Applications/Android Studio 2.app/Contents/jre/jdk/Contents/Home/jre/lib/server/libjvm.dylib at 0x0000000110e2e000
R12=0x00007f806684f000 is a thread
R13=0x00007f80664570e0 is an unknown value
R14=0x00007f8066712600 is an unknown value
R15=0x000000011160fa48: _ZN18ThreadLocalStorage13_thread_indexE+0 in /Applications/Android Studio 2.app/Contents/jre/jdk/Contents/Home/jre/lib/server/libjvm.dylib at 0x0000000110e2e000


Stack: [0x0000700001f93000,0x0000700002093000],  sp=0x0000700002092a60,  free space=1022k
Native frames: (J=compiled Java code, j=interpreted, Vv=VM code, C=native code)
V  [libjvm.dylib+0x4d8cea]
V  [libjvm.dylib+0x15e706]
V  [libjvm.dylib+0x14dae1]
V  [libjvm.dylib+0x1a08da]
V  [libjvm.dylib+0x19fc78]
V  [libjvm.dylib+0x505e88]
V  [libjvm.dylib+0x505d4d]
V  [libjvm.dylib+0x435709]
C  [libsystem_pthread.dylib+0x393b]  _pthread_body+0xb4
C  [libsystem_pthread.dylib+0x3887]  _pthread_body+0x0
C  [libsystem_pthread.dylib+0x308d]  thread_start+0xd
C  0x0000000000000000


Current CompileTask:
C2:  10927 1421 %     4       org.objectweb.asm.ClassReader::a @ 1577 (3587 bytes)


---------------  P R O C E S S  ---------------

Java Threads: ( => current thread )
  0x00007f806685b000 JavaThread "Service Thread" daemon [_thread_blocked, id=18691, stack(0x0000700002199000,0x0000700002299000)]
  0x00007f8066850000 JavaThread "C1 CompilerThread2" daemon [_thread_blocked, id=18179, stack(0x0000700002096000,0x0000700002196000)]
=>0x00007f806684f000 JavaThread "C2 CompilerThread1" daemon [_thread_in_native, id=17667, stack(0x0000700001f93000,0x0000700002093000)]
  0x00007f806683f000 JavaThread "C2 CompilerThread0" daemon [_thread_in_native, id=17155, stack(0x0000700001e90000,0x0000700001f90000)]
  0x00007f806781e800 JavaThread "Signal Dispatcher" daemon [_thread_blocked, id=16643, stack(0x0000700001d8d000,0x0000700001e8d000)]
  0x00007f8067822800 JavaThread "Finalizer" daemon [_thread_blocked, id=12547, stack(0x0000700001c8a000,0x0000700001d8a000)]
  0x00007f8067027000 JavaThread "Reference Handler" daemon [_thread_blocked, id=12035, stack(0x0000700001b87000,0x0000700001c87000)]
  0x00007f806680a800 JavaThread "main" [_thread_in_native, id=7171, stack(0x0000700001575000,0x0000700001675000)]

Other Threads:
  0x00007f8067024800 VMThread [stack: 0x0000700001a84000,0x0000700001b84000] [id=11523]
  0x00007f806685c000 WatcherThread [stack: 0x000070000229c000,0x000070000239c000] [id=19203]

VM state:not at safepoint (normal execution)

VM Mutex/Monitor currently owned by a thread: None

Heap:
 PSYoungGen      total 16384K, used 7746K [0x00000007beb00000, 0x00000007bff00000, 0x00000007c0000000)
  eden space 12288K, 60% used [0x00000007beb00000,0x00000007bf238810,0x00000007bf700000)
  from space 4096K, 8% used [0x00000007bf700000,0x00000007bf758000,0x00000007bfb00000)
  to   space 3584K, 0% used [0x00000007bfb80000,0x00000007bfb80000,0x00000007bff00000)
 ParOldGen       total 44032K, used 12236K [0x00000007bc000000, 0x00000007beb00000, 0x00000007beb00000)
  object space 44032K, 27% used [0x00000007bc000000,0x00000007bcbf3028,0x00000007beb00000)
 Metaspace       used 8066K, capacity 8220K, committed 8448K, reserved 1056768K
  class space    used 908K, capacity 991K, committed 1024K, reserved 1048576K

Card table byte_map: [0x00000001119a0000,0x00000001119c1000] byte_map_base: 0x000000010dbc0000

Marking Bits: (ParMarkBitMap*) 0x00000001116261c8
 Begin Bits: [0x00000001215c0000, 0x00000001216c0000)
 End Bits:   [0x00000001216c0000, 0x00000001217c0000)

Polling page: 0x000000010587d000

CodeCache: size=245760Kb used=5803Kb max_used=5862Kb free=239956Kb
 bounds [0x0000000112200000, 0x00000001127d0000, 0x0000000121200000]
 total_blobs=1838 nmethods=1516 adapters=236
 compilation: enabled

Compilation events (10 events):
Event: 10.696 Thread 0x00007f8066850000 nmethod 1537 0x0000000112783b90 code [0x0000000112783d00, 0x0000000112783ef0]
Event: 10.696 Thread 0x00007f8066850000 1538       2       java.util.HashMap$KeySet::iterator (12 bytes)
Event: 10.696 Thread 0x00007f8066850000 nmethod 1538 0x0000000112783750 code [0x00000001127838c0, 0x0000000112783ac8]
Event: 10.699 Thread 0x00007f8066850000 1539       2       java.nio.file.Files::newOutputStream (10 bytes)
Event: 10.700 Thread 0x00007f8066850000 nmethod 1539 0x00000001127832d0 code [0x0000000112783460, 0x0000000112783628]
Event: 10.700 Thread 0x00007f8066850000 1540       2       java.nio.file.spi.FileSystemProvider::newOutputStream (129 bytes)
Event: 10.701 Thread 0x00007f8066850000 nmethod 1540 0x0000000112782150 code [0x00000001127823a0, 0x0000000112782b78]
Event: 10.701 Thread 0x00007f8066850000 1541   !   2       sun.nio.fs.UnixFileSystemProvider::newByteChannel (35 bytes)
Event: 10.702 Thread 0x00007f8066850000 nmethod 1541 0x000000011277fc50 code [0x000000011277fe00, 0x00000001127801a8]
Event: 10.723 Thread 0x00007f806684f000 nmethod 1421% 0x00000001127a61d0 code [0x00000001127a6d00, 0x00000001127b46b0]

GC Heap History (10 events):
Event: 8.439 GC heap before
{Heap before GC invocations=23 (full 0):
 PSYoungGen      total 12800K, used 8480K [0x00000007beb00000, 0x00000007bfd00000, 0x00000007c0000000)
  eden space 8192K, 100% used [0x00000007beb00000,0x00000007bf300000,0x00000007bf300000)
  from space 4608K, 6% used [0x00000007bf880000,0x00000007bf8c8000,0x00000007bfd00000)
  to   space 5120K, 0% used [0x00000007bf300000,0x00000007bf300000,0x00000007bf800000)
 ParOldGen       total 44032K, used 12012K [0x00000007bc000000, 0x00000007beb00000, 0x00000007beb00000)
  object space 44032K, 27% used [0x00000007bc000000,0x00000007bcbbb018,0x00000007beb00000)
 Metaspace       used 8011K, capacity 8156K, committed 8192K, reserved 1056768K
  class space    used 907K, capacity 991K, committed 1024K, reserved 1048576K
Event: 8.452 GC heap after
Heap after GC invocations=23 (full 0):
 PSYoungGen      total 13312K, used 224K [0x00000007beb00000, 0x00000007bff80000, 0x00000007c0000000)
  eden space 8192K, 0% used [0x00000007beb00000,0x00000007beb00000,0x00000007bf300000)
  from space 5120K, 4% used [0x00000007bf300000,0x00000007bf338000,0x00000007bf800000)
  to   space 4608K, 0% used [0x00000007bfb00000,0x00000007bfb00000,0x00000007bff80000)
 ParOldGen       total 44032K, used 12020K [0x00000007bc000000, 0x00000007beb00000, 0x00000007beb00000)
  object space 44032K, 27% used [0x00000007bc000000,0x00000007bcbbd018,0x00000007beb00000)
 Metaspace       used 8011K, capacity 8156K, committed 8192K, reserved 1056768K
  class space    used 907K, capacity 991K, committed 1024K, reserved 1048576K
}
Event: 8.770 GC heap before
{Heap before GC invocations=24 (full 0):
 PSYoungGen      total 13312K, used 8416K [0x00000007beb00000, 0x00000007bff80000, 0x00000007c0000000)
  eden space 8192K, 100% used [0x00000007beb00000,0x00000007bf300000,0x00000007bf300000)
  from space 5120K, 4% used [0x00000007bf300000,0x00000007bf338000,0x00000007bf800000)
  to   space 4608K, 0% used [0x00000007bfb00000,0x00000007bfb00000,0x00000007bff80000)
 ParOldGen       total 44032K, used 12020K [0x00000007bc000000, 0x00000007beb00000, 0x00000007beb00000)
  object space 44032K, 27% used [0x00000007bc000000,0x00000007bcbbd018,0x00000007beb00000)
 Metaspace       used 8011K, capacity 8156K, committed 8192K, reserved 1056768K
  class space    used 907K, capacity 991K, committed 1024K, reserved 1048576K
Event: 8.771 GC heap after
Heap after GC invocations=24 (full 0):
 PSYoungGen      total 16384K, used 224K [0x00000007beb00000, 0x00000007bff80000, 0x00000007c0000000)
  eden space 11776K, 0% used [0x00000007beb00000,0x00000007beb00000,0x00000007bf680000)
  from space 4608K, 4% used [0x00000007bfb00000,0x00000007bfb38000,0x00000007bff80000)
  to   space 4608K, 0% used [0x00000007bf680000,0x00000007bf680000,0x00000007bfb00000)
 ParOldGen       total 44032K, used 12036K [0x00000007bc000000, 0x00000007beb00000, 0x00000007beb00000)
  object space 44032K, 27% used [0x00000007bc000000,0x00000007bcbc1018,0x00000007beb00000)
 Metaspace       used 8011K, capacity 8156K, committed 8192K, reserved 1056768K
  class space    used 907K, capacity 991K, committed 1024K, reserved 1048576K
}
Event: 9.063 GC heap before
{Heap before GC invocations=25 (full 0):
 PSYoungGen      total 16384K, used 12000K [0x00000007beb00000, 0x00000007bff80000, 0x00000007c0000000)
  eden space 11776K, 100% used [0x00000007beb00000,0x00000007bf680000,0x00000007bf680000)
  from space 4608K, 4% used [0x00000007bfb00000,0x00000007bfb38000,0x00000007bff80000)
  to   space 4608K, 0% used [0x00000007bf680000,0x00000007bf680000,0x00000007bfb00000)
 ParOldGen       total 44032K, used 12036K [0x00000007bc000000, 0x00000007beb00000, 0x00000007beb00000)
  object space 44032K, 27% used [0x00000007bc000000,0x00000007bcbc1018,0x00000007beb00000)
 Metaspace       used 8011K, capacity 8156K, committed 8192K, reserved 1056768K
  class space    used 907K, capacity 991K, committed 1024K, reserved 1048576K
Event: 9.064 GC heap after
Heap after GC invocations=25 (full 0):
 PSYoungGen      total 16384K, used 224K [0x00000007beb00000, 0x00000007bff00000, 0x00000007c0000000)
  eden space 11776K, 0% used [0x00000007beb00000,0x00000007beb00000,0x00000007bf680000)
  from space 4608K, 4% used [0x00000007bf680000,0x00000007bf6b8000,0x00000007bfb00000)
  to   space 4096K, 0% used [0x00000007bfb00000,0x00000007bfb00000,0x00000007bff00000)
 ParOldGen       total 44032K, used 12052K [0x00000007bc000000, 0x00000007beb00000, 0x00000007beb00000)
  object space 44032K, 27% used [0x00000007bc000000,0x00000007bcbc5018,0x00000007beb00000)
 Metaspace       used 8011K, capacity 8156K, committed 8192K, reserved 1056768K
  class space    used 907K, capacity 991K, committed 1024K, reserved 1048576K
}
Event: 9.448 GC heap before
{Heap before GC invocations=26 (full 0):
 PSYoungGen      total 16384K, used 12000K [0x00000007beb00000, 0x00000007bff00000, 0x00000007c0000000)
  eden space 11776K, 100% used [0x00000007beb00000,0x00000007bf680000,0x00000007bf680000)
  from space 4608K, 4% used [0x00000007bf680000,0x00000007bf6b8000,0x00000007bfb00000)
  to   space 4096K, 0% used [0x00000007bfb00000,0x00000007bfb00000,0x00000007bff00000)
 ParOldGen       total 44032K, used 12052K [0x00000007bc000000, 0x00000007beb00000, 0x00000007beb00000)
  object space 44032K, 27% used [0x00000007bc000000,0x00000007bcbc5018,0x00000007beb00000)
 Metaspace       used 8011K, capacity 8156K, committed 8192K, reserved 1056768K
  class space    used 907K, capacity 991K, committed 1024K, reserved 1048576K
Event: 9.459 GC heap after
Heap after GC invocations=26 (full 0):
 PSYoungGen      total 16384K, used 192K [0x00000007beb00000, 0x00000007bff80000, 0x00000007c0000000)
  eden space 12288K, 0% used [0x00000007beb00000,0x00000007beb00000,0x00000007bf700000)
  from space 4096K, 4% used [0x00000007bfb00000,0x00000007bfb30000,0x00000007bff00000)
  to   space 4096K, 0% used [0x00000007bf700000,0x00000007bf700000,0x00000007bfb00000)
 ParOldGen       total 44032K, used 12156K [0x00000007bc000000, 0x00000007beb00000, 0x00000007beb00000)
  object space 44032K, 27% used [0x00000007bc000000,0x00000007bcbdf028,0x00000007beb00000)
 Metaspace       used 8011K, capacity 8156K, committed 8192K, reserved 1056768K
  class space    used 907K, capacity 991K, committed 1024K, reserved 1048576K
}
Event: 9.681 GC heap before
{Heap before GC invocations=27 (full 0):
 PSYoungGen      total 16384K, used 12480K [0x00000007beb00000, 0x00000007bff80000, 0x00000007c0000000)
  eden space 12288K, 100% used [0x00000007beb00000,0x00000007bf700000,0x00000007bf700000)
  from space 4096K, 4% used [0x00000007bfb00000,0x00000007bfb30000,0x00000007bff00000)
  to   space 4096K, 0% used [0x00000007bf700000,0x00000007bf700000,0x00000007bfb00000)
 ParOldGen       total 44032K, used 12156K [0x00000007bc000000, 0x00000007beb00000, 0x00000007beb00000)
  object space 44032K, 27% used [0x00000007bc000000,0x00000007bcbdf028,0x00000007beb00000)
 Metaspace       used 8031K, capacity 8220K, committed 8448K, reserved 1056768K
  class space    used 908K, capacity 991K, committed 1024K, reserved 1048576K
Event: 9.692 GC heap after
Heap after GC invocations=27 (full 0):
 PSYoungGen      total 16384K, used 352K [0x00000007beb00000, 0x00000007bff00000, 0x00000007c0000000)
  eden space 12288K, 0% used [0x00000007beb00000,0x00000007beb00000,0x00000007bf700000)
  from space 4096K, 8% used [0x00000007bf700000,0x00000007bf758000,0x00000007bfb00000)
  to   space 3584K, 0% used [0x00000007bfb80000,0x00000007bfb80000,0x00000007bff00000)
 ParOldGen       total 44032K, used 12236K [0x00000007bc000000, 0x00000007beb00000, 0x00000007beb00000)
  object space 44032K, 27% used [0x00000007bc000000,0x00000007bcbf3028,0x00000007beb00000)
 Metaspace       used 8031K, capacity 8220K, committed 8448K, reserved 1056768K
  class space    used 908K, capacity 991K, committed 1024K, reserved 1048576K
}

Deoptimization events (10 events):
Event: 5.866 Thread 0x00007f806680a800 Uncommon trap: reason=unstable_if action=reinterpret pc=0x0000000112633a10 method=org.objectweb.asm.Type.getArgumentsAndReturnSizes(Ljava/lang/String;)I @ 130
Event: 5.866 Thread 0x00007f806680a800 Uncommon trap: reason=unstable_if action=reinterpret pc=0x00000001125b0470 method=org.objectweb.asm.MethodWriter.visitVarInsn(II)V @ 148
Event: 5.866 Thread 0x00007f806680a800 Uncommon trap: reason=unstable_if action=reinterpret pc=0x0000000112665bf8 method=org.objectweb.asm.MethodWriter.visitLocalVariable(Ljava/lang/String;Ljava/lang/String;Ljava/lang/String;Lorg/objectweb/asm/Label;Lorg/objectweb/asm/Label;I)V @ 196
Event: 5.867 Thread 0x00007f806680a800 Uncommon trap: reason=unstable_if action=reinterpret pc=0x000000011254fa54 method=org.objectweb.asm.Type.getArgumentsAndReturnSizes(Ljava/lang/String;)I @ 130
Event: 6.232 Thread 0x00007f806680a800 Uncommon trap: reason=unstable_if action=reinterpret pc=0x0000000112698db4 method=org.objectweb.asm.ClassReader.a(IZZLorg/objectweb/asm/Context;)I @ 15
Event: 6.252 Thread 0x00007f806680a800 Uncommon trap: reason=unstable_if action=reinterpret pc=0x000000011269e598 method=org.objectweb.asm.ByteVector.putUTF8(Ljava/lang/String;)Lorg/objectweb/asm/ByteVector; @ 91
Event: 7.532 Thread 0x00007f806680a800 Uncommon trap: reason=unstable_if action=reinterpret pc=0x0000000112702998 method=org.objectweb.asm.ClassReader.accept(Lorg/objectweb/asm/ClassVisitor;[Lorg/objectweb/asm/Attribute;I)V @ 349
Event: 7.534 Thread 0x00007f806680a800 Uncommon trap: reason=unstable_if action=reinterpret pc=0x0000000112431890 method=java.util.HashMap.putVal(ILjava/lang/Object;Ljava/lang/Object;ZZ)Ljava/lang/Object; @ 181
Event: 8.115 Thread 0x00007f806680a800 Uncommon trap: reason=unstable_if action=reinterpret pc=0x00000001126d1480 method=org.objectweb.asm.Type.getArgumentsAndReturnSizes(Ljava/lang/String;)I @ 118
Event: 8.373 Thread 0x00007f806680a800 Uncommon trap: reason=class_check action=maybe_recompile pc=0x00000001126f4af8 method=com.google.common.collect.AbstractMultimap.containsEntry(Ljava/lang/Object;Ljava/lang/Object;)Z @ 10

Classes redefined (0 events):
No events

Internal exceptions (10 events):
Event: 10.523 Thread 0x00007f806680a800 Exception <a 'sun/nio/fs/UnixException'> (0x00000007bf06db48) thrown at [/Volumes/android/AOSP-openjdk-git/jdk8u/hotspot/src/share/vm/prims/jni.cpp, line 709]
Event: 10.524 Thread 0x00007f806680a800 Exception <a 'sun/nio/fs/UnixException'> (0x00000007bf06e1a0) thrown at [/Volumes/android/AOSP-openjdk-git/jdk8u/hotspot/src/share/vm/prims/jni.cpp, line 709]
Event: 10.524 Thread 0x00007f806680a800 Exception <a 'sun/nio/fs/UnixException'> (0x00000007bf06e840) thrown at [/Volumes/android/AOSP-openjdk-git/jdk8u/hotspot/src/share/vm/prims/jni.cpp, line 709]
Event: 10.676 Thread 0x00007f806680a800 Exception <a 'sun/nio/fs/UnixException'> (0x00000007bf195c70) thrown at [/Volumes/android/AOSP-openjdk-git/jdk8u/hotspot/src/share/vm/prims/jni.cpp, line 709]
Event: 10.693 Thread 0x00007f806680a800 Exception <a 'sun/nio/fs/UnixException'> (0x00000007bf1b0ef0) thrown at [/Volumes/android/AOSP-openjdk-git/jdk8u/hotspot/src/share/vm/prims/jni.cpp, line 709]
Event: 10.725 Thread 0x00007f806680a800 Exception <a 'sun/nio/fs/UnixException'> (0x00000007bf1eb328) thrown at [/Volumes/android/AOSP-openjdk-git/jdk8u/hotspot/src/share/vm/prims/jni.cpp, line 709]
Event: 10.725 Thread 0x00007f806680a800 Exception <a 'sun/nio/fs/UnixException'> (0x00000007bf1eb970) thrown at [/Volumes/android/AOSP-openjdk-git/jdk8u/hotspot/src/share/vm/prims/jni.cpp, line 709]
Event: 10.725 Thread 0x00007f806680a800 Exception <a 'sun/nio/fs/UnixException'> (0x00000007bf1ec008) thrown at [/Volumes/android/AOSP-openjdk-git/jdk8u/hotspot/src/share/vm/prims/jni.cpp, line 709]
Event: 10.726 Thread 0x00007f806680a800 Exception <a 'sun/nio/fs/UnixException'> (0x00000007bf1ec680) thrown at [/Volumes/android/AOSP-openjdk-git/jdk8u/hotspot/src/share/vm/prims/jni.cpp, line 709]
Event: 10.726 Thread 0x00007f806680a800 Exception <a 'sun/nio/fs/UnixException'> (0x00000007bf1ecce0) thrown at [/Volumes/android/AOSP-openjdk-git/jdk8u/hotspot/src/share/vm/prims/jni.cpp, line 709]

Events (10 events):
Event: 9.609 Thread 0x00007f806680a800 DEOPT PACKING pc=0x00000001124f8175 sp=0x0000700001673e10
Event: 9.609 Thread 0x00007f806680a800 DEOPT UNPACKING pc=0x00000001122474c4 sp=0x0000700001673de0 mode 0
Event: 9.623 loading class com/google/devtools/build/android/desugar/DirectoryOutputFileProvider
Event: 9.623 loading class com/google/devtools/build/android/desugar/DirectoryOutputFileProvider done
Event: 9.681 Executing VM operation: ParallelGCFailedAllocation
Event: 9.692 Executing VM operation: ParallelGCFailedAllocation done
Event: 10.320 Thread 0x00007f806680a800 DEOPT PACKING pc=0x00000001124f8175 sp=0x0000700001673e10
Event: 10.320 Thread 0x00007f806680a800 DEOPT UNPACKING pc=0x00000001122474c4 sp=0x0000700001673de0 mode 0
Event: 10.629 Thread 0x00007f806680a800 DEOPT PACKING pc=0x00000001124f8175 sp=0x0000700001673e10
Event: 10.629 Thread 0x00007f806680a800 DEOPT UNPACKING pc=0x00000001122474c4 sp=0x0000700001673de0 mode 0


Dynamic libraries:
0x00000001053ab000 	/System/Library/Frameworks/Cocoa.framework/Versions/A/Cocoa
0x00000001053b0000 	/System/Library/Frameworks/Security.framework/Versions/A/Security
0x0000000105860000 	/System/Library/Frameworks/ApplicationServices.framework/Versions/A/ApplicationServices
0x0000000105864000 	/usr/lib/libz.1.dylib
0x000000010587e000 	/usr/lib/libSystem.B.dylib
0x0000000105889000 	/System/Library/Frameworks/CoreFoundation.framework/Versions/A/CoreFoundation
0x0000000105fc1000 	/System/Library/Frameworks/Foundation.framework/Versions/C/Foundation
0x000000010665f000 	/usr/lib/libobjc.A.dylib
0x0000000106b13000 	/System/Library/Frameworks/AppKit.framework/Versions/C/AppKit
0x000000010833b000 	/System/Library/Frameworks/CoreData.framework/Versions/A/CoreData
0x00000001087b1000 	/System/Library/PrivateFrameworks/RemoteViewServices.framework/Versions/A/RemoteViewServices
0x0000000108802000 	/System/Library/PrivateFrameworks/UIFoundation.framework/Versions/A/UIFoundation
0x0000000108a62000 	/System/Library/PrivateFrameworks/DFRFoundation.framework/Versions/A/DFRFoundation
0x0000000108a81000 	/usr/lib/libenergytrace.dylib
0x0000000108a8a000 	/System/Library/PrivateFrameworks/SkyLight.framework/Versions/A/SkyLight
0x0000000108dcd000 	/System/Library/Frameworks/CoreGraphics.framework/Versions/A/CoreGraphics
0x0000000109583000 	/usr/lib/libScreenReader.dylib
0x0000000109596000 	/System/Library/Frameworks/Accelerate.framework/Versions/A/Accelerate
0x000000010959d000 	/System/Library/Frameworks/IOSurface.framework/Versions/A/IOSurface
0x00000001095b4000 	/System/Library/Frameworks/AudioToolbox.framework/Versions/A/AudioToolbox
0x00000001098da000 	/System/Library/Frameworks/AudioUnit.framework/Versions/A/AudioUnit
0x00000001098eb000 	/System/Library/PrivateFrameworks/DataDetectorsCore.framework/Versions/A/DataDetectorsCore
0x00000001099a7000 	/System/Library/PrivateFrameworks/DesktopServicesPriv.framework/Versions/A/DesktopServicesPriv
0x0000000109b4c000 	/System/Library/Frameworks/Carbon.framework/Versions/A/Frameworks/HIToolbox.framework/Versions/A/HIToolbox
0x0000000109fe3000 	/usr/lib/libicucore.A.dylib
0x000000010a2dc000 	/System/Library/Frameworks/QuartzCore.framework/Versions/A/QuartzCore
0x000000010a5d5000 	/System/Library/Frameworks/Carbon.framework/Versions/A/Frameworks/SpeechRecognition.framework/Versions/A/SpeechRecognition
0x000000010a5e7000 	/usr/lib/libauto.dylib
0x000000010a5f0000 	/usr/lib/libxml2.2.dylib
0x000000010a719000 	/System/Library/PrivateFrameworks/CoreUI.framework/Versions/A/CoreUI
0x000000010aa29000 	/System/Library/Frameworks/CoreAudio.framework/Versions/A/CoreAudio
0x000000010aae5000 	/System/Library/Frameworks/DiskArbitration.framework/Versions/A/DiskArbitration
0x000000010aafc000 	/usr/lib/liblangid.dylib
0x000000010ab04000 	/System/Library/PrivateFrameworks/MultitouchSupport.framework/Versions/A/MultitouchSupport
0x000000010ab42000 	/System/Library/Frameworks/IOKit.framework/Versions/A/IOKit
0x000000010ac1d000 	/usr/lib/libDiagnosticMessagesClient.dylib
0x000000010ac2a000 	/System/Library/Frameworks/CoreServices.framework/Versions/A/CoreServices
0x000000010ac35000 	/System/Library/PrivateFrameworks/PerformanceAnalysis.framework/Versions/A/PerformanceAnalysis
0x000000010acc2000 	/System/Library/PrivateFrameworks/GenerationalStorage.framework/Versions/A/GenerationalStorage
0x000000010acfa000 	/System/Library/Frameworks/OpenGL.framework/Versions/A/OpenGL
0x000000010ad18000 	/System/Library/Frameworks/CoreImage.framework/Versions/A/CoreImage
0x000000010b0e3000 	/System/Library/Frameworks/CoreText.framework/Versions/A/CoreText
0x000000010b2f2000 	/System/Library/Frameworks/ImageIO.framework/Versions/A/ImageIO
0x000000010b4f2000 	/System/Library/PrivateFrameworks/Backup.framework/Versions/A/Backup
0x000000010b5de000 	/usr/lib/libarchive.2.dylib
0x000000010b61a000 	/System/Library/Frameworks/CFNetwork.framework/Versions/A/CFNetwork
0x000000010bd1a000 	/System/Library/Frameworks/SystemConfiguration.framework/Versions/A/SystemConfiguration
0x000000010bdc3000 	/usr/lib/libCRFSuite.dylib
0x000000010bded000 	/usr/lib/libc++.1.dylib
0x000000010bea1000 	/usr/lib/libc++abi.dylib
0x000000010bedb000 	/usr/lib/system/libcache.dylib
0x000000010bee5000 	/usr/lib/system/libcommonCrypto.dylib
0x000000010beff000 	/usr/lib/system/libcompiler_rt.dylib
0x000000010bf18000 	/usr/lib/system/libcopyfile.dylib
0x000000010bf2e000 	/usr/lib/system/libcorecrypto.dylib
0x000000010bfd2000 	/usr/lib/system/libdispatch.dylib
0x000000010c041000 	/usr/lib/system/libdyld.dylib
0x000000010c056000 	/usr/lib/system/libkeymgr.dylib
0x000000010c061000 	/usr/lib/system/liblaunch.dylib
0x000000010c070000 	/usr/lib/system/libmacho.dylib
0x000000010c080000 	/usr/lib/system/libquarantine.dylib
0x000000010c08e000 	/usr/lib/system/libremovefile.dylib
0x000000010c09a000 	/usr/lib/system/libsystem_asl.dylib
0x000000010c0c5000 	/usr/lib/system/libsystem_blocks.dylib
0x000000010c0cf000 	/usr/lib/system/libsystem_c.dylib
0x000000010c187000 	/usr/lib/system/libsystem_configuration.dylib
0x000000010c194000 	/usr/lib/system/libsystem_coreservices.dylib
0x000000010c1a4000 	/usr/lib/system/libsystem_coretls.dylib
0x000000010c1c8000 	/usr/lib/system/libsystem_dnssd.dylib
0x000000010c1da000 	/usr/lib/system/libsystem_info.dylib
0x000000010c21e000 	/usr/lib/system/libsystem_kernel.dylib
0x000000010c25a000 	/usr/lib/system/libsystem_m.dylib
0x000000010c2ae000 	/usr/lib/system/libsystem_malloc.dylib
0x000000010c2dd000 	/usr/lib/system/libsystem_network.dylib
0x000000010c35e000 	/usr/lib/system/libsystem_networkextension.dylib
0x000000010c377000 	/usr/lib/system/libsystem_notify.dylib
0x000000010c38b000 	/usr/lib/system/libsystem_platform.dylib
0x000000010c39c000 	/usr/lib/system/libsystem_pthread.dylib
0x000000010c3b7000 	/usr/lib/system/libsystem_sandbox.dylib
0x000000010c3c1000 	/usr/lib/system/libsystem_secinit.dylib
0x000000010c3cd000 	/usr/lib/system/libsystem_symptoms.dylib
0x000000010c3de000 	/usr/lib/system/libsystem_trace.dylib
0x000000010c406000 	/usr/lib/system/libunwind.dylib
0x000000010c418000 	/usr/lib/system/libxpc.dylib
0x000000010c465000 	/usr/lib/libbsm.0.dylib
0x000000010c485000 	/usr/lib/system/libkxld.dylib
0x000000010c49b000 	/usr/lib/libcoretls.dylib
0x000000010c4a6000 	/usr/lib/libcoretls_cfhelpers.dylib
0x000000010c4b4000 	/usr/lib/libOpenScriptingUtil.dylib
0x000000010c4bc000 	/usr/lib/libpam.2.dylib
0x000000010c4c7000 	/usr/lib/libsqlite3.dylib
0x000000010c634000 	/usr/lib/libxar.1.dylib
0x000000010c652000 	/usr/lib/libbz2.1.0.dylib
0x000000010c66d000 	/usr/lib/liblzma.5.dylib
0x000000010c692000 	/usr/lib/libnetwork.dylib
0x000000010c74c000 	/usr/lib/libpcap.A.dylib
0x000000010c78e000 	/System/Library/Frameworks/CoreServices.framework/Versions/A/Frameworks/FSEvents.framework/Versions/A/FSEvents
0x000000010c7a2000 	/System/Library/Frameworks/CoreServices.framework/Versions/A/Frameworks/CarbonCore.framework/Versions/A/CarbonCore
0x000000010c426000 	/System/Library/Frameworks/CoreServices.framework/Versions/A/Frameworks/Metadata.framework/Versions/A/Metadata
0x000000010cd53000 	/System/Library/Frameworks/CoreServices.framework/Versions/A/Frameworks/OSServices.framework/Versions/A/OSServices
0x000000010cdfc000 	/System/Library/Frameworks/CoreServices.framework/Versions/A/Frameworks/SearchKit.framework/Versions/A/SearchKit
0x000000010caf4000 	/System/Library/Frameworks/CoreServices.framework/Versions/A/Frameworks/AE.framework/Versions/A/AE
0x000000010ceb0000 	/System/Library/Frameworks/CoreServices.framework/Versions/A/Frameworks/LaunchServices.framework/Versions/A/LaunchServices
0x000000010d110000 	/System/Library/Frameworks/CoreServices.framework/Versions/A/Frameworks/DictionaryServices.framework/Versions/A/DictionaryServices
0x000000010d16f000 	/System/Library/Frameworks/CoreServices.framework/Versions/A/Frameworks/SharedFileList.framework/Versions/A/SharedFileList
0x000000010cb74000 	/System/Library/Frameworks/NetFS.framework/Versions/A/NetFS
0x000000010d1e7000 	/System/Library/PrivateFrameworks/NetAuth.framework/Versions/A/NetAuth
0x000000010cb85000 	/System/Library/PrivateFrameworks/login.framework/Versions/A/Frameworks/loginsupport.framework/Versions/A/loginsupport
0x000000010d1ff000 	/System/Library/PrivateFrameworks/TCC.framework/Versions/A/TCC
0x000000010d20e000 	/usr/lib/libmecabra.dylib
0x000000010d51a000 	/System/Library/Frameworks/ApplicationServices.framework/Versions/A/Frameworks/ATS.framework/Versions/A/ATS
0x000000010d5b6000 	/System/Library/Frameworks/ApplicationServices.framework/Versions/A/Frameworks/ColorSync.framework/Versions/A/ColorSync
0x000000010d6ad000 	/System/Library/Frameworks/ApplicationServices.framework/Versions/A/Frameworks/HIServices.framework/Versions/A/HIServices
0x000000010d736000 	/System/Library/Frameworks/ApplicationServices.framework/Versions/A/Frameworks/LangAnalysis.framework/Versions/A/LangAnalysis
0x000000010d754000 	/System/Library/Frameworks/ApplicationServices.framework/Versions/A/Frameworks/PrintCore.framework/Versions/A/PrintCore
0x000000010d7cf000 	/System/Library/Frameworks/ApplicationServices.framework/Versions/A/Frameworks/QD.framework/Versions/A/QD
0x000000010d832000 	/System/Library/Frameworks/ApplicationServices.framework/Versions/A/Frameworks/SpeechSynthesis.framework/Versions/A/SpeechSynthesis
0x000000010d851000 	/System/Library/Frameworks/Accelerate.framework/Versions/A/Frameworks/vImage.framework/Versions/A/vImage
0x0000000105885000 	/System/Library/Frameworks/Accelerate.framework/Versions/A/Frameworks/vecLib.framework/Versions/A/vecLib
0x000000010defd000 	/System/Library/Frameworks/Accelerate.framework/Versions/A/Frameworks/vecLib.framework/Versions/A/libvDSP.dylib
0x000000010e058000 	/System/Library/Frameworks/Accelerate.framework/Versions/A/Frameworks/vecLib.framework/Versions/A/libBNNS.dylib
0x000000010cb8d000 	/System/Library/Frameworks/Accelerate.framework/Versions/A/Frameworks/vecLib.framework/Versions/A/libQuadrature.dylib
0x000000010e076000 	/System/Library/Frameworks/Accelerate.framework/Versions/A/Frameworks/vecLib.framework/Versions/A/libvMisc.dylib
0x000000010e13a000 	/System/Library/Frameworks/Accelerate.framework/Versions/A/Frameworks/vecLib.framework/Versions/A/libLAPACK.dylib
0x000000010e5a6000 	/System/Library/Frameworks/Accelerate.framework/Versions/A/Frameworks/vecLib.framework/Versions/A/libBLAS.dylib
0x000000010e793000 	/System/Library/Frameworks/Accelerate.framework/Versions/A/Frameworks/vecLib.framework/Versions/A/libLinearAlgebra.dylib
0x000000010e7b2000 	/System/Library/Frameworks/Accelerate.framework/Versions/A/Frameworks/vecLib.framework/Versions/A/libSparseBLAS.dylib
0x000000010e7cd000 	/System/Library/Frameworks/ApplicationServices.framework/Versions/A/Frameworks/ATS.framework/Versions/A/Resources/libFontParser.dylib
0x000000010e987000 	/System/Library/Frameworks/ApplicationServices.framework/Versions/A/Frameworks/ATS.framework/Versions/A/Resources/libFontRegistry.dylib
0x000000010ea02000 	/System/Library/Frameworks/ImageIO.framework/Versions/A/Resources/libJPEG.dylib
0x000000010ea2e000 	/System/Library/Frameworks/ImageIO.framework/Versions/A/Resources/libTIFF.dylib
0x000000010ea8c000 	/System/Library/Frameworks/ImageIO.framework/Versions/A/Resources/libPng.dylib
0x000000010eabe000 	/System/Library/Frameworks/ImageIO.framework/Versions/A/Resources/libGIF.dylib
0x000000010eac8000 	/System/Library/Frameworks/ImageIO.framework/Versions/A/Resources/libJP2.dylib
0x00000001087aa000 	/System/Library/Frameworks/ImageIO.framework/Versions/A/Resources/libRadiance.dylib
0x000000010ebe3000 	/usr/lib/libcompression.dylib
0x000000010ec01000 	/System/Library/PrivateFrameworks/AppleJPEG.framework/Versions/A/AppleJPEG
0x000000010ecef000 	/usr/lib/libcups.2.dylib
0x000000010ed5b000 	/System/Library/Frameworks/Kerberos.framework/Versions/A/Kerberos
0x000000010ed8e000 	/System/Library/Frameworks/GSS.framework/Versions/A/GSS
0x000000010ede1000 	/usr/lib/libresolv.9.dylib
0x000000010ee09000 	/usr/lib/libiconv.2.dylib
0x000000010ef0c000 	/System/Library/PrivateFrameworks/Heimdal.framework/Versions/A/Heimdal
0x000000010efb4000 	/usr/lib/libheimdal-asn1.dylib
0x000000010efc0000 	/System/Library/Frameworks/OpenDirectory.framework/Versions/A/OpenDirectory
0x000000010efe0000 	/System/Library/PrivateFrameworks/CommonAuth.framework/Versions/A/CommonAuth
0x000000010eff1000 	/System/Library/Frameworks/OpenDirectory.framework/Versions/A/Frameworks/CFOpenDirectory.framework/Versions/A/CFOpenDirectory
0x000000010f02c000 	/System/Library/Frameworks/SecurityFoundation.framework/Versions/A/SecurityFoundation
0x000000010f0e4000 	/System/Library/PrivateFrameworks/LanguageModeling.framework/Versions/A/LanguageModeling
0x000000010f2cb000 	/usr/lib/libmarisa.dylib
0x000000010f2ee000 	/usr/lib/libChineseTokenizer.dylib
0x000000010f308000 	/usr/lib/libcmph.dylib
0x000000010f321000 	/System/Library/PrivateFrameworks/CoreEmoji.framework/Versions/A/CoreEmoji
0x000000010f34b000 	/System/Library/Frameworks/ServiceManagement.framework/Versions/A/ServiceManagement
0x000000010f356000 	/usr/lib/libxslt.1.dylib
0x000000010f38d000 	/System/Library/Frameworks/Carbon.framework/Versions/A/Frameworks/Ink.framework/Versions/A/Ink
0x000000010f458000 	/System/Library/PrivateFrameworks/TextureIO.framework/Versions/A/TextureIO
0x000000010f53d000 	/System/Library/Frameworks/Metal.framework/Versions/A/Metal
0x000000010f643000 	/usr/lib/libate.dylib
0x0000000105fbb000 	/System/Library/PrivateFrameworks/GPUCompiler.framework/libmetal_timestamp.dylib
0x000000010f746000 	/System/Library/Frameworks/OpenGL.framework/Versions/A/Libraries/libCoreFSCache.dylib
0x000000010f74f000 	/System/Library/PrivateFrameworks/IOAccelerator.framework/Versions/A/IOAccelerator
0x000000010f761000 	/System/Library/Frameworks/CoreVideo.framework/Versions/A/CoreVideo
0x000000010f7bd000 	/usr/lib/libFosl_dynamic.dylib
0x000000010fa07000 	/System/Library/PrivateFrameworks/MetalPerformanceShaders.framework/Versions/A/MetalPerformanceShaders
0x000000010facb000 	/System/Library/PrivateFrameworks/FaceCore.framework/Versions/A/FaceCore
0x0000000110119000 	/System/Library/Frameworks/OpenCL.framework/Versions/A/OpenCL
0x0000000110180000 	/System/Library/Frameworks/OpenGL.framework/Versions/A/Libraries/libGLU.dylib
0x00000001101d1000 	/System/Library/Frameworks/OpenGL.framework/Versions/A/Libraries/libGFXShared.dylib
0x00000001101e2000 	/System/Library/Frameworks/OpenGL.framework/Versions/A/Libraries/libGL.dylib
0x0000000110202000 	/System/Library/Frameworks/OpenGL.framework/Versions/A/Libraries/libGLImage.dylib
0x0000000110247000 	/System/Library/Frameworks/OpenGL.framework/Versions/A/Libraries/libCVMSPluginSupport.dylib
0x000000011024f000 	/System/Library/Frameworks/OpenGL.framework/Versions/A/Libraries/libCoreVMClient.dylib
0x000000011025b000 	/System/Library/PrivateFrameworks/CrashReporterSupport.framework/Versions/A/CrashReporterSupport
0x000000011027b000 	/System/Library/PrivateFrameworks/Sharing.framework/Versions/A/Sharing
0x0000000110390000 	/System/Library/PrivateFrameworks/IconServices.framework/Versions/A/IconServices
0x00000001103d6000 	/System/Library/PrivateFrameworks/ProtocolBuffer.framework/Versions/A/ProtocolBuffer
0x0000000110409000 	/System/Library/PrivateFrameworks/Apple80211.framework/Versions/A/Apple80211
0x0000000110439000 	/System/Library/Frameworks/CoreWLAN.framework/Versions/A/CoreWLAN
0x00000001104f7000 	/System/Library/PrivateFrameworks/CoreUtils.framework/Versions/A/CoreUtils
0x0000000110628000 	/System/Library/Frameworks/IOBluetooth.framework/Versions/A/IOBluetooth
0x000000011074e000 	/System/Library/PrivateFrameworks/CoreWiFi.framework/Versions/A/CoreWiFi
0x0000000110815000 	/System/Library/Frameworks/CoreBluetooth.framework/Versions/A/CoreBluetooth
0x000000011083f000 	/System/Library/Frameworks/CoreDisplay.framework/Versions/A/CoreDisplay
0x0000000110927000 	/System/Library/PrivateFrameworks/IOPresentment.framework/Versions/A/IOPresentment
0x0000000110954000 	/System/Library/PrivateFrameworks/DSExternalDisplay.framework/Versions/A/DSExternalDisplay
0x000000011095f000 	/System/Library/PrivateFrameworks/DebugSymbols.framework/Versions/A/DebugSymbols
0x00000001109bd000 	/System/Library/PrivateFrameworks/CoreSymbolication.framework/Versions/A/CoreSymbolication
0x0000000110a9e000 	/System/Library/PrivateFrameworks/Symbolication.framework/Versions/A/Symbolication
0x0000000110b62000 	/System/Library/PrivateFrameworks/AppleFSCompression.framework/Versions/A/AppleFSCompression
0x0000000110b7b000 	/System/Library/PrivateFrameworks/SpeechRecognitionCore.framework/Versions/A/SpeechRecognitionCore
0x0000000110b97000 	/System/Library/PrivateFrameworks/ChunkingLibrary.framework/Versions/A/ChunkingLibrary
0x0000000110e2e000 	/Applications/Android Studio 2.app/Contents/jre/jdk/Contents/Home/jre/lib/server/libjvm.dylib
0x0000000111896000 	/usr/lib/libstdc++.6.dylib
0x000000011194f000 	/Applications/Android Studio 2.app/Contents/jre/jdk/Contents/Home/jre/lib/libverify.dylib
0x000000011195b000 	/Applications/Android Studio 2.app/Contents/jre/jdk/Contents/Home/jre/lib/libjava.dylib
0x0000000111997000 	/Applications/Android Studio 2.app/Contents/jre/jdk/Contents/Home/jre/lib/libzip.dylib
0x0000000123257000 	/Applications/Android Studio 2.app/Contents/jre/jdk/Contents/Home/jre/lib/libnio.dylib
0x0000000123267000 	/Applications/Android Studio 2.app/Contents/jre/jdk/Contents/Home/jre/lib/./libnet.dylib

VM Arguments:
jvm_args: -Djava.awt.headless=true -Xmx64M -Dfile.encoding=UTF-8 -Duser.country=ZA -Duser.language=en -Duser.variant 
java_command: com.google.devtools.build.android.desugar.Desugar --input /Users/laki/Documents/mystuff/AndroidStudioProjects/SEAPP/app/build/intermediates/transforms/stackFramesFixer/debug/53.jar --output /Users/laki/Documents/mystuff/AndroidStudioProjects/SEAPP/app/build/intermediates/transforms/desugar/debug/60.jar --input /Users/laki/Documents/mystuff/AndroidStudioProjects/SEAPP/app/build/intermediates/transforms/stackFramesFixer/debug/101.jar --output /Users/laki/Documents/mystuff/AndroidStudioProjects/SEAPP/app/build/intermediates/transforms/desugar/debug/108.jar --input /Users/laki/Documents/mystuff/AndroidStudioProjects/SEAPP/app/build/intermediates/transforms/stackFramesFixer/debug/66.jar --output /Users/laki/Documents/mystuff/AndroidStudioProjects/SEAPP/app/build/intermediates/transforms/desugar/debug/73.jar --input /Users/laki/Documents/mystuff/AndroidStudioProjects/SEAPP/app/build/intermediates/transforms/stackFramesFixer/debug/75.jar --output /Users/laki/Documents/mystuff/AndroidStudioProjects/SEAPP/app/build/intermediates/transforms/desugar/debug/82.jar --input /Users/laki/Documents/mystuff/AndroidStudioProjects/SEAPP/app/build/intermediates/transforms/stackFramesFixer/debug/23.jar --output /Users/laki/Documents/mystuff/AndroidStudioProjects/SEAPP/app/build/intermediates/transforms/desugar/debug/30.jar --input /Users/laki/Documents/mystuff/AndroidStudioProjects/SEAPP/app/build/intermediates/transforms/stackFramesFixer/debug/127.jar --output /Users/laki/Documents/mystuff/AndroidStudioProjects/SEAPP/app/build/intermediates/transforms/desugar/debug/134.jar --input /Users/laki/Documents/mystuff/AndroidStudioProjects/SEAPP/app/build/intermediates/transforms/stackFramesFixer/debug/7.jar --output /Users/laki/Documents/mystuff/AndroidStudioProjects/SEAPP/app/build/intermediates/transforms/desugar/debug/14.jar --input /Users/laki/Documents/mystuff/AndroidStudioProjects/SEAPP/app/build/intermediates/transforms/stackFramesFixer/debug/62.jar --output /Users/laki/D
java_class_path (initial): /var/folders/k6/v2rh4l851pg12n6hr0gd288w0000gp/T/desugar_deploy.jar3179299489962521842
Launcher Type: SUN_STANDARD

Environment Variables:
PATH=/usr/local/bin:/usr/bin:/bin:/usr/sbin:/sbin:/opt/X11/bin
SHELL=/bin/bash
DISPLAY=/private/tmp/com.apple.launchd.hGbb0LEYyn/org.macosforge.xquartz:0

Signal Handlers:
SIGSEGV: [libjvm.dylib+0x53f567], sa_mask[0]=11111111011111110111111111111111, sa_flags=SA_ONSTACK|SA_RESTART|SA_SIGINFO
SIGBUS: [libjvm.dylib+0x53f567], sa_mask[0]=11111111011111110111111111111111, sa_flags=SA_RESTART|SA_SIGINFO
SIGFPE: [libjvm.dylib+0x437adf], sa_mask[0]=11111111011111110111111111111111, sa_flags=SA_RESTART|SA_SIGINFO
SIGPIPE: [libjvm.dylib+0x437adf], sa_mask[0]=11111111011111110111111111111111, sa_flags=SA_RESTART|SA_SIGINFO
SIGXFSZ: [libjvm.dylib+0x437adf], sa_mask[0]=11111111011111110111111111111111, sa_flags=SA_RESTART|SA_SIGINFO
SIGILL: [libjvm.dylib+0x437adf], sa_mask[0]=11111111011111110111111111111111, sa_flags=SA_RESTART|SA_SIGINFO
SIGUSR1: SIG_DFL, sa_mask[0]=00000000000000000000000000000000, sa_flags=none
SIGUSR2: [libjvm.dylib+0x438404], sa_mask[0]=00100000000000000000000000000000, sa_flags=SA_RESTART|SA_SIGINFO
SIGHUP: [libjvm.dylib+0x4365f9], sa_mask[0]=11111111011111110111111111111111, sa_flags=SA_RESTART|SA_SIGINFO
SIGINT: [libjvm.dylib+0x4365f9], sa_mask[0]=11111111011111110111111111111111, sa_flags=SA_RESTART|SA_SIGINFO
SIGTERM: [libjvm.dylib+0x4365f9], sa_mask[0]=11111111011111110111111111111111, sa_flags=SA_RESTART|SA_SIGINFO
SIGQUIT: [libjvm.dylib+0x4365f9], sa_mask[0]=11111111011111110111111111111111, sa_flags=SA_RESTART|SA_SIGINFO


---------------  S Y S T E M  ---------------

OS:Bsduname:Darwin 16.6.0 Darwin Kernel Version 16.6.0: Fri Apr 14 16:21:16 PDT 2017; root:xnu-3789.60.24~6/RELEASE_X86_64 x86_64
rlimit: STACK 8192k, CORE 0k, NPROC 709, NOFILE 10240, AS infinity
load average:3.87 2.27 1.47

CPU:total 4 (initial active 4) (2 cores per cpu, 2 threads per core) family 6 model 58 stepping 9, cmov, cx8, fxsr, mmx, sse, sse2, sse3, ssse3, sse4.1, sse4.2, popcnt, avx, aes, clmul, erms, ht, tsc, tscinvbit, tscinv

Memory: 4k page, physical 4194304k(164996k free)

/proc/meminfo:


vm_info: OpenJDK 64-Bit Server VM (25.152-b01) for bsd-amd64 JRE (1.8.0_152-release-1024-b01), built by "builder" with gcc 4.2.1 Compatible Apple LLVM 8.1.0 (clang-802.0.42)

time: Fri May 11 03:51:42 2018
elapsed time: 10 seconds (0d 0h 0m 10s)

